                :-) GROMACS - gmx mdrun, 2025.4-conda_forge (-:

Copyright 1991-2025 The GROMACS Authors.
GROMACS is free software; you can redistribute it and/or modify it
under the terms of the GNU Lesser General Public License
as published by the Free Software Foundation; either version 2.1
of the License, or (at your option) any later version.

                         Current GROMACS contributors:
       Mark Abraham           Andrey Alekseenko           Brian Andrews       
      Vladimir Basov              Paul Bauer                Hugh Bird         
      Eliane Briand               Ania Brown              Mahesh Doijade      
      Giacomo Fiorin          Stefan Fleischmann          Sergey Gorelov      
   Gilles Gouaillardet            Alan Gray              M. Eric Irrgang      
   Farzaneh Jalalypour         Petter Johansson          Carsten Kutzner      
    Grzegorz Łazarski         Justin A. Lemkul          Magnus Lundborg      
       Pascal Merz             Vedran Miletić            Dmitry Morozov      
     Lukas Müllender            Julien Nabet             Szilárd Páll      
 Andrea Pasquadibisceglie     Michele Pellegrino         Nicola Piasentin     
     Daniele Rapetti         Muhammad Umair Sadiq         Hubert Santuz       
      Roland Schulz             Michael Shirts           Tatiana Shugaeva     
     Alexey Shvetsov            Philip Turner            Alessandra Villa     
 Sebastian Wingbermühle  

                         Previous GROMACS contributors:
        Emile Apol             Rossen Apostolov           James Barnett       
  Herman J.C. Berendsen         Cathrine Bergh             Par Bjelkmar       
      Christian Blau          Viacheslav Bolnykh            Kevin Boyd        
    Aldert van Buuren          Carlo Camilloni           Rudi van Drunen      
      Anton Feenstra           Oliver Fleetwood            Vytas Gapsys       
       Gaurav Garg             Gerrit Groenhof            Bert de Groot       
      Anca Hamuraru           Vincent Hindriksen          Victor Holanda      
     Aleksei Iupinov              Joe Jordan            Christoph Junghans    
    Prashanth Kanduri        Dimitrios Karkoulis           Peter Kasson       
      Sebastian Kehl           Sebastian Keller             Jiri Kraus        
       Per Larsson              Viveca Lindahl            Erik Marklund       
    Pieter Meulenhoff           Teemu Murtola              Sander Pronk       
      Alfons Sijbers            Balint Soproni         David van der Spoel    
      Peter Tieleman            Carsten Uphoff             Jon Vincent        
     Teemu Virolainen         Christian Wennberg           Maarten Wolf       
      Artem Zhmurov       

                  Coordinated by the GROMACS project leaders:
                           Berk Hess and Erik Lindahl

GROMACS:      gmx mdrun, version 2025.4-conda_forge
Executable:   /home/ubuntu/miniconda3/envs/test/bin.AVX2_256/gmx
Data prefix:  /home/ubuntu/miniconda3/envs/test
Working dir:  /home/ubuntu/xylanase-thesis/md/systems/3NIY_A_Repair/353K
Process ID:   89140
Command line:
  gmx mdrun -deffnm npt

GROMACS version:     2025.4-conda_forge
Precision:           mixed
Memory model:        64 bit
MPI library:         thread_mpi
OpenMP support:      enabled (GMX_OPENMP_MAX_THREADS = 128)
GPU support:         OpenCL
NBNxM GPU setup:     super-cluster 2x2x2 / cluster 8 (cluster-pair splitting on)
SIMD instructions:   AVX2_256
CPU FFT library:     fftw-3.3.10-sse2-avx
GPU FFT library:     clFFT
Multi-GPU FFT:       none
RDTSCP usage:        disabled
TNG support:         enabled
Hwloc support:       disabled
Tracing support:     disabled
C compiler:          /home/conda/feedstock_root/build_artifacts/gromacs_1764344590343/_build_env/bin/x86_64-conda-linux-gnu-cc GNU 14.3.0
C compiler flags:    -fexcess-precision=fast -funroll-all-loops -mavx2 -mfma -Wno-missing-field-initializers -O3 -DNDEBUG
C++ compiler:        /home/conda/feedstock_root/build_artifacts/gromacs_1764344590343/_build_env/bin/x86_64-conda-linux-gnu-c++ GNU 14.3.0
C++ compiler flags:  -fexcess-precision=fast -funroll-all-loops -mavx2 -mfma -Wno-missing-field-initializers -Wno-cast-function-type-strict SHELL:-fopenmp -O3 -DNDEBUG
BLAS library:        Internal
LAPACK library:      Internal
OpenCL include dir:  /home/ubuntu/miniconda3/envs/test/include
OpenCL library:      /home/ubuntu/miniconda3/envs/test/lib/libOpenCL.so
OpenCL version:      3.0


Running on 1 node with total 10 cores, 10 processing units (GPU detection failed: No valid OpenCL driver found)
Hardware detected on host lsi:
  CPU info:
    Vendor: AMD
    Brand:  AMD EPYC 7543 32-Core Processor                
    Family: 25   Model: 1   Stepping: 1
    Features: aes amd apic avx avx2 clfsh cmov cx8 cx16 f16c fma lahf misalignsse mmx msr nonstop_tsc pcid pclmuldq pdpe1gb popcnt pse rdrnd rdtscp sha sse2 sse3 sse4a sse4.1 sse4.2 ssse3 x2apic
  Hardware topology: Basic
    Packages, cores, and logical processors:
    [indices refer to OS logical processors]
      Package  0: [   0]
      Package  2: [   1]
      Package  4: [   2]
      Package  6: [   3]
      Package  8: [   4]
      Package 10: [   5]
      Package 12: [   6]
      Package 14: [   7]
      Package 16: [   8]
      Package 18: [   9]
    CPU limit set by OS: -1   Recommended max number of threads: 10

The current CPU can measure timings more accurately than the code in
gmx mdrun was configured to use. This might affect your simulation
speed as accurate timings are needed for load-balancing.
Please consider rebuilding gmx mdrun with the GMX_USE_RDTSCP=ON CMake option.

++++ PLEASE READ AND CITE THE FOLLOWING REFERENCE ++++
M. J. Abraham, T. Murtola, R. Schulz, S. Páll, J. C. Smith, B. Hess, E.
Lindahl
GROMACS: High performance molecular simulations through multi-level
parallelism from laptops to supercomputers
SoftwareX (2015)
DOI: 10.1016/j.softx.2015.06.001
-------- -------- --- Thank You --- -------- --------


++++ PLEASE READ AND CITE THE FOLLOWING REFERENCE ++++
S. Páll, M. J. Abraham, C. Kutzner, B. Hess, E. Lindahl
Tackling Exascale Software Challenges in Molecular Dynamics Simulations with
GROMACS
In S. Markidis & E. Laure (Eds.), Solving Software Challenges for Exascale (2015)
DOI: 10.1007/978-3-319-15976-8_1
-------- -------- --- Thank You --- -------- --------


++++ PLEASE READ AND CITE THE FOLLOWING REFERENCE ++++
S. Pronk, S. Páll, R. Schulz, P. Larsson, P. Bjelkmar, R. Apostolov, M. R.
Shirts, J. C. Smith, P. M. Kasson, D. van der Spoel, B. Hess, E. Lindahl
GROMACS 4.5: a high-throughput and highly parallel open source molecular
simulation toolkit
Bioinformatics (2013)
DOI: 10.1093/bioinformatics/btt055
-------- -------- --- Thank You --- -------- --------


++++ PLEASE READ AND CITE THE FOLLOWING REFERENCE ++++
B. Hess, C. Kutzner, D. van der Spoel, E. Lindahl
GROMACS 4: Algorithms for highly efficient, load-balanced, and scalable
molecular simulation
J. Chem. Theory Comput. (2008)
DOI: 10.1021/ct700301q
-------- -------- --- Thank You --- -------- --------


++++ PLEASE READ AND CITE THE FOLLOWING REFERENCE ++++
D. van der Spoel, E. Lindahl, B. Hess, G. Groenhof, A. E. Mark, H. J. C.
Berendsen
GROMACS: Fast, Flexible and Free
J. Comp. Chem. (2005)
DOI: 10.1002/jcc.20291
-------- -------- --- Thank You --- -------- --------


++++ PLEASE READ AND CITE THE FOLLOWING REFERENCE ++++
E. Lindahl, B. Hess, D. van der Spoel
GROMACS 3.0: A package for molecular simulation and trajectory analysis
J. Mol. Mod. (2001)
DOI: 10.1007/s008940100045
-------- -------- --- Thank You --- -------- --------


++++ PLEASE READ AND CITE THE FOLLOWING REFERENCE ++++
H. J. C. Berendsen, D. van der Spoel and R. van Drunen
GROMACS: A message-passing parallel molecular dynamics implementation
Comp. Phys. Comm. (1995)
DOI: 10.1016/0010-4655(95)00042-E
-------- -------- --- Thank You --- -------- --------

Input Parameters:
   integrator                     = md
   tinit                          = 0
   dt                             = 0.002
   nsteps                         = 50000
   init-step                      = 0
   simulation-part                = 1
   mts                            = false
   mass-repartition-factor        = 1
   comm-mode                      = Linear
   nstcomm                        = 100
   bd-fric                        = 0
   ld-seed                        = -1107316739
   emtol                          = 10
   emstep                         = 0.01
   niter                          = 20
   fcstep                         = 0
   nstcgsteep                     = 1000
   nbfgscorr                      = 10
   rtpi                           = 0.05
   nstxout                        = 0
   nstvout                        = 0
   nstfout                        = 0
   nstlog                         = 500
   nstcalcenergy                  = 100
   nstenergy                      = 500
   nstxout-compressed             = 500
   compressed-x-precision         = 1000
   cutoff-scheme                  = Verlet
   nstlist                        = 50
   pbc                            = xyz
   periodic-molecules             = false
   verlet-buffer-tolerance        = 0.005
   verlet-buffer-pressure-tolerance = 0.5
   rlist                          = 1.208
   coulombtype                    = PME
   coulomb-modifier               = Potential-shift
   rcoulomb-switch                = 0
   rcoulomb                       = 1.1
   epsilon-r                      = 1
   epsilon-rf                     = inf
   vdw-type                       = Cut-off
   vdw-modifier                   = Potential-shift
   rvdw-switch                    = 0
   rvdw                           = 1.1
   DispCorr                       = No
   table-extension                = 1
   fourierspacing                 = 0.12
   fourier-nx                     = 80
   fourier-ny                     = 80
   fourier-nz                     = 80
   pme-order                      = 4
   ewald-rtol                     = 1e-05
   ewald-rtol-lj                  = 0.001
   lj-pme-comb-rule               = Geometric
   ewald-geometry                 = 3d
   epsilon-surface                = 0
   ensemble-temperature-setting   = constant
   ensemble-temperature           = 353
   tcoupl                         = V-rescale
   nsttcouple                     = 10
   nh-chain-length                = 0
   print-nose-hoover-chain-variables = false
   pcoupl                         = Parrinello-Rahman
   pcoupltype                     = Isotropic
   nstpcouple                     = 5
   tau-p                          = 2
   compressibility (3x3):
      compressibility[    0]={ 4.50000e-05,  0.00000e+00,  0.00000e+00}
      compressibility[    1]={ 0.00000e+00,  4.50000e-05,  0.00000e+00}
      compressibility[    2]={ 0.00000e+00,  0.00000e+00,  4.50000e-05}
   ref-p (3x3):
      ref-p[    0]={ 1.00000e+00,  0.00000e+00,  0.00000e+00}
      ref-p[    1]={ 0.00000e+00,  1.00000e+00,  0.00000e+00}
      ref-p[    2]={ 0.00000e+00,  0.00000e+00,  1.00000e+00}
   refcoord-scaling               = No
   posres-com: not available
   posres-comB: not available
   QMMM                           = false
qm-opts:
   ngQM                           = 0
   constraint-algorithm           = Lincs
   continuation                   = false
   Shake-SOR                      = false
   shake-tol                      = 0.0001
   lincs-order                    = 4
   lincs-iter                     = 1
   lincs-warnangle                = 30
   nwall                          = 0
   wall-type                      = 9-3
   wall-r-linpot                  = -1
   wall-atomtype[0]               = -1
   wall-atomtype[1]               = -1
   wall-density[0]                = 0
   wall-density[1]                = 0
   wall-ewald-zfac                = 3
   pull                           = false
   awh                            = false
   rotation                       = false
   interactiveMD                  = false
   disre                          = No
   disre-weighting                = Conservative
   disre-mixed                    = false
   dr-fc                          = 1000
   dr-tau                         = 0
   nstdisreout                    = 100
   orire-fc                       = 0
   orire-tau                      = 0
   nstorireout                    = 100
   free-energy                    = no
   cos-acceleration               = 0
   deform (3x3):
      deform[    0]={ 0.00000e+00,  0.00000e+00,  0.00000e+00}
      deform[    1]={ 0.00000e+00,  0.00000e+00,  0.00000e+00}
      deform[    2]={ 0.00000e+00,  0.00000e+00,  0.00000e+00}
   simulated-tempering            = false
   swapcoords                     = no
   userint1                       = 0
   userint2                       = 0
   userint3                       = 0
   userint4                       = 0
   userreal1                      = 0
   userreal2                      = 0
   userreal3                      = 0
   userreal4                      = 0
   applied-forces:
     electric-field:
       x:
         E0                       = 0
         omega                    = 0
         t0                       = 0
         sigma                    = 0
       y:
         E0                       = 0
         omega                    = 0
         t0                       = 0
         sigma                    = 0
       z:
         E0                       = 0
         omega                    = 0
         t0                       = 0
         sigma                    = 0
     density-guided-simulation:
       active                     = false
       group                      = protein
       similarity-measure         = inner-product
       atom-spreading-weight      = unity
       force-constant             = 1e+09
       gaussian-transform-spreading-width = 0.2
       gaussian-transform-spreading-range-in-multiples-of-width = 4
       reference-density-filename = reference.mrc
       nst                        = 1
       normalize-densities        = true
       adaptive-force-scaling     = false
       adaptive-force-scaling-time-constant = 4
       shift-vector               = 
       transformation-matrix      = 
     qmmm-cp2k:
       active                     = false
       qmgroup                    = System
       qmmethod                   = PBE
       qmfilenames                = 
       qmcharge                   = 0
       qmmultiplicity             = 1
     colvars:
       active                     = false
       configfile                 = 
       seed                       = -1
     nnpot:
       active                     = false
       modelfile                  = model.pt
       input-group                = System
       model-input1               = 
       model-input2               = 
       model-input3               = 
       model-input4               = 
grpopts:
   nrdf:     13468.7      120261
   ref-t:         353         353
   tau-t:         0.1         0.1
annealing:          No          No
annealing-npoints:           0           0
   acc:	           0           0           0
   nfreeze:           N           N           N
   energygrp-flags[  0]: 0

Changing nstlist from 50 to 80, rlist from 1.208 to 1.236


Initializing Domain Decomposition on 1 ranks
Dynamic load balancing: auto
Using update groups, nr 22834, average size 2.9 atoms, max. radius 0.104 nm
Minimum cell size due to atom displacement: 0.592 nm
Initial maximum distances in bonded interactions:
    two-body bonded interactions: 0.435 nm, LJ-14, atoms 577 585
  multi-body bonded interactions: 0.435 nm, Proper Dih., atoms 577 585
Minimum cell size due to bonded interactions: 0.479 nm
Using 0 separate PME ranks because: there are too few total ranks for efficient splitting
Optimizing the DD grid for 1 cells with a minimum initial size of 0.592 nm
The maximum allowed number of cells is: X 14 Y 14 Z 14
Domain decomposition grid 1 x 1 x 1, separate PME ranks 0
PME domain decomposition: 1 x 1 x 1

The initial number of communication pulses is:
The initial domain decomposition cell size is:

The maximum allowed distance for atom groups involved in interactions is:
                 non-bonded interactions           1.445 nm
(the following are initial values, they could change due to box deformation)
            two-body bonded interactions  (-rdd)   1.445 nm
          multi-body bonded interactions  (-rdd)   1.445 nm

When dynamic load balancing gets turned on, these settings will change to:
The maximum number of communication pulses is:
The minimum size for domain decomposition cells is 1.445 nm
The requested allowed shrink of DD cells (option -dds) is: 0.80
The allowed shrink of domain decomposition cells is:
The maximum allowed distance for atom groups involved in interactions is:
                 non-bonded interactions           1.445 nm
            two-body bonded interactions  (-rdd)   1.445 nm
          multi-body bonded interactions  (-rdd)   1.445 nm

Local state does not use filler particles

Using 1 MPI thread
Using 10 OpenMP threads 

System total charge: 0.000
Will do PME sum in reciprocal space for electrostatic interactions.

++++ PLEASE READ AND CITE THE FOLLOWING REFERENCE ++++
U. Essmann, L. Perera, M. L. Berkowitz, T. Darden, H. Lee, L. G. Pedersen 
A smooth particle mesh Ewald method
J. Chem. Phys. (1995)
DOI: 10.1063/1.470117
-------- -------- --- Thank You --- -------- --------

Using a Gaussian width (1/beta) of 0.352179 nm for Ewald
Potential shift: LJ r^-12: -3.186e-01 r^-6: -5.645e-01, Ewald -9.091e-06
Initialized non-bonded Coulomb Ewald tables, spacing: 9.79e-04 size: 1126

Generated table with 1118 data points for 1-4 COUL.
Tabscale = 500 points/nm
Generated table with 1118 data points for 1-4 LJ6.
Tabscale = 500 points/nm
Generated table with 1118 data points for 1-4 LJ12.
Tabscale = 500 points/nm


Using SIMD4xM 4x8 nonbonded short-range kernels

Using a dual 4x8 pair-list setup updated with dynamic pruning:
  outer list: updated every 80 steps, buffer 0.136 nm, rlist 1.236 nm
  inner list: updated every 10 steps, buffer 0.000 nm, rlist 1.100 nm
At tolerance 0.005 kJ/mol/ps per atom, equivalent classical 1x1 list would be:
  outer list: updated every 80 steps, buffer 0.281 nm, rlist 1.381 nm
  inner list: updated every 10 steps, buffer 0.039 nm, rlist 1.139 nm

The average pressure is off by at most 0.44 bar due to missing LJ interactions

Using Lorentz-Berthelot Lennard-Jones combination rule
Removing pbc first time

Linking all bonded interactions to atoms


Pinning threads with an auto-selected logical cpu stride of 1

Initializing LINear Constraint Solver

++++ PLEASE READ AND CITE THE FOLLOWING REFERENCE ++++
B. Hess, H. Bekker, H. J. C. Berendsen, J. G. E. M. Fraaije
LINCS: A Linear Constraint Solver for molecular simulations
J. Comp. Chem. (1997)
DOI: 10.1002/(sici)1096-987x(199709)18:12<1463::aid-jcc4>3.0.co;2-h
-------- -------- --- Thank You --- -------- --------

The number of constraints is 2647

++++ PLEASE READ AND CITE THE FOLLOWING REFERENCE ++++
S. Miyamoto, P. A. Kollman
SETTLE: An Analytical Version of the SHAKE and RATTLE Algorithms for Rigid
Water Models
J. Comp. Chem. (1992)
DOI: 10.1002/jcc.540130805
-------- -------- --- Thank You --- -------- --------


++++ PLEASE READ AND CITE THE FOLLOWING REFERENCE ++++
G. Bussi, D. Donadio, M. Parrinello
Canonical sampling through velocity rescaling
J. Chem. Phys. (2007)
DOI: 10.1063/1.2408420
-------- -------- --- Thank You --- -------- --------

There are: 65439 Atoms
Atom distribution over 1 domains: av 65439 stddev 0 min 65439 max 65439

Constraining the starting coordinates (step 0)

Constraining the coordinates at t0-dt (step 0)
Center of mass motion removal mode is Linear
We have the following groups for center of mass motion removal:
  0:  rest
RMS relative constraint deviation after constraining: 3.81e-06
Initial temperature: 352.566 K

Started mdrun on rank 0 Tue Feb  3 12:41:09 2026

           Step           Time
              0        0.00000

   Energies (kJ/mol)
           Bond          Angle    Proper Dih. Per. Imp. Dih.          LJ-14
    4.73558e+03    1.27990e+04    1.36017e+04    7.38420e+02    5.41600e+03
     Coulomb-14        LJ (SR)   Coulomb (SR)   Coul. recip.      Potential
    6.23503e+04    1.01613e+05   -1.03848e+06    5.32994e+03   -8.31892e+05
    Kinetic En.   Total Energy  Conserved En.    Temperature Pressure (bar)
    1.95970e+05   -6.35922e+05   -6.35882e+05    3.52498e+02    5.74614e+02
   Constr. rmsd
    3.69002e-06

           Step           Time
            500        1.00000

   Energies (kJ/mol)
           Bond          Angle    Proper Dih. Per. Imp. Dih.          LJ-14
    4.64996e+03    1.25331e+04    1.37622e+04    7.73100e+02    5.47391e+03
     Coulomb-14        LJ (SR)   Coulomb (SR)   Coul. recip.      Potential
    6.25064e+04    9.67620e+04   -1.02622e+06    5.58971e+03   -8.24166e+05
    Kinetic En.   Total Energy  Conserved En.    Temperature Pressure (bar)
    1.92832e+05   -6.31334e+05   -6.35871e+05    3.46854e+02   -7.70290e+01
   Constr. rmsd
    3.40423e-06

           Step           Time
           1000        2.00000

   Energies (kJ/mol)
           Bond          Angle    Proper Dih. Per. Imp. Dih.          LJ-14
    4.77964e+03    1.31217e+04    1.37184e+04    8.22999e+02    5.34044e+03
     Coulomb-14        LJ (SR)   Coulomb (SR)   Coul. recip.      Potential
    6.21214e+04    9.87471e+04   -1.02489e+06    5.51910e+03   -8.20724e+05
    Kinetic En.   Total Energy  Conserved En.    Temperature Pressure (bar)
    1.97205e+05   -6.23518e+05   -6.35862e+05    3.54720e+02    7.74238e+01
   Constr. rmsd
    3.39047e-06

           Step           Time
           1500        3.00000

   Energies (kJ/mol)
           Bond          Angle    Proper Dih. Per. Imp. Dih.          LJ-14
    4.82148e+03    1.26416e+04    1.35595e+04    7.88002e+02    5.56137e+03
     Coulomb-14        LJ (SR)   Coulomb (SR)   Coul. recip.      Potential
    6.25046e+04    9.70058e+04   -1.02276e+06    5.70713e+03   -8.20173e+05
    Kinetic En.   Total Energy  Conserved En.    Temperature Pressure (bar)
    1.96646e+05   -6.23528e+05   -6.35841e+05    3.53713e+02    7.46176e+00
   Constr. rmsd
    3.47617e-06

           Step           Time
           2000        4.00000

   Energies (kJ/mol)
           Bond          Angle    Proper Dih. Per. Imp. Dih.          LJ-14
    4.97667e+03    1.27712e+04    1.38462e+04    7.87687e+02    5.39670e+03
     Coulomb-14        LJ (SR)   Coulomb (SR)   Coul. recip.      Potential
    6.26730e+04    1.00028e+05   -1.02759e+06    5.71725e+03   -8.21390e+05
    Kinetic En.   Total Energy  Conserved En.    Temperature Pressure (bar)
    1.96855e+05   -6.24535e+05   -6.35864e+05    3.54089e+02    5.02403e+01
   Constr. rmsd
    3.68566e-06

           Step           Time
           2500        5.00000

   Energies (kJ/mol)
           Bond          Angle    Proper Dih. Per. Imp. Dih.          LJ-14
    4.91496e+03    1.25868e+04    1.38911e+04    7.83279e+02    5.35392e+03
     Coulomb-14        LJ (SR)   Coulomb (SR)   Coul. recip.      Potential
    6.24495e+04    9.89797e+04   -1.02687e+06    5.68823e+03   -8.22223e+05
    Kinetic En.   Total Energy  Conserved En.    Temperature Pressure (bar)
    1.96052e+05   -6.26170e+05   -6.35836e+05    3.52646e+02    4.42259e+01
   Constr. rmsd
    3.95790e-06

           Step           Time
           3000        6.00000

   Energies (kJ/mol)
           Bond          Angle    Proper Dih. Per. Imp. Dih.          LJ-14
    4.71718e+03    1.23992e+04    1.36559e+04    7.33852e+02    5.36561e+03
     Coulomb-14        LJ (SR)   Coulomb (SR)   Coul. recip.      Potential
    6.25039e+04    9.95098e+04   -1.02868e+06    5.52876e+03   -8.24264e+05
    Kinetic En.   Total Energy  Conserved En.    Temperature Pressure (bar)
    1.95407e+05   -6.28857e+05   -6.35868e+05    3.51486e+02   -1.63242e+01
   Constr. rmsd
    3.64639e-06

           Step           Time
           3500        7.00000

   Energies (kJ/mol)
           Bond          Angle    Proper Dih. Per. Imp. Dih.          LJ-14
    5.04503e+03    1.23725e+04    1.38434e+04    7.05617e+02    5.30591e+03
     Coulomb-14        LJ (SR)   Coulomb (SR)   Coul. recip.      Potential
    6.22749e+04    9.94961e+04   -1.02894e+06    5.65502e+03   -8.24239e+05
    Kinetic En.   Total Energy  Conserved En.    Temperature Pressure (bar)
    1.95407e+05   -6.28832e+05   -6.35820e+05    3.51485e+02   -2.52693e+01
   Constr. rmsd
    3.42084e-06

           Step           Time
           4000        8.00000

   Energies (kJ/mol)
           Bond          Angle    Proper Dih. Per. Imp. Dih.          LJ-14
    4.97139e+03    1.26422e+04    1.36429e+04    8.43591e+02    5.33130e+03
     Coulomb-14        LJ (SR)   Coulomb (SR)   Coul. recip.      Potential
    6.25443e+04    9.99235e+04   -1.02898e+06    5.61190e+03   -8.23464e+05
    Kinetic En.   Total Energy  Conserved En.    Temperature Pressure (bar)
    1.97402e+05   -6.26062e+05   -6.35827e+05    3.55074e+02    3.54254e+01
   Constr. rmsd
    3.66666e-06

           Step           Time
           4500        9.00000

   Energies (kJ/mol)
           Bond          Angle    Proper Dih. Per. Imp. Dih.          LJ-14
    4.84650e+03    1.24583e+04    1.37370e+04    8.08091e+02    5.41843e+03
     Coulomb-14        LJ (SR)   Coulomb (SR)   Coul. recip.      Potential
    6.23500e+04    9.90044e+04   -1.02666e+06    5.66848e+03   -8.22368e+05
    Kinetic En.   Total Energy  Conserved En.    Temperature Pressure (bar)
    1.95253e+05   -6.27115e+05   -6.35781e+05    3.51209e+02    8.05702e+01
   Constr. rmsd
    3.44468e-06

           Step           Time
           5000       10.00000

   Energies (kJ/mol)
           Bond          Angle    Proper Dih. Per. Imp. Dih.          LJ-14
    4.73248e+03    1.28602e+04    1.37715e+04    7.96800e+02    5.39866e+03
     Coulomb-14        LJ (SR)   Coulomb (SR)   Coul. recip.      Potential
    6.26241e+04    9.93394e+04   -1.02725e+06    5.73074e+03   -8.21996e+05
    Kinetic En.   Total Energy  Conserved En.    Temperature Pressure (bar)
    1.97169e+05   -6.24828e+05   -6.35757e+05    3.54654e+02    8.07781e+01
   Constr. rmsd
    3.88951e-06

           Step           Time
           5500       11.00000

   Energies (kJ/mol)
           Bond          Angle    Proper Dih. Per. Imp. Dih.          LJ-14
    4.91698e+03    1.30378e+04    1.38276e+04    7.73304e+02    5.41829e+03
     Coulomb-14        LJ (SR)   Coulomb (SR)   Coul. recip.      Potential
    6.28481e+04    9.94401e+04   -1.02676e+06    5.58307e+03   -8.20913e+05
    Kinetic En.   Total Energy  Conserved En.    Temperature Pressure (bar)
    1.97413e+05   -6.23500e+05   -6.35754e+05    3.55093e+02    6.52998e+01
   Constr. rmsd
    3.71573e-06

           Step           Time
           6000       12.00000

   Energies (kJ/mol)
           Bond          Angle    Proper Dih. Per. Imp. Dih.          LJ-14
    4.56103e+03    1.23306e+04    1.37088e+04    8.27908e+02    5.43227e+03
     Coulomb-14        LJ (SR)   Coulomb (SR)   Coul. recip.      Potential
    6.26558e+04    9.90740e+04   -1.02680e+06    5.61053e+03   -8.22598e+05
    Kinetic En.   Total Energy  Conserved En.    Temperature Pressure (bar)
    1.96587e+05   -6.26010e+05   -6.35767e+05    3.53608e+02   -3.84740e+01
   Constr. rmsd
    3.84388e-06

           Step           Time
           6500       13.00000

   Energies (kJ/mol)
           Bond          Angle    Proper Dih. Per. Imp. Dih.          LJ-14
    4.68914e+03    1.25333e+04    1.38155e+04    8.53386e+02    5.32953e+03
     Coulomb-14        LJ (SR)   Coulomb (SR)   Coul. recip.      Potential
    6.26696e+04    1.00471e+05   -1.03058e+06    5.59039e+03   -8.24625e+05
    Kinetic En.   Total Energy  Conserved En.    Temperature Pressure (bar)
    1.95543e+05   -6.29082e+05   -6.35738e+05    3.51730e+02    7.70078e+01
   Constr. rmsd
    3.49138e-06

           Step           Time
           7000       14.00000

   Energies (kJ/mol)
           Bond          Angle    Proper Dih. Per. Imp. Dih.          LJ-14
    4.93623e+03    1.26480e+04    1.36971e+04    7.53968e+02    5.36088e+03
     Coulomb-14        LJ (SR)   Coulomb (SR)   Coul. recip.      Potential
    6.24062e+04    9.87773e+04   -1.02578e+06    5.56615e+03   -8.21632e+05
    Kinetic En.   Total Energy  Conserved En.    Temperature Pressure (bar)
    1.96552e+05   -6.25081e+05   -6.35728e+05    3.53545e+02    4.73124e-01
   Constr. rmsd
    3.64501e-06

           Step           Time
           7500       15.00000

   Energies (kJ/mol)
           Bond          Angle    Proper Dih. Per. Imp. Dih.          LJ-14
    4.81068e+03    1.25376e+04    1.39307e+04    7.53406e+02    5.43076e+03
     Coulomb-14        LJ (SR)   Coulomb (SR)   Coul. recip.      Potential
    6.25324e+04    9.68149e+04   -1.02503e+06    5.78641e+03   -8.22433e+05
    Kinetic En.   Total Energy  Conserved En.    Temperature Pressure (bar)
    1.95657e+05   -6.26776e+05   -6.35701e+05    3.51935e+02   -7.29981e+01
   Constr. rmsd
    3.61624e-06

           Step           Time
           8000       16.00000

   Energies (kJ/mol)
           Bond          Angle    Proper Dih. Per. Imp. Dih.          LJ-14
    4.61971e+03    1.25934e+04    1.37544e+04    8.45010e+02    5.42931e+03
     Coulomb-14        LJ (SR)   Coulomb (SR)   Coul. recip.      Potential
    6.25968e+04    9.97212e+04   -1.02820e+06    5.72707e+03   -8.22918e+05
    Kinetic En.   Total Energy  Conserved En.    Temperature Pressure (bar)
    1.95862e+05   -6.27056e+05   -6.35677e+05    3.52304e+02    7.98857e+01
   Constr. rmsd
    3.56635e-06

           Step           Time
           8500       17.00000

   Energies (kJ/mol)
           Bond          Angle    Proper Dih. Per. Imp. Dih.          LJ-14
    4.80531e+03    1.23209e+04    1.38444e+04    7.69156e+02    5.43173e+03
     Coulomb-14        LJ (SR)   Coulomb (SR)   Coul. recip.      Potential
    6.26143e+04    9.74960e+04   -1.02702e+06    5.53724e+03   -8.24204e+05
    Kinetic En.   Total Energy  Conserved En.    Temperature Pressure (bar)
    1.95310e+05   -6.28894e+05   -6.35651e+05    3.51311e+02   -2.03656e+02
   Constr. rmsd
    3.82887e-06

           Step           Time
           9000       18.00000

   Energies (kJ/mol)
           Bond          Angle    Proper Dih. Per. Imp. Dih.          LJ-14
    4.69802e+03    1.26488e+04    1.38019e+04    7.19989e+02    5.41351e+03
     Coulomb-14        LJ (SR)   Coulomb (SR)   Coul. recip.      Potential
    6.27284e+04    9.88574e+04   -1.02876e+06    5.58467e+03   -8.24303e+05
    Kinetic En.   Total Energy  Conserved En.    Temperature Pressure (bar)
    1.95096e+05   -6.29206e+05   -6.35653e+05    3.50927e+02   -8.29089e+01
   Constr. rmsd
    3.57546e-06

           Step           Time
           9500       19.00000

   Energies (kJ/mol)
           Bond          Angle    Proper Dih. Per. Imp. Dih.          LJ-14
    4.75278e+03    1.27490e+04    1.37309e+04    7.27484e+02    5.40658e+03
     Coulomb-14        LJ (SR)   Coulomb (SR)   Coul. recip.      Potential
    6.23756e+04    1.00107e+05   -1.02900e+06    5.64859e+03   -8.23498e+05
    Kinetic En.   Total Energy  Conserved En.    Temperature Pressure (bar)
    1.97210e+05   -6.26288e+05   -6.35650e+05    3.54729e+02    1.58515e+02
   Constr. rmsd
    3.85495e-06

           Step           Time
          10000       20.00000

   Energies (kJ/mol)
           Bond          Angle    Proper Dih. Per. Imp. Dih.          LJ-14
    4.85798e+03    1.24709e+04    1.37992e+04    8.19273e+02    5.42903e+03
     Coulomb-14        LJ (SR)   Coulomb (SR)   Coul. recip.      Potential
    6.24348e+04    9.87437e+04   -1.02642e+06    5.67327e+03   -8.22188e+05
    Kinetic En.   Total Energy  Conserved En.    Temperature Pressure (bar)
    1.95166e+05   -6.27022e+05   -6.35623e+05    3.51052e+02    1.18183e+02
   Constr. rmsd
    3.77538e-06

           Step           Time
          10500       21.00000

   Energies (kJ/mol)
           Bond          Angle    Proper Dih. Per. Imp. Dih.          LJ-14
    4.96278e+03    1.26128e+04    1.37419e+04    7.50610e+02    5.46643e+03
     Coulomb-14        LJ (SR)   Coulomb (SR)   Coul. recip.      Potential
    6.24125e+04    9.91725e+04   -1.02769e+06    5.66033e+03   -8.22909e+05
    Kinetic En.   Total Energy  Conserved En.    Temperature Pressure (bar)
    1.96140e+05   -6.26770e+05   -6.35636e+05    3.52803e+02    5.20533e+01
   Constr. rmsd
    3.85186e-06

           Step           Time
          11000       22.00000

   Energies (kJ/mol)
           Bond          Angle    Proper Dih. Per. Imp. Dih.          LJ-14
    4.92544e+03    1.24781e+04    1.36788e+04    7.57530e+02    5.33895e+03
     Coulomb-14        LJ (SR)   Coulomb (SR)   Coul. recip.      Potential
    6.22287e+04    9.96390e+04   -1.02657e+06    5.58292e+03   -8.21938e+05
    Kinetic En.   Total Energy  Conserved En.    Temperature Pressure (bar)
    1.97068e+05   -6.24870e+05   -6.35644e+05    3.54472e+02    8.49734e+01
   Constr. rmsd
    3.73424e-06

           Step           Time
          11500       23.00000

   Energies (kJ/mol)
           Bond          Angle    Proper Dih. Per. Imp. Dih.          LJ-14
    4.80111e+03    1.26001e+04    1.37276e+04    7.82553e+02    5.30464e+03
     Coulomb-14        LJ (SR)   Coulomb (SR)   Coul. recip.      Potential
    6.25047e+04    9.84841e+04   -1.02655e+06    5.79819e+03   -8.22546e+05
    Kinetic En.   Total Energy  Conserved En.    Temperature Pressure (bar)
    1.96680e+05   -6.25866e+05   -6.35600e+05    3.53775e+02   -1.20153e+02
   Constr. rmsd
    3.43211e-06

           Step           Time
          12000       24.00000

   Energies (kJ/mol)
           Bond          Angle    Proper Dih. Per. Imp. Dih.          LJ-14
    4.87128e+03    1.22874e+04    1.37549e+04    8.07785e+02    5.32998e+03
     Coulomb-14        LJ (SR)   Coulomb (SR)   Coul. recip.      Potential
    6.25781e+04    9.82857e+04   -1.02562e+06    5.50752e+03   -8.22198e+05
    Kinetic En.   Total Energy  Conserved En.    Temperature Pressure (bar)
    1.95546e+05   -6.26652e+05   -6.35575e+05    3.51736e+02   -1.00401e+02
   Constr. rmsd
    3.74136e-06

           Step           Time
          12500       25.00000

   Energies (kJ/mol)
           Bond          Angle    Proper Dih. Per. Imp. Dih.          LJ-14
    4.82950e+03    1.29099e+04    1.38407e+04    7.75103e+02    5.49542e+03
     Coulomb-14        LJ (SR)   Coulomb (SR)   Coul. recip.      Potential
    6.21065e+04    9.94274e+04   -1.02694e+06    5.60224e+03   -8.21950e+05
    Kinetic En.   Total Energy  Conserved En.    Temperature Pressure (bar)
    1.95797e+05   -6.26152e+05   -6.35574e+05    3.52187e+02    2.65282e+02
   Constr. rmsd
    3.64492e-06

           Step           Time
          13000       26.00000

   Energies (kJ/mol)
           Bond          Angle    Proper Dih. Per. Imp. Dih.          LJ-14
    4.71882e+03    1.25736e+04    1.38520e+04    7.58502e+02    5.44852e+03
     Coulomb-14        LJ (SR)   Coulomb (SR)   Coul. recip.      Potential
    6.24301e+04    9.95962e+04   -1.02627e+06    5.57274e+03   -8.21320e+05
    Kinetic En.   Total Energy  Conserved En.    Temperature Pressure (bar)
    1.97088e+05   -6.24232e+05   -6.35564e+05    3.54509e+02    1.56198e+02
   Constr. rmsd
    3.67284e-06

           Step           Time
          13500       27.00000

   Energies (kJ/mol)
           Bond          Angle    Proper Dih. Per. Imp. Dih.          LJ-14
    4.88185e+03    1.24951e+04    1.37094e+04    7.40331e+02    5.45112e+03
     Coulomb-14        LJ (SR)   Coulomb (SR)   Coul. recip.      Potential
    6.25091e+04    9.89397e+04   -1.02753e+06    5.62830e+03   -8.23176e+05
    Kinetic En.   Total Energy  Conserved En.    Temperature Pressure (bar)
    1.98045e+05   -6.25132e+05   -6.35556e+05    3.56229e+02    5.75337e+01
   Constr. rmsd
    3.79492e-06

           Step           Time
          14000       28.00000

   Energies (kJ/mol)
           Bond          Angle    Proper Dih. Per. Imp. Dih.          LJ-14
    4.91375e+03    1.25791e+04    1.37216e+04    6.99589e+02    5.44321e+03
     Coulomb-14        LJ (SR)   Coulomb (SR)   Coul. recip.      Potential
    6.24707e+04    9.98733e+04   -1.02896e+06    5.51090e+03   -8.23746e+05
    Kinetic En.   Total Energy  Conserved En.    Temperature Pressure (bar)
    1.96049e+05   -6.27697e+05   -6.35494e+05    3.52640e+02    5.04345e+01
   Constr. rmsd
    3.67538e-06

           Step           Time
          14500       29.00000

   Energies (kJ/mol)
           Bond          Angle    Proper Dih. Per. Imp. Dih.          LJ-14
    4.84209e+03    1.27136e+04    1.37748e+04    7.41572e+02    5.38262e+03
     Coulomb-14        LJ (SR)   Coulomb (SR)   Coul. recip.      Potential
    6.28445e+04    1.00041e+05   -1.02831e+06    5.71479e+03   -8.22260e+05
    Kinetic En.   Total Energy  Conserved En.    Temperature Pressure (bar)
    1.96099e+05   -6.26161e+05   -6.35499e+05    3.52730e+02    1.20216e+02
   Constr. rmsd
    3.84976e-06

           Step           Time
          15000       30.00000

   Energies (kJ/mol)
           Bond          Angle    Proper Dih. Per. Imp. Dih.          LJ-14
    5.04579e+03    1.22552e+04    1.38173e+04    7.70655e+02    5.49959e+03
     Coulomb-14        LJ (SR)   Coulomb (SR)   Coul. recip.      Potential
    6.26777e+04    9.79217e+04   -1.02470e+06    5.71860e+03   -8.20990e+05
    Kinetic En.   Total Energy  Conserved En.    Temperature Pressure (bar)
    1.95493e+05   -6.25497e+05   -6.35514e+05    3.51639e+02   -8.69271e+01
   Constr. rmsd
    3.91555e-06

           Step           Time
          15500       31.00000

   Energies (kJ/mol)
           Bond          Angle    Proper Dih. Per. Imp. Dih.          LJ-14
    4.78681e+03    1.26002e+04    1.38160e+04    7.92255e+02    5.32427e+03
     Coulomb-14        LJ (SR)   Coulomb (SR)   Coul. recip.      Potential
    6.27069e+04    9.84953e+04   -1.02506e+06    5.55089e+03   -8.20988e+05
    Kinetic En.   Total Energy  Conserved En.    Temperature Pressure (bar)
    1.95546e+05   -6.25442e+05   -6.35500e+05    3.51736e+02   -8.05105e+01
   Constr. rmsd
    3.61732e-06

           Step           Time
          16000       32.00000

   Energies (kJ/mol)
           Bond          Angle    Proper Dih. Per. Imp. Dih.          LJ-14
    4.71633e+03    1.31105e+04    1.37128e+04    7.52578e+02    5.47068e+03
     Coulomb-14        LJ (SR)   Coulomb (SR)   Coul. recip.      Potential
    6.23215e+04    9.89119e+04   -1.02520e+06    5.61284e+03   -8.20589e+05
    Kinetic En.   Total Energy  Conserved En.    Temperature Pressure (bar)
    1.97833e+05   -6.22756e+05   -6.35470e+05    3.55848e+02    6.69534e+01
   Constr. rmsd
    4.13048e-06

           Step           Time
          16500       33.00000

   Energies (kJ/mol)
           Bond          Angle    Proper Dih. Per. Imp. Dih.          LJ-14
    4.82666e+03    1.28583e+04    1.37557e+04    7.74168e+02    5.41690e+03
     Coulomb-14        LJ (SR)   Coulomb (SR)   Coul. recip.      Potential
    6.25122e+04    9.90978e+04   -1.02779e+06    5.53837e+03   -8.23006e+05
    Kinetic En.   Total Energy  Conserved En.    Temperature Pressure (bar)
    1.96649e+05   -6.26357e+05   -6.35430e+05    3.53719e+02    8.40823e+01
   Constr. rmsd
    3.62643e-06

           Step           Time
          17000       34.00000

   Energies (kJ/mol)
           Bond          Angle    Proper Dih. Per. Imp. Dih.          LJ-14
    5.11013e+03    1.26321e+04    1.38218e+04    7.23482e+02    5.34721e+03
     Coulomb-14        LJ (SR)   Coulomb (SR)   Coul. recip.      Potential
    6.25233e+04    9.66222e+04   -1.02313e+06    5.51121e+03   -8.20843e+05
    Kinetic En.   Total Energy  Conserved En.    Temperature Pressure (bar)
    1.97556e+05   -6.23287e+05   -6.35438e+05    3.55351e+02   -2.41776e+02
   Constr. rmsd
    3.47161e-06

           Step           Time
          17500       35.00000

   Energies (kJ/mol)
           Bond          Angle    Proper Dih. Per. Imp. Dih.          LJ-14
    4.78377e+03    1.25594e+04    1.38540e+04    7.50382e+02    5.39109e+03
     Coulomb-14        LJ (SR)   Coulomb (SR)   Coul. recip.      Potential
    6.23977e+04    9.83489e+04   -1.02698e+06    5.66580e+03   -8.23225e+05
    Kinetic En.   Total Energy  Conserved En.    Temperature Pressure (bar)
    1.96187e+05   -6.27038e+05   -6.35447e+05    3.52888e+02   -6.79634e+01
   Constr. rmsd
    3.57787e-06

           Step           Time
          18000       36.00000

   Energies (kJ/mol)
           Bond          Angle    Proper Dih. Per. Imp. Dih.          LJ-14
    4.68346e+03    1.25236e+04    1.38712e+04    8.16365e+02    5.43567e+03
     Coulomb-14        LJ (SR)   Coulomb (SR)   Coul. recip.      Potential
    6.24248e+04    9.78951e+04   -1.02632e+06    5.52182e+03   -8.23149e+05
    Kinetic En.   Total Energy  Conserved En.    Temperature Pressure (bar)
    1.96034e+05   -6.27115e+05   -6.35437e+05    3.52613e+02    5.44591e+01
   Constr. rmsd
    3.65553e-06

           Step           Time
          18500       37.00000

   Energies (kJ/mol)
           Bond          Angle    Proper Dih. Per. Imp. Dih.          LJ-14
    4.73877e+03    1.24195e+04    1.37755e+04    7.99513e+02    5.39380e+03
     Coulomb-14        LJ (SR)   Coulomb (SR)   Coul. recip.      Potential
    6.25300e+04    9.77246e+04   -1.02493e+06    5.57454e+03   -8.21973e+05
    Kinetic En.   Total Energy  Conserved En.    Temperature Pressure (bar)
    1.97861e+05   -6.24112e+05   -6.35446e+05    3.55900e+02   -5.79450e+01
   Constr. rmsd
    3.68854e-06

           Step           Time
          19000       38.00000

   Energies (kJ/mol)
           Bond          Angle    Proper Dih. Per. Imp. Dih.          LJ-14
    4.83368e+03    1.26109e+04    1.39122e+04    7.81926e+02    5.46209e+03
     Coulomb-14        LJ (SR)   Coulomb (SR)   Coul. recip.      Potential
    6.27429e+04    9.98946e+04   -1.02900e+06    5.59753e+03   -8.23161e+05
    Kinetic En.   Total Energy  Conserved En.    Temperature Pressure (bar)
    1.97700e+05   -6.25462e+05   -6.35353e+05    3.55609e+02    2.01215e+02
   Constr. rmsd
    3.61310e-06

           Step           Time
          19500       39.00000

   Energies (kJ/mol)
           Bond          Angle    Proper Dih. Per. Imp. Dih.          LJ-14
    4.73562e+03    1.25921e+04    1.36543e+04    7.24091e+02    5.44541e+03
     Coulomb-14        LJ (SR)   Coulomb (SR)   Coul. recip.      Potential
    6.25551e+04    9.84542e+04   -1.02568e+06    5.68918e+03   -8.21834e+05
    Kinetic En.   Total Energy  Conserved En.    Temperature Pressure (bar)
    1.95325e+05   -6.26508e+05   -6.35353e+05    3.51338e+02   -8.37063e+01
   Constr. rmsd
    3.53839e-06

           Step           Time
          20000       40.00000

   Energies (kJ/mol)
           Bond          Angle    Proper Dih. Per. Imp. Dih.          LJ-14
    4.69681e+03    1.30136e+04    1.38385e+04    7.05111e+02    5.31405e+03
     Coulomb-14        LJ (SR)   Coulomb (SR)   Coul. recip.      Potential
    6.24865e+04    9.87099e+04   -1.02511e+06    5.57157e+03   -8.20775e+05
    Kinetic En.   Total Energy  Conserved En.    Temperature Pressure (bar)
    1.96016e+05   -6.24760e+05   -6.35330e+05    3.52580e+02    1.00314e+02
   Constr. rmsd
    3.59773e-06

           Step           Time
          20500       41.00000

   Energies (kJ/mol)
           Bond          Angle    Proper Dih. Per. Imp. Dih.          LJ-14
    4.73090e+03    1.24697e+04    1.36605e+04    7.32705e+02    5.42995e+03
     Coulomb-14        LJ (SR)   Coulomb (SR)   Coul. recip.      Potential
    6.25865e+04    9.89330e+04   -1.02825e+06    5.54059e+03   -8.24162e+05
    Kinetic En.   Total Energy  Conserved En.    Temperature Pressure (bar)
    1.94742e+05   -6.29420e+05   -6.35359e+05    3.50288e+02   -6.84097e+01
   Constr. rmsd
    3.66592e-06

           Step           Time
          21000       42.00000

   Energies (kJ/mol)
           Bond          Angle    Proper Dih. Per. Imp. Dih.          LJ-14
    4.85332e+03    1.27504e+04    1.39326e+04    7.33227e+02    5.39221e+03
     Coulomb-14        LJ (SR)   Coulomb (SR)   Coul. recip.      Potential
    6.24406e+04    9.72018e+04   -1.02455e+06    5.64362e+03   -8.21599e+05
    Kinetic En.   Total Energy  Conserved En.    Temperature Pressure (bar)
    1.95926e+05   -6.25673e+05   -6.35310e+05    3.52419e+02   -6.89814e+01
   Constr. rmsd
    3.58556e-06

           Step           Time
          21500       43.00000

   Energies (kJ/mol)
           Bond          Angle    Proper Dih. Per. Imp. Dih.          LJ-14
    4.87583e+03    1.23156e+04    1.39056e+04    7.93725e+02    5.25323e+03
     Coulomb-14        LJ (SR)   Coulomb (SR)   Coul. recip.      Potential
    6.23236e+04    9.76625e+04   -1.02530e+06    5.69109e+03   -8.22477e+05
    Kinetic En.   Total Energy  Conserved En.    Temperature Pressure (bar)
    1.95405e+05   -6.27071e+05   -6.35325e+05    3.51482e+02   -1.78805e+02
   Constr. rmsd
    3.50646e-06

           Step           Time
          22000       44.00000

   Energies (kJ/mol)
           Bond          Angle    Proper Dih. Per. Imp. Dih.          LJ-14
    4.53545e+03    1.26755e+04    1.37130e+04    8.09896e+02    5.47431e+03
     Coulomb-14        LJ (SR)   Coulomb (SR)   Coul. recip.      Potential
    6.25858e+04    9.86311e+04   -1.02609e+06    5.55837e+03   -8.22102e+05
    Kinetic En.   Total Energy  Conserved En.    Temperature Pressure (bar)
    1.97091e+05   -6.25011e+05   -6.35278e+05    3.54514e+02    1.65683e+02
   Constr. rmsd
    3.84709e-06

           Step           Time
          22500       45.00000

   Energies (kJ/mol)
           Bond          Angle    Proper Dih. Per. Imp. Dih.          LJ-14
    4.71187e+03    1.25390e+04    1.35195e+04    7.91142e+02    5.41881e+03
     Coulomb-14        LJ (SR)   Coulomb (SR)   Coul. recip.      Potential
    6.24006e+04    9.89823e+04   -1.02691e+06    5.70232e+03   -8.22840e+05
    Kinetic En.   Total Energy  Conserved En.    Temperature Pressure (bar)
    1.96042e+05   -6.26798e+05   -6.35298e+05    3.52627e+02    6.17216e+00
   Constr. rmsd
    3.65552e-06

           Step           Time
          23000       46.00000

   Energies (kJ/mol)
           Bond          Angle    Proper Dih. Per. Imp. Dih.          LJ-14
    4.91518e+03    1.25845e+04    1.37403e+04    7.91023e+02    5.37570e+03
     Coulomb-14        LJ (SR)   Coulomb (SR)   Coul. recip.      Potential
    6.26171e+04    9.75872e+04   -1.02481e+06    5.55863e+03   -8.21638e+05
    Kinetic En.   Total Energy  Conserved En.    Temperature Pressure (bar)
    1.97451e+05   -6.24187e+05   -6.35289e+05    3.55162e+02   -1.33146e+02
   Constr. rmsd
    3.36939e-06

           Step           Time
          23500       47.00000

   Energies (kJ/mol)
           Bond          Angle    Proper Dih. Per. Imp. Dih.          LJ-14
    4.84247e+03    1.28083e+04    1.37300e+04    7.32311e+02    5.44238e+03
     Coulomb-14        LJ (SR)   Coulomb (SR)   Coul. recip.      Potential
    6.28117e+04    9.87024e+04   -1.02461e+06    5.72240e+03   -8.19813e+05
    Kinetic En.   Total Energy  Conserved En.    Temperature Pressure (bar)
    1.98570e+05   -6.21243e+05   -6.35266e+05    3.57174e+02    1.21810e+02
   Constr. rmsd
    3.79621e-06

           Step           Time
          24000       48.00000

   Energies (kJ/mol)
           Bond          Angle    Proper Dih. Per. Imp. Dih.          LJ-14
    4.61852e+03    1.25012e+04    1.37317e+04    7.67992e+02    5.36568e+03
     Coulomb-14        LJ (SR)   Coulomb (SR)   Coul. recip.      Potential
    6.25285e+04    9.95134e+04   -1.02743e+06    5.61352e+03   -8.22794e+05
    Kinetic En.   Total Energy  Conserved En.    Temperature Pressure (bar)
    1.95280e+05   -6.27514e+05   -6.35216e+05    3.51256e+02    1.19620e+02
   Constr. rmsd
    3.42056e-06

           Step           Time
          24500       49.00000

   Energies (kJ/mol)
           Bond          Angle    Proper Dih. Per. Imp. Dih.          LJ-14
    4.81049e+03    1.27259e+04    1.36958e+04    7.32820e+02    5.36930e+03
     Coulomb-14        LJ (SR)   Coulomb (SR)   Coul. recip.      Potential
    6.24445e+04    9.91193e+04   -1.02626e+06    5.49585e+03   -8.21870e+05
    Kinetic En.   Total Energy  Conserved En.    Temperature Pressure (bar)
    1.97093e+05   -6.24777e+05   -6.35234e+05    3.54517e+02    8.56099e+01
   Constr. rmsd
    3.82047e-06

           Step           Time
          25000       50.00000

   Energies (kJ/mol)
           Bond          Angle    Proper Dih. Per. Imp. Dih.          LJ-14
    4.86545e+03    1.24042e+04    1.37193e+04    7.61690e+02    5.42019e+03
     Coulomb-14        LJ (SR)   Coulomb (SR)   Coul. recip.      Potential
    6.26826e+04    9.91626e+04   -1.02764e+06    5.73198e+03   -8.22894e+05
    Kinetic En.   Total Energy  Conserved En.    Temperature Pressure (bar)
    1.94610e+05   -6.28284e+05   -6.35190e+05    3.50051e+02   -4.37222e+01
   Constr. rmsd
    3.37879e-06

           Step           Time
          25500       51.00000

   Energies (kJ/mol)
           Bond          Angle    Proper Dih. Per. Imp. Dih.          LJ-14
    4.84058e+03    1.27168e+04    1.36918e+04    8.07462e+02    5.37327e+03
     Coulomb-14        LJ (SR)   Coulomb (SR)   Coul. recip.      Potential
    6.23419e+04    9.79384e+04   -1.02451e+06    5.57866e+03   -8.21223e+05
    Kinetic En.   Total Energy  Conserved En.    Temperature Pressure (bar)
    1.95789e+05   -6.25434e+05   -6.35186e+05    3.52173e+02   -1.20305e+02
   Constr. rmsd
    3.57503e-06

           Step           Time
          26000       52.00000

   Energies (kJ/mol)
           Bond          Angle    Proper Dih. Per. Imp. Dih.          LJ-14
    4.92261e+03    1.23984e+04    1.37824e+04    7.96303e+02    5.38364e+03
     Coulomb-14        LJ (SR)   Coulomb (SR)   Coul. recip.      Potential
    6.26516e+04    9.82993e+04   -1.02372e+06    5.62364e+03   -8.19859e+05
    Kinetic En.   Total Energy  Conserved En.    Temperature Pressure (bar)
    1.96837e+05   -6.23022e+05   -6.35173e+05    3.54057e+02    5.10822e+01
   Constr. rmsd
    3.84487e-06

           Step           Time
          26500       53.00000

   Energies (kJ/mol)
           Bond          Angle    Proper Dih. Per. Imp. Dih.          LJ-14
    4.88096e+03    1.25526e+04    1.38964e+04    7.90116e+02    5.40506e+03
     Coulomb-14        LJ (SR)   Coulomb (SR)   Coul. recip.      Potential
    6.27843e+04    9.90945e+04   -1.02676e+06    5.60499e+03   -8.21747e+05
    Kinetic En.   Total Energy  Conserved En.    Temperature Pressure (bar)
    1.95605e+05   -6.26142e+05   -6.35147e+05    3.51841e+02    1.53295e+01
   Constr. rmsd
    3.71619e-06

           Step           Time
          27000       54.00000

   Energies (kJ/mol)
           Bond          Angle    Proper Dih. Per. Imp. Dih.          LJ-14
    4.72486e+03    1.24077e+04    1.38897e+04    7.88584e+02    5.34432e+03
     Coulomb-14        LJ (SR)   Coulomb (SR)   Coul. recip.      Potential
    6.27845e+04    9.73034e+04   -1.02587e+06    5.52336e+03   -8.23099e+05
    Kinetic En.   Total Energy  Conserved En.    Temperature Pressure (bar)
    1.95533e+05   -6.27566e+05   -6.35150e+05    3.51712e+02   -2.00762e+02
   Constr. rmsd
    3.66377e-06

           Step           Time
          27500       55.00000

   Energies (kJ/mol)
           Bond          Angle    Proper Dih. Per. Imp. Dih.          LJ-14
    4.91619e+03    1.24823e+04    1.37336e+04    8.11801e+02    5.38929e+03
     Coulomb-14        LJ (SR)   Coulomb (SR)   Coul. recip.      Potential
    6.23306e+04    9.70718e+04   -1.02508e+06    5.67335e+03   -8.22670e+05
    Kinetic En.   Total Energy  Conserved En.    Temperature Pressure (bar)
    1.96974e+05   -6.25696e+05   -6.35148e+05    3.54305e+02   -1.47136e+02
   Constr. rmsd
    3.82515e-06

           Step           Time
          28000       56.00000

   Energies (kJ/mol)
           Bond          Angle    Proper Dih. Per. Imp. Dih.          LJ-14
    4.81870e+03    1.26190e+04    1.37727e+04    7.69142e+02    5.45245e+03
     Coulomb-14        LJ (SR)   Coulomb (SR)   Coul. recip.      Potential
    6.27514e+04    9.63317e+04   -1.02409e+06    5.70933e+03   -8.21864e+05
    Kinetic En.   Total Energy  Conserved En.    Temperature Pressure (bar)
    1.96817e+05   -6.25048e+05   -6.35098e+05    3.54021e+02   -1.02115e+02
   Constr. rmsd
    3.32635e-06

           Step           Time
          28500       57.00000

   Energies (kJ/mol)
           Bond          Angle    Proper Dih. Per. Imp. Dih.          LJ-14
    4.61778e+03    1.27642e+04    1.37574e+04    8.11297e+02    5.44473e+03
     Coulomb-14        LJ (SR)   Coulomb (SR)   Coul. recip.      Potential
    6.25285e+04    9.88230e+04   -1.02747e+06    5.71589e+03   -8.23005e+05
    Kinetic En.   Total Energy  Conserved En.    Temperature Pressure (bar)
    1.95980e+05   -6.27025e+05   -6.35103e+05    3.52516e+02   -2.54198e+01
   Constr. rmsd
    3.56586e-06

           Step           Time
          29000       58.00000

   Energies (kJ/mol)
           Bond          Angle    Proper Dih. Per. Imp. Dih.          LJ-14
    4.69640e+03    1.26484e+04    1.38683e+04    8.17617e+02    5.36609e+03
     Coulomb-14        LJ (SR)   Coulomb (SR)   Coul. recip.      Potential
    6.26004e+04    9.62769e+04   -1.02479e+06    5.54258e+03   -8.22972e+05
    Kinetic En.   Total Energy  Conserved En.    Temperature Pressure (bar)
    1.95471e+05   -6.27500e+05   -6.35102e+05    3.51601e+02   -1.63008e+02
   Constr. rmsd
    3.71288e-06

           Step           Time
          29500       59.00000

   Energies (kJ/mol)
           Bond          Angle    Proper Dih. Per. Imp. Dih.          LJ-14
    4.52698e+03    1.27261e+04    1.38456e+04    8.37017e+02    5.50070e+03
     Coulomb-14        LJ (SR)   Coulomb (SR)   Coul. recip.      Potential
    6.26510e+04    1.00085e+05   -1.03004e+06    5.62804e+03   -8.24243e+05
    Kinetic En.   Total Energy  Conserved En.    Temperature Pressure (bar)
    1.96573e+05   -6.27670e+05   -6.35101e+05    3.53583e+02    9.24106e+01
   Constr. rmsd
    3.43763e-06

           Step           Time
          30000       60.00000

   Energies (kJ/mol)
           Bond          Angle    Proper Dih. Per. Imp. Dih.          LJ-14
    4.76394e+03    1.22774e+04    1.38251e+04    7.81786e+02    5.34398e+03
     Coulomb-14        LJ (SR)   Coulomb (SR)   Coul. recip.      Potential
    6.25737e+04    9.97905e+04   -1.02824e+06    5.63652e+03   -8.23247e+05
    Kinetic En.   Total Energy  Conserved En.    Temperature Pressure (bar)
    1.96062e+05   -6.27185e+05   -6.35068e+05    3.52663e+02    4.40785e+01
   Constr. rmsd
    3.78394e-06

           Step           Time
          30500       61.00000

   Energies (kJ/mol)
           Bond          Angle    Proper Dih. Per. Imp. Dih.          LJ-14
    4.82257e+03    1.24556e+04    1.37561e+04    7.76192e+02    5.56581e+03
     Coulomb-14        LJ (SR)   Coulomb (SR)   Coul. recip.      Potential
    6.24985e+04    9.85920e+04   -1.02548e+06    5.60971e+03   -8.21402e+05
    Kinetic En.   Total Energy  Conserved En.    Temperature Pressure (bar)
    1.96546e+05   -6.24855e+05   -6.35061e+05    3.53535e+02    9.51011e+01
   Constr. rmsd
    3.64259e-06

           Step           Time
          31000       62.00000

   Energies (kJ/mol)
           Bond          Angle    Proper Dih. Per. Imp. Dih.          LJ-14
    4.89560e+03    1.25323e+04    1.37603e+04    7.40809e+02    5.37902e+03
     Coulomb-14        LJ (SR)   Coulomb (SR)   Coul. recip.      Potential
    6.24405e+04    9.63372e+04   -1.02218e+06    5.54780e+03   -8.20546e+05
    Kinetic En.   Total Energy  Conserved En.    Temperature Pressure (bar)
    1.97202e+05   -6.23344e+05   -6.35048e+05    3.54714e+02   -1.73456e+02
   Constr. rmsd
    3.72957e-06

           Step           Time
          31500       63.00000

   Energies (kJ/mol)
           Bond          Angle    Proper Dih. Per. Imp. Dih.          LJ-14
    4.75749e+03    1.24517e+04    1.38735e+04    7.51867e+02    5.52243e+03
     Coulomb-14        LJ (SR)   Coulomb (SR)   Coul. recip.      Potential
    6.27079e+04    9.78200e+04   -1.02489e+06    5.57994e+03   -8.21426e+05
    Kinetic En.   Total Energy  Conserved En.    Temperature Pressure (bar)
    1.97803e+05   -6.23623e+05   -6.35059e+05    3.55795e+02   -4.62153e+01
   Constr. rmsd
    3.58683e-06

           Step           Time
          32000       64.00000

   Energies (kJ/mol)
           Bond          Angle    Proper Dih. Per. Imp. Dih.          LJ-14
    4.97626e+03    1.26880e+04    1.37235e+04    8.10242e+02    5.36705e+03
     Coulomb-14        LJ (SR)   Coulomb (SR)   Coul. recip.      Potential
    6.22195e+04    1.00365e+05   -1.02968e+06    5.51951e+03   -8.24007e+05
    Kinetic En.   Total Energy  Conserved En.    Temperature Pressure (bar)
    1.98264e+05   -6.25743e+05   -6.35027e+05    3.56624e+02    5.48527e+01
   Constr. rmsd
    3.46031e-06

           Step           Time
          32500       65.00000

   Energies (kJ/mol)
           Bond          Angle    Proper Dih. Per. Imp. Dih.          LJ-14
    4.74888e+03    1.27213e+04    1.39124e+04    7.40636e+02    5.41604e+03
     Coulomb-14        LJ (SR)   Coulomb (SR)   Coul. recip.      Potential
    6.25408e+04    9.85469e+04   -1.02514e+06    5.60774e+03   -8.20909e+05
    Kinetic En.   Total Energy  Conserved En.    Temperature Pressure (bar)
    1.98101e+05   -6.22808e+05   -6.35043e+05    3.56331e+02    1.75410e+01
   Constr. rmsd
    3.81718e-06

           Step           Time
          33000       66.00000

   Energies (kJ/mol)
           Bond          Angle    Proper Dih. Per. Imp. Dih.          LJ-14
    4.73779e+03    1.26957e+04    1.38415e+04    8.53780e+02    5.40024e+03
     Coulomb-14        LJ (SR)   Coulomb (SR)   Coul. recip.      Potential
    6.27503e+04    1.01597e+05   -1.03230e+06    5.63910e+03   -8.24781e+05
    Kinetic En.   Total Energy  Conserved En.    Temperature Pressure (bar)
    1.95650e+05   -6.29131e+05   -6.34983e+05    3.51923e+02    2.09496e+02
   Constr. rmsd
    3.83227e-06

           Step           Time
          33500       67.00000

   Energies (kJ/mol)
           Bond          Angle    Proper Dih. Per. Imp. Dih.          LJ-14
    4.69511e+03    1.25547e+04    1.38179e+04    8.04043e+02    5.44497e+03
     Coulomb-14        LJ (SR)   Coulomb (SR)   Coul. recip.      Potential
    6.27824e+04    9.91003e+04   -1.02613e+06    5.50167e+03   -8.21427e+05
    Kinetic En.   Total Energy  Conserved En.    Temperature Pressure (bar)
    1.96255e+05   -6.25172e+05   -6.34976e+05    3.53010e+02    7.20426e+00
   Constr. rmsd
    3.92719e-06

           Step           Time
          34000       68.00000

   Energies (kJ/mol)
           Bond          Angle    Proper Dih. Per. Imp. Dih.          LJ-14
    4.74972e+03    1.25419e+04    1.38732e+04    7.36794e+02    5.35746e+03
     Coulomb-14        LJ (SR)   Coulomb (SR)   Coul. recip.      Potential
    6.26529e+04    9.94660e+04   -1.02779e+06    5.49892e+03   -8.22918e+05
    Kinetic En.   Total Energy  Conserved En.    Temperature Pressure (bar)
    1.95040e+05   -6.27877e+05   -6.34950e+05    3.50826e+02    1.54278e+02
   Constr. rmsd
    3.55464e-06

           Step           Time
          34500       69.00000

   Energies (kJ/mol)
           Bond          Angle    Proper Dih. Per. Imp. Dih.          LJ-14
    5.08371e+03    1.26654e+04    1.39394e+04    7.93551e+02    5.40668e+03
     Coulomb-14        LJ (SR)   Coulomb (SR)   Coul. recip.      Potential
    6.24323e+04    9.73802e+04   -1.02420e+06    5.66812e+03   -8.20832e+05
    Kinetic En.   Total Energy  Conserved En.    Temperature Pressure (bar)
    1.95515e+05   -6.25316e+05   -6.34925e+05    3.51680e+02   -1.35401e+02
   Constr. rmsd
    3.88061e-06

           Step           Time
          35000       70.00000

   Energies (kJ/mol)
           Bond          Angle    Proper Dih. Per. Imp. Dih.          LJ-14
    4.78830e+03    1.26274e+04    1.39061e+04    7.46478e+02    5.30496e+03
     Coulomb-14        LJ (SR)   Coulomb (SR)   Coul. recip.      Potential
    6.25823e+04    9.80718e+04   -1.02681e+06    5.58779e+03   -8.23199e+05
    Kinetic En.   Total Energy  Conserved En.    Temperature Pressure (bar)
    1.96191e+05   -6.27008e+05   -6.34925e+05    3.52896e+02   -9.52930e+01
   Constr. rmsd
    3.98593e-06

           Step           Time
          35500       71.00000

   Energies (kJ/mol)
           Bond          Angle    Proper Dih. Per. Imp. Dih.          LJ-14
    4.78726e+03    1.26825e+04    1.37475e+04    7.26117e+02    5.46011e+03
     Coulomb-14        LJ (SR)   Coulomb (SR)   Coul. recip.      Potential
    6.26902e+04    9.86588e+04   -1.02535e+06    5.66206e+03   -8.20933e+05
    Kinetic En.   Total Energy  Conserved En.    Temperature Pressure (bar)
    1.98268e+05   -6.22664e+05   -6.34947e+05    3.56632e+02    4.99417e+01
   Constr. rmsd
    3.66880e-06

           Step           Time
          36000       72.00000

   Energies (kJ/mol)
           Bond          Angle    Proper Dih. Per. Imp. Dih.          LJ-14
    5.15958e+03    1.25601e+04    1.38154e+04    7.98366e+02    5.38782e+03
     Coulomb-14        LJ (SR)   Coulomb (SR)   Coul. recip.      Potential
    6.25373e+04    9.71902e+04   -1.02369e+06    5.65706e+03   -8.20580e+05
    Kinetic En.   Total Energy  Conserved En.    Temperature Pressure (bar)
    1.97525e+05   -6.23055e+05   -6.34890e+05    3.55296e+02   -9.68635e+01
   Constr. rmsd
    3.59370e-06

           Step           Time
          36500       73.00000

   Energies (kJ/mol)
           Bond          Angle    Proper Dih. Per. Imp. Dih.          LJ-14
    4.85214e+03    1.24196e+04    1.37226e+04    7.90358e+02    5.42761e+03
     Coulomb-14        LJ (SR)   Coulomb (SR)   Coul. recip.      Potential
    6.25920e+04    9.83812e+04   -1.02420e+06    5.66712e+03   -8.20351e+05
    Kinetic En.   Total Energy  Conserved En.    Temperature Pressure (bar)
    1.95141e+05   -6.25210e+05   -6.34856e+05    3.51006e+02    3.51875e+00
   Constr. rmsd
    4.03523e-06

           Step           Time
          37000       74.00000

   Energies (kJ/mol)
           Bond          Angle    Proper Dih. Per. Imp. Dih.          LJ-14
    4.84713e+03    1.26742e+04    1.38522e+04    7.64667e+02    5.32738e+03
     Coulomb-14        LJ (SR)   Coulomb (SR)   Coul. recip.      Potential
    6.24064e+04    9.96032e+04   -1.02865e+06    5.55744e+03   -8.23618e+05
    Kinetic En.   Total Energy  Conserved En.    Temperature Pressure (bar)
    1.97430e+05   -6.26188e+05   -6.34860e+05    3.55125e+02    6.20457e+01
   Constr. rmsd
    3.67476e-06

           Step           Time
          37500       75.00000

   Energies (kJ/mol)
           Bond          Angle    Proper Dih. Per. Imp. Dih.          LJ-14
    4.87581e+03    1.25718e+04    1.39098e+04    7.14974e+02    5.34151e+03
     Coulomb-14        LJ (SR)   Coulomb (SR)   Coul. recip.      Potential
    6.27089e+04    9.91649e+04   -1.02691e+06    5.70846e+03   -8.21909e+05
    Kinetic En.   Total Energy  Conserved En.    Temperature Pressure (bar)
    1.97038e+05   -6.24871e+05   -6.34836e+05    3.54419e+02   -1.09566e+02
   Constr. rmsd
    3.62526e-06

           Step           Time
          38000       76.00000

   Energies (kJ/mol)
           Bond          Angle    Proper Dih. Per. Imp. Dih.          LJ-14
    4.75296e+03    1.23786e+04    1.37325e+04    7.67620e+02    5.41879e+03
     Coulomb-14        LJ (SR)   Coulomb (SR)   Coul. recip.      Potential
    6.21258e+04    9.97833e+04   -1.02679e+06    5.75567e+03   -8.22075e+05
    Kinetic En.   Total Energy  Conserved En.    Temperature Pressure (bar)
    1.95416e+05   -6.26659e+05   -6.34862e+05    3.51502e+02    1.01443e+02
   Constr. rmsd
    3.55694e-06

           Step           Time
          38500       77.00000

   Energies (kJ/mol)
           Bond          Angle    Proper Dih. Per. Imp. Dih.          LJ-14
    4.65321e+03    1.28504e+04    1.39836e+04    7.75479e+02    5.44854e+03
     Coulomb-14        LJ (SR)   Coulomb (SR)   Coul. recip.      Potential
    6.26791e+04    9.99684e+04   -1.02763e+06    5.51150e+03   -8.21763e+05
    Kinetic En.   Total Energy  Conserved En.    Temperature Pressure (bar)
    1.97101e+05   -6.24662e+05   -6.34810e+05    3.54532e+02    1.26657e+02
   Constr. rmsd
    3.71493e-06

           Step           Time
          39000       78.00000

   Energies (kJ/mol)
           Bond          Angle    Proper Dih. Per. Imp. Dih.          LJ-14
    4.67986e+03    1.25530e+04    1.36953e+04    8.00123e+02    5.46030e+03
     Coulomb-14        LJ (SR)   Coulomb (SR)   Coul. recip.      Potential
    6.28149e+04    9.85373e+04   -1.02600e+06    5.58430e+03   -8.21879e+05
    Kinetic En.   Total Energy  Conserved En.    Temperature Pressure (bar)
    1.96376e+05   -6.25503e+05   -6.34801e+05    3.53229e+02    6.14274e+01
   Constr. rmsd
    3.83262e-06

           Step           Time
          39500       79.00000

   Energies (kJ/mol)
           Bond          Angle    Proper Dih. Per. Imp. Dih.          LJ-14
    4.87376e+03    1.26059e+04    1.37189e+04    7.01277e+02    5.28795e+03
     Coulomb-14        LJ (SR)   Coulomb (SR)   Coul. recip.      Potential
    6.25645e+04    9.78760e+04   -1.02634e+06    5.64385e+03   -8.23072e+05
    Kinetic En.   Total Energy  Conserved En.    Temperature Pressure (bar)
    1.94999e+05   -6.28073e+05   -6.34771e+05    3.50751e+02   -2.24165e+02
   Constr. rmsd
    3.83678e-06

           Step           Time
          40000       80.00000

   Energies (kJ/mol)
           Bond          Angle    Proper Dih. Per. Imp. Dih.          LJ-14
    4.88476e+03    1.27098e+04    1.39759e+04    7.18654e+02    5.37208e+03
     Coulomb-14        LJ (SR)   Coulomb (SR)   Coul. recip.      Potential
    6.24913e+04    9.83715e+04   -1.02679e+06    5.61236e+03   -8.22657e+05
    Kinetic En.   Total Energy  Conserved En.    Temperature Pressure (bar)
    1.94879e+05   -6.27778e+05   -6.34743e+05    3.50536e+02    7.10012e+01
   Constr. rmsd
    3.68938e-06

           Step           Time
          40500       81.00000

   Energies (kJ/mol)
           Bond          Angle    Proper Dih. Per. Imp. Dih.          LJ-14
    5.04584e+03    1.26699e+04    1.37599e+04    7.47881e+02    5.32695e+03
     Coulomb-14        LJ (SR)   Coulomb (SR)   Coul. recip.      Potential
    6.25861e+04    9.77641e+04   -1.02452e+06    5.70303e+03   -8.20919e+05
    Kinetic En.   Total Energy  Conserved En.    Temperature Pressure (bar)
    1.97830e+05   -6.23090e+05   -6.34769e+05    3.55843e+02   -8.70050e+01
   Constr. rmsd
    3.52675e-06

           Step           Time
          41000       82.00000

   Energies (kJ/mol)
           Bond          Angle    Proper Dih. Per. Imp. Dih.          LJ-14
    4.89513e+03    1.29011e+04    1.36275e+04    7.99380e+02    5.30983e+03
     Coulomb-14        LJ (SR)   Coulomb (SR)   Coul. recip.      Potential
    6.24187e+04    9.94284e+04   -1.02821e+06    5.77224e+03   -8.23059e+05
    Kinetic En.   Total Energy  Conserved En.    Temperature Pressure (bar)
    1.96051e+05   -6.27008e+05   -6.34734e+05    3.52644e+02   -9.56115e+00
   Constr. rmsd
    3.48288e-06

           Step           Time
          41500       83.00000

   Energies (kJ/mol)
           Bond          Angle    Proper Dih. Per. Imp. Dih.          LJ-14
    4.83588e+03    1.25918e+04    1.37442e+04    7.95742e+02    5.37034e+03
     Coulomb-14        LJ (SR)   Coulomb (SR)   Coul. recip.      Potential
    6.26071e+04    1.01695e+05   -1.03058e+06    5.54759e+03   -8.23395e+05
    Kinetic En.   Total Energy  Conserved En.    Temperature Pressure (bar)
    1.97301e+05   -6.26094e+05   -6.34749e+05    3.54892e+02    2.61014e+02
   Constr. rmsd
    3.69116e-06

           Step           Time
          42000       84.00000

   Energies (kJ/mol)
           Bond          Angle    Proper Dih. Per. Imp. Dih.          LJ-14
    4.95209e+03    1.22617e+04    1.38435e+04    7.45811e+02    5.44847e+03
     Coulomb-14        LJ (SR)   Coulomb (SR)   Coul. recip.      Potential
    6.28131e+04    9.91799e+04   -1.02705e+06    5.71823e+03   -8.22086e+05
    Kinetic En.   Total Energy  Conserved En.    Temperature Pressure (bar)
    1.94412e+05   -6.27674e+05   -6.34710e+05    3.49695e+02    1.07617e+02
   Constr. rmsd
    3.48423e-06

           Step           Time
          42500       85.00000

   Energies (kJ/mol)
           Bond          Angle    Proper Dih. Per. Imp. Dih.          LJ-14
    5.22229e+03    1.24839e+04    1.36562e+04    7.64633e+02    5.41565e+03
     Coulomb-14        LJ (SR)   Coulomb (SR)   Coul. recip.      Potential
    6.23584e+04    9.89882e+04   -1.02603e+06    5.64435e+03   -8.21496e+05
    Kinetic En.   Total Energy  Conserved En.    Temperature Pressure (bar)
    1.96583e+05   -6.24913e+05   -6.34688e+05    3.53600e+02    8.47907e+01
   Constr. rmsd
    3.64284e-06

           Step           Time
          43000       86.00000

   Energies (kJ/mol)
           Bond          Angle    Proper Dih. Per. Imp. Dih.          LJ-14
    4.90922e+03    1.29710e+04    1.37721e+04    7.50217e+02    5.46609e+03
     Coulomb-14        LJ (SR)   Coulomb (SR)   Coul. recip.      Potential
    6.24025e+04    9.84790e+04   -1.02536e+06    5.58068e+03   -8.21028e+05
    Kinetic En.   Total Energy  Conserved En.    Temperature Pressure (bar)
    1.97340e+05   -6.23689e+05   -6.34718e+05    3.54962e+02    1.31081e+02
   Constr. rmsd
    4.20991e-06

           Step           Time
          43500       87.00000

   Energies (kJ/mol)
           Bond          Angle    Proper Dih. Per. Imp. Dih.          LJ-14
    4.86895e+03    1.27983e+04    1.38220e+04    7.27732e+02    5.39987e+03
     Coulomb-14        LJ (SR)   Coulomb (SR)   Coul. recip.      Potential
    6.24627e+04    9.80346e+04   -1.02565e+06    5.63094e+03   -8.21907e+05
    Kinetic En.   Total Energy  Conserved En.    Temperature Pressure (bar)
    1.96745e+05   -6.25162e+05   -6.34672e+05    3.53891e+02    6.31979e+00
   Constr. rmsd
    4.02869e-06

           Step           Time
          44000       88.00000

   Energies (kJ/mol)
           Bond          Angle    Proper Dih. Per. Imp. Dih.          LJ-14
    4.69693e+03    1.28796e+04    1.37320e+04    8.29627e+02    5.41674e+03
     Coulomb-14        LJ (SR)   Coulomb (SR)   Coul. recip.      Potential
    6.27212e+04    9.80488e+04   -1.02387e+06    5.59062e+03   -8.19958e+05
    Kinetic En.   Total Energy  Conserved En.    Temperature Pressure (bar)
    1.98515e+05   -6.21444e+05   -6.34693e+05    3.57075e+02   -2.71958e+01
   Constr. rmsd
    3.72035e-06

           Step           Time
          44500       89.00000

   Energies (kJ/mol)
           Bond          Angle    Proper Dih. Per. Imp. Dih.          LJ-14
    4.82539e+03    1.27829e+04    1.37029e+04    7.67744e+02    5.33051e+03
     Coulomb-14        LJ (SR)   Coulomb (SR)   Coul. recip.      Potential
    6.24664e+04    9.81308e+04   -1.02613e+06    5.56208e+03   -8.22560e+05
    Kinetic En.   Total Energy  Conserved En.    Temperature Pressure (bar)
    1.96426e+05   -6.26135e+05   -6.34649e+05    3.53317e+02   -1.49559e+02
   Constr. rmsd
    3.43690e-06

           Step           Time
          45000       90.00000

   Energies (kJ/mol)
           Bond          Angle    Proper Dih. Per. Imp. Dih.          LJ-14
    4.72418e+03    1.27428e+04    1.37245e+04    7.67593e+02    5.46890e+03
     Coulomb-14        LJ (SR)   Coulomb (SR)   Coul. recip.      Potential
    6.23477e+04    9.79261e+04   -1.02579e+06    5.69045e+03   -8.22398e+05
    Kinetic En.   Total Energy  Conserved En.    Temperature Pressure (bar)
    1.97286e+05   -6.25112e+05   -6.34654e+05    3.54865e+02   -7.79031e+01
   Constr. rmsd
    3.67558e-06

           Step           Time
          45500       91.00000

   Energies (kJ/mol)
           Bond          Angle    Proper Dih. Per. Imp. Dih.          LJ-14
    4.87288e+03    1.22966e+04    1.37915e+04    8.79935e+02    5.40679e+03
     Coulomb-14        LJ (SR)   Coulomb (SR)   Coul. recip.      Potential
    6.23815e+04    9.94697e+04   -1.02804e+06    5.59439e+03   -8.23344e+05
    Kinetic En.   Total Energy  Conserved En.    Temperature Pressure (bar)
    1.96201e+05   -6.27142e+05   -6.34629e+05    3.52913e+02    2.12655e+01
   Constr. rmsd
    3.80243e-06

           Step           Time
          46000       92.00000

   Energies (kJ/mol)
           Bond          Angle    Proper Dih. Per. Imp. Dih.          LJ-14
    4.89694e+03    1.23198e+04    1.38974e+04    8.16239e+02    5.25627e+03
     Coulomb-14        LJ (SR)   Coulomb (SR)   Coul. recip.      Potential
    6.27137e+04    9.75000e+04   -1.02633e+06    5.62246e+03   -8.23308e+05
    Kinetic En.   Total Energy  Conserved En.    Temperature Pressure (bar)
    1.95108e+05   -6.28200e+05   -6.34610e+05    3.50947e+02   -3.21399e+02
   Constr. rmsd
    3.58427e-06

           Step           Time
          46500       93.00000

   Energies (kJ/mol)
           Bond          Angle    Proper Dih. Per. Imp. Dih.          LJ-14
    4.86576e+03    1.24656e+04    1.36695e+04    6.88380e+02    5.39934e+03
     Coulomb-14        LJ (SR)   Coulomb (SR)   Coul. recip.      Potential
    6.25372e+04    1.00381e+05   -1.02812e+06    5.56658e+03   -8.22545e+05
    Kinetic En.   Total Energy  Conserved En.    Temperature Pressure (bar)
    1.95340e+05   -6.27205e+05   -6.34592e+05    3.51364e+02    1.26524e+02
   Constr. rmsd
    3.55571e-06

           Step           Time
          47000       94.00000

   Energies (kJ/mol)
           Bond          Angle    Proper Dih. Per. Imp. Dih.          LJ-14
    4.84252e+03    1.28178e+04    1.38947e+04    7.36344e+02    5.38142e+03
     Coulomb-14        LJ (SR)   Coulomb (SR)   Coul. recip.      Potential
    6.25441e+04    9.88354e+04   -1.02566e+06    5.53240e+03   -8.21078e+05
    Kinetic En.   Total Energy  Conserved En.    Temperature Pressure (bar)
    1.97681e+05   -6.23397e+05   -6.34578e+05    3.55576e+02    4.90401e+01
   Constr. rmsd
    3.61793e-06

           Step           Time
          47500       95.00000

   Energies (kJ/mol)
           Bond          Angle    Proper Dih. Per. Imp. Dih.          LJ-14
    4.77746e+03    1.25765e+04    1.37058e+04    7.14503e+02    5.44352e+03
     Coulomb-14        LJ (SR)   Coulomb (SR)   Coul. recip.      Potential
    6.25420e+04    9.73539e+04   -1.02413e+06    5.54288e+03   -8.21470e+05
    Kinetic En.   Total Energy  Conserved En.    Temperature Pressure (bar)
    1.96748e+05   -6.24722e+05   -6.34584e+05    3.53898e+02   -4.56073e+01
   Constr. rmsd
    3.50440e-06

           Step           Time
          48000       96.00000

   Energies (kJ/mol)
           Bond          Angle    Proper Dih. Per. Imp. Dih.          LJ-14
    5.07720e+03    1.28732e+04    1.36230e+04    7.47775e+02    5.41649e+03
     Coulomb-14        LJ (SR)   Coulomb (SR)   Coul. recip.      Potential
    6.26259e+04    9.94074e+04   -1.02619e+06    5.45509e+03   -8.20960e+05
    Kinetic En.   Total Energy  Conserved En.    Temperature Pressure (bar)
    1.95799e+05   -6.25161e+05   -6.34534e+05    3.52190e+02   -4.48796e+01
   Constr. rmsd
    3.79264e-06

           Step           Time
          48500       97.00000

   Energies (kJ/mol)
           Bond          Angle    Proper Dih. Per. Imp. Dih.          LJ-14
    4.83419e+03    1.26078e+04    1.38499e+04    7.79648e+02    5.38648e+03
     Coulomb-14        LJ (SR)   Coulomb (SR)   Coul. recip.      Potential
    6.25491e+04    9.91476e+04   -1.02820e+06    5.52512e+03   -8.23518e+05
    Kinetic En.   Total Energy  Conserved En.    Temperature Pressure (bar)
    1.95640e+05   -6.27878e+05   -6.34529e+05    3.51905e+02   -1.45885e+02
   Constr. rmsd
    3.74874e-06

           Step           Time
          49000       98.00000

   Energies (kJ/mol)
           Bond          Angle    Proper Dih. Per. Imp. Dih.          LJ-14
    4.83903e+03    1.25203e+04    1.37700e+04    7.68478e+02    5.45825e+03
     Coulomb-14        LJ (SR)   Coulomb (SR)   Coul. recip.      Potential
    6.26546e+04    9.93003e+04   -1.02686e+06    5.60571e+03   -8.21940e+05
    Kinetic En.   Total Energy  Conserved En.    Temperature Pressure (bar)
    1.97156e+05   -6.24784e+05   -6.34497e+05    3.54631e+02    8.99457e+01
   Constr. rmsd
    3.50686e-06

           Step           Time
          49500       99.00000

   Energies (kJ/mol)
           Bond          Angle    Proper Dih. Per. Imp. Dih.          LJ-14
    4.63710e+03    1.27022e+04    1.37174e+04    7.99600e+02    5.48693e+03
     Coulomb-14        LJ (SR)   Coulomb (SR)   Coul. recip.      Potential
    6.26971e+04    9.93770e+04   -1.02697e+06    5.64248e+03   -8.21908e+05
    Kinetic En.   Total Energy  Conserved En.    Temperature Pressure (bar)
    1.95707e+05   -6.26201e+05   -6.34492e+05    3.52025e+02    9.76420e+01
   Constr. rmsd
    3.61921e-06

           Step           Time
          50000      100.00000

Writing checkpoint, step 50000 at Tue Feb  3 12:45:27 2026


   Energies (kJ/mol)
           Bond          Angle    Proper Dih. Per. Imp. Dih.          LJ-14
    4.71800e+03    1.22747e+04    1.37725e+04    7.48566e+02    5.43309e+03
     Coulomb-14        LJ (SR)   Coulomb (SR)   Coul. recip.      Potential
    6.25059e+04    9.92642e+04   -1.02694e+06    5.54932e+03   -8.22670e+05
    Kinetic En.   Total Energy  Conserved En.    Temperature Pressure (bar)
    1.94941e+05   -6.27729e+05   -6.34498e+05    3.50647e+02    9.81834e+01
   Constr. rmsd
    3.47217e-06


Energy conservation over simulation part #1 of length 100 ps, time 0 to 100 ps
  Conserved energy drift: 2.12e-04 kJ/mol/ps per atom


	<======  ###############  ==>
	<====  A V E R A G E S  ====>
	<==  ###############  ======>

	Statistics over 50001 steps using 501 frames

   Energies (kJ/mol)
           Bond          Angle    Proper Dih. Per. Imp. Dih.          LJ-14
    4.82651e+03    1.26215e+04    1.37879e+04    7.74843e+02    5.39335e+03
     Coulomb-14        LJ (SR)   Coulomb (SR)   Coul. recip.      Potential
    6.25244e+04    9.86542e+04   -1.02638e+06    5.61706e+03   -8.22178e+05
    Kinetic En.   Total Energy  Conserved En.    Temperature Pressure (bar)
    1.96327e+05   -6.25851e+05   -6.35209e+05    3.53140e+02    1.60929e+00
   Constr. rmsd
    0.00000e+00

          Box-X          Box-Y          Box-Z
    8.86758e+00    8.86758e+00    8.86758e+00

   Total Virial (kJ/mol)
    6.55331e+04   -2.27916e+02    9.61876e+01
   -2.28088e+02    6.53975e+04    7.93917e+01
    9.62731e+01    7.95626e+01    6.53031e+04

   Pressure (bar)
   -3.61128e+00    1.04406e+01   -4.32048e+00
    1.04488e+01    3.95537e+00   -4.14761e+00
   -4.32456e+00   -4.15575e+00    4.48379e+00

      T-Protein  T-non-Protein
    3.53494e+02    3.53100e+02


	M E G A - F L O P S   A C C O U N T I N G

 NB=Group-cutoff nonbonded kernels    NxN=N-by-N cluster Verlet kernels
 RF=Reaction-Field  VdW=Van der Waals  QSTab=quadratic-spline table
 W3=SPC/TIP3p  W4=TIP4p (single or pairs)
 V&F=Potential and force  V=Potential only  F=Force only

 Computing:                               M-Number         M-Flops  % Flops
-----------------------------------------------------------------------------
 Pair Search distance check           20751.679268      186765.113     0.1
 NxN Ewald Elec. + LJ [F]           1262280.257568    83310496.999    51.8
 NxN Ewald Elec. + LJ [V&F]           12775.919984     1367023.438     0.9
 NxN Ewald Elec. [F]                1042018.651296    63563137.729    39.5
 NxN Ewald Elec. [V&F]                10546.587376      885913.340     0.6
 1,4 nonbonded interactions             708.864177       63797.776     0.0
 Calc Weights                          9816.046317      353377.667     0.2
 Spread Q Bspline                    209408.988096      418817.976     0.3
 Gather F Bspline                    209408.988096     1256453.929     0.8
 3D-FFT                              971067.520962     7768540.168     4.8
 Solve PME                            13120.262400      839696.794     0.5
 Reset In Box                            40.964814         122.894     0.0
 CG-CoM                                  41.030253         123.091     0.0
 Bonds                                  140.052801        8263.115     0.0
 Angles                                 491.459829       82565.251     0.1
 Propers                                759.365187      173894.628     0.1
 Impropers                               56.901138       11835.437     0.0
 Virial                                 654.905484       11788.299     0.0
 Stop-CM                                 32.850378         328.504     0.0
 Calc-Ekin                             1308.910878       35340.594     0.0
 Lincs                                  132.357941        7941.476     0.0
 Lincs-Mat                              672.640356        2690.561     0.0
 Constraint-V                          3261.680462       29355.124     0.0
 Constraint-Vir                         625.902584       15021.662     0.0
 Settle                                 999.009937      369633.677     0.2
-----------------------------------------------------------------------------
 Total                                               160762925.242   100.0
-----------------------------------------------------------------------------


    D O M A I N   D E C O M P O S I T I O N   S T A T I S T I C S

 av. #atoms communicated per step for force:  2 x 0.0


      R E A L   C Y C L E   A N D   T I M E   A C C O U N T I N G

On 1 MPI rank, each using 10 OpenMP threads

 Activity:              Num   Num      Call    Wall time         Giga-Cycles
                        Ranks Threads  Count      (s)         total sum    %
--------------------------------------------------------------------------------
 Domain decomp.            1   10        626       2.492         69.641   1.0
 Neighbor search           1   10        626       4.753        132.839   1.8
 Force                     1   10      50001     177.851       4970.494  68.8
 PME mesh                  1   10      50001      61.299       1713.148  23.7
 NB X/F buffer ops.        1   10     100002       3.954        110.512   1.5
 Write traj.               1   10        101       0.337          9.425   0.1
 Update                    1   10      50001       1.874         52.360   0.7
 Constraints               1   10      50003       3.912        109.345   1.5
 Kinetic energy            1   10      20001       0.623         17.418   0.2
 Rest                                              1.420         39.686   0.5
--------------------------------------------------------------------------------
 Total                                           258.515       7224.867 100.0
--------------------------------------------------------------------------------
 Breakdown of PME mesh activities
--------------------------------------------------------------------------------
 PME spread                1   10      50001      18.694        522.457   7.2
 PME gather                1   10      50001      14.237        397.894   5.5
 PME 3D-FFT                1   10     100002      25.850        722.441  10.0
 PME solve Elec            1   10      50001       2.406         67.237   0.9
--------------------------------------------------------------------------------

               Core t (s)   Wall t (s)        (%)
       Time:     2585.153      258.515     1000.0
                 (ns/day)    (hour/ns)
Performance:       33.422        0.718
Finished mdrun on rank 0 Tue Feb  3 12:45:27 2026

