@> 897 atoms and 1 coordinate set(s) were parsed in 0.00s.
No template matched for residue_key='A:23'
tried 3 templates for residue_key='A:23'excess_H_ok=False
ARG        heavy_miss=5 heavy_excess=4 H_excess=[] bond_miss=set() bond_excess=set()
NARG       heavy_miss=5 heavy_excess=4 H_excess=[] bond_miss=set() bond_excess={4}
CARG       heavy_miss=6 heavy_excess=4 H_excess=[] bond_miss=set() bond_excess={1}

matched with excess inter-residue bond(s): A:23
No template matched for residue_key='A:26'
tried 3 templates for residue_key='A:26'excess_H_ok=False
PHE        heavy_miss=5 heavy_excess=3 H_excess=[] bond_miss=set() bond_excess=set()
NPHE       heavy_miss=5 heavy_excess=3 H_excess=[] bond_miss=set() bond_excess={4}
CPHE       heavy_miss=6 heavy_excess=3 H_excess=[] bond_miss=set() bond_excess={1}

matched with excess inter-residue bond(s): A:26
No template matched for residue_key='A:29'
tried 3 templates for residue_key='A:29'excess_H_ok=False
ILE        heavy_miss=1 heavy_excess=0 H_excess=[] bond_miss=set() bond_excess=set()
NILE       heavy_miss=1 heavy_excess=0 H_excess=[] bond_miss=set() bond_excess={4}
CILE       heavy_miss=2 heavy_excess=0 H_excess=[] bond_miss=set() bond_excess={1}

matched with excess inter-residue bond(s): A:29
No template matched for residue_key='A:30'
tried 3 templates for residue_key='A:30'excess_H_ok=False
GLN        heavy_miss=3 heavy_excess=2 H_excess=[] bond_miss=set() bond_excess=set()
NGLN       heavy_miss=3 heavy_excess=2 H_excess=[] bond_miss=set() bond_excess={4}
CGLN       heavy_miss=4 heavy_excess=2 H_excess=[] bond_miss=set() bond_excess={1}

matched with excess inter-residue bond(s): A:30
No template matched for residue_key='A:32'
tried 6 templates for residue_key='A:32'excess_H_ok=False
GLU        heavy_miss=3 heavy_excess=2 H_excess=[] bond_miss=set() bond_excess=set()
NGLU       heavy_miss=3 heavy_excess=2 H_excess=[] bond_miss=set() bond_excess={4}
CGLU       heavy_miss=4 heavy_excess=2 H_excess=[] bond_miss=set() bond_excess={1}
GLH        heavy_miss=3 heavy_excess=2 H_excess=[] bond_miss=set() bond_excess=set()
NGLH       heavy_miss=3 heavy_excess=2 H_excess=[] bond_miss=set() bond_excess={4}
CGLH       heavy_miss=4 heavy_excess=2 H_excess=[] bond_miss=set() bond_excess={1}

matched with excess inter-residue bond(s): A:32
No template matched for residue_key='A:34'
tried 3 templates for residue_key='A:34'excess_H_ok=False
TYR        heavy_miss=6 heavy_excess=4 H_excess=[] bond_miss=set() bond_excess=set()
NTYR       heavy_miss=6 heavy_excess=4 H_excess=[] bond_miss=set() bond_excess={4}
CTYR       heavy_miss=7 heavy_excess=4 H_excess=[] bond_miss=set() bond_excess={1}

matched with excess inter-residue bond(s): A:34
No template matched for residue_key='A:38'
tried 3 templates for residue_key='A:38'excess_H_ok=False
TYR        heavy_miss=6 heavy_excess=4 H_excess=[] bond_miss=set() bond_excess=set()
NTYR       heavy_miss=6 heavy_excess=4 H_excess=[] bond_miss=set() bond_excess={4}
CTYR       heavy_miss=7 heavy_excess=4 H_excess=[] bond_miss=set() bond_excess={1}

matched with excess inter-residue bond(s): A:38
No template matched for residue_key='A:40'
tried 3 templates for residue_key='A:40'excess_H_ok=False
PRO        heavy_miss=1 heavy_excess=0 H_excess=[] bond_miss=set() bond_excess=set()
NPRO       heavy_miss=1 heavy_excess=0 H_excess=[] bond_miss=set() bond_excess={4}
CPRO       heavy_miss=2 heavy_excess=0 H_excess=[] bond_miss=set() bond_excess={1}

matched with excess inter-residue bond(s): A:40
No template matched for residue_key='A:42'
tried 3 templates for residue_key='A:42'excess_H_ok=False
LEU        heavy_miss=2 heavy_excess=0 H_excess=[] bond_miss=set() bond_excess=set()
NLEU       heavy_miss=2 heavy_excess=0 H_excess=[] bond_miss=set() bond_excess={4}
CLEU       heavy_miss=3 heavy_excess=0 H_excess=[] bond_miss=set() bond_excess={1}

matched with excess inter-residue bond(s): A:42
No template matched for residue_key='A:43'
tried 3 templates for residue_key='A:43'excess_H_ok=False
GLN        heavy_miss=3 heavy_excess=2 H_excess=[] bond_miss=set() bond_excess=set()
NGLN       heavy_miss=3 heavy_excess=2 H_excess=[] bond_miss=set() bond_excess={4}
CGLN       heavy_miss=4 heavy_excess=2 H_excess=[] bond_miss=set() bond_excess={1}

matched with excess inter-residue bond(s): A:43
No template matched for residue_key='A:44'
tried 3 templates for residue_key='A:44'excess_H_ok=False
ILE        heavy_miss=1 heavy_excess=0 H_excess=[] bond_miss=set() bond_excess=set()
NILE       heavy_miss=1 heavy_excess=0 H_excess=[] bond_miss=set() bond_excess={4}
CILE       heavy_miss=2 heavy_excess=0 H_excess=[] bond_miss=set() bond_excess={1}

matched with excess inter-residue bond(s): A:44
No template matched for residue_key='A:45'
tried 3 templates for residue_key='A:45'excess_H_ok=False
PHE        heavy_miss=5 heavy_excess=3 H_excess=[] bond_miss=set() bond_excess=set()
NPHE       heavy_miss=5 heavy_excess=3 H_excess=[] bond_miss=set() bond_excess={4}
CPHE       heavy_miss=6 heavy_excess=3 H_excess=[] bond_miss=set() bond_excess={1}

matched with excess inter-residue bond(s): A:45
No template matched for residue_key='A:47'
tried 3 templates for residue_key='A:47'excess_H_ok=False
LEU        heavy_miss=2 heavy_excess=0 H_excess=[] bond_miss=set() bond_excess=set()
NLEU       heavy_miss=2 heavy_excess=0 H_excess=[] bond_miss=set() bond_excess={4}
CLEU       heavy_miss=3 heavy_excess=0 H_excess=[] bond_miss=set() bond_excess={1}

matched with excess inter-residue bond(s): A:47
No template matched for residue_key='A:48'
tried 3 templates for residue_key='A:48'excess_H_ok=False
PRO        heavy_miss=1 heavy_excess=0 H_excess=[] bond_miss=set() bond_excess=set()
NPRO       heavy_miss=1 heavy_excess=0 H_excess=[] bond_miss=set() bond_excess={4}
CPRO       heavy_miss=2 heavy_excess=0 H_excess=[] bond_miss=set() bond_excess={1}

matched with excess inter-residue bond(s): A:48
No template matched for residue_key='A:54'
tried 3 templates for residue_key='A:54'excess_H_ok=False
ILE        heavy_miss=1 heavy_excess=0 H_excess=[] bond_miss=set() bond_excess=set()
NILE       heavy_miss=1 heavy_excess=0 H_excess=[] bond_miss=set() bond_excess={4}
CILE       heavy_miss=2 heavy_excess=0 H_excess=[] bond_miss=set() bond_excess={1}

matched with excess inter-residue bond(s): A:54
No template matched for residue_key='A:56'
tried 3 templates for residue_key='A:56'excess_H_ok=False
TYR        heavy_miss=6 heavy_excess=4 H_excess=[] bond_miss=set() bond_excess=set()
NTYR       heavy_miss=6 heavy_excess=4 H_excess=[] bond_miss=set() bond_excess={4}
CTYR       heavy_miss=7 heavy_excess=4 H_excess=[] bond_miss=set() bond_excess={1}

matched with excess inter-residue bond(s): A:56
No template matched for residue_key='A:57'
tried 3 templates for residue_key='A:57'excess_H_ok=False
ILE        heavy_miss=1 heavy_excess=0 H_excess=[] bond_miss=set() bond_excess=set()
NILE       heavy_miss=1 heavy_excess=0 H_excess=[] bond_miss=set() bond_excess={4}
CILE       heavy_miss=2 heavy_excess=0 H_excess=[] bond_miss=set() bond_excess={1}

matched with excess inter-residue bond(s): A:57
No template matched for residue_key='A:58'
tried 6 templates for residue_key='A:58'excess_H_ok=False
GLU        heavy_miss=3 heavy_excess=2 H_excess=[] bond_miss=set() bond_excess=set()
NGLU       heavy_miss=3 heavy_excess=2 H_excess=[] bond_miss=set() bond_excess={4}
CGLU       heavy_miss=4 heavy_excess=2 H_excess=[] bond_miss=set() bond_excess={1}
GLH        heavy_miss=3 heavy_excess=2 H_excess=[] bond_miss=set() bond_excess=set()
NGLH       heavy_miss=3 heavy_excess=2 H_excess=[] bond_miss=set() bond_excess={4}
CGLH       heavy_miss=4 heavy_excess=2 H_excess=[] bond_miss=set() bond_excess={1}

matched with excess inter-residue bond(s): A:58
No template matched for residue_key='A:61'
tried 3 templates for residue_key='A:61'excess_H_ok=False
TYR        heavy_miss=6 heavy_excess=4 H_excess=[] bond_miss=set() bond_excess=set()
NTYR       heavy_miss=6 heavy_excess=4 H_excess=[] bond_miss=set() bond_excess={4}
CTYR       heavy_miss=7 heavy_excess=4 H_excess=[] bond_miss=set() bond_excess={1}

matched with excess inter-residue bond(s): A:61
No template matched for residue_key='A:65'
tried 3 templates for residue_key='A:65'excess_H_ok=False
TYR        heavy_miss=6 heavy_excess=4 H_excess=[] bond_miss=set() bond_excess=set()
NTYR       heavy_miss=6 heavy_excess=4 H_excess=[] bond_miss=set() bond_excess={4}
CTYR       heavy_miss=7 heavy_excess=4 H_excess=[] bond_miss=set() bond_excess={1}

matched with excess inter-residue bond(s): A:65
No template matched for residue_key='A:66'
tried 6 templates for residue_key='A:66'excess_H_ok=False
LYS        heavy_miss=3 heavy_excess=2 H_excess=[] bond_miss=set() bond_excess=set()
NLYS       heavy_miss=3 heavy_excess=2 H_excess=[] bond_miss=set() bond_excess={4}
CLYS       heavy_miss=4 heavy_excess=2 H_excess=[] bond_miss=set() bond_excess={1}
LYN        heavy_miss=3 heavy_excess=2 H_excess=[] bond_miss=set() bond_excess=set()
NLYN       heavy_miss=3 heavy_excess=2 H_excess=[] bond_miss=set() bond_excess={4}
CLYN       heavy_miss=4 heavy_excess=2 H_excess=[] bond_miss=set() bond_excess={1}

matched with excess inter-residue bond(s): A:66
No template matched for residue_key='A:68'
tried 3 templates for residue_key='A:68'excess_H_ok=False
ILE        heavy_miss=1 heavy_excess=0 H_excess=[] bond_miss=set() bond_excess=set()
NILE       heavy_miss=1 heavy_excess=0 H_excess=[] bond_miss=set() bond_excess={4}
CILE       heavy_miss=2 heavy_excess=0 H_excess=[] bond_miss=set() bond_excess={1}

matched with excess inter-residue bond(s): A:68
No template matched for residue_key='A:70'
tried 3 templates for residue_key='A:70'excess_H_ok=False
PHE        heavy_miss=5 heavy_excess=3 H_excess=[] bond_miss=set() bond_excess=set()
NPHE       heavy_miss=5 heavy_excess=3 H_excess=[] bond_miss=set() bond_excess={4}
CPHE       heavy_miss=6 heavy_excess=3 H_excess=[] bond_miss=set() bond_excess={1}

matched with excess inter-residue bond(s): A:70
No template matched for residue_key='A:80'
tried 3 templates for residue_key='A:80'excess_H_ok=False
ARG        heavy_miss=5 heavy_excess=4 H_excess=[] bond_miss=set() bond_excess=set()
NARG       heavy_miss=5 heavy_excess=4 H_excess=[] bond_miss=set() bond_excess={4}
CARG       heavy_miss=6 heavy_excess=4 H_excess=[] bond_miss=set() bond_excess={1}

matched with excess inter-residue bond(s): A:80
No template matched for residue_key='A:84'
tried 3 templates for residue_key='A:84'excess_H_ok=False
GLN        heavy_miss=3 heavy_excess=2 H_excess=[] bond_miss=set() bond_excess=set()
NGLN       heavy_miss=3 heavy_excess=2 H_excess=[] bond_miss=set() bond_excess={4}
CGLN       heavy_miss=4 heavy_excess=2 H_excess=[] bond_miss=set() bond_excess={1}

matched with excess inter-residue bond(s): A:84
No template matched for residue_key='A:89'
tried 3 templates for residue_key='A:89'excess_H_ok=False
ILE        heavy_miss=1 heavy_excess=0 H_excess=[] bond_miss=set() bond_excess=set()
NILE       heavy_miss=1 heavy_excess=0 H_excess=[] bond_miss=set() bond_excess={4}
CILE       heavy_miss=2 heavy_excess=0 H_excess=[] bond_miss=set() bond_excess={1}

matched with excess inter-residue bond(s): A:89
No template matched for residue_key='A:90'
tried 3 templates for residue_key='A:90'excess_H_ok=False
GLN        heavy_miss=3 heavy_excess=2 H_excess=[] bond_miss=set() bond_excess=set()
NGLN       heavy_miss=3 heavy_excess=2 H_excess=[] bond_miss=set() bond_excess={4}
CGLN       heavy_miss=4 heavy_excess=2 H_excess=[] bond_miss=set() bond_excess={1}

matched with excess inter-residue bond(s): A:90
No template matched for residue_key='A:92'
tried 3 templates for residue_key='A:92'excess_H_ok=False
ARG        heavy_miss=5 heavy_excess=4 H_excess=[] bond_miss=set() bond_excess=set()
NARG       heavy_miss=5 heavy_excess=4 H_excess=[] bond_miss=set() bond_excess={4}
CARG       heavy_miss=6 heavy_excess=4 H_excess=[] bond_miss=set() bond_excess={1}

matched with excess inter-residue bond(s): A:92
No template matched for residue_key='A:93'
tried 3 templates for residue_key='A:93'excess_H_ok=False
LEU        heavy_miss=2 heavy_excess=0 H_excess=[] bond_miss=set() bond_excess=set()
NLEU       heavy_miss=2 heavy_excess=0 H_excess=[] bond_miss=set() bond_excess={4}
CLEU       heavy_miss=3 heavy_excess=0 H_excess=[] bond_miss=set() bond_excess={1}

matched with excess inter-residue bond(s): A:93
No template matched for residue_key='A:96'
tried 3 templates for residue_key='A:96'excess_H_ok=False
PRO        heavy_miss=1 heavy_excess=0 H_excess=[] bond_miss=set() bond_excess=set()
NPRO       heavy_miss=1 heavy_excess=0 H_excess=[] bond_miss=set() bond_excess={4}
CPRO       heavy_miss=2 heavy_excess=0 H_excess=[] bond_miss=set() bond_excess={1}

matched with excess inter-residue bond(s): A:96
No template matched for residue_key='A:100'
tried 3 templates for residue_key='A:100'excess_H_ok=False
LEU        heavy_miss=2 heavy_excess=0 H_excess=[] bond_miss=set() bond_excess=set()
NLEU       heavy_miss=2 heavy_excess=0 H_excess=[] bond_miss=set() bond_excess={4}
CLEU       heavy_miss=3 heavy_excess=0 H_excess=[] bond_miss=set() bond_excess={1}

matched with excess inter-residue bond(s): A:100
No template matched for residue_key='A:101'
tried 3 templates for residue_key='A:101'excess_H_ok=False
LEU        heavy_miss=2 heavy_excess=0 H_excess=[] bond_miss=set() bond_excess=set()
NLEU       heavy_miss=2 heavy_excess=0 H_excess=[] bond_miss=set() bond_excess={4}
CLEU       heavy_miss=3 heavy_excess=0 H_excess=[] bond_miss=set() bond_excess={1}

matched with excess inter-residue bond(s): A:101
No template matched for residue_key='A:104'
tried 3 templates for residue_key='A:104'excess_H_ok=False
ILE        heavy_miss=1 heavy_excess=0 H_excess=[] bond_miss=set() bond_excess=set()
NILE       heavy_miss=1 heavy_excess=0 H_excess=[] bond_miss=set() bond_excess={4}
CILE       heavy_miss=2 heavy_excess=0 H_excess=[] bond_miss=set() bond_excess={1}

matched with excess inter-residue bond(s): A:104
No template matched for residue_key='A:105'
tried 3 templates for residue_key='A:105'excess_H_ok=False
TYR        heavy_miss=6 heavy_excess=4 H_excess=[] bond_miss=set() bond_excess=set()
NTYR       heavy_miss=6 heavy_excess=4 H_excess=[] bond_miss=set() bond_excess={4}
CTYR       heavy_miss=7 heavy_excess=4 H_excess=[] bond_miss=set() bond_excess={1}

matched with excess inter-residue bond(s): A:105
No template matched for residue_key='A:112'
tried 3 templates for residue_key='A:112'excess_H_ok=False
PHE        heavy_miss=5 heavy_excess=3 H_excess=[] bond_miss=set() bond_excess=set()
NPHE       heavy_miss=5 heavy_excess=3 H_excess=[] bond_miss=set() bond_excess={4}
CPHE       heavy_miss=6 heavy_excess=3 H_excess=[] bond_miss=set() bond_excess={1}

matched with excess inter-residue bond(s): A:112
No template matched for residue_key='A:115'
tried 3 templates for residue_key='A:115'excess_H_ok=False
TYR        heavy_miss=6 heavy_excess=4 H_excess=[] bond_miss=set() bond_excess=set()
NTYR       heavy_miss=6 heavy_excess=4 H_excess=[] bond_miss=set() bond_excess={4}
CTYR       heavy_miss=7 heavy_excess=4 H_excess=[] bond_miss=set() bond_excess={1}

matched with excess inter-residue bond(s): A:115
No template matched for residue_key='A:116'
tried 3 templates for residue_key='A:116'excess_H_ok=False
ARG        heavy_miss=5 heavy_excess=4 H_excess=[] bond_miss=set() bond_excess=set()
NARG       heavy_miss=5 heavy_excess=4 H_excess=[] bond_miss=set() bond_excess={4}
CARG       heavy_miss=6 heavy_excess=4 H_excess=[] bond_miss=set() bond_excess={1}

matched with excess inter-residue bond(s): A:116
No template matched for residue_key='A:122'
tried 3 templates for residue_key='A:122'excess_H_ok=False
ILE        heavy_miss=1 heavy_excess=0 H_excess=[] bond_miss=set() bond_excess=set()
NILE       heavy_miss=1 heavy_excess=0 H_excess=[] bond_miss=set() bond_excess={4}
CILE       heavy_miss=2 heavy_excess=0 H_excess=[] bond_miss=set() bond_excess={1}

matched with excess inter-residue bond(s): A:122
No template matched for residue_key='A:129'
tried 6 templates for residue_key='A:129'excess_H_ok=False
LYS        heavy_miss=3 heavy_excess=2 H_excess=[] bond_miss=set() bond_excess=set()
NLYS       heavy_miss=3 heavy_excess=2 H_excess=[] bond_miss=set() bond_excess={4}
CLYS       heavy_miss=4 heavy_excess=2 H_excess=[] bond_miss=set() bond_excess={1}
LYN        heavy_miss=3 heavy_excess=2 H_excess=[] bond_miss=set() bond_excess=set()
NLYN       heavy_miss=3 heavy_excess=2 H_excess=[] bond_miss=set() bond_excess={4}
CLYN       heavy_miss=4 heavy_excess=2 H_excess=[] bond_miss=set() bond_excess={1}

matched with excess inter-residue bond(s): A:129
No template matched for residue_key='A:131'
tried 3 templates for residue_key='A:131'excess_H_ok=False
ILE        heavy_miss=1 heavy_excess=0 H_excess=[] bond_miss=set() bond_excess=set()
NILE       heavy_miss=1 heavy_excess=0 H_excess=[] bond_miss=set() bond_excess={4}
CILE       heavy_miss=2 heavy_excess=0 H_excess=[] bond_miss=set() bond_excess={1}

matched with excess inter-residue bond(s): A:131
No template matched for residue_key='A:133'
tried 3 templates for residue_key='A:133'excess_H_ok=False
LEU        heavy_miss=2 heavy_excess=0 H_excess=[] bond_miss=set() bond_excess=set()
NLEU       heavy_miss=2 heavy_excess=0 H_excess=[] bond_miss=set() bond_excess={4}
CLEU       heavy_miss=3 heavy_excess=0 H_excess=[] bond_miss=set() bond_excess={1}

matched with excess inter-residue bond(s): A:133
No template matched for residue_key='A:135'
tried 3 templates for residue_key='A:135'excess_H_ok=False
PHE        heavy_miss=5 heavy_excess=3 H_excess=[] bond_miss=set() bond_excess=set()
NPHE       heavy_miss=5 heavy_excess=3 H_excess=[] bond_miss=set() bond_excess={4}
CPHE       heavy_miss=6 heavy_excess=3 H_excess=[] bond_miss=set() bond_excess={1}

matched with excess inter-residue bond(s): A:135
No template matched for residue_key='A:138'
tried 3 templates for residue_key='A:138'excess_H_ok=False
PRO        heavy_miss=1 heavy_excess=0 H_excess=[] bond_miss=set() bond_excess=set()
NPRO       heavy_miss=1 heavy_excess=0 H_excess=[] bond_miss=set() bond_excess={4}
CPRO       heavy_miss=2 heavy_excess=0 H_excess=[] bond_miss=set() bond_excess={1}

matched with excess inter-residue bond(s): A:138
No template matched for residue_key='A:143'
tried 3 templates for residue_key='A:143'excess_H_ok=False
TRP        heavy_miss=8 heavy_excess=6 H_excess=[] bond_miss=set() bond_excess=set()
NTRP       heavy_miss=8 heavy_excess=6 H_excess=[] bond_miss=set() bond_excess={4}
CTRP       heavy_miss=9 heavy_excess=6 H_excess=[] bond_miss=set() bond_excess={1}

matched with excess inter-residue bond(s): A:143
No template matched for residue_key='A:144'
tried 3 templates for residue_key='A:144'excess_H_ok=False
PHE        heavy_miss=5 heavy_excess=3 H_excess=[] bond_miss=set() bond_excess=set()
NPHE       heavy_miss=5 heavy_excess=3 H_excess=[] bond_miss=set() bond_excess={4}
CPHE       heavy_miss=6 heavy_excess=3 H_excess=[] bond_miss=set() bond_excess={1}

matched with excess inter-residue bond(s): A:144
No template matched for residue_key='A:146'
tried 3 templates for residue_key='A:146'excess_H_ok=False
PHE        heavy_miss=5 heavy_excess=3 H_excess=[] bond_miss=set() bond_excess=set()
NPHE       heavy_miss=5 heavy_excess=3 H_excess=[] bond_miss=set() bond_excess={4}
CPHE       heavy_miss=6 heavy_excess=3 H_excess=[] bond_miss=set() bond_excess={1}

matched with excess inter-residue bond(s): A:146
No template matched for residue_key='A:148'
tried 6 templates for residue_key='A:148'excess_H_ok=False
LYS        heavy_miss=3 heavy_excess=2 H_excess=[] bond_miss=set() bond_excess=set()
NLYS       heavy_miss=3 heavy_excess=2 H_excess=[] bond_miss=set() bond_excess={4}
CLYS       heavy_miss=4 heavy_excess=2 H_excess=[] bond_miss=set() bond_excess={1}
LYN        heavy_miss=3 heavy_excess=2 H_excess=[] bond_miss=set() bond_excess=set()
NLYN       heavy_miss=3 heavy_excess=2 H_excess=[] bond_miss=set() bond_excess={4}
CLYN       heavy_miss=4 heavy_excess=2 H_excess=[] bond_miss=set() bond_excess={1}

matched with excess inter-residue bond(s): A:148
- Template matching failed for: ['A:23', 'A:26', 'A:29', 'A:30', 'A:32', 'A:34', 'A:38', 'A:40', 'A:42', 'A:43', 'A:44', 'A:45', 'A:47', 'A:48', 'A:54', 'A:56', 'A:57', 'A:58', 'A:61', 'A:65', 'A:66', 'A:68', 'A:70', 'A:80', 'A:84', 'A:89', 'A:90', 'A:92', 'A:93', 'A:96', 'A:100', 'A:101', 'A:104', 'A:105', 'A:112', 'A:115', 'A:116', 'A:122', 'A:129', 'A:131', 'A:133', 'A:135', 'A:138', 'A:143', 'A:144', 'A:146', 'A:148'] Ignored due to allow_bad_res.

Files written:
/home/ubuntu/xylanase-thesis/docking/proteins/1O8S_A_Repair.pdbqt <-- static (i.e., rigid) receptor input file
