@> 2419 atoms and 1 coordinate set(s) were parsed in 0.01s.
No template matched for residue_key='A:1'
tried 3 templates for residue_key='A:1'excess_H_ok=False
LEU        heavy_miss=2 heavy_excess=0 H_excess=[] bond_miss={4} bond_excess=set()
NLEU       heavy_miss=2 heavy_excess=0 H_excess=[] bond_miss=set() bond_excess=set()
CLEU       heavy_miss=3 heavy_excess=0 H_excess=[] bond_miss={5} bond_excess={1}

matched with excess inter-residue bond(s): A:1
No template matched for residue_key='A:2'
tried 3 templates for residue_key='A:2'excess_H_ok=False
PRO        heavy_miss=1 heavy_excess=0 H_excess=[] bond_miss=set() bond_excess=set()
NPRO       heavy_miss=1 heavy_excess=0 H_excess=[] bond_miss=set() bond_excess={4}
CPRO       heavy_miss=2 heavy_excess=0 H_excess=[] bond_miss=set() bond_excess={1}

matched with excess inter-residue bond(s): A:2
No template matched for residue_key='A:4'
tried 3 templates for residue_key='A:4'excess_H_ok=False
LEU        heavy_miss=2 heavy_excess=0 H_excess=[] bond_miss=set() bond_excess=set()
NLEU       heavy_miss=2 heavy_excess=0 H_excess=[] bond_miss=set() bond_excess={4}
CLEU       heavy_miss=3 heavy_excess=0 H_excess=[] bond_miss=set() bond_excess={1}

matched with excess inter-residue bond(s): A:4
No template matched for residue_key='A:6'
tried 3 templates for residue_key='A:6'excess_H_ok=False
PRO        heavy_miss=1 heavy_excess=0 H_excess=[] bond_miss=set() bond_excess=set()
NPRO       heavy_miss=1 heavy_excess=0 H_excess=[] bond_miss=set() bond_excess={4}
CPRO       heavy_miss=2 heavy_excess=0 H_excess=[] bond_miss=set() bond_excess={1}

matched with excess inter-residue bond(s): A:6
No template matched for residue_key='A:9'
tried 6 templates for residue_key='A:9'excess_H_ok=False
LYS        heavy_miss=3 heavy_excess=2 H_excess=[] bond_miss=set() bond_excess=set()
NLYS       heavy_miss=3 heavy_excess=2 H_excess=[] bond_miss=set() bond_excess={4}
CLYS       heavy_miss=4 heavy_excess=2 H_excess=[] bond_miss=set() bond_excess={1}
LYN        heavy_miss=3 heavy_excess=2 H_excess=[] bond_miss=set() bond_excess=set()
NLYN       heavy_miss=3 heavy_excess=2 H_excess=[] bond_miss=set() bond_excess={4}
CLYN       heavy_miss=4 heavy_excess=2 H_excess=[] bond_miss=set() bond_excess={1}

matched with excess inter-residue bond(s): A:9
No template matched for residue_key='A:11'
tried 3 templates for residue_key='A:11'excess_H_ok=False
PRO        heavy_miss=1 heavy_excess=0 H_excess=[] bond_miss=set() bond_excess=set()
NPRO       heavy_miss=1 heavy_excess=0 H_excess=[] bond_miss=set() bond_excess={4}
CPRO       heavy_miss=2 heavy_excess=0 H_excess=[] bond_miss=set() bond_excess={1}

matched with excess inter-residue bond(s): A:11
No template matched for residue_key='A:15'
tried 3 templates for residue_key='A:15'excess_H_ok=False
LEU        heavy_miss=2 heavy_excess=0 H_excess=[] bond_miss=set() bond_excess=set()
NLEU       heavy_miss=2 heavy_excess=0 H_excess=[] bond_miss=set() bond_excess={4}
CLEU       heavy_miss=3 heavy_excess=0 H_excess=[] bond_miss=set() bond_excess={1}

matched with excess inter-residue bond(s): A:15
No template matched for residue_key='A:16'
tried 3 templates for residue_key='A:16'excess_H_ok=False
TYR        heavy_miss=6 heavy_excess=4 H_excess=[] bond_miss=set() bond_excess=set()
NTYR       heavy_miss=6 heavy_excess=4 H_excess=[] bond_miss=set() bond_excess={4}
CTYR       heavy_miss=7 heavy_excess=4 H_excess=[] bond_miss=set() bond_excess={1}

matched with excess inter-residue bond(s): A:16
No template matched for residue_key='A:18'
tried 3 templates for residue_key='A:18'excess_H_ok=False
ILE        heavy_miss=1 heavy_excess=0 H_excess=[] bond_miss=set() bond_excess=set()
NILE       heavy_miss=1 heavy_excess=0 H_excess=[] bond_miss=set() bond_excess={4}
CILE       heavy_miss=2 heavy_excess=0 H_excess=[] bond_miss=set() bond_excess={1}

matched with excess inter-residue bond(s): A:18
No template matched for residue_key='A:19'
tried 3 templates for residue_key='A:19'excess_H_ok=False
PRO        heavy_miss=1 heavy_excess=0 H_excess=[] bond_miss=set() bond_excess=set()
NPRO       heavy_miss=1 heavy_excess=0 H_excess=[] bond_miss=set() bond_excess={4}
CPRO       heavy_miss=2 heavy_excess=0 H_excess=[] bond_miss=set() bond_excess={1}

matched with excess inter-residue bond(s): A:19
No template matched for residue_key='A:20'
tried 3 templates for residue_key='A:20'excess_H_ok=False
PHE        heavy_miss=5 heavy_excess=3 H_excess=[] bond_miss=set() bond_excess=set()
NPHE       heavy_miss=5 heavy_excess=3 H_excess=[] bond_miss=set() bond_excess={4}
CPHE       heavy_miss=6 heavy_excess=3 H_excess=[] bond_miss=set() bond_excess={1}

matched with excess inter-residue bond(s): A:20
No template matched for residue_key='A:21'
tried 9 templates for residue_key='A:21'excess_H_ok=False
HIE        heavy_miss=1 heavy_excess=0 H_excess=[] bond_miss=set() bond_excess=set()
HID        heavy_miss=1 heavy_excess=0 H_excess=[] bond_miss=set() bond_excess=set()
HIP        heavy_miss=1 heavy_excess=0 H_excess=[] bond_miss=set() bond_excess=set()
NHIE       heavy_miss=1 heavy_excess=0 H_excess=[] bond_miss=set() bond_excess={4}
NHID       heavy_miss=1 heavy_excess=0 H_excess=[] bond_miss=set() bond_excess={4}
NHIP       heavy_miss=1 heavy_excess=0 H_excess=[] bond_miss=set() bond_excess={4}
CHIE       heavy_miss=2 heavy_excess=0 H_excess=[] bond_miss=set() bond_excess={1}
CHID       heavy_miss=2 heavy_excess=0 H_excess=[] bond_miss=set() bond_excess={1}
CHIP       heavy_miss=2 heavy_excess=0 H_excess=[] bond_miss=set() bond_excess={1}

matched with excess inter-residue bond(s): A:21
No template matched for residue_key='A:26'
tried 3 templates for residue_key='A:26'excess_H_ok=False
LEU        heavy_miss=2 heavy_excess=0 H_excess=[] bond_miss=set() bond_excess=set()
NLEU       heavy_miss=2 heavy_excess=0 H_excess=[] bond_miss=set() bond_excess={4}
CLEU       heavy_miss=3 heavy_excess=0 H_excess=[] bond_miss=set() bond_excess={1}

matched with excess inter-residue bond(s): A:26
No template matched for residue_key='A:28'
tried 3 templates for residue_key='A:28'excess_H_ok=False
LEU        heavy_miss=2 heavy_excess=0 H_excess=[] bond_miss=set() bond_excess=set()
NLEU       heavy_miss=2 heavy_excess=0 H_excess=[] bond_miss=set() bond_excess={4}
CLEU       heavy_miss=3 heavy_excess=0 H_excess=[] bond_miss=set() bond_excess={1}

matched with excess inter-residue bond(s): A:28
No template matched for residue_key='A:33'
tried 3 templates for residue_key='A:33'excess_H_ok=False
PRO        heavy_miss=1 heavy_excess=0 H_excess=[] bond_miss=set() bond_excess=set()
NPRO       heavy_miss=1 heavy_excess=0 H_excess=[] bond_miss=set() bond_excess={4}
CPRO       heavy_miss=2 heavy_excess=0 H_excess=[] bond_miss=set() bond_excess={1}

matched with excess inter-residue bond(s): A:33
No template matched for residue_key='A:34'
tried 3 templates for residue_key='A:34'excess_H_ok=False
LEU        heavy_miss=2 heavy_excess=0 H_excess=[] bond_miss=set() bond_excess=set()
NLEU       heavy_miss=2 heavy_excess=0 H_excess=[] bond_miss=set() bond_excess={4}
CLEU       heavy_miss=3 heavy_excess=0 H_excess=[] bond_miss=set() bond_excess={1}

matched with excess inter-residue bond(s): A:34
No template matched for residue_key='A:36'
tried 3 templates for residue_key='A:36'excess_H_ok=False
TRP        heavy_miss=8 heavy_excess=6 H_excess=[] bond_miss=set() bond_excess=set()
NTRP       heavy_miss=8 heavy_excess=6 H_excess=[] bond_miss=set() bond_excess={4}
CTRP       heavy_miss=9 heavy_excess=6 H_excess=[] bond_miss=set() bond_excess={1}

matched with excess inter-residue bond(s): A:36
No template matched for residue_key='A:43'
tried 3 templates for residue_key='A:43'excess_H_ok=False
GLN        heavy_miss=3 heavy_excess=2 H_excess=[] bond_miss=set() bond_excess=set()
NGLN       heavy_miss=3 heavy_excess=2 H_excess=[] bond_miss=set() bond_excess={4}
CGLN       heavy_miss=4 heavy_excess=2 H_excess=[] bond_miss=set() bond_excess={1}

matched with excess inter-residue bond(s): A:43
No template matched for residue_key='A:44'
tried 3 templates for residue_key='A:44'excess_H_ok=False
PRO        heavy_miss=1 heavy_excess=0 H_excess=[] bond_miss=set() bond_excess=set()
NPRO       heavy_miss=1 heavy_excess=0 H_excess=[] bond_miss=set() bond_excess={4}
CPRO       heavy_miss=2 heavy_excess=0 H_excess=[] bond_miss=set() bond_excess={1}

matched with excess inter-residue bond(s): A:44
No template matched for residue_key='A:45'
tried 3 templates for residue_key='A:45'excess_H_ok=False
PRO        heavy_miss=1 heavy_excess=0 H_excess=[] bond_miss=set() bond_excess=set()
NPRO       heavy_miss=1 heavy_excess=0 H_excess=[] bond_miss=set() bond_excess={4}
CPRO       heavy_miss=2 heavy_excess=0 H_excess=[] bond_miss=set() bond_excess={1}

matched with excess inter-residue bond(s): A:45
No template matched for residue_key='A:47'
tried 6 templates for residue_key='A:47'excess_H_ok=False
GLU        heavy_miss=3 heavy_excess=2 H_excess=[] bond_miss=set() bond_excess=set()
NGLU       heavy_miss=3 heavy_excess=2 H_excess=[] bond_miss=set() bond_excess={4}
CGLU       heavy_miss=4 heavy_excess=2 H_excess=[] bond_miss=set() bond_excess={1}
GLH        heavy_miss=3 heavy_excess=2 H_excess=[] bond_miss=set() bond_excess=set()
NGLH       heavy_miss=3 heavy_excess=2 H_excess=[] bond_miss=set() bond_excess={4}
CGLH       heavy_miss=4 heavy_excess=2 H_excess=[] bond_miss=set() bond_excess={1}

matched with excess inter-residue bond(s): A:47
No template matched for residue_key='A:48'
tried 3 templates for residue_key='A:48'excess_H_ok=False
ILE        heavy_miss=1 heavy_excess=0 H_excess=[] bond_miss=set() bond_excess=set()
NILE       heavy_miss=1 heavy_excess=0 H_excess=[] bond_miss=set() bond_excess={4}
CILE       heavy_miss=2 heavy_excess=0 H_excess=[] bond_miss=set() bond_excess={1}

matched with excess inter-residue bond(s): A:48
No template matched for residue_key='A:49'
tried 3 templates for residue_key='A:49'excess_H_ok=False
PRO        heavy_miss=1 heavy_excess=0 H_excess=[] bond_miss=set() bond_excess=set()
NPRO       heavy_miss=1 heavy_excess=0 H_excess=[] bond_miss=set() bond_excess={4}
CPRO       heavy_miss=2 heavy_excess=0 H_excess=[] bond_miss=set() bond_excess={1}

matched with excess inter-residue bond(s): A:49
No template matched for residue_key='A:53'
tried 3 templates for residue_key='A:53'excess_H_ok=False
PRO        heavy_miss=1 heavy_excess=0 H_excess=[] bond_miss=set() bond_excess=set()
NPRO       heavy_miss=1 heavy_excess=0 H_excess=[] bond_miss=set() bond_excess={4}
CPRO       heavy_miss=2 heavy_excess=0 H_excess=[] bond_miss=set() bond_excess={1}

matched with excess inter-residue bond(s): A:53
No template matched for residue_key='A:56'
tried 3 templates for residue_key='A:56'excess_H_ok=False
LEU        heavy_miss=2 heavy_excess=0 H_excess=[] bond_miss=set() bond_excess=set()
NLEU       heavy_miss=2 heavy_excess=0 H_excess=[] bond_miss=set() bond_excess={4}
CLEU       heavy_miss=3 heavy_excess=0 H_excess=[] bond_miss=set() bond_excess={1}

matched with excess inter-residue bond(s): A:56
No template matched for residue_key='A:57'
tried 3 templates for residue_key='A:57'excess_H_ok=False
LEU        heavy_miss=2 heavy_excess=0 H_excess=[] bond_miss=set() bond_excess=set()
NLEU       heavy_miss=2 heavy_excess=0 H_excess=[] bond_miss=set() bond_excess={4}
CLEU       heavy_miss=3 heavy_excess=0 H_excess=[] bond_miss=set() bond_excess={1}

matched with excess inter-residue bond(s): A:57
No template matched for residue_key='A:61'
tried 3 templates for residue_key='A:61'excess_H_ok=False
TYR        heavy_miss=6 heavy_excess=4 H_excess=[] bond_miss=set() bond_excess=set()
NTYR       heavy_miss=6 heavy_excess=4 H_excess=[] bond_miss=set() bond_excess={4}
CTYR       heavy_miss=7 heavy_excess=4 H_excess=[] bond_miss=set() bond_excess={1}

matched with excess inter-residue bond(s): A:61
No template matched for residue_key='A:62'
tried 3 templates for residue_key='A:62'excess_H_ok=False
PRO        heavy_miss=1 heavy_excess=0 H_excess=[] bond_miss=set() bond_excess=set()
NPRO       heavy_miss=1 heavy_excess=0 H_excess=[] bond_miss=set() bond_excess={4}
CPRO       heavy_miss=2 heavy_excess=0 H_excess=[] bond_miss=set() bond_excess={1}

matched with excess inter-residue bond(s): A:62
No template matched for residue_key='A:64'
tried 3 templates for residue_key='A:64'excess_H_ok=False
PRO        heavy_miss=1 heavy_excess=0 H_excess=[] bond_miss=set() bond_excess=set()
NPRO       heavy_miss=1 heavy_excess=0 H_excess=[] bond_miss=set() bond_excess={4}
CPRO       heavy_miss=2 heavy_excess=0 H_excess=[] bond_miss=set() bond_excess={1}

matched with excess inter-residue bond(s): A:64
No template matched for residue_key='A:67'
tried 3 templates for residue_key='A:67'excess_H_ok=False
PRO        heavy_miss=1 heavy_excess=0 H_excess=[] bond_miss=set() bond_excess=set()
NPRO       heavy_miss=1 heavy_excess=0 H_excess=[] bond_miss=set() bond_excess={4}
CPRO       heavy_miss=2 heavy_excess=0 H_excess=[] bond_miss=set() bond_excess={1}

matched with excess inter-residue bond(s): A:67
No template matched for residue_key='A:79'
tried 3 templates for residue_key='A:79'excess_H_ok=False
PRO        heavy_miss=1 heavy_excess=0 H_excess=[] bond_miss={4} bond_excess=set()
NPRO       heavy_miss=1 heavy_excess=0 H_excess=[] bond_miss=set() bond_excess=set()
CPRO       heavy_miss=2 heavy_excess=0 H_excess=[] bond_miss={5} bond_excess={1}

matched with excess inter-residue bond(s): A:79
No template matched for residue_key='A:83'
tried 3 templates for residue_key='A:83'excess_H_ok=False
TYR        heavy_miss=6 heavy_excess=4 H_excess=[] bond_miss=set() bond_excess=set()
NTYR       heavy_miss=6 heavy_excess=4 H_excess=[] bond_miss=set() bond_excess={4}
CTYR       heavy_miss=7 heavy_excess=4 H_excess=[] bond_miss=set() bond_excess={1}

matched with excess inter-residue bond(s): A:83
No template matched for residue_key='A:84'
tried 3 templates for residue_key='A:84'excess_H_ok=False
PRO        heavy_miss=1 heavy_excess=0 H_excess=[] bond_miss=set() bond_excess=set()
NPRO       heavy_miss=1 heavy_excess=0 H_excess=[] bond_miss=set() bond_excess={4}
CPRO       heavy_miss=2 heavy_excess=0 H_excess=[] bond_miss=set() bond_excess={1}

matched with excess inter-residue bond(s): A:84
No template matched for residue_key='A:85'
tried 3 templates for residue_key='A:85'excess_H_ok=False
TYR        heavy_miss=6 heavy_excess=4 H_excess=[] bond_miss=set() bond_excess=set()
NTYR       heavy_miss=6 heavy_excess=4 H_excess=[] bond_miss=set() bond_excess={4}
CTYR       heavy_miss=7 heavy_excess=4 H_excess=[] bond_miss=set() bond_excess={1}

matched with excess inter-residue bond(s): A:85
No template matched for residue_key='A:87'
tried 3 templates for residue_key='A:87'excess_H_ok=False
PRO        heavy_miss=1 heavy_excess=0 H_excess=[] bond_miss=set() bond_excess=set()
NPRO       heavy_miss=1 heavy_excess=0 H_excess=[] bond_miss=set() bond_excess={4}
CPRO       heavy_miss=2 heavy_excess=0 H_excess=[] bond_miss=set() bond_excess={1}

matched with excess inter-residue bond(s): A:87
No template matched for residue_key='A:97'
tried 3 templates for residue_key='A:97'excess_H_ok=False
LEU        heavy_miss=2 heavy_excess=0 H_excess=[] bond_miss=set() bond_excess=set()
NLEU       heavy_miss=2 heavy_excess=0 H_excess=[] bond_miss=set() bond_excess={4}
CLEU       heavy_miss=3 heavy_excess=0 H_excess=[] bond_miss=set() bond_excess={1}

matched with excess inter-residue bond(s): A:97
No template matched for residue_key='A:99'
tried 9 templates for residue_key='A:99'excess_H_ok=False
HIE        heavy_miss=1 heavy_excess=0 H_excess=[] bond_miss=set() bond_excess=set()
HID        heavy_miss=1 heavy_excess=0 H_excess=[] bond_miss=set() bond_excess=set()
HIP        heavy_miss=1 heavy_excess=0 H_excess=[] bond_miss=set() bond_excess=set()
NHIE       heavy_miss=1 heavy_excess=0 H_excess=[] bond_miss=set() bond_excess={4}
NHID       heavy_miss=1 heavy_excess=0 H_excess=[] bond_miss=set() bond_excess={4}
NHIP       heavy_miss=1 heavy_excess=0 H_excess=[] bond_miss=set() bond_excess={4}
CHIE       heavy_miss=2 heavy_excess=0 H_excess=[] bond_miss=set() bond_excess={1}
CHID       heavy_miss=2 heavy_excess=0 H_excess=[] bond_miss=set() bond_excess={1}
CHIP       heavy_miss=2 heavy_excess=0 H_excess=[] bond_miss=set() bond_excess={1}

matched with excess inter-residue bond(s): A:99
No template matched for residue_key='A:101'
tried 3 templates for residue_key='A:101'excess_H_ok=False
ARG        heavy_miss=5 heavy_excess=4 H_excess=[] bond_miss=set() bond_excess=set()
NARG       heavy_miss=5 heavy_excess=4 H_excess=[] bond_miss=set() bond_excess={4}
CARG       heavy_miss=6 heavy_excess=4 H_excess=[] bond_miss=set() bond_excess={1}

matched with excess inter-residue bond(s): A:101
No template matched for residue_key='A:102'
tried 3 templates for residue_key='A:102'excess_H_ok=False
PHE        heavy_miss=5 heavy_excess=3 H_excess=[] bond_miss=set() bond_excess=set()
NPHE       heavy_miss=5 heavy_excess=3 H_excess=[] bond_miss=set() bond_excess={4}
CPHE       heavy_miss=6 heavy_excess=3 H_excess=[] bond_miss=set() bond_excess={1}

matched with excess inter-residue bond(s): A:102
No template matched for residue_key='A:111'
tried 6 templates for residue_key='A:111'excess_H_ok=False
LYS        heavy_miss=3 heavy_excess=2 H_excess=[] bond_miss=set() bond_excess=set()
NLYS       heavy_miss=3 heavy_excess=2 H_excess=[] bond_miss=set() bond_excess={4}
CLYS       heavy_miss=4 heavy_excess=2 H_excess=[] bond_miss=set() bond_excess={1}
LYN        heavy_miss=3 heavy_excess=2 H_excess=[] bond_miss=set() bond_excess=set()
NLYN       heavy_miss=3 heavy_excess=2 H_excess=[] bond_miss=set() bond_excess={4}
CLYN       heavy_miss=4 heavy_excess=2 H_excess=[] bond_miss=set() bond_excess={1}

matched with excess inter-residue bond(s): A:111
No template matched for residue_key='A:112'
tried 3 templates for residue_key='A:112'excess_H_ok=False
PRO        heavy_miss=1 heavy_excess=0 H_excess=[] bond_miss=set() bond_excess=set()
NPRO       heavy_miss=1 heavy_excess=0 H_excess=[] bond_miss=set() bond_excess={4}
CPRO       heavy_miss=2 heavy_excess=0 H_excess=[] bond_miss=set() bond_excess={1}

matched with excess inter-residue bond(s): A:112
No template matched for residue_key='A:115'
tried 6 templates for residue_key='A:115'excess_H_ok=False
LYS        heavy_miss=3 heavy_excess=2 H_excess=[] bond_miss=set() bond_excess=set()
NLYS       heavy_miss=3 heavy_excess=2 H_excess=[] bond_miss=set() bond_excess={4}
CLYS       heavy_miss=4 heavy_excess=2 H_excess=[] bond_miss=set() bond_excess={1}
LYN        heavy_miss=3 heavy_excess=2 H_excess=[] bond_miss=set() bond_excess=set()
NLYN       heavy_miss=3 heavy_excess=2 H_excess=[] bond_miss=set() bond_excess={4}
CLYN       heavy_miss=4 heavy_excess=2 H_excess=[] bond_miss=set() bond_excess={1}

matched with excess inter-residue bond(s): A:115
No template matched for residue_key='A:121'
tried 3 templates for residue_key='A:121'excess_H_ok=False
LEU        heavy_miss=2 heavy_excess=0 H_excess=[] bond_miss=set() bond_excess=set()
NLEU       heavy_miss=2 heavy_excess=0 H_excess=[] bond_miss=set() bond_excess={4}
CLEU       heavy_miss=3 heavy_excess=0 H_excess=[] bond_miss=set() bond_excess={1}

matched with excess inter-residue bond(s): A:121
No template matched for residue_key='A:126'
tried 3 templates for residue_key='A:126'excess_H_ok=False
PRO        heavy_miss=1 heavy_excess=0 H_excess=[] bond_miss=set() bond_excess=set()
NPRO       heavy_miss=1 heavy_excess=0 H_excess=[] bond_miss=set() bond_excess={4}
CPRO       heavy_miss=2 heavy_excess=0 H_excess=[] bond_miss=set() bond_excess={1}

matched with excess inter-residue bond(s): A:126
No template matched for residue_key='A:128'
tried 6 templates for residue_key='A:128'excess_H_ok=False
LYS        heavy_miss=3 heavy_excess=2 H_excess=[] bond_miss=set() bond_excess=set()
NLYS       heavy_miss=3 heavy_excess=2 H_excess=[] bond_miss=set() bond_excess={4}
CLYS       heavy_miss=4 heavy_excess=2 H_excess=[] bond_miss=set() bond_excess={1}
LYN        heavy_miss=3 heavy_excess=2 H_excess=[] bond_miss=set() bond_excess=set()
NLYN       heavy_miss=3 heavy_excess=2 H_excess=[] bond_miss=set() bond_excess={4}
CLYN       heavy_miss=4 heavy_excess=2 H_excess=[] bond_miss=set() bond_excess={1}

matched with excess inter-residue bond(s): A:128
No template matched for residue_key='A:129'
tried 3 templates for residue_key='A:129'excess_H_ok=False
LEU        heavy_miss=2 heavy_excess=0 H_excess=[] bond_miss=set() bond_excess=set()
NLEU       heavy_miss=2 heavy_excess=0 H_excess=[] bond_miss=set() bond_excess={4}
CLEU       heavy_miss=3 heavy_excess=0 H_excess=[] bond_miss=set() bond_excess={1}

matched with excess inter-residue bond(s): A:129
No template matched for residue_key='A:130'
tried 3 templates for residue_key='A:130'excess_H_ok=False
LEU        heavy_miss=2 heavy_excess=0 H_excess=[] bond_miss=set() bond_excess=set()
NLEU       heavy_miss=2 heavy_excess=0 H_excess=[] bond_miss=set() bond_excess={4}
CLEU       heavy_miss=3 heavy_excess=0 H_excess=[] bond_miss=set() bond_excess={1}

matched with excess inter-residue bond(s): A:130
No template matched for residue_key='A:133'
tried 3 templates for residue_key='A:133'excess_H_ok=False
LEU        heavy_miss=2 heavy_excess=0 H_excess=[] bond_miss=set() bond_excess=set()
NLEU       heavy_miss=2 heavy_excess=0 H_excess=[] bond_miss=set() bond_excess={4}
CLEU       heavy_miss=3 heavy_excess=0 H_excess=[] bond_miss=set() bond_excess={1}

matched with excess inter-residue bond(s): A:133
No template matched for residue_key='A:134'
tried 3 templates for residue_key='A:134'excess_H_ok=False
PRO        heavy_miss=1 heavy_excess=0 H_excess=[] bond_miss=set() bond_excess=set()
NPRO       heavy_miss=1 heavy_excess=0 H_excess=[] bond_miss=set() bond_excess={4}
CPRO       heavy_miss=2 heavy_excess=0 H_excess=[] bond_miss=set() bond_excess={1}

matched with excess inter-residue bond(s): A:134
No template matched for residue_key='A:135'
tried 3 templates for residue_key='A:135'excess_H_ok=False
ARG        heavy_miss=5 heavy_excess=4 H_excess=[] bond_miss=set() bond_excess=set()
NARG       heavy_miss=5 heavy_excess=4 H_excess=[] bond_miss=set() bond_excess={4}
CARG       heavy_miss=6 heavy_excess=4 H_excess=[] bond_miss=set() bond_excess={1}

matched with excess inter-residue bond(s): A:135
No template matched for residue_key='A:143'
tried 3 templates for residue_key='A:143'excess_H_ok=False
LEU        heavy_miss=2 heavy_excess=0 H_excess=[] bond_miss=set() bond_excess=set()
NLEU       heavy_miss=2 heavy_excess=0 H_excess=[] bond_miss=set() bond_excess={4}
CLEU       heavy_miss=3 heavy_excess=0 H_excess=[] bond_miss=set() bond_excess={1}

matched with excess inter-residue bond(s): A:143
No template matched for residue_key='A:148'
tried 3 templates for residue_key='A:148'excess_H_ok=False
LEU        heavy_miss=2 heavy_excess=0 H_excess=[] bond_miss=set() bond_excess=set()
NLEU       heavy_miss=2 heavy_excess=0 H_excess=[] bond_miss=set() bond_excess={4}
CLEU       heavy_miss=3 heavy_excess=0 H_excess=[] bond_miss=set() bond_excess={1}

matched with excess inter-residue bond(s): A:148
No template matched for residue_key='A:150'
tried 3 templates for residue_key='A:150'excess_H_ok=False
LEU        heavy_miss=2 heavy_excess=0 H_excess=[] bond_miss=set() bond_excess=set()
NLEU       heavy_miss=2 heavy_excess=0 H_excess=[] bond_miss=set() bond_excess={4}
CLEU       heavy_miss=3 heavy_excess=0 H_excess=[] bond_miss=set() bond_excess={1}

matched with excess inter-residue bond(s): A:150
No template matched for residue_key='A:151'
tried 3 templates for residue_key='A:151'excess_H_ok=False
PRO        heavy_miss=1 heavy_excess=0 H_excess=[] bond_miss=set() bond_excess=set()
NPRO       heavy_miss=1 heavy_excess=0 H_excess=[] bond_miss=set() bond_excess={4}
CPRO       heavy_miss=2 heavy_excess=0 H_excess=[] bond_miss=set() bond_excess={1}

matched with excess inter-residue bond(s): A:151
No template matched for residue_key='A:153'
tried 3 templates for residue_key='A:153'excess_H_ok=False
GLN        heavy_miss=3 heavy_excess=2 H_excess=[] bond_miss=set() bond_excess=set()
NGLN       heavy_miss=3 heavy_excess=2 H_excess=[] bond_miss=set() bond_excess={4}
CGLN       heavy_miss=4 heavy_excess=2 H_excess=[] bond_miss=set() bond_excess={1}

matched with excess inter-residue bond(s): A:153
No template matched for residue_key='A:158'
tried 3 templates for residue_key='A:158'excess_H_ok=False
GLN        heavy_miss=3 heavy_excess=2 H_excess=[] bond_miss=set() bond_excess=set()
NGLN       heavy_miss=3 heavy_excess=2 H_excess=[] bond_miss=set() bond_excess={4}
CGLN       heavy_miss=4 heavy_excess=2 H_excess=[] bond_miss=set() bond_excess={1}

matched with excess inter-residue bond(s): A:158
No template matched for residue_key='A:159'
tried 6 templates for residue_key='A:159'excess_H_ok=False
LYS        heavy_miss=3 heavy_excess=2 H_excess=[] bond_miss=set() bond_excess=set()
NLYS       heavy_miss=3 heavy_excess=2 H_excess=[] bond_miss=set() bond_excess={4}
CLYS       heavy_miss=4 heavy_excess=2 H_excess=[] bond_miss=set() bond_excess={1}
LYN        heavy_miss=3 heavy_excess=2 H_excess=[] bond_miss=set() bond_excess=set()
NLYN       heavy_miss=3 heavy_excess=2 H_excess=[] bond_miss=set() bond_excess={4}
CLYN       heavy_miss=4 heavy_excess=2 H_excess=[] bond_miss=set() bond_excess={1}

matched with excess inter-residue bond(s): A:159
No template matched for residue_key='A:163'
tried 3 templates for residue_key='A:163'excess_H_ok=False
ARG        heavy_miss=5 heavy_excess=4 H_excess=[] bond_miss=set() bond_excess=set()
NARG       heavy_miss=5 heavy_excess=4 H_excess=[] bond_miss=set() bond_excess={4}
CARG       heavy_miss=6 heavy_excess=4 H_excess=[] bond_miss=set() bond_excess={1}

matched with excess inter-residue bond(s): A:163
No template matched for residue_key='A:164'
tried 3 templates for residue_key='A:164'excess_H_ok=False
PHE        heavy_miss=5 heavy_excess=3 H_excess=[] bond_miss=set() bond_excess=set()
NPHE       heavy_miss=5 heavy_excess=3 H_excess=[] bond_miss=set() bond_excess={4}
CPHE       heavy_miss=6 heavy_excess=3 H_excess=[] bond_miss=set() bond_excess={1}

matched with excess inter-residue bond(s): A:164
No template matched for residue_key='A:165'
tried 3 templates for residue_key='A:165'excess_H_ok=False
LEU        heavy_miss=2 heavy_excess=0 H_excess=[] bond_miss=set() bond_excess=set()
NLEU       heavy_miss=2 heavy_excess=0 H_excess=[] bond_miss=set() bond_excess={4}
CLEU       heavy_miss=3 heavy_excess=0 H_excess=[] bond_miss=set() bond_excess={1}

matched with excess inter-residue bond(s): A:165
No template matched for residue_key='A:166'
tried 3 templates for residue_key='A:166'excess_H_ok=False
LEU        heavy_miss=2 heavy_excess=0 H_excess=[] bond_miss=set() bond_excess=set()
NLEU       heavy_miss=2 heavy_excess=0 H_excess=[] bond_miss=set() bond_excess={4}
CLEU       heavy_miss=3 heavy_excess=0 H_excess=[] bond_miss=set() bond_excess={1}

matched with excess inter-residue bond(s): A:166
No template matched for residue_key='A:168'
tried 3 templates for residue_key='A:168'excess_H_ok=False
LEU        heavy_miss=2 heavy_excess=0 H_excess=[] bond_miss=set() bond_excess=set()
NLEU       heavy_miss=2 heavy_excess=0 H_excess=[] bond_miss=set() bond_excess={4}
CLEU       heavy_miss=3 heavy_excess=0 H_excess=[] bond_miss=set() bond_excess={1}

matched with excess inter-residue bond(s): A:168
No template matched for residue_key='A:169'
tried 3 templates for residue_key='A:169'excess_H_ok=False
PRO        heavy_miss=1 heavy_excess=0 H_excess=[] bond_miss=set() bond_excess=set()
NPRO       heavy_miss=1 heavy_excess=0 H_excess=[] bond_miss=set() bond_excess={4}
CPRO       heavy_miss=2 heavy_excess=0 H_excess=[] bond_miss=set() bond_excess={1}

matched with excess inter-residue bond(s): A:169
No template matched for residue_key='A:173'
tried 3 templates for residue_key='A:173'excess_H_ok=False
PRO        heavy_miss=1 heavy_excess=0 H_excess=[] bond_miss=set() bond_excess=set()
NPRO       heavy_miss=1 heavy_excess=0 H_excess=[] bond_miss=set() bond_excess={4}
CPRO       heavy_miss=2 heavy_excess=0 H_excess=[] bond_miss=set() bond_excess={1}

matched with excess inter-residue bond(s): A:173
No template matched for residue_key='A:177'
tried 3 templates for residue_key='A:177'excess_H_ok=False
ILE        heavy_miss=1 heavy_excess=0 H_excess=[] bond_miss=set() bond_excess=set()
NILE       heavy_miss=1 heavy_excess=0 H_excess=[] bond_miss=set() bond_excess={4}
CILE       heavy_miss=2 heavy_excess=0 H_excess=[] bond_miss=set() bond_excess={1}

matched with excess inter-residue bond(s): A:177
No template matched for residue_key='A:178'
tried 3 templates for residue_key='A:178'excess_H_ok=False
PHE        heavy_miss=5 heavy_excess=3 H_excess=[] bond_miss=set() bond_excess=set()
NPHE       heavy_miss=5 heavy_excess=3 H_excess=[] bond_miss=set() bond_excess={4}
CPHE       heavy_miss=6 heavy_excess=3 H_excess=[] bond_miss=set() bond_excess={1}

matched with excess inter-residue bond(s): A:178
No template matched for residue_key='A:182'
tried 3 templates for residue_key='A:182'excess_H_ok=False
PRO        heavy_miss=1 heavy_excess=0 H_excess=[] bond_miss=set() bond_excess=set()
NPRO       heavy_miss=1 heavy_excess=0 H_excess=[] bond_miss=set() bond_excess={4}
CPRO       heavy_miss=2 heavy_excess=0 H_excess=[] bond_miss=set() bond_excess={1}

matched with excess inter-residue bond(s): A:182
No template matched for residue_key='A:184'
tried 3 templates for residue_key='A:184'excess_H_ok=False
PRO        heavy_miss=1 heavy_excess=0 H_excess=[] bond_miss=set() bond_excess=set()
NPRO       heavy_miss=1 heavy_excess=0 H_excess=[] bond_miss=set() bond_excess={4}
CPRO       heavy_miss=2 heavy_excess=0 H_excess=[] bond_miss=set() bond_excess={1}

matched with excess inter-residue bond(s): A:184
No template matched for residue_key='A:185'
tried 3 templates for residue_key='A:185'excess_H_ok=False
TRP        heavy_miss=8 heavy_excess=6 H_excess=[] bond_miss=set() bond_excess=set()
NTRP       heavy_miss=8 heavy_excess=6 H_excess=[] bond_miss=set() bond_excess={4}
CTRP       heavy_miss=9 heavy_excess=6 H_excess=[] bond_miss=set() bond_excess={1}

matched with excess inter-residue bond(s): A:185
No template matched for residue_key='A:186'
tried 3 templates for residue_key='A:186'excess_H_ok=False
PRO        heavy_miss=1 heavy_excess=0 H_excess=[] bond_miss=set() bond_excess=set()
NPRO       heavy_miss=1 heavy_excess=0 H_excess=[] bond_miss=set() bond_excess={4}
CPRO       heavy_miss=2 heavy_excess=0 H_excess=[] bond_miss=set() bond_excess={1}

matched with excess inter-residue bond(s): A:186
No template matched for residue_key='A:187'
tried 3 templates for residue_key='A:187'excess_H_ok=False
GLN        heavy_miss=3 heavy_excess=2 H_excess=[] bond_miss=set() bond_excess=set()
NGLN       heavy_miss=3 heavy_excess=2 H_excess=[] bond_miss=set() bond_excess={4}
CGLN       heavy_miss=4 heavy_excess=2 H_excess=[] bond_miss=set() bond_excess={1}

matched with excess inter-residue bond(s): A:187
No template matched for residue_key='A:188'
tried 3 templates for residue_key='A:188'excess_H_ok=False
PHE        heavy_miss=5 heavy_excess=3 H_excess=[] bond_miss=set() bond_excess=set()
NPHE       heavy_miss=5 heavy_excess=3 H_excess=[] bond_miss=set() bond_excess={4}
CPHE       heavy_miss=6 heavy_excess=3 H_excess=[] bond_miss=set() bond_excess={1}

matched with excess inter-residue bond(s): A:188
No template matched for residue_key='A:190'
tried 3 templates for residue_key='A:190'excess_H_ok=False
GLN        heavy_miss=3 heavy_excess=2 H_excess=[] bond_miss=set() bond_excess=set()
NGLN       heavy_miss=3 heavy_excess=2 H_excess=[] bond_miss=set() bond_excess={4}
CGLN       heavy_miss=4 heavy_excess=2 H_excess=[] bond_miss=set() bond_excess={1}

matched with excess inter-residue bond(s): A:190
No template matched for residue_key='A:193'
tried 3 templates for residue_key='A:193'excess_H_ok=False
PRO        heavy_miss=1 heavy_excess=0 H_excess=[] bond_miss=set() bond_excess=set()
NPRO       heavy_miss=1 heavy_excess=0 H_excess=[] bond_miss=set() bond_excess={4}
CPRO       heavy_miss=2 heavy_excess=0 H_excess=[] bond_miss=set() bond_excess={1}

matched with excess inter-residue bond(s): A:193
No template matched for residue_key='A:194'
tried 3 templates for residue_key='A:194'excess_H_ok=False
TYR        heavy_miss=6 heavy_excess=4 H_excess=[] bond_miss=set() bond_excess=set()
NTYR       heavy_miss=6 heavy_excess=4 H_excess=[] bond_miss=set() bond_excess={4}
CTYR       heavy_miss=7 heavy_excess=4 H_excess=[] bond_miss=set() bond_excess={1}

matched with excess inter-residue bond(s): A:194
No template matched for residue_key='A:196'
tried 3 templates for residue_key='A:196'excess_H_ok=False
PRO        heavy_miss=1 heavy_excess=0 H_excess=[] bond_miss=set() bond_excess=set()
NPRO       heavy_miss=1 heavy_excess=0 H_excess=[] bond_miss=set() bond_excess={4}
CPRO       heavy_miss=2 heavy_excess=0 H_excess=[] bond_miss=set() bond_excess={1}

matched with excess inter-residue bond(s): A:196
No template matched for residue_key='A:197'
tried 3 templates for residue_key='A:197'excess_H_ok=False
LEU        heavy_miss=2 heavy_excess=0 H_excess=[] bond_miss=set() bond_excess=set()
NLEU       heavy_miss=2 heavy_excess=0 H_excess=[] bond_miss=set() bond_excess={4}
CLEU       heavy_miss=3 heavy_excess=0 H_excess=[] bond_miss=set() bond_excess={1}

matched with excess inter-residue bond(s): A:197
No template matched for residue_key='A:200'
tried 6 templates for residue_key='A:200'excess_H_ok=False
LYS        heavy_miss=3 heavy_excess=2 H_excess=[] bond_miss=set() bond_excess=set()
NLYS       heavy_miss=3 heavy_excess=2 H_excess=[] bond_miss=set() bond_excess={4}
CLYS       heavy_miss=4 heavy_excess=2 H_excess=[] bond_miss=set() bond_excess={1}
LYN        heavy_miss=3 heavy_excess=2 H_excess=[] bond_miss=set() bond_excess=set()
NLYN       heavy_miss=3 heavy_excess=2 H_excess=[] bond_miss=set() bond_excess={4}
CLYN       heavy_miss=4 heavy_excess=2 H_excess=[] bond_miss=set() bond_excess={1}

matched with excess inter-residue bond(s): A:200
No template matched for residue_key='A:204'
tried 3 templates for residue_key='A:204'excess_H_ok=False
PRO        heavy_miss=1 heavy_excess=0 H_excess=[] bond_miss=set() bond_excess=set()
NPRO       heavy_miss=1 heavy_excess=0 H_excess=[] bond_miss=set() bond_excess={4}
CPRO       heavy_miss=2 heavy_excess=0 H_excess=[] bond_miss=set() bond_excess={1}

matched with excess inter-residue bond(s): A:204
No template matched for residue_key='A:206'
tried 9 templates for residue_key='A:206'excess_H_ok=False
HIE        heavy_miss=1 heavy_excess=0 H_excess=[] bond_miss=set() bond_excess=set()
HID        heavy_miss=1 heavy_excess=0 H_excess=[] bond_miss=set() bond_excess=set()
HIP        heavy_miss=1 heavy_excess=0 H_excess=[] bond_miss=set() bond_excess=set()
NHIE       heavy_miss=1 heavy_excess=0 H_excess=[] bond_miss=set() bond_excess={4}
NHID       heavy_miss=1 heavy_excess=0 H_excess=[] bond_miss=set() bond_excess={4}
NHIP       heavy_miss=1 heavy_excess=0 H_excess=[] bond_miss=set() bond_excess={4}
CHIE       heavy_miss=2 heavy_excess=0 H_excess=[] bond_miss=set() bond_excess={1}
CHID       heavy_miss=2 heavy_excess=0 H_excess=[] bond_miss=set() bond_excess={1}
CHIP       heavy_miss=2 heavy_excess=0 H_excess=[] bond_miss=set() bond_excess={1}

matched with excess inter-residue bond(s): A:206
No template matched for residue_key='A:207'
tried 3 templates for residue_key='A:207'excess_H_ok=False
TYR        heavy_miss=6 heavy_excess=4 H_excess=[] bond_miss=set() bond_excess=set()
NTYR       heavy_miss=6 heavy_excess=4 H_excess=[] bond_miss=set() bond_excess={4}
CTYR       heavy_miss=7 heavy_excess=4 H_excess=[] bond_miss=set() bond_excess={1}

matched with excess inter-residue bond(s): A:207
No template matched for residue_key='A:208'
tried 3 templates for residue_key='A:208'excess_H_ok=False
ILE        heavy_miss=1 heavy_excess=0 H_excess=[] bond_miss=set() bond_excess=set()
NILE       heavy_miss=1 heavy_excess=0 H_excess=[] bond_miss=set() bond_excess={4}
CILE       heavy_miss=2 heavy_excess=0 H_excess=[] bond_miss=set() bond_excess={1}

matched with excess inter-residue bond(s): A:208
No template matched for residue_key='A:211'
tried 3 templates for residue_key='A:211'excess_H_ok=False
ARG        heavy_miss=5 heavy_excess=4 H_excess=[] bond_miss=set() bond_excess=set()
NARG       heavy_miss=5 heavy_excess=4 H_excess=[] bond_miss=set() bond_excess={4}
CARG       heavy_miss=6 heavy_excess=4 H_excess=[] bond_miss=set() bond_excess={1}

matched with excess inter-residue bond(s): A:211
No template matched for residue_key='A:213'
tried 3 templates for residue_key='A:213'excess_H_ok=False
ILE        heavy_miss=1 heavy_excess=0 H_excess=[] bond_miss=set() bond_excess=set()
NILE       heavy_miss=1 heavy_excess=0 H_excess=[] bond_miss=set() bond_excess={4}
CILE       heavy_miss=2 heavy_excess=0 H_excess=[] bond_miss=set() bond_excess={1}

matched with excess inter-residue bond(s): A:213
No template matched for residue_key='A:219'
tried 3 templates for residue_key='A:219'excess_H_ok=False
ARG        heavy_miss=5 heavy_excess=4 H_excess=[] bond_miss=set() bond_excess=set()
NARG       heavy_miss=5 heavy_excess=4 H_excess=[] bond_miss=set() bond_excess={4}
CARG       heavy_miss=6 heavy_excess=4 H_excess=[] bond_miss=set() bond_excess={1}

matched with excess inter-residue bond(s): A:219
No template matched for residue_key='A:221'
tried 3 templates for residue_key='A:221'excess_H_ok=False
PRO        heavy_miss=1 heavy_excess=0 H_excess=[] bond_miss=set() bond_excess=set()
NPRO       heavy_miss=1 heavy_excess=0 H_excess=[] bond_miss=set() bond_excess={4}
CPRO       heavy_miss=2 heavy_excess=0 H_excess=[] bond_miss=set() bond_excess={1}

matched with excess inter-residue bond(s): A:221
No template matched for residue_key='A:223'
tried 3 templates for residue_key='A:223'excess_H_ok=False
PRO        heavy_miss=1 heavy_excess=0 H_excess=[] bond_miss=set() bond_excess=set()
NPRO       heavy_miss=1 heavy_excess=0 H_excess=[] bond_miss=set() bond_excess={4}
CPRO       heavy_miss=2 heavy_excess=0 H_excess=[] bond_miss=set() bond_excess={1}

matched with excess inter-residue bond(s): A:223
No template matched for residue_key='A:224'
tried 6 templates for residue_key='A:224'excess_H_ok=False
GLU        heavy_miss=3 heavy_excess=2 H_excess=[] bond_miss=set() bond_excess=set()
NGLU       heavy_miss=3 heavy_excess=2 H_excess=[] bond_miss=set() bond_excess={4}
CGLU       heavy_miss=4 heavy_excess=2 H_excess=[] bond_miss=set() bond_excess={1}
GLH        heavy_miss=3 heavy_excess=2 H_excess=[] bond_miss=set() bond_excess=set()
NGLH       heavy_miss=3 heavy_excess=2 H_excess=[] bond_miss=set() bond_excess={4}
CGLH       heavy_miss=4 heavy_excess=2 H_excess=[] bond_miss=set() bond_excess={1}

matched with excess inter-residue bond(s): A:224
No template matched for residue_key='A:227'
tried 3 templates for residue_key='A:227'excess_H_ok=False
LEU        heavy_miss=2 heavy_excess=0 H_excess=[] bond_miss=set() bond_excess=set()
NLEU       heavy_miss=2 heavy_excess=0 H_excess=[] bond_miss=set() bond_excess={4}
CLEU       heavy_miss=3 heavy_excess=0 H_excess=[] bond_miss=set() bond_excess={1}

matched with excess inter-residue bond(s): A:227
No template matched for residue_key='A:234'
tried 3 templates for residue_key='A:234'excess_H_ok=False
LEU        heavy_miss=2 heavy_excess=0 H_excess=[] bond_miss=set() bond_excess=set()
NLEU       heavy_miss=2 heavy_excess=0 H_excess=[] bond_miss=set() bond_excess={4}
CLEU       heavy_miss=3 heavy_excess=0 H_excess=[] bond_miss=set() bond_excess={1}

matched with excess inter-residue bond(s): A:234
No template matched for residue_key='A:237'
tried 3 templates for residue_key='A:237'excess_H_ok=False
ARG        heavy_miss=5 heavy_excess=4 H_excess=[] bond_miss=set() bond_excess=set()
NARG       heavy_miss=5 heavy_excess=4 H_excess=[] bond_miss=set() bond_excess={4}
CARG       heavy_miss=6 heavy_excess=4 H_excess=[] bond_miss=set() bond_excess={1}

matched with excess inter-residue bond(s): A:237
No template matched for residue_key='A:238'
tried 3 templates for residue_key='A:238'excess_H_ok=False
LEU        heavy_miss=2 heavy_excess=0 H_excess=[] bond_miss=set() bond_excess=set()
NLEU       heavy_miss=2 heavy_excess=0 H_excess=[] bond_miss=set() bond_excess={4}
CLEU       heavy_miss=3 heavy_excess=0 H_excess=[] bond_miss=set() bond_excess={1}

matched with excess inter-residue bond(s): A:238
No template matched for residue_key='A:239'
tried 3 templates for residue_key='A:239'excess_H_ok=False
PRO        heavy_miss=1 heavy_excess=0 H_excess=[] bond_miss=set() bond_excess=set()
NPRO       heavy_miss=1 heavy_excess=0 H_excess=[] bond_miss=set() bond_excess={4}
CPRO       heavy_miss=2 heavy_excess=0 H_excess=[] bond_miss=set() bond_excess={1}

matched with excess inter-residue bond(s): A:239
No template matched for residue_key='A:240'
tried 3 templates for residue_key='A:240'excess_H_ok=False
TYR        heavy_miss=6 heavy_excess=4 H_excess=[] bond_miss=set() bond_excess=set()
NTYR       heavy_miss=6 heavy_excess=4 H_excess=[] bond_miss=set() bond_excess={4}
CTYR       heavy_miss=7 heavy_excess=4 H_excess=[] bond_miss=set() bond_excess={1}

matched with excess inter-residue bond(s): A:240
No template matched for residue_key='A:242'
tried 3 templates for residue_key='A:242'excess_H_ok=False
LEU        heavy_miss=2 heavy_excess=0 H_excess=[] bond_miss=set() bond_excess=set()
NLEU       heavy_miss=2 heavy_excess=0 H_excess=[] bond_miss=set() bond_excess={4}
CLEU       heavy_miss=3 heavy_excess=0 H_excess=[] bond_miss=set() bond_excess={1}

matched with excess inter-residue bond(s): A:242
No template matched for residue_key='A:243'
tried 3 templates for residue_key='A:243'excess_H_ok=False
LEU        heavy_miss=2 heavy_excess=0 H_excess=[] bond_miss=set() bond_excess=set()
NLEU       heavy_miss=2 heavy_excess=0 H_excess=[] bond_miss=set() bond_excess={4}
CLEU       heavy_miss=3 heavy_excess=0 H_excess=[] bond_miss=set() bond_excess={1}

matched with excess inter-residue bond(s): A:243
No template matched for residue_key='A:244'
tried 3 templates for residue_key='A:244'excess_H_ok=False
ARG        heavy_miss=5 heavy_excess=4 H_excess=[] bond_miss=set() bond_excess=set()
NARG       heavy_miss=5 heavy_excess=4 H_excess=[] bond_miss=set() bond_excess={4}
CARG       heavy_miss=6 heavy_excess=4 H_excess=[] bond_miss=set() bond_excess={1}

matched with excess inter-residue bond(s): A:244
No template matched for residue_key='A:245'
tried 3 templates for residue_key='A:245'excess_H_ok=False
PRO        heavy_miss=1 heavy_excess=0 H_excess=[] bond_miss=set() bond_excess=set()
NPRO       heavy_miss=1 heavy_excess=0 H_excess=[] bond_miss=set() bond_excess={4}
CPRO       heavy_miss=2 heavy_excess=0 H_excess=[] bond_miss=set() bond_excess={1}

matched with excess inter-residue bond(s): A:245
No template matched for residue_key='A:248'
tried 3 templates for residue_key='A:248'excess_H_ok=False
TYR        heavy_miss=6 heavy_excess=4 H_excess=[] bond_miss=set() bond_excess=set()
NTYR       heavy_miss=6 heavy_excess=4 H_excess=[] bond_miss=set() bond_excess={4}
CTYR       heavy_miss=7 heavy_excess=4 H_excess=[] bond_miss=set() bond_excess={1}

matched with excess inter-residue bond(s): A:248
No template matched for residue_key='A:249'
tried 3 templates for residue_key='A:249'excess_H_ok=False
ARG        heavy_miss=5 heavy_excess=4 H_excess=[] bond_miss=set() bond_excess=set()
NARG       heavy_miss=5 heavy_excess=4 H_excess=[] bond_miss=set() bond_excess={4}
CARG       heavy_miss=6 heavy_excess=4 H_excess=[] bond_miss=set() bond_excess={1}

matched with excess inter-residue bond(s): A:249
No template matched for residue_key='A:250'
tried 3 templates for residue_key='A:250'excess_H_ok=False
PRO        heavy_miss=1 heavy_excess=0 H_excess=[] bond_miss=set() bond_excess=set()
NPRO       heavy_miss=1 heavy_excess=0 H_excess=[] bond_miss=set() bond_excess={4}
CPRO       heavy_miss=2 heavy_excess=0 H_excess=[] bond_miss=set() bond_excess={1}

matched with excess inter-residue bond(s): A:250
No template matched for residue_key='A:251'
tried 3 templates for residue_key='A:251'excess_H_ok=False
LEU        heavy_miss=2 heavy_excess=0 H_excess=[] bond_miss=set() bond_excess=set()
NLEU       heavy_miss=2 heavy_excess=0 H_excess=[] bond_miss=set() bond_excess={4}
CLEU       heavy_miss=3 heavy_excess=0 H_excess=[] bond_miss=set() bond_excess={1}

matched with excess inter-residue bond(s): A:251
No template matched for residue_key='A:255'
tried 3 templates for residue_key='A:255'excess_H_ok=False
PHE        heavy_miss=5 heavy_excess=3 H_excess=[] bond_miss=set() bond_excess=set()
NPHE       heavy_miss=5 heavy_excess=3 H_excess=[] bond_miss=set() bond_excess={4}
CPHE       heavy_miss=6 heavy_excess=3 H_excess=[] bond_miss=set() bond_excess={1}

matched with excess inter-residue bond(s): A:255
No template matched for residue_key='A:257'
tried 6 templates for residue_key='A:257'excess_H_ok=False
LYS        heavy_miss=3 heavy_excess=2 H_excess=[] bond_miss=set() bond_excess=set()
NLYS       heavy_miss=3 heavy_excess=2 H_excess=[] bond_miss=set() bond_excess={4}
CLYS       heavy_miss=4 heavy_excess=2 H_excess=[] bond_miss=set() bond_excess={1}
LYN        heavy_miss=3 heavy_excess=2 H_excess=[] bond_miss=set() bond_excess=set()
NLYN       heavy_miss=3 heavy_excess=2 H_excess=[] bond_miss=set() bond_excess={4}
CLYN       heavy_miss=4 heavy_excess=2 H_excess=[] bond_miss=set() bond_excess={1}

matched with excess inter-residue bond(s): A:257
No template matched for residue_key='A:259'
tried 3 templates for residue_key='A:259'excess_H_ok=False
LEU        heavy_miss=2 heavy_excess=0 H_excess=[] bond_miss=set() bond_excess=set()
NLEU       heavy_miss=2 heavy_excess=0 H_excess=[] bond_miss=set() bond_excess={4}
CLEU       heavy_miss=3 heavy_excess=0 H_excess=[] bond_miss=set() bond_excess={1}

matched with excess inter-residue bond(s): A:259
No template matched for residue_key='A:262'
tried 3 templates for residue_key='A:262'excess_H_ok=False
GLN        heavy_miss=3 heavy_excess=2 H_excess=[] bond_miss={0} bond_excess=set()
NGLN       heavy_miss=3 heavy_excess=2 H_excess=[] bond_miss={0} bond_excess={4}
CGLN       heavy_miss=4 heavy_excess=2 H_excess=[] bond_miss=set() bond_excess=set()

No template matched for residue_key='A:268'
tried 3 templates for residue_key='A:268'excess_H_ok=False
PRO        heavy_miss=1 heavy_excess=0 H_excess=[] bond_miss=set() bond_excess=set()
NPRO       heavy_miss=1 heavy_excess=0 H_excess=[] bond_miss=set() bond_excess={4}
CPRO       heavy_miss=2 heavy_excess=0 H_excess=[] bond_miss=set() bond_excess={1}

matched with excess inter-residue bond(s): A:268
No template matched for residue_key='A:271'
tried 3 templates for residue_key='A:271'excess_H_ok=False
ARG        heavy_miss=5 heavy_excess=4 H_excess=[] bond_miss=set() bond_excess=set()
NARG       heavy_miss=5 heavy_excess=4 H_excess=[] bond_miss=set() bond_excess={4}
CARG       heavy_miss=6 heavy_excess=4 H_excess=[] bond_miss=set() bond_excess={1}

matched with excess inter-residue bond(s): A:271
No template matched for residue_key='A:274'
tried 6 templates for residue_key='A:274'excess_H_ok=False
GLU        heavy_miss=3 heavy_excess=2 H_excess=[] bond_miss=set() bond_excess=set()
NGLU       heavy_miss=3 heavy_excess=2 H_excess=[] bond_miss=set() bond_excess={4}
CGLU       heavy_miss=4 heavy_excess=2 H_excess=[] bond_miss=set() bond_excess={1}
GLH        heavy_miss=3 heavy_excess=2 H_excess=[] bond_miss=set() bond_excess=set()
NGLH       heavy_miss=3 heavy_excess=2 H_excess=[] bond_miss=set() bond_excess={4}
CGLH       heavy_miss=4 heavy_excess=2 H_excess=[] bond_miss=set() bond_excess={1}

matched with excess inter-residue bond(s): A:274
No template matched for residue_key='A:278'
tried 3 templates for residue_key='A:278'excess_H_ok=False
PRO        heavy_miss=1 heavy_excess=0 H_excess=[] bond_miss=set() bond_excess=set()
NPRO       heavy_miss=1 heavy_excess=0 H_excess=[] bond_miss=set() bond_excess={4}
CPRO       heavy_miss=2 heavy_excess=0 H_excess=[] bond_miss=set() bond_excess={1}

matched with excess inter-residue bond(s): A:278
No template matched for residue_key='A:279'
tried 3 templates for residue_key='A:279'excess_H_ok=False
PHE        heavy_miss=5 heavy_excess=3 H_excess=[] bond_miss=set() bond_excess=set()
NPHE       heavy_miss=5 heavy_excess=3 H_excess=[] bond_miss=set() bond_excess={4}
CPHE       heavy_miss=6 heavy_excess=3 H_excess=[] bond_miss=set() bond_excess={1}

matched with excess inter-residue bond(s): A:279
No template matched for residue_key='A:283'
tried 3 templates for residue_key='A:283'excess_H_ok=False
TYR        heavy_miss=6 heavy_excess=4 H_excess=[] bond_miss=set() bond_excess=set()
NTYR       heavy_miss=6 heavy_excess=4 H_excess=[] bond_miss=set() bond_excess={4}
CTYR       heavy_miss=7 heavy_excess=4 H_excess=[] bond_miss=set() bond_excess={1}

matched with excess inter-residue bond(s): A:283
No template matched for residue_key='A:286'
tried 6 templates for residue_key='A:286'excess_H_ok=False
LYS        heavy_miss=3 heavy_excess=2 H_excess=[] bond_miss=set() bond_excess=set()
NLYS       heavy_miss=3 heavy_excess=2 H_excess=[] bond_miss=set() bond_excess={4}
CLYS       heavy_miss=4 heavy_excess=2 H_excess=[] bond_miss=set() bond_excess={1}
LYN        heavy_miss=3 heavy_excess=2 H_excess=[] bond_miss=set() bond_excess=set()
NLYN       heavy_miss=3 heavy_excess=2 H_excess=[] bond_miss=set() bond_excess={4}
CLYN       heavy_miss=4 heavy_excess=2 H_excess=[] bond_miss=set() bond_excess={1}

matched with excess inter-residue bond(s): A:286
No template matched for residue_key='A:288'
tried 3 templates for residue_key='A:288'excess_H_ok=False
LEU        heavy_miss=2 heavy_excess=0 H_excess=[] bond_miss=set() bond_excess=set()
NLEU       heavy_miss=2 heavy_excess=0 H_excess=[] bond_miss=set() bond_excess={4}
CLEU       heavy_miss=3 heavy_excess=0 H_excess=[] bond_miss=set() bond_excess={1}

matched with excess inter-residue bond(s): A:288
No template matched for residue_key='A:292'
tried 3 templates for residue_key='A:292'excess_H_ok=False
LEU        heavy_miss=2 heavy_excess=0 H_excess=[] bond_miss=set() bond_excess=set()
NLEU       heavy_miss=2 heavy_excess=0 H_excess=[] bond_miss=set() bond_excess={4}
CLEU       heavy_miss=3 heavy_excess=0 H_excess=[] bond_miss=set() bond_excess={1}

matched with excess inter-residue bond(s): A:292
No template matched for residue_key='A:295'
tried 3 templates for residue_key='A:295'excess_H_ok=False
TYR        heavy_miss=6 heavy_excess=4 H_excess=[] bond_miss=set() bond_excess=set()
NTYR       heavy_miss=6 heavy_excess=4 H_excess=[] bond_miss=set() bond_excess={4}
CTYR       heavy_miss=7 heavy_excess=4 H_excess=[] bond_miss=set() bond_excess={1}

matched with excess inter-residue bond(s): A:295
No template matched for residue_key='A:298'
tried 3 templates for residue_key='A:298'excess_H_ok=False
PRO        heavy_miss=1 heavy_excess=0 H_excess=[] bond_miss=set() bond_excess=set()
NPRO       heavy_miss=1 heavy_excess=0 H_excess=[] bond_miss=set() bond_excess={4}
CPRO       heavy_miss=2 heavy_excess=0 H_excess=[] bond_miss=set() bond_excess={1}

matched with excess inter-residue bond(s): A:298
No template matched for residue_key='A:301'
tried 3 templates for residue_key='A:301'excess_H_ok=False
GLN        heavy_miss=3 heavy_excess=2 H_excess=[] bond_miss=set() bond_excess=set()
NGLN       heavy_miss=3 heavy_excess=2 H_excess=[] bond_miss=set() bond_excess={4}
CGLN       heavy_miss=4 heavy_excess=2 H_excess=[] bond_miss=set() bond_excess={1}

matched with excess inter-residue bond(s): A:301
No template matched for residue_key='A:302'
tried 3 templates for residue_key='A:302'excess_H_ok=False
LEU        heavy_miss=2 heavy_excess=0 H_excess=[] bond_miss=set() bond_excess=set()
NLEU       heavy_miss=2 heavy_excess=0 H_excess=[] bond_miss=set() bond_excess={4}
CLEU       heavy_miss=3 heavy_excess=0 H_excess=[] bond_miss=set() bond_excess={1}

matched with excess inter-residue bond(s): A:302
No template matched for residue_key='A:304'
tried 3 templates for residue_key='A:304'excess_H_ok=False
LEU        heavy_miss=2 heavy_excess=0 H_excess=[] bond_miss=set() bond_excess=set()
NLEU       heavy_miss=2 heavy_excess=0 H_excess=[] bond_miss=set() bond_excess={4}
CLEU       heavy_miss=3 heavy_excess=0 H_excess=[] bond_miss=set() bond_excess={1}

matched with excess inter-residue bond(s): A:304
No template matched for residue_key='A:310'
tried 3 templates for residue_key='A:310'excess_H_ok=False
TRP        heavy_miss=8 heavy_excess=6 H_excess=[] bond_miss=set() bond_excess=set()
NTRP       heavy_miss=8 heavy_excess=6 H_excess=[] bond_miss=set() bond_excess={4}
CTRP       heavy_miss=9 heavy_excess=6 H_excess=[] bond_miss=set() bond_excess={1}

matched with excess inter-residue bond(s): A:310
No template matched for residue_key='A:315'
tried 6 templates for residue_key='A:315'excess_H_ok=False
LYS        heavy_miss=3 heavy_excess=2 H_excess=[] bond_miss=set() bond_excess=set()
NLYS       heavy_miss=3 heavy_excess=2 H_excess=[] bond_miss=set() bond_excess={4}
CLYS       heavy_miss=4 heavy_excess=2 H_excess=[] bond_miss=set() bond_excess={1}
LYN        heavy_miss=3 heavy_excess=2 H_excess=[] bond_miss=set() bond_excess=set()
NLYN       heavy_miss=3 heavy_excess=2 H_excess=[] bond_miss=set() bond_excess={4}
CLYN       heavy_miss=4 heavy_excess=2 H_excess=[] bond_miss=set() bond_excess={1}

matched with excess inter-residue bond(s): A:315
No template matched for residue_key='A:322'
tried 6 templates for residue_key='A:322'excess_H_ok=False
LYS        heavy_miss=3 heavy_excess=2 H_excess=[] bond_miss=set() bond_excess=set()
NLYS       heavy_miss=3 heavy_excess=2 H_excess=[] bond_miss=set() bond_excess={4}
CLYS       heavy_miss=4 heavy_excess=2 H_excess=[] bond_miss=set() bond_excess={1}
LYN        heavy_miss=3 heavy_excess=2 H_excess=[] bond_miss=set() bond_excess=set()
NLYN       heavy_miss=3 heavy_excess=2 H_excess=[] bond_miss=set() bond_excess={4}
CLYN       heavy_miss=4 heavy_excess=2 H_excess=[] bond_miss=set() bond_excess={1}

matched with excess inter-residue bond(s): A:322
No template matched for residue_key='A:323'
tried 3 templates for residue_key='A:323'excess_H_ok=False
GLN        heavy_miss=3 heavy_excess=2 H_excess=[] bond_miss=set() bond_excess=set()
NGLN       heavy_miss=3 heavy_excess=2 H_excess=[] bond_miss=set() bond_excess={4}
CGLN       heavy_miss=4 heavy_excess=2 H_excess=[] bond_miss=set() bond_excess={1}

matched with excess inter-residue bond(s): A:323
No template matched for residue_key='A:330'
tried 3 templates for residue_key='A:330'excess_H_ok=False
PHE        heavy_miss=5 heavy_excess=3 H_excess=[] bond_miss=set() bond_excess=set()
NPHE       heavy_miss=5 heavy_excess=3 H_excess=[] bond_miss=set() bond_excess={4}
CPHE       heavy_miss=6 heavy_excess=3 H_excess=[] bond_miss=set() bond_excess={1}

matched with excess inter-residue bond(s): A:330
No template matched for residue_key='A:332'
tried 6 templates for residue_key='A:332'excess_H_ok=False
GLU        heavy_miss=3 heavy_excess=2 H_excess=[] bond_miss=set() bond_excess=set()
NGLU       heavy_miss=3 heavy_excess=2 H_excess=[] bond_miss=set() bond_excess={4}
CGLU       heavy_miss=4 heavy_excess=2 H_excess=[] bond_miss=set() bond_excess={1}
GLH        heavy_miss=3 heavy_excess=2 H_excess=[] bond_miss=set() bond_excess=set()
NGLH       heavy_miss=3 heavy_excess=2 H_excess=[] bond_miss=set() bond_excess={4}
CGLH       heavy_miss=4 heavy_excess=2 H_excess=[] bond_miss=set() bond_excess={1}

matched with excess inter-residue bond(s): A:332
No template matched for residue_key='A:334'
tried 6 templates for residue_key='A:334'excess_H_ok=False
LYS        heavy_miss=3 heavy_excess=2 H_excess=[] bond_miss=set() bond_excess=set()
NLYS       heavy_miss=3 heavy_excess=2 H_excess=[] bond_miss=set() bond_excess={4}
CLYS       heavy_miss=4 heavy_excess=2 H_excess=[] bond_miss=set() bond_excess={1}
LYN        heavy_miss=3 heavy_excess=2 H_excess=[] bond_miss=set() bond_excess=set()
NLYN       heavy_miss=3 heavy_excess=2 H_excess=[] bond_miss=set() bond_excess={4}
CLYN       heavy_miss=4 heavy_excess=2 H_excess=[] bond_miss=set() bond_excess={1}

matched with excess inter-residue bond(s): A:334
No template matched for residue_key='A:342'
tried 3 templates for residue_key='A:342'excess_H_ok=False
ARG        heavy_miss=5 heavy_excess=4 H_excess=[] bond_miss=set() bond_excess=set()
NARG       heavy_miss=5 heavy_excess=4 H_excess=[] bond_miss=set() bond_excess={4}
CARG       heavy_miss=6 heavy_excess=4 H_excess=[] bond_miss=set() bond_excess={1}

matched with excess inter-residue bond(s): A:342
No template matched for residue_key='A:344'
tried 3 templates for residue_key='A:344'excess_H_ok=False
PRO        heavy_miss=1 heavy_excess=0 H_excess=[] bond_miss=set() bond_excess=set()
NPRO       heavy_miss=1 heavy_excess=0 H_excess=[] bond_miss=set() bond_excess={4}
CPRO       heavy_miss=2 heavy_excess=0 H_excess=[] bond_miss=set() bond_excess={1}

matched with excess inter-residue bond(s): A:344
No template matched for residue_key='A:347'
tried 3 templates for residue_key='A:347'excess_H_ok=False
ILE        heavy_miss=1 heavy_excess=0 H_excess=[] bond_miss=set() bond_excess=set()
NILE       heavy_miss=1 heavy_excess=0 H_excess=[] bond_miss=set() bond_excess={4}
CILE       heavy_miss=2 heavy_excess=0 H_excess=[] bond_miss=set() bond_excess={1}

matched with excess inter-residue bond(s): A:347
No template matched for residue_key='A:348'
tried 3 templates for residue_key='A:348'excess_H_ok=False
LEU        heavy_miss=2 heavy_excess=0 H_excess=[] bond_miss=set() bond_excess=set()
NLEU       heavy_miss=2 heavy_excess=0 H_excess=[] bond_miss=set() bond_excess={4}
CLEU       heavy_miss=3 heavy_excess=0 H_excess=[] bond_miss=set() bond_excess={1}

matched with excess inter-residue bond(s): A:348
No template matched for residue_key='A:352'
tried 3 templates for residue_key='A:352'excess_H_ok=False
GLN        heavy_miss=3 heavy_excess=2 H_excess=[] bond_miss=set() bond_excess=set()
NGLN       heavy_miss=3 heavy_excess=2 H_excess=[] bond_miss=set() bond_excess={4}
CGLN       heavy_miss=4 heavy_excess=2 H_excess=[] bond_miss=set() bond_excess={1}

matched with excess inter-residue bond(s): A:352
No template matched for residue_key='A:354'
tried 6 templates for residue_key='A:354'excess_H_ok=False
GLU        heavy_miss=3 heavy_excess=2 H_excess=[] bond_miss=set() bond_excess=set()
NGLU       heavy_miss=3 heavy_excess=2 H_excess=[] bond_miss=set() bond_excess={4}
CGLU       heavy_miss=4 heavy_excess=2 H_excess=[] bond_miss=set() bond_excess={1}
GLH        heavy_miss=3 heavy_excess=2 H_excess=[] bond_miss=set() bond_excess=set()
NGLH       heavy_miss=3 heavy_excess=2 H_excess=[] bond_miss=set() bond_excess={4}
CGLH       heavy_miss=4 heavy_excess=2 H_excess=[] bond_miss=set() bond_excess={1}

matched with excess inter-residue bond(s): A:354
No template matched for residue_key='A:356'
tried 3 templates for residue_key='A:356'excess_H_ok=False
PHE        heavy_miss=5 heavy_excess=3 H_excess=[] bond_miss=set() bond_excess=set()
NPHE       heavy_miss=5 heavy_excess=3 H_excess=[] bond_miss=set() bond_excess={4}
CPHE       heavy_miss=6 heavy_excess=3 H_excess=[] bond_miss=set() bond_excess={1}

matched with excess inter-residue bond(s): A:356
No template matched for residue_key='A:358'
tried 3 templates for residue_key='A:358'excess_H_ok=False
LEU        heavy_miss=2 heavy_excess=0 H_excess=[] bond_miss=set() bond_excess=set()
NLEU       heavy_miss=2 heavy_excess=0 H_excess=[] bond_miss=set() bond_excess={4}
CLEU       heavy_miss=3 heavy_excess=0 H_excess=[] bond_miss=set() bond_excess={1}

matched with excess inter-residue bond(s): A:358
No template matched for residue_key='A:360'
tried 3 templates for residue_key='A:360'excess_H_ok=False
PHE        heavy_miss=5 heavy_excess=3 H_excess=[] bond_miss=set() bond_excess=set()
NPHE       heavy_miss=5 heavy_excess=3 H_excess=[] bond_miss=set() bond_excess={4}
CPHE       heavy_miss=6 heavy_excess=3 H_excess=[] bond_miss=set() bond_excess={1}

matched with excess inter-residue bond(s): A:360
No template matched for residue_key='A:363'
tried 6 templates for residue_key='A:363'excess_H_ok=False
GLU        heavy_miss=3 heavy_excess=2 H_excess=[] bond_miss=set() bond_excess=set()
NGLU       heavy_miss=3 heavy_excess=2 H_excess=[] bond_miss=set() bond_excess={4}
CGLU       heavy_miss=4 heavy_excess=2 H_excess=[] bond_miss=set() bond_excess={1}
GLH        heavy_miss=3 heavy_excess=2 H_excess=[] bond_miss=set() bond_excess=set()
NGLH       heavy_miss=3 heavy_excess=2 H_excess=[] bond_miss=set() bond_excess={4}
CGLH       heavy_miss=4 heavy_excess=2 H_excess=[] bond_miss=set() bond_excess={1}

matched with excess inter-residue bond(s): A:363
No template matched for residue_key='A:364'
tried 6 templates for residue_key='A:364'excess_H_ok=False
LYS        heavy_miss=3 heavy_excess=2 H_excess=[] bond_miss=set() bond_excess=set()
NLYS       heavy_miss=3 heavy_excess=2 H_excess=[] bond_miss=set() bond_excess={4}
CLYS       heavy_miss=4 heavy_excess=2 H_excess=[] bond_miss=set() bond_excess={1}
LYN        heavy_miss=3 heavy_excess=2 H_excess=[] bond_miss=set() bond_excess=set()
NLYN       heavy_miss=3 heavy_excess=2 H_excess=[] bond_miss=set() bond_excess={4}
CLYN       heavy_miss=4 heavy_excess=2 H_excess=[] bond_miss=set() bond_excess={1}

matched with excess inter-residue bond(s): A:364
No template matched for residue_key='A:365'
tried 6 templates for residue_key='A:365'excess_H_ok=False
LYS        heavy_miss=3 heavy_excess=2 H_excess=[] bond_miss=set() bond_excess=set()
NLYS       heavy_miss=3 heavy_excess=2 H_excess=[] bond_miss=set() bond_excess={4}
CLYS       heavy_miss=4 heavy_excess=2 H_excess=[] bond_miss=set() bond_excess={1}
LYN        heavy_miss=3 heavy_excess=2 H_excess=[] bond_miss=set() bond_excess=set()
NLYN       heavy_miss=3 heavy_excess=2 H_excess=[] bond_miss=set() bond_excess={4}
CLYN       heavy_miss=4 heavy_excess=2 H_excess=[] bond_miss=set() bond_excess={1}

matched with excess inter-residue bond(s): A:365
No template matched for residue_key='A:366'
tried 3 templates for residue_key='A:366'excess_H_ok=False
ARG        heavy_miss=5 heavy_excess=4 H_excess=[] bond_miss=set() bond_excess=set()
NARG       heavy_miss=5 heavy_excess=4 H_excess=[] bond_miss=set() bond_excess={4}
CARG       heavy_miss=6 heavy_excess=4 H_excess=[] bond_miss=set() bond_excess={1}

matched with excess inter-residue bond(s): A:366
No template matched for residue_key='A:367'
tried 3 templates for residue_key='A:367'excess_H_ok=False
LEU        heavy_miss=2 heavy_excess=0 H_excess=[] bond_miss=set() bond_excess=set()
NLEU       heavy_miss=2 heavy_excess=0 H_excess=[] bond_miss=set() bond_excess={4}
CLEU       heavy_miss=3 heavy_excess=0 H_excess=[] bond_miss=set() bond_excess={1}

matched with excess inter-residue bond(s): A:367
No template matched for residue_key='A:369'
tried 3 templates for residue_key='A:369'excess_H_ok=False
PHE        heavy_miss=5 heavy_excess=3 H_excess=[] bond_miss=set() bond_excess=set()
NPHE       heavy_miss=5 heavy_excess=3 H_excess=[] bond_miss=set() bond_excess={4}
CPHE       heavy_miss=6 heavy_excess=3 H_excess=[] bond_miss=set() bond_excess={1}

matched with excess inter-residue bond(s): A:369
No template matched for residue_key='A:371'
tried 3 templates for residue_key='A:371'excess_H_ok=False
ARG        heavy_miss=5 heavy_excess=4 H_excess=[] bond_miss=set() bond_excess=set()
NARG       heavy_miss=5 heavy_excess=4 H_excess=[] bond_miss=set() bond_excess={4}
CARG       heavy_miss=6 heavy_excess=4 H_excess=[] bond_miss=set() bond_excess={1}

matched with excess inter-residue bond(s): A:371
No template matched for residue_key='A:372'
tried 3 templates for residue_key='A:372'excess_H_ok=False
LEU        heavy_miss=2 heavy_excess=0 H_excess=[] bond_miss=set() bond_excess=set()
NLEU       heavy_miss=2 heavy_excess=0 H_excess=[] bond_miss=set() bond_excess={4}
CLEU       heavy_miss=3 heavy_excess=0 H_excess=[] bond_miss=set() bond_excess={1}

matched with excess inter-residue bond(s): A:372
No template matched for residue_key='A:373'
tried 3 templates for residue_key='A:373'excess_H_ok=False
PRO        heavy_miss=1 heavy_excess=0 H_excess=[] bond_miss=set() bond_excess=set()
NPRO       heavy_miss=1 heavy_excess=0 H_excess=[] bond_miss=set() bond_excess={4}
CPRO       heavy_miss=2 heavy_excess=0 H_excess=[] bond_miss=set() bond_excess={1}

matched with excess inter-residue bond(s): A:373
No template matched for residue_key='A:374'
tried 9 templates for residue_key='A:374'excess_H_ok=False
HIE        heavy_miss=1 heavy_excess=0 H_excess=[] bond_miss=set() bond_excess=set()
HID        heavy_miss=1 heavy_excess=0 H_excess=[] bond_miss=set() bond_excess=set()
HIP        heavy_miss=1 heavy_excess=0 H_excess=[] bond_miss=set() bond_excess=set()
NHIE       heavy_miss=1 heavy_excess=0 H_excess=[] bond_miss=set() bond_excess={4}
NHID       heavy_miss=1 heavy_excess=0 H_excess=[] bond_miss=set() bond_excess={4}
NHIP       heavy_miss=1 heavy_excess=0 H_excess=[] bond_miss=set() bond_excess={4}
CHIE       heavy_miss=2 heavy_excess=0 H_excess=[] bond_miss=set() bond_excess={1}
CHID       heavy_miss=2 heavy_excess=0 H_excess=[] bond_miss=set() bond_excess={1}
CHIP       heavy_miss=2 heavy_excess=0 H_excess=[] bond_miss=set() bond_excess={1}

matched with excess inter-residue bond(s): A:374
No template matched for residue_key='A:375'
tried 3 templates for residue_key='A:375'excess_H_ok=False
PHE        heavy_miss=5 heavy_excess=3 H_excess=[] bond_miss=set() bond_excess=set()
NPHE       heavy_miss=5 heavy_excess=3 H_excess=[] bond_miss=set() bond_excess={4}
CPHE       heavy_miss=6 heavy_excess=3 H_excess=[] bond_miss=set() bond_excess={1}

matched with excess inter-residue bond(s): A:375
No template matched for residue_key='A:381'
tried 3 templates for residue_key='A:381'excess_H_ok=False
LEU        heavy_miss=2 heavy_excess=1 H_excess=[] bond_miss={0} bond_excess=set()
NLEU       heavy_miss=2 heavy_excess=1 H_excess=[] bond_miss={0} bond_excess={4}
CLEU       heavy_miss=2 heavy_excess=0 H_excess=[] bond_miss=set() bond_excess=set()

- Template matching failed for: ['A:1', 'A:2', 'A:4', 'A:6', 'A:9', 'A:11', 'A:15', 'A:16', 'A:18', 'A:19', 'A:20', 'A:21', 'A:26', 'A:28', 'A:33', 'A:34', 'A:36', 'A:43', 'A:44', 'A:45', 'A:47', 'A:48', 'A:49', 'A:53', 'A:56', 'A:57', 'A:61', 'A:62', 'A:64', 'A:67', 'A:79', 'A:83', 'A:84', 'A:85', 'A:87', 'A:97', 'A:99', 'A:101', 'A:102', 'A:111', 'A:112', 'A:115', 'A:121', 'A:126', 'A:128', 'A:129', 'A:130', 'A:133', 'A:134', 'A:135', 'A:143', 'A:148', 'A:150', 'A:151', 'A:153', 'A:158', 'A:159', 'A:163', 'A:164', 'A:165', 'A:166', 'A:168', 'A:169', 'A:173', 'A:177', 'A:178', 'A:182', 'A:184', 'A:185', 'A:186', 'A:187', 'A:188', 'A:190', 'A:193', 'A:194', 'A:196', 'A:197', 'A:200', 'A:204', 'A:206', 'A:207', 'A:208', 'A:211', 'A:213', 'A:219', 'A:221', 'A:223', 'A:224', 'A:227', 'A:234', 'A:237', 'A:238', 'A:239', 'A:240', 'A:242', 'A:243', 'A:244', 'A:245', 'A:248', 'A:249', 'A:250', 'A:251', 'A:255', 'A:257', 'A:259', 'A:262', 'A:268', 'A:271', 'A:274', 'A:278', 'A:279', 'A:283', 'A:286', 'A:288', 'A:292', 'A:295', 'A:298', 'A:301', 'A:302', 'A:304', 'A:310', 'A:315', 'A:322', 'A:323', 'A:330', 'A:332', 'A:334', 'A:342', 'A:344', 'A:347', 'A:348', 'A:352', 'A:354', 'A:356', 'A:358', 'A:360', 'A:363', 'A:364', 'A:365', 'A:366', 'A:367', 'A:369', 'A:371', 'A:372', 'A:373', 'A:374', 'A:375', 'A:381'] Ignored due to allow_bad_res.

Files written:
/home/ubuntu/xylanase-thesis/docking/proteins/1T6G_A_Repair.pdbqt <-- static (i.e., rigid) receptor input file
