@> 1459 atoms and 1 coordinate set(s) were parsed in 0.01s.
No template matched for residue_key='A:480'
tried 6 templates for residue_key='A:480'excess_H_ok=False
LYS        heavy_miss=3 heavy_excess=2 H_excess=[] bond_miss={4} bond_excess=set()
NLYS       heavy_miss=3 heavy_excess=2 H_excess=[] bond_miss=set() bond_excess=set()
CLYS       heavy_miss=4 heavy_excess=2 H_excess=[] bond_miss={5} bond_excess={1}
LYN        heavy_miss=3 heavy_excess=2 H_excess=[] bond_miss={4} bond_excess=set()
NLYN       heavy_miss=3 heavy_excess=2 H_excess=[] bond_miss=set() bond_excess=set()
CLYN       heavy_miss=4 heavy_excess=2 H_excess=[] bond_miss={5} bond_excess={1}

matched with excess inter-residue bond(s): A:480
No template matched for residue_key='A:481'
tried 3 templates for residue_key='A:481'excess_H_ok=False
LEU        heavy_miss=2 heavy_excess=0 H_excess=[] bond_miss=set() bond_excess=set()
NLEU       heavy_miss=2 heavy_excess=0 H_excess=[] bond_miss=set() bond_excess={4}
CLEU       heavy_miss=3 heavy_excess=0 H_excess=[] bond_miss=set() bond_excess={1}

matched with excess inter-residue bond(s): A:481
No template matched for residue_key='A:484'
tried 3 templates for residue_key='A:484'excess_H_ok=False
LEU        heavy_miss=2 heavy_excess=0 H_excess=[] bond_miss=set() bond_excess=set()
NLEU       heavy_miss=2 heavy_excess=0 H_excess=[] bond_miss=set() bond_excess={4}
CLEU       heavy_miss=3 heavy_excess=0 H_excess=[] bond_miss=set() bond_excess={1}

matched with excess inter-residue bond(s): A:484
No template matched for residue_key='A:486'
tried 3 templates for residue_key='A:486'excess_H_ok=False
PHE        heavy_miss=5 heavy_excess=3 H_excess=[] bond_miss=set() bond_excess=set()
NPHE       heavy_miss=5 heavy_excess=3 H_excess=[] bond_miss=set() bond_excess={4}
CPHE       heavy_miss=6 heavy_excess=3 H_excess=[] bond_miss=set() bond_excess={1}

matched with excess inter-residue bond(s): A:486
No template matched for residue_key='A:490'
tried 3 templates for residue_key='A:490'excess_H_ok=False
PRO        heavy_miss=1 heavy_excess=0 H_excess=[] bond_miss=set() bond_excess=set()
NPRO       heavy_miss=1 heavy_excess=0 H_excess=[] bond_miss=set() bond_excess={4}
CPRO       heavy_miss=2 heavy_excess=0 H_excess=[] bond_miss=set() bond_excess={1}

matched with excess inter-residue bond(s): A:490
No template matched for residue_key='A:494'
tried 3 templates for residue_key='A:494'excess_H_ok=False
LEU        heavy_miss=2 heavy_excess=0 H_excess=[] bond_miss=set() bond_excess=set()
NLEU       heavy_miss=2 heavy_excess=0 H_excess=[] bond_miss=set() bond_excess={4}
CLEU       heavy_miss=3 heavy_excess=0 H_excess=[] bond_miss=set() bond_excess={1}

matched with excess inter-residue bond(s): A:494
No template matched for residue_key='A:497'
tried 3 templates for residue_key='A:497'excess_H_ok=False
ARG        heavy_miss=5 heavy_excess=4 H_excess=[] bond_miss=set() bond_excess=set()
NARG       heavy_miss=5 heavy_excess=4 H_excess=[] bond_miss=set() bond_excess={4}
CARG       heavy_miss=6 heavy_excess=4 H_excess=[] bond_miss=set() bond_excess={1}

matched with excess inter-residue bond(s): A:497
No template matched for residue_key='A:499'
tried 3 templates for residue_key='A:499'excess_H_ok=False
LEU        heavy_miss=2 heavy_excess=0 H_excess=[] bond_miss=set() bond_excess=set()
NLEU       heavy_miss=2 heavy_excess=0 H_excess=[] bond_miss=set() bond_excess={4}
CLEU       heavy_miss=3 heavy_excess=0 H_excess=[] bond_miss=set() bond_excess={1}

matched with excess inter-residue bond(s): A:499
No template matched for residue_key='A:501'
tried 6 templates for residue_key='A:501'excess_H_ok=False
LYS        heavy_miss=3 heavy_excess=2 H_excess=[] bond_miss=set() bond_excess=set()
NLYS       heavy_miss=3 heavy_excess=2 H_excess=[] bond_miss=set() bond_excess={4}
CLYS       heavy_miss=4 heavy_excess=2 H_excess=[] bond_miss=set() bond_excess={1}
LYN        heavy_miss=3 heavy_excess=2 H_excess=[] bond_miss=set() bond_excess=set()
NLYN       heavy_miss=3 heavy_excess=2 H_excess=[] bond_miss=set() bond_excess={4}
CLYN       heavy_miss=4 heavy_excess=2 H_excess=[] bond_miss=set() bond_excess={1}

matched with excess inter-residue bond(s): A:501
No template matched for residue_key='A:502'
tried 3 templates for residue_key='A:502'excess_H_ok=False
LEU        heavy_miss=2 heavy_excess=0 H_excess=[] bond_miss=set() bond_excess=set()
NLEU       heavy_miss=2 heavy_excess=0 H_excess=[] bond_miss=set() bond_excess={4}
CLEU       heavy_miss=3 heavy_excess=0 H_excess=[] bond_miss=set() bond_excess={1}

matched with excess inter-residue bond(s): A:502
No template matched for residue_key='A:504'
tried 6 templates for residue_key='A:504'excess_H_ok=False
LYS        heavy_miss=3 heavy_excess=2 H_excess=[] bond_miss=set() bond_excess=set()
NLYS       heavy_miss=3 heavy_excess=2 H_excess=[] bond_miss=set() bond_excess={4}
CLYS       heavy_miss=4 heavy_excess=2 H_excess=[] bond_miss=set() bond_excess={1}
LYN        heavy_miss=3 heavy_excess=2 H_excess=[] bond_miss=set() bond_excess=set()
NLYN       heavy_miss=3 heavy_excess=2 H_excess=[] bond_miss=set() bond_excess={4}
CLYN       heavy_miss=4 heavy_excess=2 H_excess=[] bond_miss=set() bond_excess={1}

matched with excess inter-residue bond(s): A:504
No template matched for residue_key='A:505'
tried 3 templates for residue_key='A:505'excess_H_ok=False
TYR        heavy_miss=6 heavy_excess=4 H_excess=[] bond_miss=set() bond_excess=set()
NTYR       heavy_miss=6 heavy_excess=4 H_excess=[] bond_miss=set() bond_excess={4}
CTYR       heavy_miss=7 heavy_excess=4 H_excess=[] bond_miss=set() bond_excess={1}

matched with excess inter-residue bond(s): A:505
No template matched for residue_key='A:508'
tried 6 templates for residue_key='A:508'excess_H_ok=False
LYS        heavy_miss=3 heavy_excess=2 H_excess=[] bond_miss=set() bond_excess=set()
NLYS       heavy_miss=3 heavy_excess=2 H_excess=[] bond_miss=set() bond_excess={4}
CLYS       heavy_miss=4 heavy_excess=2 H_excess=[] bond_miss=set() bond_excess={1}
LYN        heavy_miss=3 heavy_excess=2 H_excess=[] bond_miss=set() bond_excess=set()
NLYN       heavy_miss=3 heavy_excess=2 H_excess=[] bond_miss=set() bond_excess={4}
CLYN       heavy_miss=4 heavy_excess=2 H_excess=[] bond_miss=set() bond_excess={1}

matched with excess inter-residue bond(s): A:508
No template matched for residue_key='A:511'
tried 3 templates for residue_key='A:511'excess_H_ok=False
PHE        heavy_miss=5 heavy_excess=3 H_excess=[] bond_miss=set() bond_excess=set()
NPHE       heavy_miss=5 heavy_excess=3 H_excess=[] bond_miss=set() bond_excess={4}
CPHE       heavy_miss=6 heavy_excess=3 H_excess=[] bond_miss=set() bond_excess={1}

matched with excess inter-residue bond(s): A:511
No template matched for residue_key='A:516'
tried 3 templates for residue_key='A:516'excess_H_ok=False
GLN        heavy_miss=3 heavy_excess=2 H_excess=[] bond_miss=set() bond_excess=set()
NGLN       heavy_miss=3 heavy_excess=2 H_excess=[] bond_miss=set() bond_excess={4}
CGLN       heavy_miss=4 heavy_excess=2 H_excess=[] bond_miss=set() bond_excess={1}

matched with excess inter-residue bond(s): A:516
No template matched for residue_key='A:517'
tried 3 templates for residue_key='A:517'excess_H_ok=False
ARG        heavy_miss=5 heavy_excess=4 H_excess=[] bond_miss=set() bond_excess=set()
NARG       heavy_miss=5 heavy_excess=4 H_excess=[] bond_miss=set() bond_excess={4}
CARG       heavy_miss=6 heavy_excess=4 H_excess=[] bond_miss=set() bond_excess={1}

matched with excess inter-residue bond(s): A:517
No template matched for residue_key='A:525'
tried 3 templates for residue_key='A:525'excess_H_ok=False
ILE        heavy_miss=1 heavy_excess=0 H_excess=[] bond_miss=set() bond_excess=set()
NILE       heavy_miss=1 heavy_excess=0 H_excess=[] bond_miss=set() bond_excess={4}
CILE       heavy_miss=2 heavy_excess=0 H_excess=[] bond_miss=set() bond_excess={1}

matched with excess inter-residue bond(s): A:525
No template matched for residue_key='A:526'
tried 3 templates for residue_key='A:526'excess_H_ok=False
ILE        heavy_miss=1 heavy_excess=0 H_excess=[] bond_miss=set() bond_excess=set()
NILE       heavy_miss=1 heavy_excess=0 H_excess=[] bond_miss=set() bond_excess={4}
CILE       heavy_miss=2 heavy_excess=0 H_excess=[] bond_miss=set() bond_excess={1}

matched with excess inter-residue bond(s): A:526
No template matched for residue_key='A:527'
tried 3 templates for residue_key='A:527'excess_H_ok=False
ARG        heavy_miss=5 heavy_excess=4 H_excess=[] bond_miss=set() bond_excess=set()
NARG       heavy_miss=5 heavy_excess=4 H_excess=[] bond_miss=set() bond_excess={4}
CARG       heavy_miss=6 heavy_excess=4 H_excess=[] bond_miss=set() bond_excess={1}

matched with excess inter-residue bond(s): A:527
No template matched for residue_key='A:528'
tried 3 templates for residue_key='A:528'excess_H_ok=False
ARG        heavy_miss=5 heavy_excess=4 H_excess=[] bond_miss=set() bond_excess=set()
NARG       heavy_miss=5 heavy_excess=4 H_excess=[] bond_miss=set() bond_excess={4}
CARG       heavy_miss=6 heavy_excess=4 H_excess=[] bond_miss=set() bond_excess={1}

matched with excess inter-residue bond(s): A:528
No template matched for residue_key='A:534'
tried 9 templates for residue_key='A:534'excess_H_ok=False
HIE        heavy_miss=1 heavy_excess=0 H_excess=[] bond_miss=set() bond_excess=set()
HID        heavy_miss=1 heavy_excess=0 H_excess=[] bond_miss=set() bond_excess=set()
HIP        heavy_miss=1 heavy_excess=0 H_excess=[] bond_miss=set() bond_excess=set()
NHIE       heavy_miss=1 heavy_excess=0 H_excess=[] bond_miss=set() bond_excess={4}
NHID       heavy_miss=1 heavy_excess=0 H_excess=[] bond_miss=set() bond_excess={4}
NHIP       heavy_miss=1 heavy_excess=0 H_excess=[] bond_miss=set() bond_excess={4}
CHIE       heavy_miss=2 heavy_excess=0 H_excess=[] bond_miss=set() bond_excess={1}
CHID       heavy_miss=2 heavy_excess=0 H_excess=[] bond_miss=set() bond_excess={1}
CHIP       heavy_miss=2 heavy_excess=0 H_excess=[] bond_miss=set() bond_excess={1}

matched with excess inter-residue bond(s): A:534
No template matched for residue_key='A:535'
tried 6 templates for residue_key='A:535'excess_H_ok=False
GLU        heavy_miss=3 heavy_excess=2 H_excess=[] bond_miss=set() bond_excess=set()
NGLU       heavy_miss=3 heavy_excess=2 H_excess=[] bond_miss=set() bond_excess={4}
CGLU       heavy_miss=4 heavy_excess=2 H_excess=[] bond_miss=set() bond_excess={1}
GLH        heavy_miss=3 heavy_excess=2 H_excess=[] bond_miss=set() bond_excess=set()
NGLH       heavy_miss=3 heavy_excess=2 H_excess=[] bond_miss=set() bond_excess={4}
CGLH       heavy_miss=4 heavy_excess=2 H_excess=[] bond_miss=set() bond_excess={1}

matched with excess inter-residue bond(s): A:535
No template matched for residue_key='A:536'
tried 3 templates for residue_key='A:536'excess_H_ok=False
ILE        heavy_miss=1 heavy_excess=0 H_excess=[] bond_miss=set() bond_excess=set()
NILE       heavy_miss=1 heavy_excess=0 H_excess=[] bond_miss=set() bond_excess={4}
CILE       heavy_miss=2 heavy_excess=0 H_excess=[] bond_miss=set() bond_excess={1}

matched with excess inter-residue bond(s): A:536
No template matched for residue_key='A:539'
tried 9 templates for residue_key='A:539'excess_H_ok=False
HIE        heavy_miss=1 heavy_excess=0 H_excess=[] bond_miss=set() bond_excess=set()
HID        heavy_miss=1 heavy_excess=0 H_excess=[] bond_miss=set() bond_excess=set()
HIP        heavy_miss=1 heavy_excess=0 H_excess=[] bond_miss=set() bond_excess=set()
NHIE       heavy_miss=1 heavy_excess=0 H_excess=[] bond_miss=set() bond_excess={4}
NHID       heavy_miss=1 heavy_excess=0 H_excess=[] bond_miss=set() bond_excess={4}
NHIP       heavy_miss=1 heavy_excess=0 H_excess=[] bond_miss=set() bond_excess={4}
CHIE       heavy_miss=2 heavy_excess=0 H_excess=[] bond_miss=set() bond_excess={1}
CHID       heavy_miss=2 heavy_excess=0 H_excess=[] bond_miss=set() bond_excess={1}
CHIP       heavy_miss=2 heavy_excess=0 H_excess=[] bond_miss=set() bond_excess={1}

matched with excess inter-residue bond(s): A:539
No template matched for residue_key='A:541'
tried 3 templates for residue_key='A:541'excess_H_ok=False
TRP        heavy_miss=8 heavy_excess=6 H_excess=[] bond_miss=set() bond_excess=set()
NTRP       heavy_miss=8 heavy_excess=6 H_excess=[] bond_miss=set() bond_excess={4}
CTRP       heavy_miss=9 heavy_excess=6 H_excess=[] bond_miss=set() bond_excess={1}

matched with excess inter-residue bond(s): A:541
No template matched for residue_key='A:543'
tried 3 templates for residue_key='A:543'excess_H_ok=False
TYR        heavy_miss=6 heavy_excess=4 H_excess=[] bond_miss=set() bond_excess=set()
NTYR       heavy_miss=6 heavy_excess=4 H_excess=[] bond_miss=set() bond_excess={4}
CTYR       heavy_miss=7 heavy_excess=4 H_excess=[] bond_miss=set() bond_excess={1}

matched with excess inter-residue bond(s): A:543
No template matched for residue_key='A:551'
tried 3 templates for residue_key='A:551'excess_H_ok=False
PRO        heavy_miss=1 heavy_excess=0 H_excess=[] bond_miss=set() bond_excess=set()
NPRO       heavy_miss=1 heavy_excess=0 H_excess=[] bond_miss=set() bond_excess={4}
CPRO       heavy_miss=2 heavy_excess=0 H_excess=[] bond_miss=set() bond_excess={1}

matched with excess inter-residue bond(s): A:551
No template matched for residue_key='A:553'
tried 3 templates for residue_key='A:553'excess_H_ok=False
GLN        heavy_miss=3 heavy_excess=2 H_excess=[] bond_miss=set() bond_excess=set()
NGLN       heavy_miss=3 heavy_excess=2 H_excess=[] bond_miss=set() bond_excess={4}
CGLN       heavy_miss=4 heavy_excess=2 H_excess=[] bond_miss=set() bond_excess={1}

matched with excess inter-residue bond(s): A:553
No template matched for residue_key='A:554'
tried 3 templates for residue_key='A:554'excess_H_ok=False
ILE        heavy_miss=1 heavy_excess=0 H_excess=[] bond_miss=set() bond_excess=set()
NILE       heavy_miss=1 heavy_excess=0 H_excess=[] bond_miss=set() bond_excess={4}
CILE       heavy_miss=2 heavy_excess=0 H_excess=[] bond_miss=set() bond_excess={1}

matched with excess inter-residue bond(s): A:554
No template matched for residue_key='A:555'
tried 3 templates for residue_key='A:555'excess_H_ok=False
ARG        heavy_miss=5 heavy_excess=4 H_excess=[] bond_miss=set() bond_excess=set()
NARG       heavy_miss=5 heavy_excess=4 H_excess=[] bond_miss=set() bond_excess={4}
CARG       heavy_miss=6 heavy_excess=4 H_excess=[] bond_miss=set() bond_excess={1}

matched with excess inter-residue bond(s): A:555
No template matched for residue_key='A:556'
tried 6 templates for residue_key='A:556'excess_H_ok=False
LYS        heavy_miss=3 heavy_excess=2 H_excess=[] bond_miss=set() bond_excess=set()
NLYS       heavy_miss=3 heavy_excess=2 H_excess=[] bond_miss=set() bond_excess={4}
CLYS       heavy_miss=4 heavy_excess=2 H_excess=[] bond_miss=set() bond_excess={1}
LYN        heavy_miss=3 heavy_excess=2 H_excess=[] bond_miss=set() bond_excess=set()
NLYN       heavy_miss=3 heavy_excess=2 H_excess=[] bond_miss=set() bond_excess={4}
CLYN       heavy_miss=4 heavy_excess=2 H_excess=[] bond_miss=set() bond_excess={1}

matched with excess inter-residue bond(s): A:556
No template matched for residue_key='A:558'
tried 3 templates for residue_key='A:558'excess_H_ok=False
ILE        heavy_miss=1 heavy_excess=0 H_excess=[] bond_miss=set() bond_excess=set()
NILE       heavy_miss=1 heavy_excess=0 H_excess=[] bond_miss=set() bond_excess={4}
CILE       heavy_miss=2 heavy_excess=0 H_excess=[] bond_miss=set() bond_excess={1}

matched with excess inter-residue bond(s): A:558
No template matched for residue_key='A:565'
tried 3 templates for residue_key='A:565'excess_H_ok=False
ILE        heavy_miss=1 heavy_excess=0 H_excess=[] bond_miss=set() bond_excess=set()
NILE       heavy_miss=1 heavy_excess=0 H_excess=[] bond_miss=set() bond_excess={4}
CILE       heavy_miss=2 heavy_excess=0 H_excess=[] bond_miss=set() bond_excess={1}

matched with excess inter-residue bond(s): A:565
No template matched for residue_key='A:566'
tried 3 templates for residue_key='A:566'excess_H_ok=False
GLN        heavy_miss=3 heavy_excess=2 H_excess=[] bond_miss=set() bond_excess=set()
NGLN       heavy_miss=3 heavy_excess=2 H_excess=[] bond_miss=set() bond_excess={4}
CGLN       heavy_miss=4 heavy_excess=2 H_excess=[] bond_miss=set() bond_excess={1}

matched with excess inter-residue bond(s): A:566
No template matched for residue_key='A:567'
tried 6 templates for residue_key='A:567'excess_H_ok=False
LYS        heavy_miss=3 heavy_excess=2 H_excess=[] bond_miss=set() bond_excess=set()
NLYS       heavy_miss=3 heavy_excess=2 H_excess=[] bond_miss=set() bond_excess={4}
CLYS       heavy_miss=4 heavy_excess=2 H_excess=[] bond_miss=set() bond_excess={1}
LYN        heavy_miss=3 heavy_excess=2 H_excess=[] bond_miss=set() bond_excess=set()
NLYN       heavy_miss=3 heavy_excess=2 H_excess=[] bond_miss=set() bond_excess={4}
CLYN       heavy_miss=4 heavy_excess=2 H_excess=[] bond_miss=set() bond_excess={1}

matched with excess inter-residue bond(s): A:567
No template matched for residue_key='A:568'
tried 3 templates for residue_key='A:568'excess_H_ok=False
TYR        heavy_miss=6 heavy_excess=4 H_excess=[] bond_miss=set() bond_excess=set()
NTYR       heavy_miss=6 heavy_excess=4 H_excess=[] bond_miss=set() bond_excess={4}
CTYR       heavy_miss=7 heavy_excess=4 H_excess=[] bond_miss=set() bond_excess={1}

matched with excess inter-residue bond(s): A:568
No template matched for residue_key='A:573'
tried 3 templates for residue_key='A:573'excess_H_ok=False
PRO        heavy_miss=1 heavy_excess=0 H_excess=[] bond_miss=set() bond_excess=set()
NPRO       heavy_miss=1 heavy_excess=0 H_excess=[] bond_miss=set() bond_excess={4}
CPRO       heavy_miss=2 heavy_excess=0 H_excess=[] bond_miss=set() bond_excess={1}

matched with excess inter-residue bond(s): A:573
No template matched for residue_key='A:574'
tried 6 templates for residue_key='A:574'excess_H_ok=False
LYS        heavy_miss=3 heavy_excess=2 H_excess=[] bond_miss=set() bond_excess=set()
NLYS       heavy_miss=3 heavy_excess=2 H_excess=[] bond_miss=set() bond_excess={4}
CLYS       heavy_miss=4 heavy_excess=2 H_excess=[] bond_miss=set() bond_excess={1}
LYN        heavy_miss=3 heavy_excess=2 H_excess=[] bond_miss=set() bond_excess=set()
NLYN       heavy_miss=3 heavy_excess=2 H_excess=[] bond_miss=set() bond_excess={4}
CLYN       heavy_miss=4 heavy_excess=2 H_excess=[] bond_miss=set() bond_excess={1}

matched with excess inter-residue bond(s): A:574
No template matched for residue_key='A:575'
tried 3 templates for residue_key='A:575'excess_H_ok=False
PHE        heavy_miss=5 heavy_excess=3 H_excess=[] bond_miss=set() bond_excess=set()
NPHE       heavy_miss=5 heavy_excess=3 H_excess=[] bond_miss=set() bond_excess={4}
CPHE       heavy_miss=6 heavy_excess=3 H_excess=[] bond_miss=set() bond_excess={1}

matched with excess inter-residue bond(s): A:575
No template matched for residue_key='A:576'
tried 3 templates for residue_key='A:576'excess_H_ok=False
PHE        heavy_miss=5 heavy_excess=3 H_excess=[] bond_miss=set() bond_excess=set()
NPHE       heavy_miss=5 heavy_excess=3 H_excess=[] bond_miss=set() bond_excess={4}
CPHE       heavy_miss=6 heavy_excess=3 H_excess=[] bond_miss=set() bond_excess={1}

matched with excess inter-residue bond(s): A:576
No template matched for residue_key='A:577'
tried 3 templates for residue_key='A:577'excess_H_ok=False
ARG        heavy_miss=5 heavy_excess=4 H_excess=[] bond_miss=set() bond_excess=set()
NARG       heavy_miss=5 heavy_excess=4 H_excess=[] bond_miss=set() bond_excess={4}
CARG       heavy_miss=6 heavy_excess=4 H_excess=[] bond_miss=set() bond_excess={1}

matched with excess inter-residue bond(s): A:577
No template matched for residue_key='A:578'
tried 3 templates for residue_key='A:578'excess_H_ok=False
PRO        heavy_miss=1 heavy_excess=0 H_excess=[] bond_miss=set() bond_excess=set()
NPRO       heavy_miss=1 heavy_excess=0 H_excess=[] bond_miss=set() bond_excess={4}
CPRO       heavy_miss=2 heavy_excess=0 H_excess=[] bond_miss=set() bond_excess={1}

matched with excess inter-residue bond(s): A:578
No template matched for residue_key='A:579'
tried 3 templates for residue_key='A:579'excess_H_ok=False
PRO        heavy_miss=1 heavy_excess=0 H_excess=[] bond_miss=set() bond_excess=set()
NPRO       heavy_miss=1 heavy_excess=0 H_excess=[] bond_miss=set() bond_excess={4}
CPRO       heavy_miss=2 heavy_excess=0 H_excess=[] bond_miss=set() bond_excess={1}

matched with excess inter-residue bond(s): A:579
No template matched for residue_key='A:581'
tried 3 templates for residue_key='A:581'excess_H_ok=False
LEU        heavy_miss=2 heavy_excess=0 H_excess=[] bond_miss=set() bond_excess=set()
NLEU       heavy_miss=2 heavy_excess=0 H_excess=[] bond_miss=set() bond_excess={4}
CLEU       heavy_miss=3 heavy_excess=0 H_excess=[] bond_miss=set() bond_excess={1}

matched with excess inter-residue bond(s): A:581
No template matched for residue_key='A:582'
tried 6 templates for residue_key='A:582'excess_H_ok=False
GLU        heavy_miss=3 heavy_excess=2 H_excess=[] bond_miss=set() bond_excess=set()
NGLU       heavy_miss=3 heavy_excess=2 H_excess=[] bond_miss=set() bond_excess={4}
CGLU       heavy_miss=4 heavy_excess=2 H_excess=[] bond_miss=set() bond_excess={1}
GLH        heavy_miss=3 heavy_excess=2 H_excess=[] bond_miss=set() bond_excess=set()
NGLH       heavy_miss=3 heavy_excess=2 H_excess=[] bond_miss=set() bond_excess={4}
CGLH       heavy_miss=4 heavy_excess=2 H_excess=[] bond_miss=set() bond_excess={1}

matched with excess inter-residue bond(s): A:582
No template matched for residue_key='A:585'
tried 3 templates for residue_key='A:585'excess_H_ok=False
PRO        heavy_miss=1 heavy_excess=0 H_excess=[] bond_miss=set() bond_excess=set()
NPRO       heavy_miss=1 heavy_excess=0 H_excess=[] bond_miss=set() bond_excess={4}
CPRO       heavy_miss=2 heavy_excess=0 H_excess=[] bond_miss=set() bond_excess={1}

matched with excess inter-residue bond(s): A:585
No template matched for residue_key='A:587'
tried 3 templates for residue_key='A:587'excess_H_ok=False
LEU        heavy_miss=2 heavy_excess=0 H_excess=[] bond_miss=set() bond_excess=set()
NLEU       heavy_miss=2 heavy_excess=0 H_excess=[] bond_miss=set() bond_excess={4}
CLEU       heavy_miss=3 heavy_excess=0 H_excess=[] bond_miss=set() bond_excess={1}

matched with excess inter-residue bond(s): A:587
No template matched for residue_key='A:588'
tried 3 templates for residue_key='A:588'excess_H_ok=False
PHE        heavy_miss=5 heavy_excess=3 H_excess=[] bond_miss=set() bond_excess=set()
NPHE       heavy_miss=5 heavy_excess=3 H_excess=[] bond_miss=set() bond_excess={4}
CPHE       heavy_miss=6 heavy_excess=3 H_excess=[] bond_miss=set() bond_excess={1}

matched with excess inter-residue bond(s): A:588
No template matched for residue_key='A:593'
tried 3 templates for residue_key='A:593'excess_H_ok=False
LEU        heavy_miss=2 heavy_excess=0 H_excess=[] bond_miss=set() bond_excess=set()
NLEU       heavy_miss=2 heavy_excess=0 H_excess=[] bond_miss=set() bond_excess={4}
CLEU       heavy_miss=3 heavy_excess=0 H_excess=[] bond_miss=set() bond_excess={1}

matched with excess inter-residue bond(s): A:593
No template matched for residue_key='A:595'
tried 3 templates for residue_key='A:595'excess_H_ok=False
PHE        heavy_miss=5 heavy_excess=3 H_excess=[] bond_miss=set() bond_excess=set()
NPHE       heavy_miss=5 heavy_excess=3 H_excess=[] bond_miss=set() bond_excess={4}
CPHE       heavy_miss=6 heavy_excess=3 H_excess=[] bond_miss=set() bond_excess={1}

matched with excess inter-residue bond(s): A:595
No template matched for residue_key='A:599'
tried 3 templates for residue_key='A:599'excess_H_ok=False
LEU        heavy_miss=2 heavy_excess=0 H_excess=[] bond_miss=set() bond_excess=set()
NLEU       heavy_miss=2 heavy_excess=0 H_excess=[] bond_miss=set() bond_excess={4}
CLEU       heavy_miss=3 heavy_excess=0 H_excess=[] bond_miss=set() bond_excess={1}

matched with excess inter-residue bond(s): A:599
No template matched for residue_key='A:604'
tried 3 templates for residue_key='A:604'excess_H_ok=False
TRP        heavy_miss=8 heavy_excess=6 H_excess=[] bond_miss=set() bond_excess=set()
NTRP       heavy_miss=8 heavy_excess=6 H_excess=[] bond_miss=set() bond_excess={4}
CTRP       heavy_miss=9 heavy_excess=6 H_excess=[] bond_miss=set() bond_excess={1}

matched with excess inter-residue bond(s): A:604
No template matched for residue_key='A:605'
tried 3 templates for residue_key='A:605'excess_H_ok=False
ILE        heavy_miss=1 heavy_excess=0 H_excess=[] bond_miss=set() bond_excess=set()
NILE       heavy_miss=1 heavy_excess=0 H_excess=[] bond_miss=set() bond_excess={4}
CILE       heavy_miss=2 heavy_excess=0 H_excess=[] bond_miss=set() bond_excess={1}

matched with excess inter-residue bond(s): A:605
No template matched for residue_key='A:606'
tried 3 templates for residue_key='A:606'excess_H_ok=False
PRO        heavy_miss=1 heavy_excess=0 H_excess=[] bond_miss=set() bond_excess=set()
NPRO       heavy_miss=1 heavy_excess=0 H_excess=[] bond_miss=set() bond_excess={4}
CPRO       heavy_miss=2 heavy_excess=0 H_excess=[] bond_miss=set() bond_excess={1}

matched with excess inter-residue bond(s): A:606
No template matched for residue_key='A:611'
tried 6 templates for residue_key='A:611'excess_H_ok=False
GLU        heavy_miss=3 heavy_excess=2 H_excess=[] bond_miss=set() bond_excess=set()
NGLU       heavy_miss=3 heavy_excess=2 H_excess=[] bond_miss=set() bond_excess={4}
CGLU       heavy_miss=4 heavy_excess=2 H_excess=[] bond_miss=set() bond_excess={1}
GLH        heavy_miss=3 heavy_excess=2 H_excess=[] bond_miss=set() bond_excess=set()
NGLH       heavy_miss=3 heavy_excess=2 H_excess=[] bond_miss=set() bond_excess={4}
CGLH       heavy_miss=4 heavy_excess=2 H_excess=[] bond_miss=set() bond_excess={1}

matched with excess inter-residue bond(s): A:611
No template matched for residue_key='A:612'
tried 3 templates for residue_key='A:612'excess_H_ok=False
GLN        heavy_miss=3 heavy_excess=2 H_excess=[] bond_miss=set() bond_excess=set()
NGLN       heavy_miss=3 heavy_excess=2 H_excess=[] bond_miss=set() bond_excess={4}
CGLN       heavy_miss=4 heavy_excess=2 H_excess=[] bond_miss=set() bond_excess={1}

matched with excess inter-residue bond(s): A:612
No template matched for residue_key='A:613'
tried 3 templates for residue_key='A:613'excess_H_ok=False
ARG        heavy_miss=5 heavy_excess=4 H_excess=[] bond_miss=set() bond_excess=set()
NARG       heavy_miss=5 heavy_excess=4 H_excess=[] bond_miss=set() bond_excess={4}
CARG       heavy_miss=6 heavy_excess=4 H_excess=[] bond_miss=set() bond_excess={1}

matched with excess inter-residue bond(s): A:613
No template matched for residue_key='A:618'
tried 3 templates for residue_key='A:618'excess_H_ok=False
ILE        heavy_miss=1 heavy_excess=0 H_excess=[] bond_miss=set() bond_excess=set()
NILE       heavy_miss=1 heavy_excess=0 H_excess=[] bond_miss=set() bond_excess={4}
CILE       heavy_miss=2 heavy_excess=0 H_excess=[] bond_miss=set() bond_excess={1}

matched with excess inter-residue bond(s): A:618
No template matched for residue_key='A:622'
tried 3 templates for residue_key='A:622'excess_H_ok=False
ARG        heavy_miss=5 heavy_excess=4 H_excess=[] bond_miss=set() bond_excess=set()
NARG       heavy_miss=5 heavy_excess=4 H_excess=[] bond_miss=set() bond_excess={4}
CARG       heavy_miss=6 heavy_excess=4 H_excess=[] bond_miss=set() bond_excess={1}

matched with excess inter-residue bond(s): A:622
No template matched for residue_key='A:626'
tried 3 templates for residue_key='A:626'excess_H_ok=False
ILE        heavy_miss=1 heavy_excess=0 H_excess=[] bond_miss=set() bond_excess=set()
NILE       heavy_miss=1 heavy_excess=0 H_excess=[] bond_miss=set() bond_excess={4}
CILE       heavy_miss=2 heavy_excess=0 H_excess=[] bond_miss=set() bond_excess={1}

matched with excess inter-residue bond(s): A:626
No template matched for residue_key='A:627'
tried 3 templates for residue_key='A:627'excess_H_ok=False
ILE        heavy_miss=1 heavy_excess=0 H_excess=[] bond_miss=set() bond_excess=set()
NILE       heavy_miss=1 heavy_excess=0 H_excess=[] bond_miss=set() bond_excess={4}
CILE       heavy_miss=2 heavy_excess=0 H_excess=[] bond_miss=set() bond_excess={1}

matched with excess inter-residue bond(s): A:627
No template matched for residue_key='A:628'
tried 3 templates for residue_key='A:628'excess_H_ok=False
LEU        heavy_miss=2 heavy_excess=0 H_excess=[] bond_miss=set() bond_excess=set()
NLEU       heavy_miss=2 heavy_excess=0 H_excess=[] bond_miss=set() bond_excess={4}
CLEU       heavy_miss=3 heavy_excess=0 H_excess=[] bond_miss=set() bond_excess={1}

matched with excess inter-residue bond(s): A:628
No template matched for residue_key='A:629'
tried 3 templates for residue_key='A:629'excess_H_ok=False
LEU        heavy_miss=2 heavy_excess=0 H_excess=[] bond_miss=set() bond_excess=set()
NLEU       heavy_miss=2 heavy_excess=0 H_excess=[] bond_miss=set() bond_excess={4}
CLEU       heavy_miss=3 heavy_excess=0 H_excess=[] bond_miss=set() bond_excess={1}

matched with excess inter-residue bond(s): A:629
No template matched for residue_key='A:630'
tried 9 templates for residue_key='A:630'excess_H_ok=False
HIE        heavy_miss=1 heavy_excess=0 H_excess=[] bond_miss=set() bond_excess=set()
HID        heavy_miss=1 heavy_excess=0 H_excess=[] bond_miss=set() bond_excess=set()
HIP        heavy_miss=1 heavy_excess=0 H_excess=[] bond_miss=set() bond_excess=set()
NHIE       heavy_miss=1 heavy_excess=0 H_excess=[] bond_miss=set() bond_excess={4}
NHID       heavy_miss=1 heavy_excess=0 H_excess=[] bond_miss=set() bond_excess={4}
NHIP       heavy_miss=1 heavy_excess=0 H_excess=[] bond_miss=set() bond_excess={4}
CHIE       heavy_miss=2 heavy_excess=0 H_excess=[] bond_miss=set() bond_excess={1}
CHID       heavy_miss=2 heavy_excess=0 H_excess=[] bond_miss=set() bond_excess={1}
CHIP       heavy_miss=2 heavy_excess=0 H_excess=[] bond_miss=set() bond_excess={1}

matched with excess inter-residue bond(s): A:630
No template matched for residue_key='A:633'
tried 3 templates for residue_key='A:633'excess_H_ok=False
GLN        heavy_miss=3 heavy_excess=2 H_excess=[] bond_miss=set() bond_excess=set()
NGLN       heavy_miss=3 heavy_excess=2 H_excess=[] bond_miss=set() bond_excess={4}
CGLN       heavy_miss=4 heavy_excess=2 H_excess=[] bond_miss=set() bond_excess={1}

matched with excess inter-residue bond(s): A:633
No template matched for residue_key='A:634'
tried 3 templates for residue_key='A:634'excess_H_ok=False
PRO        heavy_miss=1 heavy_excess=0 H_excess=[] bond_miss=set() bond_excess=set()
NPRO       heavy_miss=1 heavy_excess=0 H_excess=[] bond_miss=set() bond_excess={4}
CPRO       heavy_miss=2 heavy_excess=0 H_excess=[] bond_miss=set() bond_excess={1}

matched with excess inter-residue bond(s): A:634
No template matched for residue_key='A:635'
tried 6 templates for residue_key='A:635'excess_H_ok=False
GLU        heavy_miss=3 heavy_excess=2 H_excess=[] bond_miss=set() bond_excess=set()
NGLU       heavy_miss=3 heavy_excess=2 H_excess=[] bond_miss=set() bond_excess={4}
CGLU       heavy_miss=4 heavy_excess=2 H_excess=[] bond_miss=set() bond_excess={1}
GLH        heavy_miss=3 heavy_excess=2 H_excess=[] bond_miss=set() bond_excess=set()
NGLH       heavy_miss=3 heavy_excess=2 H_excess=[] bond_miss=set() bond_excess={4}
CGLH       heavy_miss=4 heavy_excess=2 H_excess=[] bond_miss=set() bond_excess={1}

matched with excess inter-residue bond(s): A:635
No template matched for residue_key='A:636'
tried 3 templates for residue_key='A:636'excess_H_ok=False
PRO        heavy_miss=1 heavy_excess=0 H_excess=[] bond_miss=set() bond_excess=set()
NPRO       heavy_miss=1 heavy_excess=0 H_excess=[] bond_miss=set() bond_excess={4}
CPRO       heavy_miss=2 heavy_excess=0 H_excess=[] bond_miss=set() bond_excess={1}

matched with excess inter-residue bond(s): A:636
No template matched for residue_key='A:637'
tried 9 templates for residue_key='A:637'excess_H_ok=False
HIE        heavy_miss=1 heavy_excess=0 H_excess=[] bond_miss=set() bond_excess=set()
HID        heavy_miss=1 heavy_excess=0 H_excess=[] bond_miss=set() bond_excess=set()
HIP        heavy_miss=1 heavy_excess=0 H_excess=[] bond_miss=set() bond_excess=set()
NHIE       heavy_miss=1 heavy_excess=0 H_excess=[] bond_miss=set() bond_excess={4}
NHID       heavy_miss=1 heavy_excess=0 H_excess=[] bond_miss=set() bond_excess={4}
NHIP       heavy_miss=1 heavy_excess=0 H_excess=[] bond_miss=set() bond_excess={4}
CHIE       heavy_miss=2 heavy_excess=0 H_excess=[] bond_miss=set() bond_excess={1}
CHID       heavy_miss=2 heavy_excess=0 H_excess=[] bond_miss=set() bond_excess={1}
CHIP       heavy_miss=2 heavy_excess=0 H_excess=[] bond_miss=set() bond_excess={1}

matched with excess inter-residue bond(s): A:637
No template matched for residue_key='A:638'
tried 3 templates for residue_key='A:638'excess_H_ok=False
PRO        heavy_miss=1 heavy_excess=0 H_excess=[] bond_miss=set() bond_excess=set()
NPRO       heavy_miss=1 heavy_excess=0 H_excess=[] bond_miss=set() bond_excess={4}
CPRO       heavy_miss=2 heavy_excess=0 H_excess=[] bond_miss=set() bond_excess={1}

matched with excess inter-residue bond(s): A:638
No template matched for residue_key='A:640'
tried 3 templates for residue_key='A:640'excess_H_ok=False
PRO        heavy_miss=1 heavy_excess=0 H_excess=[] bond_miss=set() bond_excess=set()
NPRO       heavy_miss=1 heavy_excess=0 H_excess=[] bond_miss=set() bond_excess={4}
CPRO       heavy_miss=2 heavy_excess=0 H_excess=[] bond_miss=set() bond_excess={1}

matched with excess inter-residue bond(s): A:640
No template matched for residue_key='A:641'
tried 6 templates for residue_key='A:641'excess_H_ok=False
GLU        heavy_miss=3 heavy_excess=2 H_excess=[] bond_miss=set() bond_excess=set()
NGLU       heavy_miss=3 heavy_excess=2 H_excess=[] bond_miss=set() bond_excess={4}
CGLU       heavy_miss=4 heavy_excess=2 H_excess=[] bond_miss=set() bond_excess={1}
GLH        heavy_miss=3 heavy_excess=2 H_excess=[] bond_miss=set() bond_excess=set()
NGLH       heavy_miss=3 heavy_excess=2 H_excess=[] bond_miss=set() bond_excess={4}
CGLH       heavy_miss=4 heavy_excess=2 H_excess=[] bond_miss=set() bond_excess={1}

matched with excess inter-residue bond(s): A:641
No template matched for residue_key='A:643'
tried 3 templates for residue_key='A:643'excess_H_ok=False
LEU        heavy_miss=2 heavy_excess=0 H_excess=[] bond_miss=set() bond_excess=set()
NLEU       heavy_miss=2 heavy_excess=0 H_excess=[] bond_miss=set() bond_excess={4}
CLEU       heavy_miss=3 heavy_excess=0 H_excess=[] bond_miss=set() bond_excess={1}

matched with excess inter-residue bond(s): A:643
No template matched for residue_key='A:645'
tried 3 templates for residue_key='A:645'excess_H_ok=False
ILE        heavy_miss=1 heavy_excess=0 H_excess=[] bond_miss=set() bond_excess=set()
NILE       heavy_miss=1 heavy_excess=0 H_excess=[] bond_miss=set() bond_excess={4}
CILE       heavy_miss=2 heavy_excess=0 H_excess=[] bond_miss=set() bond_excess={1}

matched with excess inter-residue bond(s): A:645
No template matched for residue_key='A:646'
tried 3 templates for residue_key='A:646'excess_H_ok=False
ILE        heavy_miss=1 heavy_excess=0 H_excess=[] bond_miss=set() bond_excess=set()
NILE       heavy_miss=1 heavy_excess=0 H_excess=[] bond_miss=set() bond_excess={4}
CILE       heavy_miss=2 heavy_excess=0 H_excess=[] bond_miss=set() bond_excess={1}

matched with excess inter-residue bond(s): A:646
No template matched for residue_key='A:647'
tried 3 templates for residue_key='A:647'excess_H_ok=False
ILE        heavy_miss=1 heavy_excess=0 H_excess=[] bond_miss=set() bond_excess=set()
NILE       heavy_miss=1 heavy_excess=0 H_excess=[] bond_miss=set() bond_excess={4}
CILE       heavy_miss=2 heavy_excess=0 H_excess=[] bond_miss=set() bond_excess={1}

matched with excess inter-residue bond(s): A:647
No template matched for residue_key='A:648'
tried 3 templates for residue_key='A:648'excess_H_ok=False
PRO        heavy_miss=1 heavy_excess=0 H_excess=[] bond_miss=set() bond_excess=set()
NPRO       heavy_miss=1 heavy_excess=0 H_excess=[] bond_miss=set() bond_excess={4}
CPRO       heavy_miss=2 heavy_excess=0 H_excess=[] bond_miss=set() bond_excess={1}

matched with excess inter-residue bond(s): A:648
No template matched for residue_key='A:650'
tried 3 templates for residue_key='A:650'excess_H_ok=False
LEU        heavy_miss=2 heavy_excess=0 H_excess=[] bond_miss=set() bond_excess=set()
NLEU       heavy_miss=2 heavy_excess=0 H_excess=[] bond_miss=set() bond_excess={4}
CLEU       heavy_miss=3 heavy_excess=0 H_excess=[] bond_miss=set() bond_excess={1}

matched with excess inter-residue bond(s): A:650
No template matched for residue_key='A:651'
tried 6 templates for residue_key='A:651'excess_H_ok=False
LYS        heavy_miss=3 heavy_excess=2 H_excess=[] bond_miss=set() bond_excess=set()
NLYS       heavy_miss=3 heavy_excess=2 H_excess=[] bond_miss=set() bond_excess={4}
CLYS       heavy_miss=4 heavy_excess=2 H_excess=[] bond_miss=set() bond_excess={1}
LYN        heavy_miss=3 heavy_excess=2 H_excess=[] bond_miss=set() bond_excess=set()
NLYN       heavy_miss=3 heavy_excess=2 H_excess=[] bond_miss=set() bond_excess={4}
CLYN       heavy_miss=4 heavy_excess=2 H_excess=[] bond_miss=set() bond_excess={1}

matched with excess inter-residue bond(s): A:651
No template matched for residue_key='A:653'
tried 3 templates for residue_key='A:653'excess_H_ok=False
ARG        heavy_miss=5 heavy_excess=4 H_excess=[] bond_miss=set() bond_excess=set()
NARG       heavy_miss=5 heavy_excess=4 H_excess=[] bond_miss=set() bond_excess={4}
CARG       heavy_miss=6 heavy_excess=4 H_excess=[] bond_miss=set() bond_excess={1}

matched with excess inter-residue bond(s): A:653
No template matched for residue_key='A:655'
tried 3 templates for residue_key='A:655'excess_H_ok=False
TYR        heavy_miss=6 heavy_excess=4 H_excess=[] bond_miss=set() bond_excess=set()
NTYR       heavy_miss=6 heavy_excess=4 H_excess=[] bond_miss=set() bond_excess={4}
CTYR       heavy_miss=7 heavy_excess=4 H_excess=[] bond_miss=set() bond_excess={1}

matched with excess inter-residue bond(s): A:655
No template matched for residue_key='A:656'
tried 6 templates for residue_key='A:656'excess_H_ok=False
GLU        heavy_miss=3 heavy_excess=2 H_excess=[] bond_miss=set() bond_excess=set()
NGLU       heavy_miss=3 heavy_excess=2 H_excess=[] bond_miss=set() bond_excess={4}
CGLU       heavy_miss=4 heavy_excess=2 H_excess=[] bond_miss=set() bond_excess={1}
GLH        heavy_miss=3 heavy_excess=2 H_excess=[] bond_miss=set() bond_excess=set()
NGLH       heavy_miss=3 heavy_excess=2 H_excess=[] bond_miss=set() bond_excess={4}
CGLH       heavy_miss=4 heavy_excess=2 H_excess=[] bond_miss=set() bond_excess={1}

matched with excess inter-residue bond(s): A:656
No template matched for residue_key='A:657'
tried 3 templates for residue_key='A:657'excess_H_ok=False
PHE        heavy_miss=5 heavy_excess=3 H_excess=[] bond_miss=set() bond_excess=set()
NPHE       heavy_miss=5 heavy_excess=3 H_excess=[] bond_miss=set() bond_excess={4}
CPHE       heavy_miss=6 heavy_excess=3 H_excess=[] bond_miss=set() bond_excess={1}

matched with excess inter-residue bond(s): A:657
No template matched for residue_key='A:660'
tried 3 templates for residue_key='A:660'excess_H_ok=False
LEU        heavy_miss=2 heavy_excess=0 H_excess=[] bond_miss=set() bond_excess=set()
NLEU       heavy_miss=2 heavy_excess=0 H_excess=[] bond_miss=set() bond_excess={4}
CLEU       heavy_miss=3 heavy_excess=0 H_excess=[] bond_miss=set() bond_excess={1}

matched with excess inter-residue bond(s): A:660
No template matched for residue_key='A:662'
tried 6 templates for residue_key='A:662'excess_H_ok=False
GLU        heavy_miss=3 heavy_excess=2 H_excess=[] bond_miss=set() bond_excess=set()
NGLU       heavy_miss=3 heavy_excess=2 H_excess=[] bond_miss=set() bond_excess={4}
CGLU       heavy_miss=4 heavy_excess=2 H_excess=[] bond_miss=set() bond_excess={1}
GLH        heavy_miss=3 heavy_excess=2 H_excess=[] bond_miss=set() bond_excess=set()
NGLH       heavy_miss=3 heavy_excess=2 H_excess=[] bond_miss=set() bond_excess={4}
CGLH       heavy_miss=4 heavy_excess=2 H_excess=[] bond_miss=set() bond_excess={1}

matched with excess inter-residue bond(s): A:662
No template matched for residue_key='A:663'
tried 3 templates for residue_key='A:663'excess_H_ok=False
LEU        heavy_miss=2 heavy_excess=0 H_excess=[] bond_miss=set() bond_excess=set()
NLEU       heavy_miss=2 heavy_excess=0 H_excess=[] bond_miss=set() bond_excess={4}
CLEU       heavy_miss=3 heavy_excess=0 H_excess=[] bond_miss=set() bond_excess={1}

matched with excess inter-residue bond(s): A:663
No template matched for residue_key='A:664'
tried 3 templates for residue_key='A:664'excess_H_ok=False
PHE        heavy_miss=5 heavy_excess=3 H_excess=[] bond_miss=set() bond_excess=set()
NPHE       heavy_miss=5 heavy_excess=3 H_excess=[] bond_miss=set() bond_excess={4}
CPHE       heavy_miss=6 heavy_excess=3 H_excess=[] bond_miss=set() bond_excess={1}

matched with excess inter-residue bond(s): A:664
No template matched for residue_key='A:666'
tried 3 templates for residue_key='A:666'excess_H_ok=False
LEU        heavy_miss=2 heavy_excess=0 H_excess=[] bond_miss=set() bond_excess=set()
NLEU       heavy_miss=2 heavy_excess=0 H_excess=[] bond_miss=set() bond_excess={4}
CLEU       heavy_miss=3 heavy_excess=0 H_excess=[] bond_miss=set() bond_excess={1}

matched with excess inter-residue bond(s): A:666
No template matched for residue_key='A:667'
tried 6 templates for residue_key='A:667'excess_H_ok=False
LYS        heavy_miss=3 heavy_excess=2 H_excess=[] bond_miss=set() bond_excess=set()
NLYS       heavy_miss=3 heavy_excess=2 H_excess=[] bond_miss=set() bond_excess={4}
CLYS       heavy_miss=4 heavy_excess=2 H_excess=[] bond_miss=set() bond_excess={1}
LYN        heavy_miss=3 heavy_excess=2 H_excess=[] bond_miss=set() bond_excess=set()
NLYN       heavy_miss=3 heavy_excess=2 H_excess=[] bond_miss=set() bond_excess={4}
CLYN       heavy_miss=4 heavy_excess=2 H_excess=[] bond_miss=set() bond_excess={1}

matched with excess inter-residue bond(s): A:667
No template matched for residue_key='A:670'
tried 3 templates for residue_key='A:670'excess_H_ok=False
PRO        heavy_miss=1 heavy_excess=0 H_excess=[] bond_miss=set() bond_excess=set()
NPRO       heavy_miss=1 heavy_excess=0 H_excess=[] bond_miss=set() bond_excess={4}
CPRO       heavy_miss=2 heavy_excess=0 H_excess=[] bond_miss=set() bond_excess={1}

matched with excess inter-residue bond(s): A:670
No template matched for residue_key='A:671'
tried 3 templates for residue_key='A:671'excess_H_ok=False
ILE        heavy_miss=1 heavy_excess=0 H_excess=[] bond_miss=set() bond_excess=set()
NILE       heavy_miss=1 heavy_excess=0 H_excess=[] bond_miss=set() bond_excess={4}
CILE       heavy_miss=2 heavy_excess=0 H_excess=[] bond_miss=set() bond_excess={1}

matched with excess inter-residue bond(s): A:671
No template matched for residue_key='A:673'
tried 3 templates for residue_key='A:673'excess_H_ok=False
PRO        heavy_miss=1 heavy_excess=0 H_excess=[] bond_miss=set() bond_excess=set()
NPRO       heavy_miss=1 heavy_excess=0 H_excess=[] bond_miss=set() bond_excess={4}
CPRO       heavy_miss=2 heavy_excess=0 H_excess=[] bond_miss=set() bond_excess={1}

matched with excess inter-residue bond(s): A:673
No template matched for residue_key='A:676'
tried 6 templates for residue_key='A:676'excess_H_ok=False
LYS        heavy_miss=3 heavy_excess=2 H_excess=[] bond_miss=set() bond_excess=set()
NLYS       heavy_miss=3 heavy_excess=2 H_excess=[] bond_miss=set() bond_excess={4}
CLYS       heavy_miss=4 heavy_excess=2 H_excess=[] bond_miss=set() bond_excess={1}
LYN        heavy_miss=3 heavy_excess=2 H_excess=[] bond_miss=set() bond_excess=set()
NLYN       heavy_miss=3 heavy_excess=2 H_excess=[] bond_miss=set() bond_excess={4}
CLYN       heavy_miss=4 heavy_excess=2 H_excess=[] bond_miss=set() bond_excess={1}

matched with excess inter-residue bond(s): A:676
No template matched for residue_key='A:677'
tried 3 templates for residue_key='A:677'excess_H_ok=False
ARG        heavy_miss=5 heavy_excess=4 H_excess=[] bond_miss=set() bond_excess=set()
NARG       heavy_miss=5 heavy_excess=4 H_excess=[] bond_miss=set() bond_excess={4}
CARG       heavy_miss=6 heavy_excess=4 H_excess=[] bond_miss=set() bond_excess={1}

matched with excess inter-residue bond(s): A:677
No template matched for residue_key='A:679'
tried 3 templates for residue_key='A:679'excess_H_ok=False
TYR        heavy_miss=6 heavy_excess=4 H_excess=[] bond_miss=set() bond_excess=set()
NTYR       heavy_miss=6 heavy_excess=4 H_excess=[] bond_miss=set() bond_excess={4}
CTYR       heavy_miss=7 heavy_excess=4 H_excess=[] bond_miss=set() bond_excess={1}

matched with excess inter-residue bond(s): A:679
No template matched for residue_key='A:683'
tried 3 templates for residue_key='A:683'excess_H_ok=False
PRO        heavy_miss=1 heavy_excess=0 H_excess=[] bond_miss=set() bond_excess=set()
NPRO       heavy_miss=1 heavy_excess=0 H_excess=[] bond_miss=set() bond_excess={4}
CPRO       heavy_miss=2 heavy_excess=0 H_excess=[] bond_miss=set() bond_excess={1}

matched with excess inter-residue bond(s): A:683
No template matched for residue_key='A:684'
tried 3 templates for residue_key='A:684'excess_H_ok=False
LEU        heavy_miss=2 heavy_excess=1 H_excess=[] bond_miss={0} bond_excess=set()
NLEU       heavy_miss=2 heavy_excess=1 H_excess=[] bond_miss={0} bond_excess={4}
CLEU       heavy_miss=2 heavy_excess=0 H_excess=[] bond_miss=set() bond_excess=set()

- Template matching failed for: ['A:480', 'A:481', 'A:484', 'A:486', 'A:490', 'A:494', 'A:497', 'A:499', 'A:501', 'A:502', 'A:504', 'A:505', 'A:508', 'A:511', 'A:516', 'A:517', 'A:525', 'A:526', 'A:527', 'A:528', 'A:534', 'A:535', 'A:536', 'A:539', 'A:541', 'A:543', 'A:551', 'A:553', 'A:554', 'A:555', 'A:556', 'A:558', 'A:565', 'A:566', 'A:567', 'A:568', 'A:573', 'A:574', 'A:575', 'A:576', 'A:577', 'A:578', 'A:579', 'A:581', 'A:582', 'A:585', 'A:587', 'A:588', 'A:593', 'A:595', 'A:599', 'A:604', 'A:605', 'A:606', 'A:611', 'A:612', 'A:613', 'A:618', 'A:622', 'A:626', 'A:627', 'A:628', 'A:629', 'A:630', 'A:633', 'A:634', 'A:635', 'A:636', 'A:637', 'A:638', 'A:640', 'A:641', 'A:643', 'A:645', 'A:646', 'A:647', 'A:648', 'A:650', 'A:651', 'A:653', 'A:655', 'A:656', 'A:657', 'A:660', 'A:662', 'A:663', 'A:664', 'A:666', 'A:667', 'A:670', 'A:671', 'A:673', 'A:676', 'A:677', 'A:679', 'A:683', 'A:684'] Ignored due to allow_bad_res.

Files written:
/home/ubuntu/xylanase-thesis/docking/proteins/2C79_A_Repair.pdbqt <-- static (i.e., rigid) receptor input file
