@> 1358 atoms and 1 coordinate set(s) were parsed in 0.01s.
No template matched for residue_key='A:3'
tried 3 templates for residue_key='A:3'excess_H_ok=False
ILE        heavy_miss=1 heavy_excess=0 H_excess=[] bond_miss=set() bond_excess=set()
NILE       heavy_miss=1 heavy_excess=0 H_excess=[] bond_miss=set() bond_excess={4}
CILE       heavy_miss=2 heavy_excess=0 H_excess=[] bond_miss=set() bond_excess={1}

matched with excess inter-residue bond(s): A:3
No template matched for residue_key='A:4'
tried 3 templates for residue_key='A:4'excess_H_ok=False
GLN        heavy_miss=3 heavy_excess=2 H_excess=[] bond_miss=set() bond_excess=set()
NGLN       heavy_miss=3 heavy_excess=2 H_excess=[] bond_miss=set() bond_excess={4}
CGLN       heavy_miss=4 heavy_excess=2 H_excess=[] bond_miss=set() bond_excess={1}

matched with excess inter-residue bond(s): A:4
No template matched for residue_key='A:5'
tried 3 templates for residue_key='A:5'excess_H_ok=False
PRO        heavy_miss=1 heavy_excess=0 H_excess=[] bond_miss=set() bond_excess=set()
NPRO       heavy_miss=1 heavy_excess=0 H_excess=[] bond_miss=set() bond_excess={4}
CPRO       heavy_miss=2 heavy_excess=0 H_excess=[] bond_miss=set() bond_excess={1}

matched with excess inter-residue bond(s): A:5
No template matched for residue_key='A:9'
tried 3 templates for residue_key='A:9'excess_H_ok=False
TYR        heavy_miss=6 heavy_excess=4 H_excess=[] bond_miss=set() bond_excess=set()
NTYR       heavy_miss=6 heavy_excess=4 H_excess=[] bond_miss=set() bond_excess={4}
CTYR       heavy_miss=7 heavy_excess=4 H_excess=[] bond_miss=set() bond_excess={1}

matched with excess inter-residue bond(s): A:9
No template matched for residue_key='A:13'
tried 3 templates for residue_key='A:13'excess_H_ok=False
TYR        heavy_miss=6 heavy_excess=4 H_excess=[] bond_miss=set() bond_excess=set()
NTYR       heavy_miss=6 heavy_excess=4 H_excess=[] bond_miss=set() bond_excess={4}
CTYR       heavy_miss=7 heavy_excess=4 H_excess=[] bond_miss=set() bond_excess={1}

matched with excess inter-residue bond(s): A:13
No template matched for residue_key='A:14'
tried 3 templates for residue_key='A:14'excess_H_ok=False
PHE        heavy_miss=5 heavy_excess=3 H_excess=[] bond_miss=set() bond_excess=set()
NPHE       heavy_miss=5 heavy_excess=3 H_excess=[] bond_miss=set() bond_excess={4}
CPHE       heavy_miss=6 heavy_excess=3 H_excess=[] bond_miss=set() bond_excess={1}

matched with excess inter-residue bond(s): A:14
No template matched for residue_key='A:15'
tried 3 templates for residue_key='A:15'excess_H_ok=False
TYR        heavy_miss=6 heavy_excess=4 H_excess=[] bond_miss=set() bond_excess=set()
NTYR       heavy_miss=6 heavy_excess=4 H_excess=[] bond_miss=set() bond_excess={4}
CTYR       heavy_miss=7 heavy_excess=4 H_excess=[] bond_miss=set() bond_excess={1}

matched with excess inter-residue bond(s): A:15
No template matched for residue_key='A:17'
tried 3 templates for residue_key='A:17'excess_H_ok=False
TYR        heavy_miss=6 heavy_excess=4 H_excess=[] bond_miss=set() bond_excess=set()
NTYR       heavy_miss=6 heavy_excess=4 H_excess=[] bond_miss=set() bond_excess={4}
CTYR       heavy_miss=7 heavy_excess=4 H_excess=[] bond_miss=set() bond_excess={1}

matched with excess inter-residue bond(s): A:17
No template matched for residue_key='A:18'
tried 3 templates for residue_key='A:18'excess_H_ok=False
TRP        heavy_miss=8 heavy_excess=6 H_excess=[] bond_miss=set() bond_excess=set()
NTRP       heavy_miss=8 heavy_excess=6 H_excess=[] bond_miss=set() bond_excess={4}
CTRP       heavy_miss=9 heavy_excess=6 H_excess=[] bond_miss=set() bond_excess={1}

matched with excess inter-residue bond(s): A:18
No template matched for residue_key='A:22'
tried 9 templates for residue_key='A:22'excess_H_ok=False
HIE        heavy_miss=1 heavy_excess=0 H_excess=[] bond_miss=set() bond_excess=set()
HID        heavy_miss=1 heavy_excess=0 H_excess=[] bond_miss=set() bond_excess=set()
HIP        heavy_miss=1 heavy_excess=0 H_excess=[] bond_miss=set() bond_excess=set()
NHIE       heavy_miss=1 heavy_excess=0 H_excess=[] bond_miss=set() bond_excess={4}
NHID       heavy_miss=1 heavy_excess=0 H_excess=[] bond_miss=set() bond_excess={4}
NHIP       heavy_miss=1 heavy_excess=0 H_excess=[] bond_miss=set() bond_excess={4}
CHIE       heavy_miss=2 heavy_excess=0 H_excess=[] bond_miss=set() bond_excess={1}
CHID       heavy_miss=2 heavy_excess=0 H_excess=[] bond_miss=set() bond_excess={1}
CHIP       heavy_miss=2 heavy_excess=0 H_excess=[] bond_miss=set() bond_excess={1}

matched with excess inter-residue bond(s): A:22
No template matched for residue_key='A:27'
tried 3 templates for residue_key='A:27'excess_H_ok=False
TYR        heavy_miss=6 heavy_excess=4 H_excess=[] bond_miss=set() bond_excess=set()
NTYR       heavy_miss=6 heavy_excess=4 H_excess=[] bond_miss=set() bond_excess={4}
CTYR       heavy_miss=7 heavy_excess=4 H_excess=[] bond_miss=set() bond_excess={1}

matched with excess inter-residue bond(s): A:27
No template matched for residue_key='A:31'
tried 3 templates for residue_key='A:31'excess_H_ok=False
PRO        heavy_miss=1 heavy_excess=0 H_excess=[] bond_miss=set() bond_excess=set()
NPRO       heavy_miss=1 heavy_excess=0 H_excess=[] bond_miss=set() bond_excess={4}
CPRO       heavy_miss=2 heavy_excess=0 H_excess=[] bond_miss=set() bond_excess={1}

matched with excess inter-residue bond(s): A:31
No template matched for residue_key='A:34'
tried 3 templates for residue_key='A:34'excess_H_ok=False
GLN        heavy_miss=3 heavy_excess=2 H_excess=[] bond_miss=set() bond_excess=set()
NGLN       heavy_miss=3 heavy_excess=2 H_excess=[] bond_miss=set() bond_excess={4}
CGLN       heavy_miss=4 heavy_excess=2 H_excess=[] bond_miss=set() bond_excess={1}

matched with excess inter-residue bond(s): A:34
No template matched for residue_key='A:35'
tried 3 templates for residue_key='A:35'excess_H_ok=False
PHE        heavy_miss=5 heavy_excess=3 H_excess=[] bond_miss=set() bond_excess=set()
NPHE       heavy_miss=5 heavy_excess=3 H_excess=[] bond_miss=set() bond_excess={4}
CPHE       heavy_miss=6 heavy_excess=3 H_excess=[] bond_miss=set() bond_excess={1}

matched with excess inter-residue bond(s): A:35
No template matched for residue_key='A:39'
tried 3 templates for residue_key='A:39'excess_H_ok=False
TRP        heavy_miss=8 heavy_excess=6 H_excess=[] bond_miss=set() bond_excess=set()
NTRP       heavy_miss=8 heavy_excess=6 H_excess=[] bond_miss=set() bond_excess={4}
CTRP       heavy_miss=9 heavy_excess=6 H_excess=[] bond_miss=set() bond_excess={1}

matched with excess inter-residue bond(s): A:39
No template matched for residue_key='A:45'
tried 3 templates for residue_key='A:45'excess_H_ok=False
PHE        heavy_miss=5 heavy_excess=3 H_excess=[] bond_miss=set() bond_excess=set()
NPHE       heavy_miss=5 heavy_excess=3 H_excess=[] bond_miss=set() bond_excess={4}
CPHE       heavy_miss=6 heavy_excess=3 H_excess=[] bond_miss=set() bond_excess={1}

matched with excess inter-residue bond(s): A:45
No template matched for residue_key='A:49'
tried 6 templates for residue_key='A:49'excess_H_ok=False
LYS        heavy_miss=3 heavy_excess=2 H_excess=[] bond_miss=set() bond_excess=set()
NLYS       heavy_miss=3 heavy_excess=2 H_excess=[] bond_miss=set() bond_excess={4}
CLYS       heavy_miss=4 heavy_excess=2 H_excess=[] bond_miss=set() bond_excess={1}
LYN        heavy_miss=3 heavy_excess=2 H_excess=[] bond_miss=set() bond_excess=set()
NLYN       heavy_miss=3 heavy_excess=2 H_excess=[] bond_miss=set() bond_excess={4}
CLYN       heavy_miss=4 heavy_excess=2 H_excess=[] bond_miss=set() bond_excess={1}

matched with excess inter-residue bond(s): A:49
No template matched for residue_key='A:51'
tried 3 templates for residue_key='A:51'excess_H_ok=False
TRP        heavy_miss=8 heavy_excess=6 H_excess=[] bond_miss=set() bond_excess=set()
NTRP       heavy_miss=8 heavy_excess=6 H_excess=[] bond_miss=set() bond_excess={4}
CTRP       heavy_miss=9 heavy_excess=6 H_excess=[] bond_miss=set() bond_excess={1}

matched with excess inter-residue bond(s): A:51
No template matched for residue_key='A:52'
tried 3 templates for residue_key='A:52'excess_H_ok=False
GLN        heavy_miss=3 heavy_excess=2 H_excess=[] bond_miss=set() bond_excess=set()
NGLN       heavy_miss=3 heavy_excess=2 H_excess=[] bond_miss=set() bond_excess={4}
CGLN       heavy_miss=4 heavy_excess=2 H_excess=[] bond_miss=set() bond_excess={1}

matched with excess inter-residue bond(s): A:52
No template matched for residue_key='A:53'
tried 3 templates for residue_key='A:53'excess_H_ok=False
PRO        heavy_miss=1 heavy_excess=0 H_excess=[] bond_miss=set() bond_excess=set()
NPRO       heavy_miss=1 heavy_excess=0 H_excess=[] bond_miss=set() bond_excess={4}
CPRO       heavy_miss=2 heavy_excess=0 H_excess=[] bond_miss=set() bond_excess={1}

matched with excess inter-residue bond(s): A:53
No template matched for residue_key='A:56'
tried 6 templates for residue_key='A:56'excess_H_ok=False
LYS        heavy_miss=3 heavy_excess=2 H_excess=[] bond_miss=set() bond_excess=set()
NLYS       heavy_miss=3 heavy_excess=2 H_excess=[] bond_miss=set() bond_excess={4}
CLYS       heavy_miss=4 heavy_excess=2 H_excess=[] bond_miss=set() bond_excess={1}
LYN        heavy_miss=3 heavy_excess=2 H_excess=[] bond_miss=set() bond_excess=set()
NLYN       heavy_miss=3 heavy_excess=2 H_excess=[] bond_miss=set() bond_excess={4}
CLYN       heavy_miss=4 heavy_excess=2 H_excess=[] bond_miss=set() bond_excess={1}

matched with excess inter-residue bond(s): A:56
No template matched for residue_key='A:58'
tried 6 templates for residue_key='A:58'excess_H_ok=False
LYS        heavy_miss=3 heavy_excess=2 H_excess=[] bond_miss=set() bond_excess=set()
NLYS       heavy_miss=3 heavy_excess=2 H_excess=[] bond_miss=set() bond_excess={4}
CLYS       heavy_miss=4 heavy_excess=2 H_excess=[] bond_miss=set() bond_excess={1}
LYN        heavy_miss=3 heavy_excess=2 H_excess=[] bond_miss=set() bond_excess=set()
NLYN       heavy_miss=3 heavy_excess=2 H_excess=[] bond_miss=set() bond_excess={4}
CLYN       heavy_miss=4 heavy_excess=2 H_excess=[] bond_miss=set() bond_excess={1}

matched with excess inter-residue bond(s): A:58
No template matched for residue_key='A:60'
tried 3 templates for residue_key='A:60'excess_H_ok=False
ILE        heavy_miss=1 heavy_excess=0 H_excess=[] bond_miss=set() bond_excess=set()
NILE       heavy_miss=1 heavy_excess=0 H_excess=[] bond_miss=set() bond_excess={4}
CILE       heavy_miss=2 heavy_excess=0 H_excess=[] bond_miss=set() bond_excess={1}

matched with excess inter-residue bond(s): A:60
No template matched for residue_key='A:62'
tried 3 templates for residue_key='A:62'excess_H_ok=False
PHE        heavy_miss=5 heavy_excess=3 H_excess=[] bond_miss=set() bond_excess=set()
NPHE       heavy_miss=5 heavy_excess=3 H_excess=[] bond_miss=set() bond_excess={4}
CPHE       heavy_miss=6 heavy_excess=3 H_excess=[] bond_miss=set() bond_excess={1}

matched with excess inter-residue bond(s): A:62
No template matched for residue_key='A:66'
tried 3 templates for residue_key='A:66'excess_H_ok=False
TYR        heavy_miss=6 heavy_excess=4 H_excess=[] bond_miss=set() bond_excess=set()
NTYR       heavy_miss=6 heavy_excess=4 H_excess=[] bond_miss=set() bond_excess={4}
CTYR       heavy_miss=7 heavy_excess=4 H_excess=[] bond_miss=set() bond_excess={1}

matched with excess inter-residue bond(s): A:66
No template matched for residue_key='A:68'
tried 3 templates for residue_key='A:68'excess_H_ok=False
PRO        heavy_miss=1 heavy_excess=0 H_excess=[] bond_miss=set() bond_excess=set()
NPRO       heavy_miss=1 heavy_excess=0 H_excess=[] bond_miss=set() bond_excess={4}
CPRO       heavy_miss=2 heavy_excess=0 H_excess=[] bond_miss=set() bond_excess={1}

matched with excess inter-residue bond(s): A:68
No template matched for residue_key='A:73'
tried 3 templates for residue_key='A:73'excess_H_ok=False
TYR        heavy_miss=6 heavy_excess=4 H_excess=[] bond_miss=set() bond_excess=set()
NTYR       heavy_miss=6 heavy_excess=4 H_excess=[] bond_miss=set() bond_excess={4}
CTYR       heavy_miss=7 heavy_excess=4 H_excess=[] bond_miss=set() bond_excess={1}

matched with excess inter-residue bond(s): A:73
No template matched for residue_key='A:74'
tried 3 templates for residue_key='A:74'excess_H_ok=False
LEU        heavy_miss=2 heavy_excess=0 H_excess=[] bond_miss=set() bond_excess=set()
NLEU       heavy_miss=2 heavy_excess=0 H_excess=[] bond_miss=set() bond_excess={4}
CLEU       heavy_miss=3 heavy_excess=0 H_excess=[] bond_miss=set() bond_excess={1}

matched with excess inter-residue bond(s): A:74
No template matched for residue_key='A:77'
tried 3 templates for residue_key='A:77'excess_H_ok=False
TYR        heavy_miss=6 heavy_excess=4 H_excess=[] bond_miss=set() bond_excess=set()
NTYR       heavy_miss=6 heavy_excess=4 H_excess=[] bond_miss=set() bond_excess={4}
CTYR       heavy_miss=7 heavy_excess=4 H_excess=[] bond_miss=set() bond_excess={1}

matched with excess inter-residue bond(s): A:77
No template matched for residue_key='A:79'
tried 3 templates for residue_key='A:79'excess_H_ok=False
TRP        heavy_miss=8 heavy_excess=6 H_excess=[] bond_miss=set() bond_excess=set()
NTRP       heavy_miss=8 heavy_excess=6 H_excess=[] bond_miss=set() bond_excess={4}
CTRP       heavy_miss=9 heavy_excess=6 H_excess=[] bond_miss=set() bond_excess={1}

matched with excess inter-residue bond(s): A:79
No template matched for residue_key='A:81'
tried 3 templates for residue_key='A:81'excess_H_ok=False
ARG        heavy_miss=5 heavy_excess=4 H_excess=[] bond_miss=set() bond_excess=set()
NARG       heavy_miss=5 heavy_excess=4 H_excess=[] bond_miss=set() bond_excess={4}
CARG       heavy_miss=6 heavy_excess=4 H_excess=[] bond_miss=set() bond_excess={1}

matched with excess inter-residue bond(s): A:81
No template matched for residue_key='A:83'
tried 3 templates for residue_key='A:83'excess_H_ok=False
PRO        heavy_miss=1 heavy_excess=0 H_excess=[] bond_miss=set() bond_excess=set()
NPRO       heavy_miss=1 heavy_excess=0 H_excess=[] bond_miss=set() bond_excess={4}
CPRO       heavy_miss=2 heavy_excess=0 H_excess=[] bond_miss=set() bond_excess={1}

matched with excess inter-residue bond(s): A:83
No template matched for residue_key='A:84'
tried 3 templates for residue_key='A:84'excess_H_ok=False
LEU        heavy_miss=2 heavy_excess=0 H_excess=[] bond_miss=set() bond_excess=set()
NLEU       heavy_miss=2 heavy_excess=0 H_excess=[] bond_miss=set() bond_excess={4}
CLEU       heavy_miss=3 heavy_excess=0 H_excess=[] bond_miss=set() bond_excess={1}

matched with excess inter-residue bond(s): A:84
No template matched for residue_key='A:85'
tried 3 templates for residue_key='A:85'excess_H_ok=False
ILE        heavy_miss=1 heavy_excess=0 H_excess=[] bond_miss=set() bond_excess=set()
NILE       heavy_miss=1 heavy_excess=0 H_excess=[] bond_miss=set() bond_excess={4}
CILE       heavy_miss=2 heavy_excess=0 H_excess=[] bond_miss=set() bond_excess={1}

matched with excess inter-residue bond(s): A:85
No template matched for residue_key='A:86'
tried 6 templates for residue_key='A:86'excess_H_ok=False
GLU        heavy_miss=3 heavy_excess=2 H_excess=[] bond_miss=set() bond_excess=set()
NGLU       heavy_miss=3 heavy_excess=2 H_excess=[] bond_miss=set() bond_excess={4}
CGLU       heavy_miss=4 heavy_excess=2 H_excess=[] bond_miss=set() bond_excess={1}
GLH        heavy_miss=3 heavy_excess=2 H_excess=[] bond_miss=set() bond_excess=set()
NGLH       heavy_miss=3 heavy_excess=2 H_excess=[] bond_miss=set() bond_excess={4}
CGLH       heavy_miss=4 heavy_excess=2 H_excess=[] bond_miss=set() bond_excess={1}

matched with excess inter-residue bond(s): A:86
No template matched for residue_key='A:87'
tried 3 templates for residue_key='A:87'excess_H_ok=False
TYR        heavy_miss=6 heavy_excess=4 H_excess=[] bond_miss=set() bond_excess=set()
NTYR       heavy_miss=6 heavy_excess=4 H_excess=[] bond_miss=set() bond_excess={4}
CTYR       heavy_miss=7 heavy_excess=4 H_excess=[] bond_miss=set() bond_excess={1}

matched with excess inter-residue bond(s): A:87
No template matched for residue_key='A:88'
tried 3 templates for residue_key='A:88'excess_H_ok=False
TYR        heavy_miss=6 heavy_excess=4 H_excess=[] bond_miss=set() bond_excess=set()
NTYR       heavy_miss=6 heavy_excess=4 H_excess=[] bond_miss=set() bond_excess={4}
CTYR       heavy_miss=7 heavy_excess=4 H_excess=[] bond_miss=set() bond_excess={1}

matched with excess inter-residue bond(s): A:88
No template matched for residue_key='A:89'
tried 3 templates for residue_key='A:89'excess_H_ok=False
ILE        heavy_miss=1 heavy_excess=0 H_excess=[] bond_miss=set() bond_excess=set()
NILE       heavy_miss=1 heavy_excess=0 H_excess=[] bond_miss=set() bond_excess={4}
CILE       heavy_miss=2 heavy_excess=0 H_excess=[] bond_miss=set() bond_excess={1}

matched with excess inter-residue bond(s): A:89
No template matched for residue_key='A:91'
tried 6 templates for residue_key='A:91'excess_H_ok=False
GLU        heavy_miss=3 heavy_excess=2 H_excess=[] bond_miss=set() bond_excess=set()
NGLU       heavy_miss=3 heavy_excess=2 H_excess=[] bond_miss=set() bond_excess={4}
CGLU       heavy_miss=4 heavy_excess=2 H_excess=[] bond_miss=set() bond_excess={1}
GLH        heavy_miss=3 heavy_excess=2 H_excess=[] bond_miss=set() bond_excess=set()
NGLH       heavy_miss=3 heavy_excess=2 H_excess=[] bond_miss=set() bond_excess={4}
CGLH       heavy_miss=4 heavy_excess=2 H_excess=[] bond_miss=set() bond_excess={1}

matched with excess inter-residue bond(s): A:91
No template matched for residue_key='A:93'
tried 3 templates for residue_key='A:93'excess_H_ok=False
PHE        heavy_miss=5 heavy_excess=3 H_excess=[] bond_miss=set() bond_excess=set()
NPHE       heavy_miss=5 heavy_excess=3 H_excess=[] bond_miss=set() bond_excess={4}
CPHE       heavy_miss=6 heavy_excess=3 H_excess=[] bond_miss=set() bond_excess={1}

matched with excess inter-residue bond(s): A:93
No template matched for residue_key='A:96'
tried 3 templates for residue_key='A:96'excess_H_ok=False
TYR        heavy_miss=6 heavy_excess=4 H_excess=[] bond_miss=set() bond_excess=set()
NTYR       heavy_miss=6 heavy_excess=4 H_excess=[] bond_miss=set() bond_excess={4}
CTYR       heavy_miss=7 heavy_excess=4 H_excess=[] bond_miss=set() bond_excess={1}

matched with excess inter-residue bond(s): A:96
No template matched for residue_key='A:98'
tried 3 templates for residue_key='A:98'excess_H_ok=False
PRO        heavy_miss=1 heavy_excess=0 H_excess=[] bond_miss=set() bond_excess=set()
NPRO       heavy_miss=1 heavy_excess=0 H_excess=[] bond_miss=set() bond_excess={4}
CPRO       heavy_miss=2 heavy_excess=0 H_excess=[] bond_miss=set() bond_excess={1}

matched with excess inter-residue bond(s): A:98
No template matched for residue_key='A:104'
tried 6 templates for residue_key='A:104'excess_H_ok=False
LYS        heavy_miss=3 heavy_excess=2 H_excess=[] bond_miss=set() bond_excess=set()
NLYS       heavy_miss=3 heavy_excess=2 H_excess=[] bond_miss=set() bond_excess={4}
CLYS       heavy_miss=4 heavy_excess=2 H_excess=[] bond_miss=set() bond_excess={1}
LYN        heavy_miss=3 heavy_excess=2 H_excess=[] bond_miss=set() bond_excess=set()
NLYN       heavy_miss=3 heavy_excess=2 H_excess=[] bond_miss=set() bond_excess={4}
CLYN       heavy_miss=4 heavy_excess=2 H_excess=[] bond_miss=set() bond_excess={1}

matched with excess inter-residue bond(s): A:104
No template matched for residue_key='A:105'
tried 3 templates for residue_key='A:105'excess_H_ok=False
LEU        heavy_miss=2 heavy_excess=0 H_excess=[] bond_miss=set() bond_excess=set()
NLEU       heavy_miss=2 heavy_excess=0 H_excess=[] bond_miss=set() bond_excess={4}
CLEU       heavy_miss=3 heavy_excess=0 H_excess=[] bond_miss=set() bond_excess={1}

matched with excess inter-residue bond(s): A:105
No template matched for residue_key='A:107'
tried 6 templates for residue_key='A:107'excess_H_ok=False
GLU        heavy_miss=3 heavy_excess=2 H_excess=[] bond_miss=set() bond_excess=set()
NGLU       heavy_miss=3 heavy_excess=2 H_excess=[] bond_miss=set() bond_excess={4}
CGLU       heavy_miss=4 heavy_excess=2 H_excess=[] bond_miss=set() bond_excess={1}
GLH        heavy_miss=3 heavy_excess=2 H_excess=[] bond_miss=set() bond_excess=set()
NGLH       heavy_miss=3 heavy_excess=2 H_excess=[] bond_miss=set() bond_excess={4}
CGLH       heavy_miss=4 heavy_excess=2 H_excess=[] bond_miss=set() bond_excess={1}

matched with excess inter-residue bond(s): A:107
No template matched for residue_key='A:115'
tried 3 templates for residue_key='A:115'excess_H_ok=False
TYR        heavy_miss=6 heavy_excess=4 H_excess=[] bond_miss=set() bond_excess=set()
NTYR       heavy_miss=6 heavy_excess=4 H_excess=[] bond_miss=set() bond_excess={4}
CTYR       heavy_miss=7 heavy_excess=4 H_excess=[] bond_miss=set() bond_excess={1}

matched with excess inter-residue bond(s): A:115
No template matched for residue_key='A:117'
tried 3 templates for residue_key='A:117'excess_H_ok=False
ILE        heavy_miss=1 heavy_excess=0 H_excess=[] bond_miss=set() bond_excess=set()
NILE       heavy_miss=1 heavy_excess=0 H_excess=[] bond_miss=set() bond_excess={4}
CILE       heavy_miss=2 heavy_excess=0 H_excess=[] bond_miss=set() bond_excess={1}

matched with excess inter-residue bond(s): A:117
No template matched for residue_key='A:118'
tried 3 templates for residue_key='A:118'excess_H_ok=False
TYR        heavy_miss=6 heavy_excess=4 H_excess=[] bond_miss=set() bond_excess=set()
NTYR       heavy_miss=6 heavy_excess=4 H_excess=[] bond_miss=set() bond_excess={4}
CTYR       heavy_miss=7 heavy_excess=4 H_excess=[] bond_miss=set() bond_excess={1}

matched with excess inter-residue bond(s): A:118
No template matched for residue_key='A:119'
tried 3 templates for residue_key='A:119'excess_H_ok=False
ARG        heavy_miss=5 heavy_excess=4 H_excess=[] bond_miss=set() bond_excess=set()
NARG       heavy_miss=5 heavy_excess=4 H_excess=[] bond_miss=set() bond_excess={4}
CARG       heavy_miss=6 heavy_excess=4 H_excess=[] bond_miss=set() bond_excess={1}

matched with excess inter-residue bond(s): A:119
No template matched for residue_key='A:121'
tried 3 templates for residue_key='A:121'excess_H_ok=False
GLN        heavy_miss=3 heavy_excess=2 H_excess=[] bond_miss=set() bond_excess=set()
NGLN       heavy_miss=3 heavy_excess=2 H_excess=[] bond_miss=set() bond_excess={4}
CGLN       heavy_miss=4 heavy_excess=2 H_excess=[] bond_miss=set() bond_excess={1}

matched with excess inter-residue bond(s): A:121
No template matched for residue_key='A:122'
tried 3 templates for residue_key='A:122'excess_H_ok=False
ARG        heavy_miss=5 heavy_excess=4 H_excess=[] bond_miss=set() bond_excess=set()
NARG       heavy_miss=5 heavy_excess=4 H_excess=[] bond_miss=set() bond_excess={4}
CARG       heavy_miss=6 heavy_excess=4 H_excess=[] bond_miss=set() bond_excess={1}

matched with excess inter-residue bond(s): A:122
No template matched for residue_key='A:125'
tried 3 templates for residue_key='A:125'excess_H_ok=False
GLN        heavy_miss=3 heavy_excess=2 H_excess=[] bond_miss=set() bond_excess=set()
NGLN       heavy_miss=3 heavy_excess=2 H_excess=[] bond_miss=set() bond_excess={4}
CGLN       heavy_miss=4 heavy_excess=2 H_excess=[] bond_miss=set() bond_excess={1}

matched with excess inter-residue bond(s): A:125
No template matched for residue_key='A:126'
tried 3 templates for residue_key='A:126'excess_H_ok=False
PRO        heavy_miss=1 heavy_excess=0 H_excess=[] bond_miss=set() bond_excess=set()
NPRO       heavy_miss=1 heavy_excess=0 H_excess=[] bond_miss=set() bond_excess={4}
CPRO       heavy_miss=2 heavy_excess=0 H_excess=[] bond_miss=set() bond_excess={1}

matched with excess inter-residue bond(s): A:126
No template matched for residue_key='A:128'
tried 3 templates for residue_key='A:128'excess_H_ok=False
ILE        heavy_miss=1 heavy_excess=0 H_excess=[] bond_miss=set() bond_excess=set()
NILE       heavy_miss=1 heavy_excess=0 H_excess=[] bond_miss=set() bond_excess={4}
CILE       heavy_miss=2 heavy_excess=0 H_excess=[] bond_miss=set() bond_excess={1}

matched with excess inter-residue bond(s): A:128
No template matched for residue_key='A:129'
tried 3 templates for residue_key='A:129'excess_H_ok=False
ILE        heavy_miss=1 heavy_excess=0 H_excess=[] bond_miss=set() bond_excess=set()
NILE       heavy_miss=1 heavy_excess=0 H_excess=[] bond_miss=set() bond_excess={4}
CILE       heavy_miss=2 heavy_excess=0 H_excess=[] bond_miss=set() bond_excess={1}

matched with excess inter-residue bond(s): A:129
No template matched for residue_key='A:134'
tried 3 templates for residue_key='A:134'excess_H_ok=False
PHE        heavy_miss=5 heavy_excess=3 H_excess=[] bond_miss=set() bond_excess=set()
NPHE       heavy_miss=5 heavy_excess=3 H_excess=[] bond_miss=set() bond_excess={4}
CPHE       heavy_miss=6 heavy_excess=3 H_excess=[] bond_miss=set() bond_excess={1}

matched with excess inter-residue bond(s): A:134
No template matched for residue_key='A:135'
tried 3 templates for residue_key='A:135'excess_H_ok=False
TYR        heavy_miss=6 heavy_excess=4 H_excess=[] bond_miss=set() bond_excess=set()
NTYR       heavy_miss=6 heavy_excess=4 H_excess=[] bond_miss=set() bond_excess={4}
CTYR       heavy_miss=7 heavy_excess=4 H_excess=[] bond_miss=set() bond_excess={1}

matched with excess inter-residue bond(s): A:135
No template matched for residue_key='A:136'
tried 3 templates for residue_key='A:136'excess_H_ok=False
GLN        heavy_miss=3 heavy_excess=2 H_excess=[] bond_miss=set() bond_excess=set()
NGLN       heavy_miss=3 heavy_excess=2 H_excess=[] bond_miss=set() bond_excess={4}
CGLN       heavy_miss=4 heavy_excess=2 H_excess=[] bond_miss=set() bond_excess={1}

matched with excess inter-residue bond(s): A:136
No template matched for residue_key='A:137'
tried 3 templates for residue_key='A:137'excess_H_ok=False
TYR        heavy_miss=6 heavy_excess=4 H_excess=[] bond_miss=set() bond_excess=set()
NTYR       heavy_miss=6 heavy_excess=4 H_excess=[] bond_miss=set() bond_excess={4}
CTYR       heavy_miss=7 heavy_excess=4 H_excess=[] bond_miss=set() bond_excess={1}

matched with excess inter-residue bond(s): A:137
No template matched for residue_key='A:138'
tried 3 templates for residue_key='A:138'excess_H_ok=False
TRP        heavy_miss=8 heavy_excess=6 H_excess=[] bond_miss=set() bond_excess=set()
NTRP       heavy_miss=8 heavy_excess=6 H_excess=[] bond_miss=set() bond_excess={4}
CTRP       heavy_miss=9 heavy_excess=6 H_excess=[] bond_miss=set() bond_excess={1}

matched with excess inter-residue bond(s): A:138
No template matched for residue_key='A:141'
tried 3 templates for residue_key='A:141'excess_H_ok=False
ARG        heavy_miss=5 heavy_excess=4 H_excess=[] bond_miss=set() bond_excess=set()
NARG       heavy_miss=5 heavy_excess=4 H_excess=[] bond_miss=set() bond_excess={4}
CARG       heavy_miss=6 heavy_excess=4 H_excess=[] bond_miss=set() bond_excess={1}

matched with excess inter-residue bond(s): A:141
No template matched for residue_key='A:142'
tried 3 templates for residue_key='A:142'excess_H_ok=False
ARG        heavy_miss=5 heavy_excess=4 H_excess=[] bond_miss=set() bond_excess=set()
NARG       heavy_miss=5 heavy_excess=4 H_excess=[] bond_miss=set() bond_excess={4}
CARG       heavy_miss=6 heavy_excess=4 H_excess=[] bond_miss=set() bond_excess={1}

matched with excess inter-residue bond(s): A:142
No template matched for residue_key='A:144'
tried 9 templates for residue_key='A:144'excess_H_ok=False
HIE        heavy_miss=1 heavy_excess=0 H_excess=[] bond_miss=set() bond_excess=set()
HID        heavy_miss=1 heavy_excess=0 H_excess=[] bond_miss=set() bond_excess=set()
HIP        heavy_miss=1 heavy_excess=0 H_excess=[] bond_miss=set() bond_excess=set()
NHIE       heavy_miss=1 heavy_excess=0 H_excess=[] bond_miss=set() bond_excess={4}
NHID       heavy_miss=1 heavy_excess=0 H_excess=[] bond_miss=set() bond_excess={4}
NHIP       heavy_miss=1 heavy_excess=0 H_excess=[] bond_miss=set() bond_excess={4}
CHIE       heavy_miss=2 heavy_excess=0 H_excess=[] bond_miss=set() bond_excess={1}
CHID       heavy_miss=2 heavy_excess=0 H_excess=[] bond_miss=set() bond_excess={1}
CHIP       heavy_miss=2 heavy_excess=0 H_excess=[] bond_miss=set() bond_excess={1}

matched with excess inter-residue bond(s): A:144
No template matched for residue_key='A:145'
tried 3 templates for residue_key='A:145'excess_H_ok=False
ARG        heavy_miss=5 heavy_excess=4 H_excess=[] bond_miss=set() bond_excess=set()
NARG       heavy_miss=5 heavy_excess=4 H_excess=[] bond_miss=set() bond_excess={4}
CARG       heavy_miss=6 heavy_excess=4 H_excess=[] bond_miss=set() bond_excess={1}

matched with excess inter-residue bond(s): A:145
No template matched for residue_key='A:155'
tried 9 templates for residue_key='A:155'excess_H_ok=False
HIE        heavy_miss=1 heavy_excess=0 H_excess=[] bond_miss=set() bond_excess=set()
HID        heavy_miss=1 heavy_excess=0 H_excess=[] bond_miss=set() bond_excess=set()
HIP        heavy_miss=1 heavy_excess=0 H_excess=[] bond_miss=set() bond_excess=set()
NHIE       heavy_miss=1 heavy_excess=0 H_excess=[] bond_miss=set() bond_excess={4}
NHID       heavy_miss=1 heavy_excess=0 H_excess=[] bond_miss=set() bond_excess={4}
NHIP       heavy_miss=1 heavy_excess=0 H_excess=[] bond_miss=set() bond_excess={4}
CHIE       heavy_miss=2 heavy_excess=0 H_excess=[] bond_miss=set() bond_excess={1}
CHID       heavy_miss=2 heavy_excess=0 H_excess=[] bond_miss=set() bond_excess={1}
CHIP       heavy_miss=2 heavy_excess=0 H_excess=[] bond_miss=set() bond_excess={1}

matched with excess inter-residue bond(s): A:155
No template matched for residue_key='A:156'
tried 3 templates for residue_key='A:156'excess_H_ok=False
PHE        heavy_miss=5 heavy_excess=3 H_excess=[] bond_miss=set() bond_excess=set()
NPHE       heavy_miss=5 heavy_excess=3 H_excess=[] bond_miss=set() bond_excess={4}
CPHE       heavy_miss=6 heavy_excess=3 H_excess=[] bond_miss=set() bond_excess={1}

matched with excess inter-residue bond(s): A:156
No template matched for residue_key='A:159'
tried 3 templates for residue_key='A:159'excess_H_ok=False
TRP        heavy_miss=8 heavy_excess=6 H_excess=[] bond_miss=set() bond_excess=set()
NTRP       heavy_miss=8 heavy_excess=6 H_excess=[] bond_miss=set() bond_excess={4}
CTRP       heavy_miss=9 heavy_excess=6 H_excess=[] bond_miss=set() bond_excess={1}

matched with excess inter-residue bond(s): A:159
No template matched for residue_key='A:161'
tried 3 templates for residue_key='A:161'excess_H_ok=False
GLN        heavy_miss=3 heavy_excess=2 H_excess=[] bond_miss=set() bond_excess=set()
NGLN       heavy_miss=3 heavy_excess=2 H_excess=[] bond_miss=set() bond_excess={4}
CGLN       heavy_miss=4 heavy_excess=2 H_excess=[] bond_miss=set() bond_excess={1}

matched with excess inter-residue bond(s): A:161
No template matched for residue_key='A:162'
tried 3 templates for residue_key='A:162'excess_H_ok=False
GLN        heavy_miss=3 heavy_excess=2 H_excess=[] bond_miss=set() bond_excess=set()
NGLN       heavy_miss=3 heavy_excess=2 H_excess=[] bond_miss=set() bond_excess={4}
CGLN       heavy_miss=4 heavy_excess=2 H_excess=[] bond_miss=set() bond_excess={1}

matched with excess inter-residue bond(s): A:162
No template matched for residue_key='A:164'
tried 3 templates for residue_key='A:164'excess_H_ok=False
LEU        heavy_miss=2 heavy_excess=0 H_excess=[] bond_miss=set() bond_excess=set()
NLEU       heavy_miss=2 heavy_excess=0 H_excess=[] bond_miss=set() bond_excess={4}
CLEU       heavy_miss=3 heavy_excess=0 H_excess=[] bond_miss=set() bond_excess={1}

matched with excess inter-residue bond(s): A:164
No template matched for residue_key='A:166'
tried 3 templates for residue_key='A:166'excess_H_ok=False
LEU        heavy_miss=2 heavy_excess=0 H_excess=[] bond_miss=set() bond_excess=set()
NLEU       heavy_miss=2 heavy_excess=0 H_excess=[] bond_miss=set() bond_excess={4}
CLEU       heavy_miss=3 heavy_excess=0 H_excess=[] bond_miss=set() bond_excess={1}

matched with excess inter-residue bond(s): A:166
No template matched for residue_key='A:171'
tried 3 templates for residue_key='A:171'excess_H_ok=False
TYR        heavy_miss=6 heavy_excess=4 H_excess=[] bond_miss=set() bond_excess=set()
NTYR       heavy_miss=6 heavy_excess=4 H_excess=[] bond_miss=set() bond_excess={4}
CTYR       heavy_miss=7 heavy_excess=4 H_excess=[] bond_miss=set() bond_excess={1}

matched with excess inter-residue bond(s): A:171
No template matched for residue_key='A:172'
tried 3 templates for residue_key='A:172'excess_H_ok=False
GLN        heavy_miss=3 heavy_excess=2 H_excess=[] bond_miss=set() bond_excess=set()
NGLN       heavy_miss=3 heavy_excess=2 H_excess=[] bond_miss=set() bond_excess={4}
CGLN       heavy_miss=4 heavy_excess=2 H_excess=[] bond_miss=set() bond_excess={1}

matched with excess inter-residue bond(s): A:172
No template matched for residue_key='A:173'
tried 3 templates for residue_key='A:173'excess_H_ok=False
ILE        heavy_miss=1 heavy_excess=0 H_excess=[] bond_miss=set() bond_excess=set()
NILE       heavy_miss=1 heavy_excess=0 H_excess=[] bond_miss=set() bond_excess={4}
CILE       heavy_miss=2 heavy_excess=0 H_excess=[] bond_miss=set() bond_excess={1}

matched with excess inter-residue bond(s): A:173
No template matched for residue_key='A:177'
tried 3 templates for residue_key='A:177'excess_H_ok=False
GLN        heavy_miss=3 heavy_excess=2 H_excess=[] bond_miss=set() bond_excess=set()
NGLN       heavy_miss=3 heavy_excess=2 H_excess=[] bond_miss=set() bond_excess={4}
CGLN       heavy_miss=4 heavy_excess=2 H_excess=[] bond_miss=set() bond_excess={1}

matched with excess inter-residue bond(s): A:177
No template matched for residue_key='A:179'
tried 3 templates for residue_key='A:179'excess_H_ok=False
TYR        heavy_miss=6 heavy_excess=4 H_excess=[] bond_miss=set() bond_excess=set()
NTYR       heavy_miss=6 heavy_excess=4 H_excess=[] bond_miss=set() bond_excess={4}
CTYR       heavy_miss=7 heavy_excess=4 H_excess=[] bond_miss=set() bond_excess={1}

matched with excess inter-residue bond(s): A:179
No template matched for residue_key='A:180'
tried 3 templates for residue_key='A:180'excess_H_ok=False
PHE        heavy_miss=5 heavy_excess=3 H_excess=[] bond_miss=set() bond_excess=set()
NPHE       heavy_miss=5 heavy_excess=3 H_excess=[] bond_miss=set() bond_excess={4}
CPHE       heavy_miss=6 heavy_excess=3 H_excess=[] bond_miss=set() bond_excess={1}

matched with excess inter-residue bond(s): A:180
No template matched for residue_key='A:187'
tried 3 templates for residue_key='A:187'excess_H_ok=False
ILE        heavy_miss=1 heavy_excess=0 H_excess=[] bond_miss=set() bond_excess=set()
NILE       heavy_miss=1 heavy_excess=0 H_excess=[] bond_miss=set() bond_excess={4}
CILE       heavy_miss=2 heavy_excess=0 H_excess=[] bond_miss=set() bond_excess={1}

matched with excess inter-residue bond(s): A:187
- Template matching failed for: ['A:3', 'A:4', 'A:5', 'A:9', 'A:13', 'A:14', 'A:15', 'A:17', 'A:18', 'A:22', 'A:27', 'A:31', 'A:34', 'A:35', 'A:39', 'A:45', 'A:49', 'A:51', 'A:52', 'A:53', 'A:56', 'A:58', 'A:60', 'A:62', 'A:66', 'A:68', 'A:73', 'A:74', 'A:77', 'A:79', 'A:81', 'A:83', 'A:84', 'A:85', 'A:86', 'A:87', 'A:88', 'A:89', 'A:91', 'A:93', 'A:96', 'A:98', 'A:104', 'A:105', 'A:107', 'A:115', 'A:117', 'A:118', 'A:119', 'A:121', 'A:122', 'A:125', 'A:126', 'A:128', 'A:129', 'A:134', 'A:135', 'A:136', 'A:137', 'A:138', 'A:141', 'A:142', 'A:144', 'A:145', 'A:155', 'A:156', 'A:159', 'A:161', 'A:162', 'A:164', 'A:166', 'A:171', 'A:172', 'A:173', 'A:177', 'A:179', 'A:180', 'A:187'] Ignored due to allow_bad_res.

Files written:
/home/ubuntu/xylanase-thesis/docking/proteins/4HK8_A_Repair.pdbqt <-- static (i.e., rigid) receptor input file
