@> 2126 atoms and 1 coordinate set(s) were parsed in 0.01s.
No template matched for residue_key='A:4'
tried 3 templates for residue_key='A:4'excess_H_ok=False
GLN        heavy_miss=3 heavy_excess=2 H_excess=[] bond_miss=set() bond_excess=set()
NGLN       heavy_miss=3 heavy_excess=2 H_excess=[] bond_miss=set() bond_excess={4}
CGLN       heavy_miss=4 heavy_excess=2 H_excess=[] bond_miss=set() bond_excess={1}

matched with excess inter-residue bond(s): A:4
No template matched for residue_key='A:6'
tried 3 templates for residue_key='A:6'excess_H_ok=False
ILE        heavy_miss=1 heavy_excess=0 H_excess=[] bond_miss=set() bond_excess=set()
NILE       heavy_miss=1 heavy_excess=0 H_excess=[] bond_miss=set() bond_excess={4}
CILE       heavy_miss=2 heavy_excess=0 H_excess=[] bond_miss=set() bond_excess={1}

matched with excess inter-residue bond(s): A:6
No template matched for residue_key='A:8'
tried 3 templates for residue_key='A:8'excess_H_ok=False
GLN        heavy_miss=3 heavy_excess=2 H_excess=[] bond_miss=set() bond_excess=set()
NGLN       heavy_miss=3 heavy_excess=2 H_excess=[] bond_miss=set() bond_excess={4}
CGLN       heavy_miss=4 heavy_excess=2 H_excess=[] bond_miss=set() bond_excess={1}

matched with excess inter-residue bond(s): A:8
No template matched for residue_key='A:9'
tried 3 templates for residue_key='A:9'excess_H_ok=False
LEU        heavy_miss=2 heavy_excess=0 H_excess=[] bond_miss=set() bond_excess=set()
NLEU       heavy_miss=2 heavy_excess=0 H_excess=[] bond_miss=set() bond_excess={4}
CLEU       heavy_miss=3 heavy_excess=0 H_excess=[] bond_miss=set() bond_excess={1}

matched with excess inter-residue bond(s): A:9
No template matched for residue_key='A:10'
tried 3 templates for residue_key='A:10'excess_H_ok=False
ILE        heavy_miss=1 heavy_excess=0 H_excess=[] bond_miss=set() bond_excess=set()
NILE       heavy_miss=1 heavy_excess=0 H_excess=[] bond_miss=set() bond_excess={4}
CILE       heavy_miss=2 heavy_excess=0 H_excess=[] bond_miss=set() bond_excess={1}

matched with excess inter-residue bond(s): A:10
No template matched for residue_key='A:11'
tried 6 templates for residue_key='A:11'excess_H_ok=False
LYS        heavy_miss=3 heavy_excess=2 H_excess=[] bond_miss=set() bond_excess=set()
NLYS       heavy_miss=3 heavy_excess=2 H_excess=[] bond_miss=set() bond_excess={4}
CLYS       heavy_miss=4 heavy_excess=2 H_excess=[] bond_miss=set() bond_excess={1}
LYN        heavy_miss=3 heavy_excess=2 H_excess=[] bond_miss=set() bond_excess=set()
NLYN       heavy_miss=3 heavy_excess=2 H_excess=[] bond_miss=set() bond_excess={4}
CLYN       heavy_miss=4 heavy_excess=2 H_excess=[] bond_miss=set() bond_excess={1}

matched with excess inter-residue bond(s): A:11
No template matched for residue_key='A:13'
tried 3 templates for residue_key='A:13'excess_H_ok=False
ARG        heavy_miss=5 heavy_excess=4 H_excess=[] bond_miss=set() bond_excess=set()
NARG       heavy_miss=5 heavy_excess=4 H_excess=[] bond_miss=set() bond_excess={4}
CARG       heavy_miss=6 heavy_excess=4 H_excess=[] bond_miss=set() bond_excess={1}

matched with excess inter-residue bond(s): A:13
No template matched for residue_key='A:15'
tried 6 templates for residue_key='A:15'excess_H_ok=False
LYS        heavy_miss=3 heavy_excess=2 H_excess=[] bond_miss=set() bond_excess=set()
NLYS       heavy_miss=3 heavy_excess=2 H_excess=[] bond_miss=set() bond_excess={4}
CLYS       heavy_miss=4 heavy_excess=2 H_excess=[] bond_miss=set() bond_excess={1}
LYN        heavy_miss=3 heavy_excess=2 H_excess=[] bond_miss=set() bond_excess=set()
NLYN       heavy_miss=3 heavy_excess=2 H_excess=[] bond_miss=set() bond_excess={4}
CLYN       heavy_miss=4 heavy_excess=2 H_excess=[] bond_miss=set() bond_excess={1}

matched with excess inter-residue bond(s): A:15
No template matched for residue_key='A:17'
tried 3 templates for residue_key='A:17'excess_H_ok=False
TYR        heavy_miss=6 heavy_excess=4 H_excess=[] bond_miss=set() bond_excess=set()
NTYR       heavy_miss=6 heavy_excess=4 H_excess=[] bond_miss=set() bond_excess={4}
CTYR       heavy_miss=7 heavy_excess=4 H_excess=[] bond_miss=set() bond_excess={1}

matched with excess inter-residue bond(s): A:17
No template matched for residue_key='A:18'
tried 3 templates for residue_key='A:18'excess_H_ok=False
PHE        heavy_miss=5 heavy_excess=3 H_excess=[] bond_miss=set() bond_excess=set()
NPHE       heavy_miss=5 heavy_excess=3 H_excess=[] bond_miss=set() bond_excess={4}
CPHE       heavy_miss=6 heavy_excess=3 H_excess=[] bond_miss=set() bond_excess={1}

matched with excess inter-residue bond(s): A:18
No template matched for residue_key='A:24'
tried 3 templates for residue_key='A:24'excess_H_ok=False
GLN        heavy_miss=3 heavy_excess=2 H_excess=[] bond_miss=set() bond_excess=set()
NGLN       heavy_miss=3 heavy_excess=2 H_excess=[] bond_miss=set() bond_excess={4}
CGLN       heavy_miss=4 heavy_excess=2 H_excess=[] bond_miss=set() bond_excess={1}

matched with excess inter-residue bond(s): A:24
No template matched for residue_key='A:26'
tried 3 templates for residue_key='A:26'excess_H_ok=False
ARG        heavy_miss=5 heavy_excess=4 H_excess=[] bond_miss=set() bond_excess=set()
NARG       heavy_miss=5 heavy_excess=4 H_excess=[] bond_miss=set() bond_excess={4}
CARG       heavy_miss=6 heavy_excess=4 H_excess=[] bond_miss=set() bond_excess={1}

matched with excess inter-residue bond(s): A:26
No template matched for residue_key='A:27'
tried 3 templates for residue_key='A:27'excess_H_ok=False
LEU        heavy_miss=2 heavy_excess=0 H_excess=[] bond_miss=set() bond_excess=set()
NLEU       heavy_miss=2 heavy_excess=0 H_excess=[] bond_miss=set() bond_excess={4}
CLEU       heavy_miss=3 heavy_excess=0 H_excess=[] bond_miss=set() bond_excess={1}

matched with excess inter-residue bond(s): A:27
No template matched for residue_key='A:31'
tried 6 templates for residue_key='A:31'excess_H_ok=False
LYS        heavy_miss=3 heavy_excess=2 H_excess=[] bond_miss=set() bond_excess=set()
NLYS       heavy_miss=3 heavy_excess=2 H_excess=[] bond_miss=set() bond_excess={4}
CLYS       heavy_miss=4 heavy_excess=2 H_excess=[] bond_miss=set() bond_excess={1}
LYN        heavy_miss=3 heavy_excess=2 H_excess=[] bond_miss=set() bond_excess=set()
NLYN       heavy_miss=3 heavy_excess=2 H_excess=[] bond_miss=set() bond_excess={4}
CLYN       heavy_miss=4 heavy_excess=2 H_excess=[] bond_miss=set() bond_excess={1}

matched with excess inter-residue bond(s): A:31
No template matched for residue_key='A:35'
tried 3 templates for residue_key='A:35'excess_H_ok=False
ILE        heavy_miss=1 heavy_excess=0 H_excess=[] bond_miss=set() bond_excess=set()
NILE       heavy_miss=1 heavy_excess=0 H_excess=[] bond_miss=set() bond_excess={4}
CILE       heavy_miss=2 heavy_excess=0 H_excess=[] bond_miss=set() bond_excess={1}

matched with excess inter-residue bond(s): A:35
No template matched for residue_key='A:36'
tried 3 templates for residue_key='A:36'excess_H_ok=False
ILE        heavy_miss=1 heavy_excess=0 H_excess=[] bond_miss=set() bond_excess=set()
NILE       heavy_miss=1 heavy_excess=0 H_excess=[] bond_miss=set() bond_excess={4}
CILE       heavy_miss=2 heavy_excess=0 H_excess=[] bond_miss=set() bond_excess={1}

matched with excess inter-residue bond(s): A:36
No template matched for residue_key='A:37'
tried 6 templates for residue_key='A:37'excess_H_ok=False
LYS        heavy_miss=3 heavy_excess=2 H_excess=[] bond_miss=set() bond_excess=set()
NLYS       heavy_miss=3 heavy_excess=2 H_excess=[] bond_miss=set() bond_excess={4}
CLYS       heavy_miss=4 heavy_excess=2 H_excess=[] bond_miss=set() bond_excess={1}
LYN        heavy_miss=3 heavy_excess=2 H_excess=[] bond_miss=set() bond_excess=set()
NLYN       heavy_miss=3 heavy_excess=2 H_excess=[] bond_miss=set() bond_excess={4}
CLYN       heavy_miss=4 heavy_excess=2 H_excess=[] bond_miss=set() bond_excess={1}

matched with excess inter-residue bond(s): A:37
No template matched for residue_key='A:40'
tried 3 templates for residue_key='A:40'excess_H_ok=False
PHE        heavy_miss=5 heavy_excess=3 H_excess=[] bond_miss=set() bond_excess=set()
NPHE       heavy_miss=5 heavy_excess=3 H_excess=[] bond_miss=set() bond_excess={4}
CPHE       heavy_miss=6 heavy_excess=3 H_excess=[] bond_miss=set() bond_excess={1}

matched with excess inter-residue bond(s): A:40
No template matched for residue_key='A:44'
tried 3 templates for residue_key='A:44'excess_H_ok=False
TRP        heavy_miss=8 heavy_excess=6 H_excess=[] bond_miss=set() bond_excess=set()
NTRP       heavy_miss=8 heavy_excess=6 H_excess=[] bond_miss=set() bond_excess={4}
CTRP       heavy_miss=9 heavy_excess=6 H_excess=[] bond_miss=set() bond_excess={1}

matched with excess inter-residue bond(s): A:44
No template matched for residue_key='A:45'
tried 3 templates for residue_key='A:45'excess_H_ok=False
PRO        heavy_miss=1 heavy_excess=0 H_excess=[] bond_miss=set() bond_excess=set()
NPRO       heavy_miss=1 heavy_excess=0 H_excess=[] bond_miss=set() bond_excess={4}
CPRO       heavy_miss=2 heavy_excess=0 H_excess=[] bond_miss=set() bond_excess={1}

matched with excess inter-residue bond(s): A:45
No template matched for residue_key='A:46'
tried 6 templates for residue_key='A:46'excess_H_ok=False
GLU        heavy_miss=3 heavy_excess=2 H_excess=[] bond_miss=set() bond_excess=set()
NGLU       heavy_miss=3 heavy_excess=2 H_excess=[] bond_miss=set() bond_excess={4}
CGLU       heavy_miss=4 heavy_excess=2 H_excess=[] bond_miss=set() bond_excess={1}
GLH        heavy_miss=3 heavy_excess=2 H_excess=[] bond_miss=set() bond_excess=set()
NGLH       heavy_miss=3 heavy_excess=2 H_excess=[] bond_miss=set() bond_excess={4}
CGLH       heavy_miss=4 heavy_excess=2 H_excess=[] bond_miss=set() bond_excess={1}

matched with excess inter-residue bond(s): A:46
No template matched for residue_key='A:50'
tried 3 templates for residue_key='A:50'excess_H_ok=False
GLN        heavy_miss=3 heavy_excess=2 H_excess=[] bond_miss=set() bond_excess=set()
NGLN       heavy_miss=3 heavy_excess=2 H_excess=[] bond_miss=set() bond_excess={4}
CGLN       heavy_miss=4 heavy_excess=2 H_excess=[] bond_miss=set() bond_excess={1}

matched with excess inter-residue bond(s): A:50
No template matched for residue_key='A:51'
tried 3 templates for residue_key='A:51'excess_H_ok=False
TRP        heavy_miss=8 heavy_excess=6 H_excess=[] bond_miss=set() bond_excess=set()
NTRP       heavy_miss=8 heavy_excess=6 H_excess=[] bond_miss=set() bond_excess={4}
CTRP       heavy_miss=9 heavy_excess=6 H_excess=[] bond_miss=set() bond_excess={1}

matched with excess inter-residue bond(s): A:51
No template matched for residue_key='A:55'
tried 6 templates for residue_key='A:55'excess_H_ok=False
GLU        heavy_miss=3 heavy_excess=2 H_excess=[] bond_miss=set() bond_excess=set()
NGLU       heavy_miss=3 heavy_excess=2 H_excess=[] bond_miss=set() bond_excess={4}
CGLU       heavy_miss=4 heavy_excess=2 H_excess=[] bond_miss=set() bond_excess={1}
GLH        heavy_miss=3 heavy_excess=2 H_excess=[] bond_miss=set() bond_excess=set()
NGLH       heavy_miss=3 heavy_excess=2 H_excess=[] bond_miss=set() bond_excess={4}
CGLH       heavy_miss=4 heavy_excess=2 H_excess=[] bond_miss=set() bond_excess={1}

matched with excess inter-residue bond(s): A:55
No template matched for residue_key='A:56'
tried 3 templates for residue_key='A:56'excess_H_ok=False
PRO        heavy_miss=1 heavy_excess=0 H_excess=[] bond_miss=set() bond_excess=set()
NPRO       heavy_miss=1 heavy_excess=0 H_excess=[] bond_miss=set() bond_excess={4}
CPRO       heavy_miss=2 heavy_excess=0 H_excess=[] bond_miss=set() bond_excess={1}

matched with excess inter-residue bond(s): A:56
No template matched for residue_key='A:58'
tried 3 templates for residue_key='A:58'excess_H_ok=False
GLN        heavy_miss=3 heavy_excess=2 H_excess=[] bond_miss=set() bond_excess=set()
NGLN       heavy_miss=3 heavy_excess=2 H_excess=[] bond_miss=set() bond_excess={4}
CGLN       heavy_miss=4 heavy_excess=2 H_excess=[] bond_miss=set() bond_excess={1}

matched with excess inter-residue bond(s): A:58
No template matched for residue_key='A:61'
tried 3 templates for residue_key='A:61'excess_H_ok=False
PHE        heavy_miss=5 heavy_excess=3 H_excess=[] bond_miss=set() bond_excess=set()
NPHE       heavy_miss=5 heavy_excess=3 H_excess=[] bond_miss=set() bond_excess={4}
CPHE       heavy_miss=6 heavy_excess=3 H_excess=[] bond_miss=set() bond_excess={1}

matched with excess inter-residue bond(s): A:61
No template matched for residue_key='A:63'
tried 3 templates for residue_key='A:63'excess_H_ok=False
PHE        heavy_miss=5 heavy_excess=3 H_excess=[] bond_miss=set() bond_excess=set()
NPHE       heavy_miss=5 heavy_excess=3 H_excess=[] bond_miss=set() bond_excess={4}
CPHE       heavy_miss=6 heavy_excess=3 H_excess=[] bond_miss=set() bond_excess={1}

matched with excess inter-residue bond(s): A:63
No template matched for residue_key='A:68'
tried 3 templates for residue_key='A:68'excess_H_ok=False
TYR        heavy_miss=6 heavy_excess=4 H_excess=[] bond_miss=set() bond_excess=set()
NTYR       heavy_miss=6 heavy_excess=4 H_excess=[] bond_miss=set() bond_excess={4}
CTYR       heavy_miss=7 heavy_excess=4 H_excess=[] bond_miss=set() bond_excess={1}

matched with excess inter-residue bond(s): A:68
No template matched for residue_key='A:69'
tried 3 templates for residue_key='A:69'excess_H_ok=False
LEU        heavy_miss=2 heavy_excess=0 H_excess=[] bond_miss=set() bond_excess=set()
NLEU       heavy_miss=2 heavy_excess=0 H_excess=[] bond_miss=set() bond_excess={4}
CLEU       heavy_miss=3 heavy_excess=0 H_excess=[] bond_miss=set() bond_excess={1}

matched with excess inter-residue bond(s): A:69
No template matched for residue_key='A:72'
tried 3 templates for residue_key='A:72'excess_H_ok=False
TRP        heavy_miss=8 heavy_excess=6 H_excess=[] bond_miss=set() bond_excess=set()
NTRP       heavy_miss=8 heavy_excess=6 H_excess=[] bond_miss=set() bond_excess={4}
CTRP       heavy_miss=9 heavy_excess=6 H_excess=[] bond_miss=set() bond_excess={1}

matched with excess inter-residue bond(s): A:72
No template matched for residue_key='A:74'
tried 3 templates for residue_key='A:74'excess_H_ok=False
GLN        heavy_miss=3 heavy_excess=2 H_excess=[] bond_miss=set() bond_excess=set()
NGLN       heavy_miss=3 heavy_excess=2 H_excess=[] bond_miss=set() bond_excess={4}
CGLN       heavy_miss=4 heavy_excess=2 H_excess=[] bond_miss=set() bond_excess={1}

matched with excess inter-residue bond(s): A:74
No template matched for residue_key='A:75'
tried 3 templates for residue_key='A:75'excess_H_ok=False
GLN        heavy_miss=3 heavy_excess=2 H_excess=[] bond_miss=set() bond_excess=set()
NGLN       heavy_miss=3 heavy_excess=2 H_excess=[] bond_miss=set() bond_excess={4}
CGLN       heavy_miss=4 heavy_excess=2 H_excess=[] bond_miss=set() bond_excess={1}

matched with excess inter-residue bond(s): A:75
No template matched for residue_key='A:78'
tried 6 templates for residue_key='A:78'excess_H_ok=False
LYS        heavy_miss=3 heavy_excess=2 H_excess=[] bond_miss=set() bond_excess=set()
NLYS       heavy_miss=3 heavy_excess=2 H_excess=[] bond_miss=set() bond_excess={4}
CLYS       heavy_miss=4 heavy_excess=2 H_excess=[] bond_miss=set() bond_excess={1}
LYN        heavy_miss=3 heavy_excess=2 H_excess=[] bond_miss=set() bond_excess=set()
NLYN       heavy_miss=3 heavy_excess=2 H_excess=[] bond_miss=set() bond_excess={4}
CLYN       heavy_miss=4 heavy_excess=2 H_excess=[] bond_miss=set() bond_excess={1}

matched with excess inter-residue bond(s): A:78
No template matched for residue_key='A:79'
tried 3 templates for residue_key='A:79'excess_H_ok=False
LEU        heavy_miss=2 heavy_excess=0 H_excess=[] bond_miss=set() bond_excess=set()
NLEU       heavy_miss=2 heavy_excess=0 H_excess=[] bond_miss=set() bond_excess={4}
CLEU       heavy_miss=3 heavy_excess=0 H_excess=[] bond_miss=set() bond_excess={1}

matched with excess inter-residue bond(s): A:79
No template matched for residue_key='A:80'
tried 3 templates for residue_key='A:80'excess_H_ok=False
ILE        heavy_miss=1 heavy_excess=0 H_excess=[] bond_miss=set() bond_excess=set()
NILE       heavy_miss=1 heavy_excess=0 H_excess=[] bond_miss=set() bond_excess={4}
CILE       heavy_miss=2 heavy_excess=0 H_excess=[] bond_miss=set() bond_excess={1}

matched with excess inter-residue bond(s): A:80
No template matched for residue_key='A:85'
tried 3 templates for residue_key='A:85'excess_H_ok=False
LEU        heavy_miss=2 heavy_excess=0 H_excess=[] bond_miss=set() bond_excess=set()
NLEU       heavy_miss=2 heavy_excess=0 H_excess=[] bond_miss=set() bond_excess={4}
CLEU       heavy_miss=3 heavy_excess=0 H_excess=[] bond_miss=set() bond_excess={1}

matched with excess inter-residue bond(s): A:85
No template matched for residue_key='A:87'
tried 3 templates for residue_key='A:87'excess_H_ok=False
TRP        heavy_miss=8 heavy_excess=6 H_excess=[] bond_miss=set() bond_excess=set()
NTRP       heavy_miss=8 heavy_excess=6 H_excess=[] bond_miss=set() bond_excess={4}
CTRP       heavy_miss=9 heavy_excess=6 H_excess=[] bond_miss=set() bond_excess={1}

matched with excess inter-residue bond(s): A:87
No template matched for residue_key='A:88'
tried 9 templates for residue_key='A:88'excess_H_ok=False
HIE        heavy_miss=1 heavy_excess=0 H_excess=[] bond_miss=set() bond_excess=set()
HID        heavy_miss=1 heavy_excess=0 H_excess=[] bond_miss=set() bond_excess=set()
HIP        heavy_miss=1 heavy_excess=0 H_excess=[] bond_miss=set() bond_excess=set()
NHIE       heavy_miss=1 heavy_excess=0 H_excess=[] bond_miss=set() bond_excess={4}
NHID       heavy_miss=1 heavy_excess=0 H_excess=[] bond_miss=set() bond_excess={4}
NHIP       heavy_miss=1 heavy_excess=0 H_excess=[] bond_miss=set() bond_excess={4}
CHIE       heavy_miss=2 heavy_excess=0 H_excess=[] bond_miss=set() bond_excess={1}
CHID       heavy_miss=2 heavy_excess=0 H_excess=[] bond_miss=set() bond_excess={1}
CHIP       heavy_miss=2 heavy_excess=0 H_excess=[] bond_miss=set() bond_excess={1}

matched with excess inter-residue bond(s): A:88
No template matched for residue_key='A:89'
tried 3 templates for residue_key='A:89'excess_H_ok=False
ARG        heavy_miss=5 heavy_excess=4 H_excess=[] bond_miss=set() bond_excess=set()
NARG       heavy_miss=5 heavy_excess=4 H_excess=[] bond_miss=set() bond_excess={4}
CARG       heavy_miss=6 heavy_excess=4 H_excess=[] bond_miss=set() bond_excess={1}

matched with excess inter-residue bond(s): A:89
No template matched for residue_key='A:90'
tried 9 templates for residue_key='A:90'excess_H_ok=False
HIE        heavy_miss=1 heavy_excess=0 H_excess=[] bond_miss=set() bond_excess=set()
HID        heavy_miss=1 heavy_excess=0 H_excess=[] bond_miss=set() bond_excess=set()
HIP        heavy_miss=1 heavy_excess=0 H_excess=[] bond_miss=set() bond_excess=set()
NHIE       heavy_miss=1 heavy_excess=0 H_excess=[] bond_miss=set() bond_excess={4}
NHID       heavy_miss=1 heavy_excess=0 H_excess=[] bond_miss=set() bond_excess={4}
NHIP       heavy_miss=1 heavy_excess=0 H_excess=[] bond_miss=set() bond_excess={4}
CHIE       heavy_miss=2 heavy_excess=0 H_excess=[] bond_miss=set() bond_excess={1}
CHID       heavy_miss=2 heavy_excess=0 H_excess=[] bond_miss=set() bond_excess={1}
CHIP       heavy_miss=2 heavy_excess=0 H_excess=[] bond_miss=set() bond_excess={1}

matched with excess inter-residue bond(s): A:90
No template matched for residue_key='A:91'
tried 3 templates for residue_key='A:91'excess_H_ok=False
LEU        heavy_miss=2 heavy_excess=0 H_excess=[] bond_miss=set() bond_excess=set()
NLEU       heavy_miss=2 heavy_excess=0 H_excess=[] bond_miss=set() bond_excess={4}
CLEU       heavy_miss=3 heavy_excess=0 H_excess=[] bond_miss=set() bond_excess={1}

matched with excess inter-residue bond(s): A:91
No template matched for residue_key='A:92'
tried 3 templates for residue_key='A:92'excess_H_ok=False
PRO        heavy_miss=1 heavy_excess=0 H_excess=[] bond_miss=set() bond_excess=set()
NPRO       heavy_miss=1 heavy_excess=0 H_excess=[] bond_miss=set() bond_excess={4}
CPRO       heavy_miss=2 heavy_excess=0 H_excess=[] bond_miss=set() bond_excess={1}

matched with excess inter-residue bond(s): A:92
No template matched for residue_key='A:94'
tried 3 templates for residue_key='A:94'excess_H_ok=False
TRP        heavy_miss=8 heavy_excess=6 H_excess=[] bond_miss=set() bond_excess=set()
NTRP       heavy_miss=8 heavy_excess=6 H_excess=[] bond_miss=set() bond_excess={4}
CTRP       heavy_miss=9 heavy_excess=6 H_excess=[] bond_miss=set() bond_excess={1}

matched with excess inter-residue bond(s): A:94
No template matched for residue_key='A:98'
tried 3 templates for residue_key='A:98'excess_H_ok=False
ILE        heavy_miss=1 heavy_excess=0 H_excess=[] bond_miss=set() bond_excess=set()
NILE       heavy_miss=1 heavy_excess=0 H_excess=[] bond_miss=set() bond_excess={4}
CILE       heavy_miss=2 heavy_excess=0 H_excess=[] bond_miss=set() bond_excess={1}

matched with excess inter-residue bond(s): A:98
No template matched for residue_key='A:101'
tried 6 templates for residue_key='A:101'excess_H_ok=False
LYS        heavy_miss=3 heavy_excess=2 H_excess=[] bond_miss=set() bond_excess=set()
NLYS       heavy_miss=3 heavy_excess=2 H_excess=[] bond_miss=set() bond_excess={4}
CLYS       heavy_miss=4 heavy_excess=2 H_excess=[] bond_miss=set() bond_excess={1}
LYN        heavy_miss=3 heavy_excess=2 H_excess=[] bond_miss=set() bond_excess=set()
NLYN       heavy_miss=3 heavy_excess=2 H_excess=[] bond_miss=set() bond_excess={4}
CLYN       heavy_miss=4 heavy_excess=2 H_excess=[] bond_miss=set() bond_excess={1}

matched with excess inter-residue bond(s): A:101
No template matched for residue_key='A:104'
tried 3 templates for residue_key='A:104'excess_H_ok=False
LEU        heavy_miss=2 heavy_excess=0 H_excess=[] bond_miss=set() bond_excess=set()
NLEU       heavy_miss=2 heavy_excess=0 H_excess=[] bond_miss=set() bond_excess={4}
CLEU       heavy_miss=3 heavy_excess=0 H_excess=[] bond_miss=set() bond_excess={1}

matched with excess inter-residue bond(s): A:104
No template matched for residue_key='A:109'
tried 6 templates for residue_key='A:109'excess_H_ok=False
LYS        heavy_miss=3 heavy_excess=2 H_excess=[] bond_miss=set() bond_excess=set()
NLYS       heavy_miss=3 heavy_excess=2 H_excess=[] bond_miss=set() bond_excess={4}
CLYS       heavy_miss=4 heavy_excess=2 H_excess=[] bond_miss=set() bond_excess={1}
LYN        heavy_miss=3 heavy_excess=2 H_excess=[] bond_miss=set() bond_excess=set()
NLYN       heavy_miss=3 heavy_excess=2 H_excess=[] bond_miss=set() bond_excess={4}
CLYN       heavy_miss=4 heavy_excess=2 H_excess=[] bond_miss=set() bond_excess={1}

matched with excess inter-residue bond(s): A:109
No template matched for residue_key='A:111'
tried 9 templates for residue_key='A:111'excess_H_ok=False
HIE        heavy_miss=1 heavy_excess=0 H_excess=[] bond_miss=set() bond_excess=set()
HID        heavy_miss=1 heavy_excess=0 H_excess=[] bond_miss=set() bond_excess=set()
HIP        heavy_miss=1 heavy_excess=0 H_excess=[] bond_miss=set() bond_excess=set()
NHIE       heavy_miss=1 heavy_excess=0 H_excess=[] bond_miss=set() bond_excess={4}
NHID       heavy_miss=1 heavy_excess=0 H_excess=[] bond_miss=set() bond_excess={4}
NHIP       heavy_miss=1 heavy_excess=0 H_excess=[] bond_miss=set() bond_excess={4}
CHIE       heavy_miss=2 heavy_excess=0 H_excess=[] bond_miss=set() bond_excess={1}
CHID       heavy_miss=2 heavy_excess=0 H_excess=[] bond_miss=set() bond_excess={1}
CHIP       heavy_miss=2 heavy_excess=0 H_excess=[] bond_miss=set() bond_excess={1}

matched with excess inter-residue bond(s): A:111
No template matched for residue_key='A:112'
tried 3 templates for residue_key='A:112'excess_H_ok=False
ILE        heavy_miss=1 heavy_excess=0 H_excess=[] bond_miss=set() bond_excess=set()
NILE       heavy_miss=1 heavy_excess=0 H_excess=[] bond_miss=set() bond_excess={4}
CILE       heavy_miss=2 heavy_excess=0 H_excess=[] bond_miss=set() bond_excess={1}

matched with excess inter-residue bond(s): A:112
No template matched for residue_key='A:115'
tried 3 templates for residue_key='A:115'excess_H_ok=False
LEU        heavy_miss=2 heavy_excess=0 H_excess=[] bond_miss=set() bond_excess=set()
NLEU       heavy_miss=2 heavy_excess=0 H_excess=[] bond_miss=set() bond_excess={4}
CLEU       heavy_miss=3 heavy_excess=0 H_excess=[] bond_miss=set() bond_excess={1}

matched with excess inter-residue bond(s): A:115
No template matched for residue_key='A:118'
tried 3 templates for residue_key='A:118'excess_H_ok=False
ARG        heavy_miss=5 heavy_excess=4 H_excess=[] bond_miss=set() bond_excess=set()
NARG       heavy_miss=5 heavy_excess=4 H_excess=[] bond_miss=set() bond_excess={4}
CARG       heavy_miss=6 heavy_excess=4 H_excess=[] bond_miss=set() bond_excess={1}

matched with excess inter-residue bond(s): A:118
No template matched for residue_key='A:119'
tried 3 templates for residue_key='A:119'excess_H_ok=False
TYR        heavy_miss=6 heavy_excess=4 H_excess=[] bond_miss=set() bond_excess=set()
NTYR       heavy_miss=6 heavy_excess=4 H_excess=[] bond_miss=set() bond_excess={4}
CTYR       heavy_miss=7 heavy_excess=4 H_excess=[] bond_miss=set() bond_excess={1}

matched with excess inter-residue bond(s): A:119
No template matched for residue_key='A:120'
tried 6 templates for residue_key='A:120'excess_H_ok=False
LYS        heavy_miss=3 heavy_excess=2 H_excess=[] bond_miss=set() bond_excess=set()
NLYS       heavy_miss=3 heavy_excess=2 H_excess=[] bond_miss=set() bond_excess={4}
CLYS       heavy_miss=4 heavy_excess=2 H_excess=[] bond_miss=set() bond_excess={1}
LYN        heavy_miss=3 heavy_excess=2 H_excess=[] bond_miss=set() bond_excess=set()
NLYN       heavy_miss=3 heavy_excess=2 H_excess=[] bond_miss=set() bond_excess={4}
CLYN       heavy_miss=4 heavy_excess=2 H_excess=[] bond_miss=set() bond_excess={1}

matched with excess inter-residue bond(s): A:120
No template matched for residue_key='A:122'
tried 6 templates for residue_key='A:122'excess_H_ok=False
LYS        heavy_miss=3 heavy_excess=2 H_excess=[] bond_miss=set() bond_excess=set()
NLYS       heavy_miss=3 heavy_excess=2 H_excess=[] bond_miss=set() bond_excess={4}
CLYS       heavy_miss=4 heavy_excess=2 H_excess=[] bond_miss=set() bond_excess={1}
LYN        heavy_miss=3 heavy_excess=2 H_excess=[] bond_miss=set() bond_excess=set()
NLYN       heavy_miss=3 heavy_excess=2 H_excess=[] bond_miss=set() bond_excess={4}
CLYN       heavy_miss=4 heavy_excess=2 H_excess=[] bond_miss=set() bond_excess={1}

matched with excess inter-residue bond(s): A:122
No template matched for residue_key='A:123'
tried 3 templates for residue_key='A:123'excess_H_ok=False
ILE        heavy_miss=1 heavy_excess=0 H_excess=[] bond_miss=set() bond_excess=set()
NILE       heavy_miss=1 heavy_excess=0 H_excess=[] bond_miss=set() bond_excess={4}
CILE       heavy_miss=2 heavy_excess=0 H_excess=[] bond_miss=set() bond_excess={1}

matched with excess inter-residue bond(s): A:123
No template matched for residue_key='A:124'
tried 3 templates for residue_key='A:124'excess_H_ok=False
ARG        heavy_miss=5 heavy_excess=4 H_excess=[] bond_miss=set() bond_excess=set()
NARG       heavy_miss=5 heavy_excess=4 H_excess=[] bond_miss=set() bond_excess={4}
CARG       heavy_miss=6 heavy_excess=4 H_excess=[] bond_miss=set() bond_excess={1}

matched with excess inter-residue bond(s): A:124
No template matched for residue_key='A:126'
tried 3 templates for residue_key='A:126'excess_H_ok=False
TRP        heavy_miss=8 heavy_excess=6 H_excess=[] bond_miss=set() bond_excess=set()
NTRP       heavy_miss=8 heavy_excess=6 H_excess=[] bond_miss=set() bond_excess={4}
CTRP       heavy_miss=9 heavy_excess=6 H_excess=[] bond_miss=set() bond_excess={1}

matched with excess inter-residue bond(s): A:126
No template matched for residue_key='A:131'
tried 6 templates for residue_key='A:131'excess_H_ok=False
GLU        heavy_miss=3 heavy_excess=2 H_excess=[] bond_miss=set() bond_excess=set()
NGLU       heavy_miss=3 heavy_excess=2 H_excess=[] bond_miss=set() bond_excess={4}
CGLU       heavy_miss=4 heavy_excess=2 H_excess=[] bond_miss=set() bond_excess={1}
GLH        heavy_miss=3 heavy_excess=2 H_excess=[] bond_miss=set() bond_excess=set()
NGLH       heavy_miss=3 heavy_excess=2 H_excess=[] bond_miss=set() bond_excess={4}
CGLH       heavy_miss=4 heavy_excess=2 H_excess=[] bond_miss=set() bond_excess={1}

matched with excess inter-residue bond(s): A:131
No template matched for residue_key='A:133'
tried 3 templates for residue_key='A:133'excess_H_ok=False
PHE        heavy_miss=5 heavy_excess=3 H_excess=[] bond_miss=set() bond_excess=set()
NPHE       heavy_miss=5 heavy_excess=3 H_excess=[] bond_miss=set() bond_excess={4}
CPHE       heavy_miss=6 heavy_excess=3 H_excess=[] bond_miss=set() bond_excess={1}

matched with excess inter-residue bond(s): A:133
No template matched for residue_key='A:135'
tried 6 templates for residue_key='A:135'excess_H_ok=False
GLU        heavy_miss=3 heavy_excess=2 H_excess=[] bond_miss=set() bond_excess=set()
NGLU       heavy_miss=3 heavy_excess=2 H_excess=[] bond_miss=set() bond_excess={4}
CGLU       heavy_miss=4 heavy_excess=2 H_excess=[] bond_miss=set() bond_excess={1}
GLH        heavy_miss=3 heavy_excess=2 H_excess=[] bond_miss=set() bond_excess=set()
NGLH       heavy_miss=3 heavy_excess=2 H_excess=[] bond_miss=set() bond_excess={4}
CGLH       heavy_miss=4 heavy_excess=2 H_excess=[] bond_miss=set() bond_excess={1}

matched with excess inter-residue bond(s): A:135
No template matched for residue_key='A:139'
tried 3 templates for residue_key='A:139'excess_H_ok=False
LEU        heavy_miss=2 heavy_excess=0 H_excess=[] bond_miss=set() bond_excess=set()
NLEU       heavy_miss=2 heavy_excess=0 H_excess=[] bond_miss=set() bond_excess={4}
CLEU       heavy_miss=3 heavy_excess=0 H_excess=[] bond_miss=set() bond_excess={1}

matched with excess inter-residue bond(s): A:139
No template matched for residue_key='A:140'
tried 3 templates for residue_key='A:140'excess_H_ok=False
ARG        heavy_miss=5 heavy_excess=4 H_excess=[] bond_miss=set() bond_excess=set()
NARG       heavy_miss=5 heavy_excess=4 H_excess=[] bond_miss=set() bond_excess={4}
CARG       heavy_miss=6 heavy_excess=4 H_excess=[] bond_miss=set() bond_excess={1}

matched with excess inter-residue bond(s): A:140
No template matched for residue_key='A:141'
tried 3 templates for residue_key='A:141'excess_H_ok=False
GLN        heavy_miss=3 heavy_excess=2 H_excess=[] bond_miss=set() bond_excess=set()
NGLN       heavy_miss=3 heavy_excess=2 H_excess=[] bond_miss=set() bond_excess={4}
CGLN       heavy_miss=4 heavy_excess=2 H_excess=[] bond_miss=set() bond_excess={1}

matched with excess inter-residue bond(s): A:141
No template matched for residue_key='A:144'
tried 3 templates for residue_key='A:144'excess_H_ok=False
PHE        heavy_miss=5 heavy_excess=3 H_excess=[] bond_miss=set() bond_excess=set()
NPHE       heavy_miss=5 heavy_excess=3 H_excess=[] bond_miss=set() bond_excess={4}
CPHE       heavy_miss=6 heavy_excess=3 H_excess=[] bond_miss=set() bond_excess={1}

matched with excess inter-residue bond(s): A:144
No template matched for residue_key='A:145'
tried 3 templates for residue_key='A:145'excess_H_ok=False
LEU        heavy_miss=2 heavy_excess=0 H_excess=[] bond_miss=set() bond_excess=set()
NLEU       heavy_miss=2 heavy_excess=0 H_excess=[] bond_miss=set() bond_excess={4}
CLEU       heavy_miss=3 heavy_excess=0 H_excess=[] bond_miss=set() bond_excess={1}

matched with excess inter-residue bond(s): A:145
No template matched for residue_key='A:148'
tried 3 templates for residue_key='A:148'excess_H_ok=False
ILE        heavy_miss=1 heavy_excess=0 H_excess=[] bond_miss=set() bond_excess=set()
NILE       heavy_miss=1 heavy_excess=0 H_excess=[] bond_miss=set() bond_excess={4}
CILE       heavy_miss=2 heavy_excess=0 H_excess=[] bond_miss=set() bond_excess={1}

matched with excess inter-residue bond(s): A:148
No template matched for residue_key='A:150'
tried 6 templates for residue_key='A:150'excess_H_ok=False
GLU        heavy_miss=3 heavy_excess=2 H_excess=[] bond_miss=set() bond_excess=set()
NGLU       heavy_miss=3 heavy_excess=2 H_excess=[] bond_miss=set() bond_excess={4}
CGLU       heavy_miss=4 heavy_excess=2 H_excess=[] bond_miss=set() bond_excess={1}
GLH        heavy_miss=3 heavy_excess=2 H_excess=[] bond_miss=set() bond_excess=set()
NGLH       heavy_miss=3 heavy_excess=2 H_excess=[] bond_miss=set() bond_excess={4}
CGLH       heavy_miss=4 heavy_excess=2 H_excess=[] bond_miss=set() bond_excess={1}

matched with excess inter-residue bond(s): A:150
No template matched for residue_key='A:152'
tried 3 templates for residue_key='A:152'excess_H_ok=False
TYR        heavy_miss=6 heavy_excess=4 H_excess=[] bond_miss=set() bond_excess=set()
NTYR       heavy_miss=6 heavy_excess=4 H_excess=[] bond_miss=set() bond_excess={4}
CTYR       heavy_miss=7 heavy_excess=4 H_excess=[] bond_miss=set() bond_excess={1}

matched with excess inter-residue bond(s): A:152
No template matched for residue_key='A:153'
tried 3 templates for residue_key='A:153'excess_H_ok=False
ILE        heavy_miss=1 heavy_excess=0 H_excess=[] bond_miss=set() bond_excess=set()
NILE       heavy_miss=1 heavy_excess=0 H_excess=[] bond_miss=set() bond_excess={4}
CILE       heavy_miss=2 heavy_excess=0 H_excess=[] bond_miss=set() bond_excess={1}

matched with excess inter-residue bond(s): A:153
No template matched for residue_key='A:154'
tried 3 templates for residue_key='A:154'excess_H_ok=False
PRO        heavy_miss=1 heavy_excess=0 H_excess=[] bond_miss=set() bond_excess=set()
NPRO       heavy_miss=1 heavy_excess=0 H_excess=[] bond_miss=set() bond_excess={4}
CPRO       heavy_miss=2 heavy_excess=0 H_excess=[] bond_miss=set() bond_excess={1}

matched with excess inter-residue bond(s): A:154
No template matched for residue_key='A:155'
tried 3 templates for residue_key='A:155'excess_H_ok=False
ILE        heavy_miss=1 heavy_excess=0 H_excess=[] bond_miss=set() bond_excess=set()
NILE       heavy_miss=1 heavy_excess=0 H_excess=[] bond_miss=set() bond_excess={4}
CILE       heavy_miss=2 heavy_excess=0 H_excess=[] bond_miss=set() bond_excess={1}

matched with excess inter-residue bond(s): A:155
No template matched for residue_key='A:157'
tried 3 templates for residue_key='A:157'excess_H_ok=False
PHE        heavy_miss=5 heavy_excess=3 H_excess=[] bond_miss=set() bond_excess=set()
NPHE       heavy_miss=5 heavy_excess=3 H_excess=[] bond_miss=set() bond_excess={4}
CPHE       heavy_miss=6 heavy_excess=3 H_excess=[] bond_miss=set() bond_excess={1}

matched with excess inter-residue bond(s): A:157
No template matched for residue_key='A:158'
tried 3 templates for residue_key='A:158'excess_H_ok=False
GLN        heavy_miss=3 heavy_excess=2 H_excess=[] bond_miss=set() bond_excess=set()
NGLN       heavy_miss=3 heavy_excess=2 H_excess=[] bond_miss=set() bond_excess={4}
CGLN       heavy_miss=4 heavy_excess=2 H_excess=[] bond_miss=set() bond_excess={1}

matched with excess inter-residue bond(s): A:158
No template matched for residue_key='A:161'
tried 3 templates for residue_key='A:161'excess_H_ok=False
ARG        heavy_miss=5 heavy_excess=4 H_excess=[] bond_miss=set() bond_excess=set()
NARG       heavy_miss=5 heavy_excess=4 H_excess=[] bond_miss=set() bond_excess={4}
CARG       heavy_miss=6 heavy_excess=4 H_excess=[] bond_miss=set() bond_excess={1}

matched with excess inter-residue bond(s): A:161
No template matched for residue_key='A:165'
tried 3 templates for residue_key='A:165'excess_H_ok=False
PRO        heavy_miss=1 heavy_excess=0 H_excess=[] bond_miss=set() bond_excess=set()
NPRO       heavy_miss=1 heavy_excess=0 H_excess=[] bond_miss=set() bond_excess={4}
CPRO       heavy_miss=2 heavy_excess=0 H_excess=[] bond_miss=set() bond_excess={1}

matched with excess inter-residue bond(s): A:165
No template matched for residue_key='A:168'
tried 6 templates for residue_key='A:168'excess_H_ok=False
LYS        heavy_miss=3 heavy_excess=2 H_excess=[] bond_miss=set() bond_excess=set()
NLYS       heavy_miss=3 heavy_excess=2 H_excess=[] bond_miss=set() bond_excess={4}
CLYS       heavy_miss=4 heavy_excess=2 H_excess=[] bond_miss=set() bond_excess={1}
LYN        heavy_miss=3 heavy_excess=2 H_excess=[] bond_miss=set() bond_excess=set()
NLYN       heavy_miss=3 heavy_excess=2 H_excess=[] bond_miss=set() bond_excess={4}
CLYN       heavy_miss=4 heavy_excess=2 H_excess=[] bond_miss=set() bond_excess={1}

matched with excess inter-residue bond(s): A:168
No template matched for residue_key='A:169'
tried 3 templates for residue_key='A:169'excess_H_ok=False
LEU        heavy_miss=2 heavy_excess=0 H_excess=[] bond_miss=set() bond_excess=set()
NLEU       heavy_miss=2 heavy_excess=0 H_excess=[] bond_miss=set() bond_excess={4}
CLEU       heavy_miss=3 heavy_excess=0 H_excess=[] bond_miss=set() bond_excess={1}

matched with excess inter-residue bond(s): A:169
No template matched for residue_key='A:170'
tried 3 templates for residue_key='A:170'excess_H_ok=False
TYR        heavy_miss=6 heavy_excess=4 H_excess=[] bond_miss=set() bond_excess=set()
NTYR       heavy_miss=6 heavy_excess=4 H_excess=[] bond_miss=set() bond_excess={4}
CTYR       heavy_miss=7 heavy_excess=4 H_excess=[] bond_miss=set() bond_excess={1}

matched with excess inter-residue bond(s): A:170
No template matched for residue_key='A:171'
tried 3 templates for residue_key='A:171'excess_H_ok=False
ILE        heavy_miss=1 heavy_excess=0 H_excess=[] bond_miss=set() bond_excess=set()
NILE       heavy_miss=1 heavy_excess=0 H_excess=[] bond_miss=set() bond_excess={4}
CILE       heavy_miss=2 heavy_excess=0 H_excess=[] bond_miss=set() bond_excess={1}

matched with excess inter-residue bond(s): A:171
No template matched for residue_key='A:174'
tried 3 templates for residue_key='A:174'excess_H_ok=False
TYR        heavy_miss=6 heavy_excess=4 H_excess=[] bond_miss=set() bond_excess=set()
NTYR       heavy_miss=6 heavy_excess=4 H_excess=[] bond_miss=set() bond_excess={4}
CTYR       heavy_miss=7 heavy_excess=4 H_excess=[] bond_miss=set() bond_excess={1}

matched with excess inter-residue bond(s): A:174
No template matched for residue_key='A:176'
tried 3 templates for residue_key='A:176'excess_H_ok=False
LEU        heavy_miss=2 heavy_excess=0 H_excess=[] bond_miss=set() bond_excess=set()
NLEU       heavy_miss=2 heavy_excess=0 H_excess=[] bond_miss=set() bond_excess={4}
CLEU       heavy_miss=3 heavy_excess=0 H_excess=[] bond_miss=set() bond_excess={1}

matched with excess inter-residue bond(s): A:176
No template matched for residue_key='A:181'
tried 3 templates for residue_key='A:181'excess_H_ok=False
TYR        heavy_miss=6 heavy_excess=4 H_excess=[] bond_miss=set() bond_excess=set()
NTYR       heavy_miss=6 heavy_excess=4 H_excess=[] bond_miss=set() bond_excess={4}
CTYR       heavy_miss=7 heavy_excess=4 H_excess=[] bond_miss=set() bond_excess={1}

matched with excess inter-residue bond(s): A:181
No template matched for residue_key='A:182'
tried 3 templates for residue_key='A:182'excess_H_ok=False
PRO        heavy_miss=1 heavy_excess=0 H_excess=[] bond_miss=set() bond_excess=set()
NPRO       heavy_miss=1 heavy_excess=0 H_excess=[] bond_miss=set() bond_excess={4}
CPRO       heavy_miss=2 heavy_excess=0 H_excess=[] bond_miss=set() bond_excess={1}

matched with excess inter-residue bond(s): A:182
No template matched for residue_key='A:183'
tried 6 templates for residue_key='A:183'excess_H_ok=False
LYS        heavy_miss=3 heavy_excess=2 H_excess=[] bond_miss=set() bond_excess=set()
NLYS       heavy_miss=3 heavy_excess=2 H_excess=[] bond_miss=set() bond_excess={4}
CLYS       heavy_miss=4 heavy_excess=2 H_excess=[] bond_miss=set() bond_excess={1}
LYN        heavy_miss=3 heavy_excess=2 H_excess=[] bond_miss=set() bond_excess=set()
NLYN       heavy_miss=3 heavy_excess=2 H_excess=[] bond_miss=set() bond_excess={4}
CLYN       heavy_miss=4 heavy_excess=2 H_excess=[] bond_miss=set() bond_excess={1}

matched with excess inter-residue bond(s): A:183
No template matched for residue_key='A:185'
tried 3 templates for residue_key='A:185'excess_H_ok=False
GLN        heavy_miss=3 heavy_excess=2 H_excess=[] bond_miss=set() bond_excess=set()
NGLN       heavy_miss=3 heavy_excess=2 H_excess=[] bond_miss=set() bond_excess={4}
CGLN       heavy_miss=4 heavy_excess=2 H_excess=[] bond_miss=set() bond_excess={1}

matched with excess inter-residue bond(s): A:185
No template matched for residue_key='A:187'
tried 3 templates for residue_key='A:187'excess_H_ok=False
ILE        heavy_miss=1 heavy_excess=0 H_excess=[] bond_miss=set() bond_excess=set()
NILE       heavy_miss=1 heavy_excess=0 H_excess=[] bond_miss=set() bond_excess={4}
CILE       heavy_miss=2 heavy_excess=0 H_excess=[] bond_miss=set() bond_excess={1}

matched with excess inter-residue bond(s): A:187
No template matched for residue_key='A:190'
tried 3 templates for residue_key='A:190'excess_H_ok=False
ARG        heavy_miss=5 heavy_excess=4 H_excess=[] bond_miss=set() bond_excess=set()
NARG       heavy_miss=5 heavy_excess=4 H_excess=[] bond_miss=set() bond_excess={4}
CARG       heavy_miss=6 heavy_excess=4 H_excess=[] bond_miss=set() bond_excess={1}

matched with excess inter-residue bond(s): A:190
No template matched for residue_key='A:192'
tried 6 templates for residue_key='A:192'excess_H_ok=False
LYS        heavy_miss=3 heavy_excess=2 H_excess=[] bond_miss=set() bond_excess=set()
NLYS       heavy_miss=3 heavy_excess=2 H_excess=[] bond_miss=set() bond_excess={4}
CLYS       heavy_miss=4 heavy_excess=2 H_excess=[] bond_miss=set() bond_excess={1}
LYN        heavy_miss=3 heavy_excess=2 H_excess=[] bond_miss=set() bond_excess=set()
NLYN       heavy_miss=3 heavy_excess=2 H_excess=[] bond_miss=set() bond_excess={4}
CLYN       heavy_miss=4 heavy_excess=2 H_excess=[] bond_miss=set() bond_excess={1}

matched with excess inter-residue bond(s): A:192
No template matched for residue_key='A:193'
tried 3 templates for residue_key='A:193'excess_H_ok=False
GLN        heavy_miss=3 heavy_excess=2 H_excess=[] bond_miss=set() bond_excess=set()
NGLN       heavy_miss=3 heavy_excess=2 H_excess=[] bond_miss=set() bond_excess={4}
CGLN       heavy_miss=4 heavy_excess=2 H_excess=[] bond_miss=set() bond_excess={1}

matched with excess inter-residue bond(s): A:193
No template matched for residue_key='A:194'
tried 3 templates for residue_key='A:194'excess_H_ok=False
TRP        heavy_miss=8 heavy_excess=6 H_excess=[] bond_miss=set() bond_excess=set()
NTRP       heavy_miss=8 heavy_excess=6 H_excess=[] bond_miss=set() bond_excess={4}
CTRP       heavy_miss=9 heavy_excess=6 H_excess=[] bond_miss=set() bond_excess={1}

matched with excess inter-residue bond(s): A:194
No template matched for residue_key='A:195'
tried 3 templates for residue_key='A:195'excess_H_ok=False
ARG        heavy_miss=5 heavy_excess=4 H_excess=[] bond_miss=set() bond_excess=set()
NARG       heavy_miss=5 heavy_excess=4 H_excess=[] bond_miss=set() bond_excess={4}
CARG       heavy_miss=6 heavy_excess=4 H_excess=[] bond_miss=set() bond_excess={1}

matched with excess inter-residue bond(s): A:195
No template matched for residue_key='A:200'
tried 3 templates for residue_key='A:200'excess_H_ok=False
PRO        heavy_miss=1 heavy_excess=0 H_excess=[] bond_miss=set() bond_excess=set()
NPRO       heavy_miss=1 heavy_excess=0 H_excess=[] bond_miss=set() bond_excess={4}
CPRO       heavy_miss=2 heavy_excess=0 H_excess=[] bond_miss=set() bond_excess={1}

matched with excess inter-residue bond(s): A:200
No template matched for residue_key='A:201'
tried 3 templates for residue_key='A:201'excess_H_ok=False
ILE        heavy_miss=1 heavy_excess=0 H_excess=[] bond_miss=set() bond_excess=set()
NILE       heavy_miss=1 heavy_excess=0 H_excess=[] bond_miss=set() bond_excess={4}
CILE       heavy_miss=2 heavy_excess=0 H_excess=[] bond_miss=set() bond_excess={1}

matched with excess inter-residue bond(s): A:201
No template matched for residue_key='A:204'
tried 3 templates for residue_key='A:204'excess_H_ok=False
ILE        heavy_miss=1 heavy_excess=0 H_excess=[] bond_miss=set() bond_excess=set()
NILE       heavy_miss=1 heavy_excess=0 H_excess=[] bond_miss=set() bond_excess={4}
CILE       heavy_miss=2 heavy_excess=0 H_excess=[] bond_miss=set() bond_excess={1}

matched with excess inter-residue bond(s): A:204
No template matched for residue_key='A:207'
tried 3 templates for residue_key='A:207'excess_H_ok=False
GLN        heavy_miss=3 heavy_excess=2 H_excess=[] bond_miss=set() bond_excess=set()
NGLN       heavy_miss=3 heavy_excess=2 H_excess=[] bond_miss=set() bond_excess={4}
CGLN       heavy_miss=4 heavy_excess=2 H_excess=[] bond_miss=set() bond_excess={1}

matched with excess inter-residue bond(s): A:207
No template matched for residue_key='A:209'
tried 9 templates for residue_key='A:209'excess_H_ok=False
HIE        heavy_miss=1 heavy_excess=0 H_excess=[] bond_miss=set() bond_excess=set()
HID        heavy_miss=1 heavy_excess=0 H_excess=[] bond_miss=set() bond_excess=set()
HIP        heavy_miss=1 heavy_excess=0 H_excess=[] bond_miss=set() bond_excess=set()
NHIE       heavy_miss=1 heavy_excess=0 H_excess=[] bond_miss=set() bond_excess={4}
NHID       heavy_miss=1 heavy_excess=0 H_excess=[] bond_miss=set() bond_excess={4}
NHIP       heavy_miss=1 heavy_excess=0 H_excess=[] bond_miss=set() bond_excess={4}
CHIE       heavy_miss=2 heavy_excess=0 H_excess=[] bond_miss=set() bond_excess={1}
CHID       heavy_miss=2 heavy_excess=0 H_excess=[] bond_miss=set() bond_excess={1}
CHIP       heavy_miss=2 heavy_excess=0 H_excess=[] bond_miss=set() bond_excess={1}

matched with excess inter-residue bond(s): A:209
No template matched for residue_key='A:210'
tried 3 templates for residue_key='A:210'excess_H_ok=False
LEU        heavy_miss=2 heavy_excess=0 H_excess=[] bond_miss=set() bond_excess=set()
NLEU       heavy_miss=2 heavy_excess=0 H_excess=[] bond_miss=set() bond_excess={4}
CLEU       heavy_miss=3 heavy_excess=0 H_excess=[] bond_miss=set() bond_excess={1}

matched with excess inter-residue bond(s): A:210
No template matched for residue_key='A:214'
tried 3 templates for residue_key='A:214'excess_H_ok=False
GLN        heavy_miss=3 heavy_excess=2 H_excess=[] bond_miss=set() bond_excess=set()
NGLN       heavy_miss=3 heavy_excess=2 H_excess=[] bond_miss=set() bond_excess={4}
CGLN       heavy_miss=4 heavy_excess=2 H_excess=[] bond_miss=set() bond_excess={1}

matched with excess inter-residue bond(s): A:214
No template matched for residue_key='A:219'
tried 3 templates for residue_key='A:219'excess_H_ok=False
LEU        heavy_miss=2 heavy_excess=0 H_excess=[] bond_miss=set() bond_excess=set()
NLEU       heavy_miss=2 heavy_excess=0 H_excess=[] bond_miss=set() bond_excess={4}
CLEU       heavy_miss=3 heavy_excess=0 H_excess=[] bond_miss=set() bond_excess={1}

matched with excess inter-residue bond(s): A:219
No template matched for residue_key='A:220'
tried 3 templates for residue_key='A:220'excess_H_ok=False
GLN        heavy_miss=3 heavy_excess=2 H_excess=[] bond_miss=set() bond_excess=set()
NGLN       heavy_miss=3 heavy_excess=2 H_excess=[] bond_miss=set() bond_excess={4}
CGLN       heavy_miss=4 heavy_excess=2 H_excess=[] bond_miss=set() bond_excess={1}

matched with excess inter-residue bond(s): A:220
No template matched for residue_key='A:222'
tried 3 templates for residue_key='A:222'excess_H_ok=False
LEU        heavy_miss=2 heavy_excess=0 H_excess=[] bond_miss=set() bond_excess=set()
NLEU       heavy_miss=2 heavy_excess=0 H_excess=[] bond_miss=set() bond_excess={4}
CLEU       heavy_miss=3 heavy_excess=0 H_excess=[] bond_miss=set() bond_excess={1}

matched with excess inter-residue bond(s): A:222
No template matched for residue_key='A:223'
tried 3 templates for residue_key='A:223'excess_H_ok=False
PRO        heavy_miss=1 heavy_excess=0 H_excess=[] bond_miss=set() bond_excess=set()
NPRO       heavy_miss=1 heavy_excess=0 H_excess=[] bond_miss=set() bond_excess={4}
CPRO       heavy_miss=2 heavy_excess=0 H_excess=[] bond_miss=set() bond_excess={1}

matched with excess inter-residue bond(s): A:223
No template matched for residue_key='A:224'
tried 3 templates for residue_key='A:224'excess_H_ok=False
LEU        heavy_miss=2 heavy_excess=0 H_excess=[] bond_miss=set() bond_excess=set()
NLEU       heavy_miss=2 heavy_excess=0 H_excess=[] bond_miss=set() bond_excess={4}
CLEU       heavy_miss=3 heavy_excess=0 H_excess=[] bond_miss=set() bond_excess={1}

matched with excess inter-residue bond(s): A:224
No template matched for residue_key='A:225'
tried 3 templates for residue_key='A:225'excess_H_ok=False
LEU        heavy_miss=2 heavy_excess=0 H_excess=[] bond_miss=set() bond_excess=set()
NLEU       heavy_miss=2 heavy_excess=0 H_excess=[] bond_miss=set() bond_excess={4}
CLEU       heavy_miss=3 heavy_excess=0 H_excess=[] bond_miss=set() bond_excess={1}

matched with excess inter-residue bond(s): A:225
No template matched for residue_key='A:231'
tried 3 templates for residue_key='A:231'excess_H_ok=False
PRO        heavy_miss=1 heavy_excess=0 H_excess=[] bond_miss=set() bond_excess=set()
NPRO       heavy_miss=1 heavy_excess=0 H_excess=[] bond_miss=set() bond_excess={4}
CPRO       heavy_miss=2 heavy_excess=0 H_excess=[] bond_miss=set() bond_excess={1}

matched with excess inter-residue bond(s): A:231
No template matched for residue_key='A:232'
tried 6 templates for residue_key='A:232'excess_H_ok=False
GLU        heavy_miss=3 heavy_excess=2 H_excess=[] bond_miss=set() bond_excess=set()
NGLU       heavy_miss=3 heavy_excess=2 H_excess=[] bond_miss=set() bond_excess={4}
CGLU       heavy_miss=4 heavy_excess=2 H_excess=[] bond_miss=set() bond_excess={1}
GLH        heavy_miss=3 heavy_excess=2 H_excess=[] bond_miss=set() bond_excess=set()
NGLH       heavy_miss=3 heavy_excess=2 H_excess=[] bond_miss=set() bond_excess={4}
CGLH       heavy_miss=4 heavy_excess=2 H_excess=[] bond_miss=set() bond_excess={1}

matched with excess inter-residue bond(s): A:232
No template matched for residue_key='A:235'
tried 3 templates for residue_key='A:235'excess_H_ok=False
ILE        heavy_miss=1 heavy_excess=0 H_excess=[] bond_miss=set() bond_excess=set()
NILE       heavy_miss=1 heavy_excess=0 H_excess=[] bond_miss=set() bond_excess={4}
CILE       heavy_miss=2 heavy_excess=0 H_excess=[] bond_miss=set() bond_excess={1}

matched with excess inter-residue bond(s): A:235
No template matched for residue_key='A:236'
tried 3 templates for residue_key='A:236'excess_H_ok=False
LEU        heavy_miss=2 heavy_excess=0 H_excess=[] bond_miss=set() bond_excess=set()
NLEU       heavy_miss=2 heavy_excess=0 H_excess=[] bond_miss=set() bond_excess={4}
CLEU       heavy_miss=3 heavy_excess=0 H_excess=[] bond_miss=set() bond_excess={1}

matched with excess inter-residue bond(s): A:236
No template matched for residue_key='A:238'
tried 3 templates for residue_key='A:238'excess_H_ok=False
LEU        heavy_miss=2 heavy_excess=0 H_excess=[] bond_miss=set() bond_excess=set()
NLEU       heavy_miss=2 heavy_excess=0 H_excess=[] bond_miss=set() bond_excess={4}
CLEU       heavy_miss=3 heavy_excess=0 H_excess=[] bond_miss=set() bond_excess={1}

matched with excess inter-residue bond(s): A:238
No template matched for residue_key='A:245'
tried 3 templates for residue_key='A:245'excess_H_ok=False
PRO        heavy_miss=1 heavy_excess=0 H_excess=[] bond_miss=set() bond_excess=set()
NPRO       heavy_miss=1 heavy_excess=0 H_excess=[] bond_miss=set() bond_excess={4}
CPRO       heavy_miss=2 heavy_excess=0 H_excess=[] bond_miss=set() bond_excess={1}

matched with excess inter-residue bond(s): A:245
No template matched for residue_key='A:248'
tried 3 templates for residue_key='A:248'excess_H_ok=False
TYR        heavy_miss=6 heavy_excess=4 H_excess=[] bond_miss=set() bond_excess=set()
NTYR       heavy_miss=6 heavy_excess=4 H_excess=[] bond_miss=set() bond_excess={4}
CTYR       heavy_miss=7 heavy_excess=4 H_excess=[] bond_miss=set() bond_excess={1}

matched with excess inter-residue bond(s): A:248
No template matched for residue_key='A:256'
tried 3 templates for residue_key='A:256'excess_H_ok=False
LEU        heavy_miss=2 heavy_excess=0 H_excess=[] bond_miss=set() bond_excess=set()
NLEU       heavy_miss=2 heavy_excess=0 H_excess=[] bond_miss=set() bond_excess={4}
CLEU       heavy_miss=3 heavy_excess=0 H_excess=[] bond_miss=set() bond_excess={1}

matched with excess inter-residue bond(s): A:256
No template matched for residue_key='A:259'
tried 3 templates for residue_key='A:259'excess_H_ok=False
GLN        heavy_miss=3 heavy_excess=2 H_excess=[] bond_miss=set() bond_excess=set()
NGLN       heavy_miss=3 heavy_excess=2 H_excess=[] bond_miss=set() bond_excess={4}
CGLN       heavy_miss=4 heavy_excess=2 H_excess=[] bond_miss=set() bond_excess={1}

matched with excess inter-residue bond(s): A:259
No template matched for residue_key='A:264'
tried 3 templates for residue_key='A:264'excess_H_ok=False
ILE        heavy_miss=1 heavy_excess=0 H_excess=[] bond_miss=set() bond_excess=set()
NILE       heavy_miss=1 heavy_excess=0 H_excess=[] bond_miss=set() bond_excess={4}
CILE       heavy_miss=2 heavy_excess=0 H_excess=[] bond_miss=set() bond_excess={1}

matched with excess inter-residue bond(s): A:264
No template matched for residue_key='A:267'
tried 3 templates for residue_key='A:267'excess_H_ok=False
PHE        heavy_miss=5 heavy_excess=3 H_excess=[] bond_miss=set() bond_excess=set()
NPHE       heavy_miss=5 heavy_excess=3 H_excess=[] bond_miss=set() bond_excess={4}
CPHE       heavy_miss=6 heavy_excess=3 H_excess=[] bond_miss=set() bond_excess={1}

matched with excess inter-residue bond(s): A:267
No template matched for residue_key='A:272'
tried 3 templates for residue_key='A:272'excess_H_ok=False
PRO        heavy_miss=1 heavy_excess=0 H_excess=[] bond_miss=set() bond_excess=set()
NPRO       heavy_miss=1 heavy_excess=0 H_excess=[] bond_miss=set() bond_excess={4}
CPRO       heavy_miss=2 heavy_excess=0 H_excess=[] bond_miss=set() bond_excess={1}

matched with excess inter-residue bond(s): A:272
No template matched for residue_key='A:275'
tried 3 templates for residue_key='A:275'excess_H_ok=False
TRP        heavy_miss=8 heavy_excess=6 H_excess=[] bond_miss=set() bond_excess=set()
NTRP       heavy_miss=8 heavy_excess=6 H_excess=[] bond_miss=set() bond_excess={4}
CTRP       heavy_miss=9 heavy_excess=6 H_excess=[] bond_miss=set() bond_excess={1}

matched with excess inter-residue bond(s): A:275
No template matched for residue_key='A:276'
tried 3 templates for residue_key='A:276'excess_H_ok=False
ARG        heavy_miss=5 heavy_excess=4 H_excess=[] bond_miss=set() bond_excess=set()
NARG       heavy_miss=5 heavy_excess=4 H_excess=[] bond_miss=set() bond_excess={4}
CARG       heavy_miss=6 heavy_excess=4 H_excess=[] bond_miss=set() bond_excess={1}

matched with excess inter-residue bond(s): A:276
No template matched for residue_key='A:281'
tried 3 templates for residue_key='A:281'excess_H_ok=False
PRO        heavy_miss=1 heavy_excess=0 H_excess=[] bond_miss=set() bond_excess=set()
NPRO       heavy_miss=1 heavy_excess=0 H_excess=[] bond_miss=set() bond_excess={4}
CPRO       heavy_miss=2 heavy_excess=0 H_excess=[] bond_miss=set() bond_excess={1}

matched with excess inter-residue bond(s): A:281
No template matched for residue_key='A:282'
tried 3 templates for residue_key='A:282'excess_H_ok=False
LEU        heavy_miss=2 heavy_excess=0 H_excess=[] bond_miss=set() bond_excess=set()
NLEU       heavy_miss=2 heavy_excess=0 H_excess=[] bond_miss=set() bond_excess={4}
CLEU       heavy_miss=3 heavy_excess=0 H_excess=[] bond_miss=set() bond_excess={1}

matched with excess inter-residue bond(s): A:282
No template matched for residue_key='A:283'
tried 3 templates for residue_key='A:283'excess_H_ok=False
LEU        heavy_miss=2 heavy_excess=0 H_excess=[] bond_miss=set() bond_excess=set()
NLEU       heavy_miss=2 heavy_excess=0 H_excess=[] bond_miss=set() bond_excess={4}
CLEU       heavy_miss=3 heavy_excess=0 H_excess=[] bond_miss=set() bond_excess={1}

matched with excess inter-residue bond(s): A:283
No template matched for residue_key='A:284'
tried 3 templates for residue_key='A:284'excess_H_ok=False
PHE        heavy_miss=5 heavy_excess=3 H_excess=[] bond_miss=set() bond_excess=set()
NPHE       heavy_miss=5 heavy_excess=3 H_excess=[] bond_miss=set() bond_excess={4}
CPHE       heavy_miss=6 heavy_excess=3 H_excess=[] bond_miss=set() bond_excess={1}

matched with excess inter-residue bond(s): A:284
No template matched for residue_key='A:288'
tried 3 templates for residue_key='A:288'excess_H_ok=False
PHE        heavy_miss=5 heavy_excess=3 H_excess=[] bond_miss=set() bond_excess=set()
NPHE       heavy_miss=5 heavy_excess=3 H_excess=[] bond_miss=set() bond_excess={4}
CPHE       heavy_miss=6 heavy_excess=3 H_excess=[] bond_miss=set() bond_excess={1}

matched with excess inter-residue bond(s): A:288
No template matched for residue_key='A:290'
tried 3 templates for residue_key='A:290'excess_H_ok=False
PRO        heavy_miss=1 heavy_excess=0 H_excess=[] bond_miss=set() bond_excess=set()
NPRO       heavy_miss=1 heavy_excess=0 H_excess=[] bond_miss=set() bond_excess={4}
CPRO       heavy_miss=2 heavy_excess=0 H_excess=[] bond_miss=set() bond_excess={1}

matched with excess inter-residue bond(s): A:290
No template matched for residue_key='A:291'
tried 6 templates for residue_key='A:291'excess_H_ok=False
LYS        heavy_miss=3 heavy_excess=2 H_excess=[] bond_miss=set() bond_excess=set()
NLYS       heavy_miss=3 heavy_excess=2 H_excess=[] bond_miss=set() bond_excess={4}
CLYS       heavy_miss=4 heavy_excess=2 H_excess=[] bond_miss=set() bond_excess={1}
LYN        heavy_miss=3 heavy_excess=2 H_excess=[] bond_miss=set() bond_excess=set()
NLYN       heavy_miss=3 heavy_excess=2 H_excess=[] bond_miss=set() bond_excess={4}
CLYN       heavy_miss=4 heavy_excess=2 H_excess=[] bond_miss=set() bond_excess={1}

matched with excess inter-residue bond(s): A:291
No template matched for residue_key='A:292'
tried 3 templates for residue_key='A:292'excess_H_ok=False
PRO        heavy_miss=1 heavy_excess=0 H_excess=[] bond_miss=set() bond_excess=set()
NPRO       heavy_miss=1 heavy_excess=0 H_excess=[] bond_miss=set() bond_excess={4}
CPRO       heavy_miss=2 heavy_excess=0 H_excess=[] bond_miss=set() bond_excess={1}

matched with excess inter-residue bond(s): A:292
No template matched for residue_key='A:294'
tried 3 templates for residue_key='A:294'excess_H_ok=False
TYR        heavy_miss=6 heavy_excess=4 H_excess=[] bond_miss=set() bond_excess=set()
NTYR       heavy_miss=6 heavy_excess=4 H_excess=[] bond_miss=set() bond_excess={4}
CTYR       heavy_miss=7 heavy_excess=4 H_excess=[] bond_miss=set() bond_excess={1}

matched with excess inter-residue bond(s): A:294
No template matched for residue_key='A:297'
tried 3 templates for residue_key='A:297'excess_H_ok=False
ILE        heavy_miss=1 heavy_excess=0 H_excess=[] bond_miss=set() bond_excess=set()
NILE       heavy_miss=1 heavy_excess=0 H_excess=[] bond_miss=set() bond_excess={4}
CILE       heavy_miss=2 heavy_excess=0 H_excess=[] bond_miss=set() bond_excess={1}

matched with excess inter-residue bond(s): A:297
No template matched for residue_key='A:299'
tried 3 templates for residue_key='A:299'excess_H_ok=False
GLN        heavy_miss=3 heavy_excess=2 H_excess=[] bond_miss=set() bond_excess=set()
NGLN       heavy_miss=3 heavy_excess=2 H_excess=[] bond_miss=set() bond_excess={4}
CGLN       heavy_miss=4 heavy_excess=2 H_excess=[] bond_miss=set() bond_excess={1}

matched with excess inter-residue bond(s): A:299
No template matched for residue_key='A:301'
tried 3 templates for residue_key='A:301'excess_H_ok=False
LEU        heavy_miss=2 heavy_excess=0 H_excess=[] bond_miss=set() bond_excess=set()
NLEU       heavy_miss=2 heavy_excess=0 H_excess=[] bond_miss=set() bond_excess={4}
CLEU       heavy_miss=3 heavy_excess=0 H_excess=[] bond_miss=set() bond_excess={1}

matched with excess inter-residue bond(s): A:301
No template matched for residue_key='A:302'
tried 3 templates for residue_key='A:302'excess_H_ok=False
GLN        heavy_miss=3 heavy_excess=2 H_excess=[] bond_miss=set() bond_excess=set()
NGLN       heavy_miss=3 heavy_excess=2 H_excess=[] bond_miss=set() bond_excess={4}
CGLN       heavy_miss=4 heavy_excess=2 H_excess=[] bond_miss=set() bond_excess={1}

matched with excess inter-residue bond(s): A:302
No template matched for residue_key='A:303'
tried 3 templates for residue_key='A:303'excess_H_ok=False
GLN        heavy_miss=3 heavy_excess=3 H_excess=[] bond_miss={0} bond_excess=set()
NGLN       heavy_miss=3 heavy_excess=3 H_excess=[] bond_miss={0} bond_excess={4}
CGLN       heavy_miss=3 heavy_excess=2 H_excess=[] bond_miss=set() bond_excess=set()

- Template matching failed for: ['A:4', 'A:6', 'A:8', 'A:9', 'A:10', 'A:11', 'A:13', 'A:15', 'A:17', 'A:18', 'A:24', 'A:26', 'A:27', 'A:31', 'A:35', 'A:36', 'A:37', 'A:40', 'A:44', 'A:45', 'A:46', 'A:50', 'A:51', 'A:55', 'A:56', 'A:58', 'A:61', 'A:63', 'A:68', 'A:69', 'A:72', 'A:74', 'A:75', 'A:78', 'A:79', 'A:80', 'A:85', 'A:87', 'A:88', 'A:89', 'A:90', 'A:91', 'A:92', 'A:94', 'A:98', 'A:101', 'A:104', 'A:109', 'A:111', 'A:112', 'A:115', 'A:118', 'A:119', 'A:120', 'A:122', 'A:123', 'A:124', 'A:126', 'A:131', 'A:133', 'A:135', 'A:139', 'A:140', 'A:141', 'A:144', 'A:145', 'A:148', 'A:150', 'A:152', 'A:153', 'A:154', 'A:155', 'A:157', 'A:158', 'A:161', 'A:165', 'A:168', 'A:169', 'A:170', 'A:171', 'A:174', 'A:176', 'A:181', 'A:182', 'A:183', 'A:185', 'A:187', 'A:190', 'A:192', 'A:193', 'A:194', 'A:195', 'A:200', 'A:201', 'A:204', 'A:207', 'A:209', 'A:210', 'A:214', 'A:219', 'A:220', 'A:222', 'A:223', 'A:224', 'A:225', 'A:231', 'A:232', 'A:235', 'A:236', 'A:238', 'A:245', 'A:248', 'A:256', 'A:259', 'A:264', 'A:267', 'A:272', 'A:275', 'A:276', 'A:281', 'A:282', 'A:283', 'A:284', 'A:288', 'A:290', 'A:291', 'A:292', 'A:294', 'A:297', 'A:299', 'A:301', 'A:302', 'A:303'] Ignored due to allow_bad_res.

Files written:
/home/ubuntu/xylanase-thesis/docking/proteins/7K4X_A_Repair.pdbqt <-- static (i.e., rigid) receptor input file
