                :-) GROMACS - gmx mdrun, 2025.4-conda_forge (-:

Copyright 1991-2025 The GROMACS Authors.
GROMACS is free software; you can redistribute it and/or modify it
under the terms of the GNU Lesser General Public License
as published by the Free Software Foundation; either version 2.1
of the License, or (at your option) any later version.

                         Current GROMACS contributors:
       Mark Abraham           Andrey Alekseenko           Brian Andrews       
      Vladimir Basov              Paul Bauer                Hugh Bird         
      Eliane Briand               Ania Brown              Mahesh Doijade      
      Giacomo Fiorin          Stefan Fleischmann          Sergey Gorelov      
   Gilles Gouaillardet            Alan Gray              M. Eric Irrgang      
   Farzaneh Jalalypour         Petter Johansson          Carsten Kutzner      
    Grzegorz Łazarski         Justin A. Lemkul          Magnus Lundborg      
       Pascal Merz             Vedran Miletić            Dmitry Morozov      
     Lukas Müllender            Julien Nabet             Szilárd Páll      
 Andrea Pasquadibisceglie     Michele Pellegrino         Nicola Piasentin     
     Daniele Rapetti         Muhammad Umair Sadiq         Hubert Santuz       
      Roland Schulz             Michael Shirts           Tatiana Shugaeva     
     Alexey Shvetsov            Philip Turner            Alessandra Villa     
 Sebastian Wingbermühle  

                         Previous GROMACS contributors:
        Emile Apol             Rossen Apostolov           James Barnett       
  Herman J.C. Berendsen         Cathrine Bergh             Par Bjelkmar       
      Christian Blau          Viacheslav Bolnykh            Kevin Boyd        
    Aldert van Buuren          Carlo Camilloni           Rudi van Drunen      
      Anton Feenstra           Oliver Fleetwood            Vytas Gapsys       
       Gaurav Garg             Gerrit Groenhof            Bert de Groot       
      Anca Hamuraru           Vincent Hindriksen          Victor Holanda      
     Aleksei Iupinov              Joe Jordan            Christoph Junghans    
    Prashanth Kanduri        Dimitrios Karkoulis           Peter Kasson       
      Sebastian Kehl           Sebastian Keller             Jiri Kraus        
       Per Larsson              Viveca Lindahl            Erik Marklund       
    Pieter Meulenhoff           Teemu Murtola              Sander Pronk       
      Alfons Sijbers            Balint Soproni         David van der Spoel    
      Peter Tieleman            Carsten Uphoff             Jon Vincent        
     Teemu Virolainen         Christian Wennberg           Maarten Wolf       
      Artem Zhmurov       

                  Coordinated by the GROMACS project leaders:
                           Berk Hess and Erik Lindahl

GROMACS:      gmx mdrun, version 2025.4-conda_forge
Executable:   /home/ubuntu/miniconda3/envs/test/bin.AVX2_256/gmx
Data prefix:  /home/ubuntu/miniconda3/envs/test
Working dir:  /home/ubuntu/xylanase-thesis/md/systems/1VBR_A_Repair/333K
Process ID:   88708
Command line:
  gmx mdrun -deffnm nvt

GROMACS version:     2025.4-conda_forge
Precision:           mixed
Memory model:        64 bit
MPI library:         thread_mpi
OpenMP support:      enabled (GMX_OPENMP_MAX_THREADS = 128)
GPU support:         OpenCL
NBNxM GPU setup:     super-cluster 2x2x2 / cluster 8 (cluster-pair splitting on)
SIMD instructions:   AVX2_256
CPU FFT library:     fftw-3.3.10-sse2-avx
GPU FFT library:     clFFT
Multi-GPU FFT:       none
RDTSCP usage:        disabled
TNG support:         enabled
Hwloc support:       disabled
Tracing support:     disabled
C compiler:          /home/conda/feedstock_root/build_artifacts/gromacs_1764344590343/_build_env/bin/x86_64-conda-linux-gnu-cc GNU 14.3.0
C compiler flags:    -fexcess-precision=fast -funroll-all-loops -mavx2 -mfma -Wno-missing-field-initializers -O3 -DNDEBUG
C++ compiler:        /home/conda/feedstock_root/build_artifacts/gromacs_1764344590343/_build_env/bin/x86_64-conda-linux-gnu-c++ GNU 14.3.0
C++ compiler flags:  -fexcess-precision=fast -funroll-all-loops -mavx2 -mfma -Wno-missing-field-initializers -Wno-cast-function-type-strict SHELL:-fopenmp -O3 -DNDEBUG
BLAS library:        Internal
LAPACK library:      Internal
OpenCL include dir:  /home/ubuntu/miniconda3/envs/test/include
OpenCL library:      /home/ubuntu/miniconda3/envs/test/lib/libOpenCL.so
OpenCL version:      3.0


Running on 1 node with total 10 cores, 10 processing units (GPU detection failed: No valid OpenCL driver found)
Hardware detected on host lsi:
  CPU info:
    Vendor: AMD
    Brand:  AMD EPYC 7543 32-Core Processor                
    Family: 25   Model: 1   Stepping: 1
    Features: aes amd apic avx avx2 clfsh cmov cx8 cx16 f16c fma lahf misalignsse mmx msr nonstop_tsc pcid pclmuldq pdpe1gb popcnt pse rdrnd rdtscp sha sse2 sse3 sse4a sse4.1 sse4.2 ssse3 x2apic
  Hardware topology: Basic
    Packages, cores, and logical processors:
    [indices refer to OS logical processors]
      Package  0: [   0]
      Package  2: [   1]
      Package  4: [   2]
      Package  6: [   3]
      Package  8: [   4]
      Package 10: [   5]
      Package 12: [   6]
      Package 14: [   7]
      Package 16: [   8]
      Package 18: [   9]
    CPU limit set by OS: -1   Recommended max number of threads: 10

The current CPU can measure timings more accurately than the code in
gmx mdrun was configured to use. This might affect your simulation
speed as accurate timings are needed for load-balancing.
Please consider rebuilding gmx mdrun with the GMX_USE_RDTSCP=ON CMake option.

++++ PLEASE READ AND CITE THE FOLLOWING REFERENCE ++++
M. J. Abraham, T. Murtola, R. Schulz, S. Páll, J. C. Smith, B. Hess, E.
Lindahl
GROMACS: High performance molecular simulations through multi-level
parallelism from laptops to supercomputers
SoftwareX (2015)
DOI: 10.1016/j.softx.2015.06.001
-------- -------- --- Thank You --- -------- --------


++++ PLEASE READ AND CITE THE FOLLOWING REFERENCE ++++
S. Páll, M. J. Abraham, C. Kutzner, B. Hess, E. Lindahl
Tackling Exascale Software Challenges in Molecular Dynamics Simulations with
GROMACS
In S. Markidis & E. Laure (Eds.), Solving Software Challenges for Exascale (2015)
DOI: 10.1007/978-3-319-15976-8_1
-------- -------- --- Thank You --- -------- --------


++++ PLEASE READ AND CITE THE FOLLOWING REFERENCE ++++
S. Pronk, S. Páll, R. Schulz, P. Larsson, P. Bjelkmar, R. Apostolov, M. R.
Shirts, J. C. Smith, P. M. Kasson, D. van der Spoel, B. Hess, E. Lindahl
GROMACS 4.5: a high-throughput and highly parallel open source molecular
simulation toolkit
Bioinformatics (2013)
DOI: 10.1093/bioinformatics/btt055
-------- -------- --- Thank You --- -------- --------


++++ PLEASE READ AND CITE THE FOLLOWING REFERENCE ++++
B. Hess, C. Kutzner, D. van der Spoel, E. Lindahl
GROMACS 4: Algorithms for highly efficient, load-balanced, and scalable
molecular simulation
J. Chem. Theory Comput. (2008)
DOI: 10.1021/ct700301q
-------- -------- --- Thank You --- -------- --------


++++ PLEASE READ AND CITE THE FOLLOWING REFERENCE ++++
D. van der Spoel, E. Lindahl, B. Hess, G. Groenhof, A. E. Mark, H. J. C.
Berendsen
GROMACS: Fast, Flexible and Free
J. Comp. Chem. (2005)
DOI: 10.1002/jcc.20291
-------- -------- --- Thank You --- -------- --------


++++ PLEASE READ AND CITE THE FOLLOWING REFERENCE ++++
E. Lindahl, B. Hess, D. van der Spoel
GROMACS 3.0: A package for molecular simulation and trajectory analysis
J. Mol. Mod. (2001)
DOI: 10.1007/s008940100045
-------- -------- --- Thank You --- -------- --------


++++ PLEASE READ AND CITE THE FOLLOWING REFERENCE ++++
H. J. C. Berendsen, D. van der Spoel and R. van Drunen
GROMACS: A message-passing parallel molecular dynamics implementation
Comp. Phys. Comm. (1995)
DOI: 10.1016/0010-4655(95)00042-E
-------- -------- --- Thank You --- -------- --------

Input Parameters:
   integrator                     = md
   tinit                          = 0
   dt                             = 0.002
   nsteps                         = 50000
   init-step                      = 0
   simulation-part                = 1
   mts                            = false
   mass-repartition-factor        = 1
   comm-mode                      = Linear
   nstcomm                        = 100
   bd-fric                        = 0
   ld-seed                        = -1082145089
   emtol                          = 10
   emstep                         = 0.01
   niter                          = 20
   fcstep                         = 0
   nstcgsteep                     = 1000
   nbfgscorr                      = 10
   rtpi                           = 0.05
   nstxout                        = 0
   nstvout                        = 0
   nstfout                        = 0
   nstlog                         = 500
   nstcalcenergy                  = 100
   nstenergy                      = 500
   nstxout-compressed             = 500
   compressed-x-precision         = 1000
   cutoff-scheme                  = Verlet
   nstlist                        = 50
   pbc                            = xyz
   periodic-molecules             = false
   verlet-buffer-tolerance        = 0.005
   verlet-buffer-pressure-tolerance = 0.5
   rlist                          = 1.204
   coulombtype                    = PME
   coulomb-modifier               = Potential-shift
   rcoulomb-switch                = 0
   rcoulomb                       = 1.1
   epsilon-r                      = 1
   epsilon-rf                     = inf
   vdw-type                       = Cut-off
   vdw-modifier                   = Potential-shift
   rvdw-switch                    = 0
   rvdw                           = 1.1
   DispCorr                       = No
   table-extension                = 1
   fourierspacing                 = 0.12
   fourier-nx                     = 72
   fourier-ny                     = 72
   fourier-nz                     = 72
   pme-order                      = 4
   ewald-rtol                     = 1e-05
   ewald-rtol-lj                  = 0.001
   lj-pme-comb-rule               = Geometric
   ewald-geometry                 = 3d
   epsilon-surface                = 0
   ensemble-temperature-setting   = constant
   ensemble-temperature           = 333
   tcoupl                         = V-rescale
   nsttcouple                     = 10
   nh-chain-length                = 0
   print-nose-hoover-chain-variables = false
   pcoupl                         = No
   refcoord-scaling               = No
   posres-com: not available
   posres-comB: not available
   QMMM                           = false
qm-opts:
   ngQM                           = 0
   constraint-algorithm           = Lincs
   continuation                   = false
   Shake-SOR                      = false
   shake-tol                      = 0.0001
   lincs-order                    = 4
   lincs-iter                     = 1
   lincs-warnangle                = 30
   nwall                          = 0
   wall-type                      = 9-3
   wall-r-linpot                  = -1
   wall-atomtype[0]               = -1
   wall-atomtype[1]               = -1
   wall-density[0]                = 0
   wall-density[1]                = 0
   wall-ewald-zfac                = 3
   pull                           = false
   awh                            = false
   rotation                       = false
   interactiveMD                  = false
   disre                          = No
   disre-weighting                = Conservative
   disre-mixed                    = false
   dr-fc                          = 1000
   dr-tau                         = 0
   nstdisreout                    = 100
   orire-fc                       = 0
   orire-tau                      = 0
   nstorireout                    = 100
   free-energy                    = no
   cos-acceleration               = 0
   deform (3x3):
      deform[    0]={ 0.00000e+00,  0.00000e+00,  0.00000e+00}
      deform[    1]={ 0.00000e+00,  0.00000e+00,  0.00000e+00}
      deform[    2]={ 0.00000e+00,  0.00000e+00,  0.00000e+00}
   simulated-tempering            = false
   swapcoords                     = no
   userint1                       = 0
   userint2                       = 0
   userint3                       = 0
   userint4                       = 0
   userreal1                      = 0
   userreal2                      = 0
   userreal3                      = 0
   userreal4                      = 0
   applied-forces:
     electric-field:
       x:
         E0                       = 0
         omega                    = 0
         t0                       = 0
         sigma                    = 0
       y:
         E0                       = 0
         omega                    = 0
         t0                       = 0
         sigma                    = 0
       z:
         E0                       = 0
         omega                    = 0
         t0                       = 0
         sigma                    = 0
     density-guided-simulation:
       active                     = false
       group                      = protein
       similarity-measure         = inner-product
       atom-spreading-weight      = unity
       force-constant             = 1e+09
       gaussian-transform-spreading-width = 0.2
       gaussian-transform-spreading-range-in-multiples-of-width = 4
       reference-density-filename = reference.mrc
       nst                        = 1
       normalize-densities        = true
       adaptive-force-scaling     = false
       adaptive-force-scaling-time-constant = 4
       shift-vector               = 
       transformation-matrix      = 
     qmmm-cp2k:
       active                     = false
       qmgroup                    = System
       qmmethod                   = PBE
       qmfilenames                = 
       qmcharge                   = 0
       qmmultiplicity             = 1
     colvars:
       active                     = false
       configfile                 = 
       seed                       = -1
     nnpot:
       active                     = false
       modelfile                  = model.pt
       input-group                = System
       model-input1               = 
       model-input2               = 
       model-input3               = 
       model-input4               = 
grpopts:
   nrdf:     13371.7      105882
   ref-t:         333         333
   tau-t:         0.1         0.1
annealing:          No          No
annealing-npoints:           0           0
   acc:	           0           0           0
   nfreeze:           N           N           N
   energygrp-flags[  0]: 0

Changing nstlist from 50 to 80, rlist from 1.204 to 1.231


Initializing Domain Decomposition on 1 ranks
Dynamic load balancing: auto
Using update groups, nr 20410, average size 2.9 atoms, max. radius 0.104 nm
Minimum cell size due to atom displacement: 0.579 nm
Initial maximum distances in bonded interactions:
    two-body bonded interactions: 0.422 nm, LJ-14, atoms 3905 3913
  multi-body bonded interactions: 0.422 nm, Proper Dih., atoms 3905 3913
Minimum cell size due to bonded interactions: 0.464 nm
Using 0 separate PME ranks because: there are too few total ranks for efficient splitting
Optimizing the DD grid for 1 cells with a minimum initial size of 0.579 nm
The maximum allowed number of cells is: X 14 Y 14 Z 14
Domain decomposition grid 1 x 1 x 1, separate PME ranks 0
PME domain decomposition: 1 x 1 x 1

The initial number of communication pulses is:
The initial domain decomposition cell size is:

The maximum allowed distance for atom groups involved in interactions is:
                 non-bonded interactions           1.440 nm
            two-body bonded interactions  (-rdd)   1.440 nm
          multi-body bonded interactions  (-rdd)   1.440 nm

When dynamic load balancing gets turned on, these settings will change to:
The maximum number of communication pulses is:
The minimum size for domain decomposition cells is 1.440 nm
The requested allowed shrink of DD cells (option -dds) is: 0.80
The allowed shrink of domain decomposition cells is:
The maximum allowed distance for atom groups involved in interactions is:
                 non-bonded interactions           1.440 nm
            two-body bonded interactions  (-rdd)   1.440 nm
          multi-body bonded interactions  (-rdd)   1.440 nm

Local state does not use filler particles

Using 1 MPI thread
Using 10 OpenMP threads 

System total charge: 0.000
Will do PME sum in reciprocal space for electrostatic interactions.

++++ PLEASE READ AND CITE THE FOLLOWING REFERENCE ++++
U. Essmann, L. Perera, M. L. Berkowitz, T. Darden, H. Lee, L. G. Pedersen 
A smooth particle mesh Ewald method
J. Chem. Phys. (1995)
DOI: 10.1063/1.470117
-------- -------- --- Thank You --- -------- --------

Using a Gaussian width (1/beta) of 0.352179 nm for Ewald
Potential shift: LJ r^-12: -3.186e-01 r^-6: -5.645e-01, Ewald -9.091e-06
Initialized non-bonded Coulomb Ewald tables, spacing: 9.79e-04 size: 1126

Generated table with 1115 data points for 1-4 COUL.
Tabscale = 500 points/nm
Generated table with 1115 data points for 1-4 LJ6.
Tabscale = 500 points/nm
Generated table with 1115 data points for 1-4 LJ12.
Tabscale = 500 points/nm


Using SIMD4xM 4x8 nonbonded short-range kernels

Using a dual 4x8 pair-list setup updated with dynamic pruning:
  outer list: updated every 80 steps, buffer 0.131 nm, rlist 1.231 nm
  inner list: updated every 12 steps, buffer 0.002 nm, rlist 1.102 nm
At tolerance 0.005 kJ/mol/ps per atom, equivalent classical 1x1 list would be:
  outer list: updated every 80 steps, buffer 0.275 nm, rlist 1.375 nm
  inner list: updated every 12 steps, buffer 0.049 nm, rlist 1.149 nm

The average pressure is off by at most 0.43 bar due to missing LJ interactions

Using Lorentz-Berthelot Lennard-Jones combination rule
Removing pbc first time

Linking all bonded interactions to atoms


Pinning threads with an auto-selected logical cpu stride of 1

Initializing LINear Constraint Solver

++++ PLEASE READ AND CITE THE FOLLOWING REFERENCE ++++
B. Hess, H. Bekker, H. J. C. Berendsen, J. G. E. M. Fraaije
LINCS: A Linear Constraint Solver for molecular simulations
J. Comp. Chem. (1997)
DOI: 10.1002/(sici)1096-987x(199709)18:12<1463::aid-jcc4>3.0.co;2-h
-------- -------- --- Thank You --- -------- --------

The number of constraints is 2630

++++ PLEASE READ AND CITE THE FOLLOWING REFERENCE ++++
S. Miyamoto, P. A. Kollman
SETTLE: An Analytical Version of the SHAKE and RATTLE Algorithms for Rigid
Water Models
J. Comp. Chem. (1992)
DOI: 10.1002/jcc.540130805
-------- -------- --- Thank You --- -------- --------


++++ PLEASE READ AND CITE THE FOLLOWING REFERENCE ++++
G. Bussi, D. Donadio, M. Parrinello
Canonical sampling through velocity rescaling
J. Chem. Phys. (2007)
DOI: 10.1063/1.2408420
-------- -------- --- Thank You --- -------- --------

There are: 58218 Atoms
Atom distribution over 1 domains: av 58218 stddev 0 min 58218 max 58218

Constraining the starting coordinates (step 0)

Constraining the coordinates at t0-dt (step 0)
Center of mass motion removal mode is Linear
We have the following groups for center of mass motion removal:
  0:  rest
RMS relative constraint deviation after constraining: 3.41e-06
Initial temperature: 332.672 K

Started mdrun on rank 0 Tue Feb  3 09:22:28 2026

           Step           Time
              0        0.00000

   Energies (kJ/mol)
           Bond          Angle    Proper Dih. Per. Imp. Dih.          LJ-14
    7.39582e+02    2.96568e+03    1.21683e+04    1.89081e+02    4.78948e+03
     Coulomb-14        LJ (SR)   Coulomb (SR)   Coul. recip.      Potential
    6.15009e+04    1.10173e+05   -1.11784e+06    5.62583e+03   -9.19683e+05
    Kinetic En.   Total Energy  Conserved En.    Temperature Pressure (bar)
    1.64974e+05   -7.54709e+05   -7.54709e+05    3.32765e+02   -3.90923e+03
   Constr. rmsd
    3.35147e-06

           Step           Time
            500        1.00000

   Energies (kJ/mol)
           Bond          Angle    Proper Dih. Per. Imp. Dih.          LJ-14
    4.79522e+03    1.20169e+04    1.37711e+04    7.81250e+02    5.20353e+03
     Coulomb-14        LJ (SR)   Coulomb (SR)   Coul. recip.      Potential
    6.08180e+04    9.49468e+04   -9.51965e+05    4.55655e+03   -7.55076e+05
    Kinetic En.   Total Energy  Conserved En.    Temperature Pressure (bar)
    1.63679e+05   -5.91397e+05   -7.52978e+05    3.30153e+02    2.13244e+02
   Constr. rmsd
    3.36652e-06

           Step           Time
           1000        2.00000

   Energies (kJ/mol)
           Bond          Angle    Proper Dih. Per. Imp. Dih.          LJ-14
    4.38265e+03    1.19309e+04    1.36104e+04    6.67501e+02    5.37919e+03
     Coulomb-14        LJ (SR)   Coulomb (SR)   Coul. recip.      Potential
    6.09405e+04    9.29937e+04   -9.47245e+05    4.61733e+03   -7.52723e+05
    Kinetic En.   Total Energy  Conserved En.    Temperature Pressure (bar)
    1.65655e+05   -5.87068e+05   -7.53002e+05    3.34139e+02    4.38905e+02
   Constr. rmsd
    3.60926e-06

           Step           Time
           1500        3.00000

   Energies (kJ/mol)
           Bond          Angle    Proper Dih. Per. Imp. Dih.          LJ-14
    4.35912e+03    1.20307e+04    1.36438e+04    7.09222e+02    5.40189e+03
     Coulomb-14        LJ (SR)   Coulomb (SR)   Coul. recip.      Potential
    6.08230e+04    9.17984e+04   -9.47440e+05    4.75134e+03   -7.53922e+05
    Kinetic En.   Total Energy  Conserved En.    Temperature Pressure (bar)
    1.65897e+05   -5.88025e+05   -7.52983e+05    3.34628e+02    2.66726e+02
   Constr. rmsd
    3.37226e-06

           Step           Time
           2000        4.00000

   Energies (kJ/mol)
           Bond          Angle    Proper Dih. Per. Imp. Dih.          LJ-14
    4.78552e+03    1.20958e+04    1.35003e+04    7.68333e+02    5.34101e+03
     Coulomb-14        LJ (SR)   Coulomb (SR)   Coul. recip.      Potential
    6.06155e+04    9.19836e+04   -9.44556e+05    4.52436e+03   -7.50942e+05
    Kinetic En.   Total Energy  Conserved En.    Temperature Pressure (bar)
    1.65899e+05   -5.85043e+05   -7.52953e+05    3.34631e+02    3.66700e+02
   Constr. rmsd
    3.43237e-06

           Step           Time
           2500        5.00000

   Energies (kJ/mol)
           Bond          Angle    Proper Dih. Per. Imp. Dih.          LJ-14
    4.48666e+03    1.18395e+04    1.36309e+04    7.25249e+02    5.40324e+03
     Coulomb-14        LJ (SR)   Coulomb (SR)   Coul. recip.      Potential
    6.10152e+04    9.18716e+04   -9.47732e+05    4.67306e+03   -7.54087e+05
    Kinetic En.   Total Energy  Conserved En.    Temperature Pressure (bar)
    1.66206e+05   -5.87881e+05   -7.52920e+05    3.35250e+02    3.64721e+02
   Constr. rmsd
    3.38535e-06

           Step           Time
           3000        6.00000

   Energies (kJ/mol)
           Bond          Angle    Proper Dih. Per. Imp. Dih.          LJ-14
    4.36739e+03    1.22458e+04    1.36127e+04    7.29891e+02    5.44156e+03
     Coulomb-14        LJ (SR)   Coulomb (SR)   Coul. recip.      Potential
    6.11374e+04    9.31008e+04   -9.48060e+05    4.68702e+03   -7.52738e+05
    Kinetic En.   Total Energy  Conserved En.    Temperature Pressure (bar)
    1.65172e+05   -5.87565e+05   -7.52860e+05    3.33165e+02    3.88287e+02
   Constr. rmsd
    3.40153e-06

           Step           Time
           3500        7.00000

   Energies (kJ/mol)
           Bond          Angle    Proper Dih. Per. Imp. Dih.          LJ-14
    4.56350e+03    1.18132e+04    1.36380e+04    7.38213e+02    5.27429e+03
     Coulomb-14        LJ (SR)   Coulomb (SR)   Coul. recip.      Potential
    6.09138e+04    9.26489e+04   -9.46297e+05    4.53058e+03   -7.52177e+05
    Kinetic En.   Total Energy  Conserved En.    Temperature Pressure (bar)
    1.64233e+05   -5.87944e+05   -7.52901e+05    3.31271e+02    4.31556e+02
   Constr. rmsd
    3.57012e-06

           Step           Time
           4000        8.00000

   Energies (kJ/mol)
           Bond          Angle    Proper Dih. Per. Imp. Dih.          LJ-14
    4.45271e+03    1.18783e+04    1.34952e+04    7.48876e+02    5.38356e+03
     Coulomb-14        LJ (SR)   Coulomb (SR)   Coul. recip.      Potential
    6.08535e+04    9.22042e+04   -9.48645e+05    4.64851e+03   -7.54980e+05
    Kinetic En.   Total Energy  Conserved En.    Temperature Pressure (bar)
    1.64890e+05   -5.90091e+05   -7.52896e+05    3.32595e+02    2.59749e+02
   Constr. rmsd
    3.40575e-06

           Step           Time
           4500        9.00000

   Energies (kJ/mol)
           Bond          Angle    Proper Dih. Per. Imp. Dih.          LJ-14
    4.70586e+03    1.18578e+04    1.34597e+04    7.59932e+02    5.36157e+03
     Coulomb-14        LJ (SR)   Coulomb (SR)   Coul. recip.      Potential
    6.10584e+04    9.21346e+04   -9.47853e+05    4.62797e+03   -7.53887e+05
    Kinetic En.   Total Energy  Conserved En.    Temperature Pressure (bar)
    1.65485e+05   -5.88402e+05   -7.52872e+05    3.33796e+02    2.38223e+02
   Constr. rmsd
    3.54295e-06

           Step           Time
           5000       10.00000

   Energies (kJ/mol)
           Bond          Angle    Proper Dih. Per. Imp. Dih.          LJ-14
    4.41140e+03    1.19560e+04    1.37379e+04    7.50992e+02    5.34779e+03
     Coulomb-14        LJ (SR)   Coulomb (SR)   Coul. recip.      Potential
    6.11189e+04    9.25679e+04   -9.46618e+05    4.57704e+03   -7.52150e+05
    Kinetic En.   Total Energy  Conserved En.    Temperature Pressure (bar)
    1.64145e+05   -5.88004e+05   -7.52870e+05    3.31094e+02    3.76157e+02
   Constr. rmsd
    3.45514e-06

           Step           Time
           5500       11.00000

   Energies (kJ/mol)
           Bond          Angle    Proper Dih. Per. Imp. Dih.          LJ-14
    4.25943e+03    1.22093e+04    1.36974e+04    7.57320e+02    5.38275e+03
     Coulomb-14        LJ (SR)   Coulomb (SR)   Coul. recip.      Potential
    6.09341e+04    9.27966e+04   -9.48361e+05    4.64378e+03   -7.53681e+05
    Kinetic En.   Total Energy  Conserved En.    Temperature Pressure (bar)
    1.65058e+05   -5.88623e+05   -7.52842e+05    3.32935e+02    3.76829e+02
   Constr. rmsd
    3.34550e-06

           Step           Time
           6000       12.00000

   Energies (kJ/mol)
           Bond          Angle    Proper Dih. Per. Imp. Dih.          LJ-14
    4.44292e+03    1.18625e+04    1.35840e+04    7.46561e+02    5.36365e+03
     Coulomb-14        LJ (SR)   Coulomb (SR)   Coul. recip.      Potential
    6.09813e+04    9.37943e+04   -9.49839e+05    4.61326e+03   -7.54451e+05
    Kinetic En.   Total Energy  Conserved En.    Temperature Pressure (bar)
    1.65750e+05   -5.88700e+05   -7.52866e+05    3.34332e+02    5.22366e+02
   Constr. rmsd
    3.44380e-06

           Step           Time
           6500       13.00000

   Energies (kJ/mol)
           Bond          Angle    Proper Dih. Per. Imp. Dih.          LJ-14
    4.46017e+03    1.16358e+04    1.36612e+04    6.94932e+02    5.22964e+03
     Coulomb-14        LJ (SR)   Coulomb (SR)   Coul. recip.      Potential
    6.10813e+04    9.28856e+04   -9.49372e+05    4.43484e+03   -7.55289e+05
    Kinetic En.   Total Energy  Conserved En.    Temperature Pressure (bar)
    1.64841e+05   -5.90448e+05   -7.52853e+05    3.32496e+02    2.49494e+02
   Constr. rmsd
    3.48427e-06

           Step           Time
           7000       14.00000

   Energies (kJ/mol)
           Bond          Angle    Proper Dih. Per. Imp. Dih.          LJ-14
    4.65458e+03    1.19777e+04    1.35582e+04    6.89483e+02    5.33762e+03
     Coulomb-14        LJ (SR)   Coulomb (SR)   Coul. recip.      Potential
    6.10144e+04    9.27822e+04   -9.47700e+05    4.57730e+03   -7.53108e+05
    Kinetic En.   Total Energy  Conserved En.    Temperature Pressure (bar)
    1.65906e+05   -5.87202e+05   -7.52808e+05    3.34646e+02    2.74599e+02
   Constr. rmsd
    3.36357e-06

           Step           Time
           7500       15.00000

   Energies (kJ/mol)
           Bond          Angle    Proper Dih. Per. Imp. Dih.          LJ-14
    4.54496e+03    1.21249e+04    1.37195e+04    7.53456e+02    5.34923e+03
     Coulomb-14        LJ (SR)   Coulomb (SR)   Coul. recip.      Potential
    6.11616e+04    9.23515e+04   -9.47703e+05    4.55504e+03   -7.53143e+05
    Kinetic En.   Total Energy  Conserved En.    Temperature Pressure (bar)
    1.63624e+05   -5.89519e+05   -7.52764e+05    3.30043e+02    3.24191e+02
   Constr. rmsd
    3.41098e-06

           Step           Time
           8000       16.00000

   Energies (kJ/mol)
           Bond          Angle    Proper Dih. Per. Imp. Dih.          LJ-14
    4.80767e+03    1.19871e+04    1.35614e+04    6.94426e+02    5.31630e+03
     Coulomb-14        LJ (SR)   Coulomb (SR)   Coul. recip.      Potential
    6.08334e+04    9.17953e+04   -9.44258e+05    4.59507e+03   -7.50668e+05
    Kinetic En.   Total Energy  Conserved En.    Temperature Pressure (bar)
    1.65045e+05   -5.85623e+05   -7.52820e+05    3.32909e+02    3.84868e+02
   Constr. rmsd
    3.26256e-06

           Step           Time
           8500       17.00000

   Energies (kJ/mol)
           Bond          Angle    Proper Dih. Per. Imp. Dih.          LJ-14
    4.86554e+03    1.19304e+04    1.36223e+04    7.45582e+02    5.32168e+03
     Coulomb-14        LJ (SR)   Coulomb (SR)   Coul. recip.      Potential
    6.11112e+04    9.10950e+04   -9.45973e+05    4.56040e+03   -7.52721e+05
    Kinetic En.   Total Energy  Conserved En.    Temperature Pressure (bar)
    1.64331e+05   -5.88390e+05   -7.52776e+05    3.31468e+02    1.05763e+02
   Constr. rmsd
    3.34809e-06

           Step           Time
           9000       18.00000

   Energies (kJ/mol)
           Bond          Angle    Proper Dih. Per. Imp. Dih.          LJ-14
    4.47053e+03    1.18875e+04    1.36143e+04    7.19399e+02    5.40105e+03
     Coulomb-14        LJ (SR)   Coulomb (SR)   Coul. recip.      Potential
    6.11576e+04    9.51308e+04   -9.50680e+05    4.55218e+03   -7.53747e+05
    Kinetic En.   Total Energy  Conserved En.    Temperature Pressure (bar)
    1.64915e+05   -5.88832e+05   -7.52775e+05    3.32646e+02    5.45178e+02
   Constr. rmsd
    3.38188e-06

           Step           Time
           9500       19.00000

   Energies (kJ/mol)
           Bond          Angle    Proper Dih. Per. Imp. Dih.          LJ-14
    4.40081e+03    1.21070e+04    1.33093e+04    7.33456e+02    5.35474e+03
     Coulomb-14        LJ (SR)   Coulomb (SR)   Coul. recip.      Potential
    6.10692e+04    9.21495e+04   -9.47228e+05    4.59634e+03   -7.53507e+05
    Kinetic En.   Total Energy  Conserved En.    Temperature Pressure (bar)
    1.63836e+05   -5.89671e+05   -7.52758e+05    3.30471e+02    2.84326e+02
   Constr. rmsd
    3.32999e-06

           Step           Time
          10000       20.00000

   Energies (kJ/mol)
           Bond          Angle    Proper Dih. Per. Imp. Dih.          LJ-14
    4.32506e+03    1.21139e+04    1.35560e+04    7.61347e+02    5.34454e+03
     Coulomb-14        LJ (SR)   Coulomb (SR)   Coul. recip.      Potential
    6.13421e+04    9.31156e+04   -9.48794e+05    4.48580e+03   -7.53749e+05
    Kinetic En.   Total Energy  Conserved En.    Temperature Pressure (bar)
    1.64729e+05   -5.89020e+05   -7.52753e+05    3.32270e+02    4.79498e+02
   Constr. rmsd
    3.46667e-06

           Step           Time
          10500       21.00000

   Energies (kJ/mol)
           Bond          Angle    Proper Dih. Per. Imp. Dih.          LJ-14
    4.36814e+03    1.20564e+04    1.34496e+04    8.05520e+02    5.39452e+03
     Coulomb-14        LJ (SR)   Coulomb (SR)   Coul. recip.      Potential
    6.10468e+04    9.16025e+04   -9.47455e+05    4.59312e+03   -7.54138e+05
    Kinetic En.   Total Energy  Conserved En.    Temperature Pressure (bar)
    1.63925e+05   -5.90213e+05   -7.52704e+05    3.30650e+02    2.88407e+02
   Constr. rmsd
    3.24419e-06

           Step           Time
          11000       22.00000

   Energies (kJ/mol)
           Bond          Angle    Proper Dih. Per. Imp. Dih.          LJ-14
    4.65680e+03    1.19042e+04    1.35989e+04    6.95713e+02    5.41806e+03
     Coulomb-14        LJ (SR)   Coulomb (SR)   Coul. recip.      Potential
    6.10330e+04    9.13473e+04   -9.47066e+05    4.60612e+03   -7.53806e+05
    Kinetic En.   Total Energy  Conserved En.    Temperature Pressure (bar)
    1.65332e+05   -5.88475e+05   -7.52696e+05    3.33487e+02    2.24501e+02
   Constr. rmsd
    3.32309e-06

           Step           Time
          11500       23.00000

   Energies (kJ/mol)
           Bond          Angle    Proper Dih. Per. Imp. Dih.          LJ-14
    4.49530e+03    1.22023e+04    1.35919e+04    7.63451e+02    5.31208e+03
     Coulomb-14        LJ (SR)   Coulomb (SR)   Coul. recip.      Potential
    6.13181e+04    9.41101e+04   -9.48379e+05    4.61136e+03   -7.51974e+05
    Kinetic En.   Total Energy  Conserved En.    Temperature Pressure (bar)
    1.66000e+05   -5.85974e+05   -7.52722e+05    3.34835e+02    5.35604e+02
   Constr. rmsd
    3.48517e-06

           Step           Time
          12000       24.00000

   Energies (kJ/mol)
           Bond          Angle    Proper Dih. Per. Imp. Dih.          LJ-14
    4.57695e+03    1.20562e+04    1.36643e+04    7.21932e+02    5.32748e+03
     Coulomb-14        LJ (SR)   Coulomb (SR)   Coul. recip.      Potential
    6.11073e+04    9.22246e+04   -9.46834e+05    4.64898e+03   -7.52506e+05
    Kinetic En.   Total Energy  Conserved En.    Temperature Pressure (bar)
    1.65449e+05   -5.87057e+05   -7.52708e+05    3.33723e+02    4.39352e+02
   Constr. rmsd
    3.36897e-06

           Step           Time
          12500       25.00000

   Energies (kJ/mol)
           Bond          Angle    Proper Dih. Per. Imp. Dih.          LJ-14
    4.69506e+03    1.21397e+04    1.35710e+04    7.38965e+02    5.37860e+03
     Coulomb-14        LJ (SR)   Coulomb (SR)   Coul. recip.      Potential
    6.13686e+04    9.25810e+04   -9.47662e+05    4.54384e+03   -7.52645e+05
    Kinetic En.   Total Energy  Conserved En.    Temperature Pressure (bar)
    1.66342e+05   -5.86303e+05   -7.52681e+05    3.35525e+02    4.85510e+02
   Constr. rmsd
    3.44231e-06

           Step           Time
          13000       26.00000

   Energies (kJ/mol)
           Bond          Angle    Proper Dih. Per. Imp. Dih.          LJ-14
    4.40465e+03    1.21169e+04    1.37726e+04    7.81019e+02    5.30991e+03
     Coulomb-14        LJ (SR)   Coulomb (SR)   Coul. recip.      Potential
    6.11623e+04    9.36288e+04   -9.48793e+05    4.49586e+03   -7.53121e+05
    Kinetic En.   Total Energy  Conserved En.    Temperature Pressure (bar)
    1.65988e+05   -5.87134e+05   -7.52668e+05    3.34810e+02    4.29226e+02
   Constr. rmsd
    3.51625e-06

           Step           Time
          13500       27.00000

   Energies (kJ/mol)
           Bond          Angle    Proper Dih. Per. Imp. Dih.          LJ-14
    4.51220e+03    1.18957e+04    1.33765e+04    6.99697e+02    5.25838e+03
     Coulomb-14        LJ (SR)   Coulomb (SR)   Coul. recip.      Potential
    6.12394e+04    9.37472e+04   -9.48938e+05    4.54829e+03   -7.53660e+05
    Kinetic En.   Total Energy  Conserved En.    Temperature Pressure (bar)
    1.64439e+05   -5.89221e+05   -7.52655e+05    3.31686e+02    4.76451e+02
   Constr. rmsd
    3.53631e-06

           Step           Time
          14000       28.00000

   Energies (kJ/mol)
           Bond          Angle    Proper Dih. Per. Imp. Dih.          LJ-14
    4.55099e+03    1.19010e+04    1.35247e+04    7.67536e+02    5.21985e+03
     Coulomb-14        LJ (SR)   Coulomb (SR)   Coul. recip.      Potential
    6.10806e+04    9.27612e+04   -9.48958e+05    4.58542e+03   -7.54567e+05
    Kinetic En.   Total Energy  Conserved En.    Temperature Pressure (bar)
    1.65339e+05   -5.89228e+05   -7.52640e+05    3.33502e+02    3.67078e+02
   Constr. rmsd
    3.35776e-06

           Step           Time
          14500       29.00000

   Energies (kJ/mol)
           Bond          Angle    Proper Dih. Per. Imp. Dih.          LJ-14
    4.70991e+03    1.20007e+04    1.34495e+04    7.55401e+02    5.29031e+03
     Coulomb-14        LJ (SR)   Coulomb (SR)   Coul. recip.      Potential
    6.10857e+04    9.21038e+04   -9.46861e+05    4.48798e+03   -7.52978e+05
    Kinetic En.   Total Energy  Conserved En.    Temperature Pressure (bar)
    1.65315e+05   -5.87663e+05   -7.52624e+05    3.33452e+02    1.87801e+02
   Constr. rmsd
    3.23539e-06

           Step           Time
          15000       30.00000

   Energies (kJ/mol)
           Bond          Angle    Proper Dih. Per. Imp. Dih.          LJ-14
    4.54481e+03    1.18888e+04    1.36240e+04    7.65580e+02    5.39511e+03
     Coulomb-14        LJ (SR)   Coulomb (SR)   Coul. recip.      Potential
    6.10471e+04    9.21692e+04   -9.48010e+05    4.51556e+03   -7.54060e+05
    Kinetic En.   Total Energy  Conserved En.    Temperature Pressure (bar)
    1.65599e+05   -5.88461e+05   -7.52653e+05    3.34027e+02    4.31426e+02
   Constr. rmsd
    3.40148e-06

           Step           Time
          15500       31.00000

   Energies (kJ/mol)
           Bond          Angle    Proper Dih. Per. Imp. Dih.          LJ-14
    4.51669e+03    1.18739e+04    1.34451e+04    7.03989e+02    5.36635e+03
     Coulomb-14        LJ (SR)   Coulomb (SR)   Coul. recip.      Potential
    6.11161e+04    9.06433e+04   -9.46123e+05    4.46437e+03   -7.53993e+05
    Kinetic En.   Total Energy  Conserved En.    Temperature Pressure (bar)
    1.63786e+05   -5.90208e+05   -7.52606e+05    3.30368e+02    2.20525e+02
   Constr. rmsd
    3.74189e-06

           Step           Time
          16000       32.00000

   Energies (kJ/mol)
           Bond          Angle    Proper Dih. Per. Imp. Dih.          LJ-14
    4.49053e+03    1.18214e+04    1.34639e+04    6.78169e+02    5.19642e+03
     Coulomb-14        LJ (SR)   Coulomb (SR)   Coul. recip.      Potential
    6.08609e+04    9.17548e+04   -9.47498e+05    4.57289e+03   -7.54659e+05
    Kinetic En.   Total Energy  Conserved En.    Temperature Pressure (bar)
    1.64279e+05   -5.90380e+05   -7.52611e+05    3.31364e+02    2.25395e+02
   Constr. rmsd
    3.34966e-06

           Step           Time
          16500       33.00000

   Energies (kJ/mol)
           Bond          Angle    Proper Dih. Per. Imp. Dih.          LJ-14
    4.57476e+03    1.20092e+04    1.37976e+04    7.86634e+02    5.31136e+03
     Coulomb-14        LJ (SR)   Coulomb (SR)   Coul. recip.      Potential
    6.10449e+04    9.13914e+04   -9.46797e+05    4.55848e+03   -7.53322e+05
    Kinetic En.   Total Energy  Conserved En.    Temperature Pressure (bar)
    1.65634e+05   -5.87688e+05   -7.52582e+05    3.34098e+02    3.41686e+02
   Constr. rmsd
    3.38999e-06

           Step           Time
          17000       34.00000

   Energies (kJ/mol)
           Bond          Angle    Proper Dih. Per. Imp. Dih.          LJ-14
    4.77551e+03    1.20117e+04    1.35937e+04    8.36569e+02    5.35414e+03
     Coulomb-14        LJ (SR)   Coulomb (SR)   Coul. recip.      Potential
    6.10688e+04    9.30061e+04   -9.47457e+05    4.58449e+03   -7.52226e+05
    Kinetic En.   Total Energy  Conserved En.    Temperature Pressure (bar)
    1.65277e+05   -5.86949e+05   -7.52550e+05    3.33377e+02    5.04531e+02
   Constr. rmsd
    3.60800e-06

           Step           Time
          17500       35.00000

   Energies (kJ/mol)
           Bond          Angle    Proper Dih. Per. Imp. Dih.          LJ-14
    4.53517e+03    1.18726e+04    1.35411e+04    7.02688e+02    5.40114e+03
     Coulomb-14        LJ (SR)   Coulomb (SR)   Coul. recip.      Potential
    6.14570e+04    9.25293e+04   -9.48589e+05    4.50878e+03   -7.54042e+05
    Kinetic En.   Total Energy  Conserved En.    Temperature Pressure (bar)
    1.64457e+05   -5.89584e+05   -7.52551e+05    3.31723e+02    3.16021e+02
   Constr. rmsd
    3.61602e-06

           Step           Time
          18000       36.00000

   Energies (kJ/mol)
           Bond          Angle    Proper Dih. Per. Imp. Dih.          LJ-14
    4.63014e+03    1.21099e+04    1.34818e+04    7.57693e+02    5.32971e+03
     Coulomb-14        LJ (SR)   Coulomb (SR)   Coul. recip.      Potential
    6.11835e+04    9.36902e+04   -9.49958e+05    4.51246e+03   -7.54263e+05
    Kinetic En.   Total Energy  Conserved En.    Temperature Pressure (bar)
    1.63958e+05   -5.90305e+05   -7.52491e+05    3.30716e+02    4.85027e+02
   Constr. rmsd
    3.40881e-06

           Step           Time
          18500       37.00000

   Energies (kJ/mol)
           Bond          Angle    Proper Dih. Per. Imp. Dih.          LJ-14
    4.57026e+03    1.21184e+04    1.35160e+04    8.16801e+02    5.25132e+03
     Coulomb-14        LJ (SR)   Coulomb (SR)   Coul. recip.      Potential
    6.09490e+04    9.13253e+04   -9.46376e+05    4.62745e+03   -7.53201e+05
    Kinetic En.   Total Energy  Conserved En.    Temperature Pressure (bar)
    1.66268e+05   -5.86933e+05   -7.52542e+05    3.35375e+02    1.80611e+02
   Constr. rmsd
    3.17516e-06

           Step           Time
          19000       38.00000

   Energies (kJ/mol)
           Bond          Angle    Proper Dih. Per. Imp. Dih.          LJ-14
    4.44658e+03    1.20530e+04    1.34812e+04    7.97806e+02    5.43226e+03
     Coulomb-14        LJ (SR)   Coulomb (SR)   Coul. recip.      Potential
    6.10016e+04    9.26462e+04   -9.47885e+05    4.58954e+03   -7.53436e+05
    Kinetic En.   Total Energy  Conserved En.    Temperature Pressure (bar)
    1.65669e+05   -5.87767e+05   -7.52508e+05    3.34168e+02    3.73319e+02
   Constr. rmsd
    3.35695e-06

           Step           Time
          19500       39.00000

   Energies (kJ/mol)
           Bond          Angle    Proper Dih. Per. Imp. Dih.          LJ-14
    4.50907e+03    1.17230e+04    1.35045e+04    7.86306e+02    5.41257e+03
     Coulomb-14        LJ (SR)   Coulomb (SR)   Coul. recip.      Potential
    6.10103e+04    9.42602e+04   -9.49824e+05    4.57392e+03   -7.54044e+05
    Kinetic En.   Total Energy  Conserved En.    Temperature Pressure (bar)
    1.64944e+05   -5.89100e+05   -7.52470e+05    3.32705e+02    5.77104e+02
   Constr. rmsd
    3.56870e-06

           Step           Time
          20000       40.00000

   Energies (kJ/mol)
           Bond          Angle    Proper Dih. Per. Imp. Dih.          LJ-14
    4.68901e+03    1.18569e+04    1.35682e+04    7.36471e+02    5.36040e+03
     Coulomb-14        LJ (SR)   Coulomb (SR)   Coul. recip.      Potential
    6.12559e+04    9.25154e+04   -9.48439e+05    4.64459e+03   -7.53812e+05
    Kinetic En.   Total Energy  Conserved En.    Temperature Pressure (bar)
    1.65770e+05   -5.88042e+05   -7.52494e+05    3.34371e+02    2.97918e+02
   Constr. rmsd
    3.09653e-06

           Step           Time
          20500       41.00000

   Energies (kJ/mol)
           Bond          Angle    Proper Dih. Per. Imp. Dih.          LJ-14
    4.79770e+03    1.19907e+04    1.35662e+04    6.83087e+02    5.28622e+03
     Coulomb-14        LJ (SR)   Coulomb (SR)   Coul. recip.      Potential
    6.12252e+04    9.14909e+04   -9.46260e+05    4.57966e+03   -7.52640e+05
    Kinetic En.   Total Energy  Conserved En.    Temperature Pressure (bar)
    1.64885e+05   -5.87756e+05   -7.52421e+05    3.32586e+02    8.57726e+01
   Constr. rmsd
    3.25043e-06

           Step           Time
          21000       42.00000

   Energies (kJ/mol)
           Bond          Angle    Proper Dih. Per. Imp. Dih.          LJ-14
    4.45830e+03    1.22806e+04    1.34389e+04    7.43761e+02    5.31262e+03
     Coulomb-14        LJ (SR)   Coulomb (SR)   Coul. recip.      Potential
    6.10985e+04    9.37251e+04   -9.48494e+05    4.52017e+03   -7.52916e+05
    Kinetic En.   Total Energy  Conserved En.    Temperature Pressure (bar)
    1.65268e+05   -5.87648e+05   -7.52436e+05    3.33358e+02    5.44616e+02
   Constr. rmsd
    3.41476e-06

           Step           Time
          21500       43.00000

   Energies (kJ/mol)
           Bond          Angle    Proper Dih. Per. Imp. Dih.          LJ-14
    4.67115e+03    1.21151e+04    1.35461e+04    7.72383e+02    5.37827e+03
     Coulomb-14        LJ (SR)   Coulomb (SR)   Coul. recip.      Potential
    6.11027e+04    9.02916e+04   -9.45453e+05    4.60213e+03   -7.52974e+05
    Kinetic En.   Total Energy  Conserved En.    Temperature Pressure (bar)
    1.65808e+05   -5.87166e+05   -7.52418e+05    3.34447e+02    2.25828e+02
   Constr. rmsd
    3.39023e-06

           Step           Time
          22000       44.00000

   Energies (kJ/mol)
           Bond          Angle    Proper Dih. Per. Imp. Dih.          LJ-14
    4.43805e+03    1.21193e+04    1.35700e+04    7.00396e+02    5.26219e+03
     Coulomb-14        LJ (SR)   Coulomb (SR)   Coul. recip.      Potential
    6.08917e+04    9.25032e+04   -9.48681e+05    4.49994e+03   -7.54696e+05
    Kinetic En.   Total Energy  Conserved En.    Temperature Pressure (bar)
    1.65440e+05   -5.89257e+05   -7.52417e+05    3.33705e+02    3.11034e+02
   Constr. rmsd
    3.42255e-06

           Step           Time
          22500       45.00000

   Energies (kJ/mol)
           Bond          Angle    Proper Dih. Per. Imp. Dih.          LJ-14
    4.59840e+03    1.20473e+04    1.36230e+04    7.41181e+02    5.22864e+03
     Coulomb-14        LJ (SR)   Coulomb (SR)   Coul. recip.      Potential
    6.09121e+04    9.28064e+04   -9.47827e+05    4.59404e+03   -7.53276e+05
    Kinetic En.   Total Energy  Conserved En.    Temperature Pressure (bar)
    1.63965e+05   -5.89311e+05   -7.52373e+05    3.30731e+02    3.01831e+02
   Constr. rmsd
    3.54394e-06

           Step           Time
          23000       46.00000

   Energies (kJ/mol)
           Bond          Angle    Proper Dih. Per. Imp. Dih.          LJ-14
    4.43082e+03    1.18546e+04    1.34637e+04    7.05080e+02    5.38361e+03
     Coulomb-14        LJ (SR)   Coulomb (SR)   Coul. recip.      Potential
    6.10593e+04    9.28709e+04   -9.49517e+05    4.53896e+03   -7.55210e+05
    Kinetic En.   Total Energy  Conserved En.    Temperature Pressure (bar)
    1.63700e+05   -5.91509e+05   -7.52373e+05    3.30196e+02    3.08769e+02
   Constr. rmsd
    3.26964e-06

           Step           Time
          23500       47.00000

   Energies (kJ/mol)
           Bond          Angle    Proper Dih. Per. Imp. Dih.          LJ-14
    4.44778e+03    1.20236e+04    1.35132e+04    7.06607e+02    5.36698e+03
     Coulomb-14        LJ (SR)   Coulomb (SR)   Coul. recip.      Potential
    6.09139e+04    9.32858e+04   -9.48418e+05    4.59861e+03   -7.53562e+05
    Kinetic En.   Total Energy  Conserved En.    Temperature Pressure (bar)
    1.65328e+05   -5.88234e+05   -7.52367e+05    3.33480e+02    5.17895e+02
   Constr. rmsd
    3.60734e-06

           Step           Time
          24000       48.00000

   Energies (kJ/mol)
           Bond          Angle    Proper Dih. Per. Imp. Dih.          LJ-14
    4.68184e+03    1.20397e+04    1.35439e+04    7.15990e+02    5.36526e+03
     Coulomb-14        LJ (SR)   Coulomb (SR)   Coul. recip.      Potential
    6.09352e+04    9.19572e+04   -9.45767e+05    4.53110e+03   -7.51997e+05
    Kinetic En.   Total Energy  Conserved En.    Temperature Pressure (bar)
    1.65283e+05   -5.86714e+05   -7.52335e+05    3.33388e+02    4.25286e+02
   Constr. rmsd
    4.07325e-06

           Step           Time
          24500       49.00000

   Energies (kJ/mol)
           Bond          Angle    Proper Dih. Per. Imp. Dih.          LJ-14
    4.38595e+03    1.22710e+04    1.35581e+04    7.65642e+02    5.40189e+03
     Coulomb-14        LJ (SR)   Coulomb (SR)   Coul. recip.      Potential
    6.08788e+04    9.27912e+04   -9.48239e+05    4.49966e+03   -7.53687e+05
    Kinetic En.   Total Energy  Conserved En.    Temperature Pressure (bar)
    1.65114e+05   -5.88573e+05   -7.52325e+05    3.33047e+02    4.27747e+02
   Constr. rmsd
    3.36496e-06

           Step           Time
          25000       50.00000

   Energies (kJ/mol)
           Bond          Angle    Proper Dih. Per. Imp. Dih.          LJ-14
    4.49174e+03    1.18948e+04    1.36704e+04    7.61927e+02    5.22217e+03
     Coulomb-14        LJ (SR)   Coulomb (SR)   Coul. recip.      Potential
    6.14089e+04    9.08861e+04   -9.46647e+05    4.48435e+03   -7.53826e+05
    Kinetic En.   Total Energy  Conserved En.    Temperature Pressure (bar)
    1.65029e+05   -5.88798e+05   -7.52331e+05    3.32876e+02    9.96574e+01
   Constr. rmsd
    3.45001e-06

           Step           Time
          25500       51.00000

   Energies (kJ/mol)
           Bond          Angle    Proper Dih. Per. Imp. Dih.          LJ-14
    4.65160e+03    1.20064e+04    1.35732e+04    6.98891e+02    5.28402e+03
     Coulomb-14        LJ (SR)   Coulomb (SR)   Coul. recip.      Potential
    6.08766e+04    9.39663e+04   -9.48521e+05    4.50692e+03   -7.52957e+05
    Kinetic En.   Total Energy  Conserved En.    Temperature Pressure (bar)
    1.65186e+05   -5.87771e+05   -7.52332e+05    3.33193e+02    5.57504e+02
   Constr. rmsd
    3.39908e-06

           Step           Time
          26000       52.00000

   Energies (kJ/mol)
           Bond          Angle    Proper Dih. Per. Imp. Dih.          LJ-14
    4.43845e+03    1.21124e+04    1.35714e+04    7.98713e+02    5.29893e+03
     Coulomb-14        LJ (SR)   Coulomb (SR)   Coul. recip.      Potential
    6.11363e+04    9.34939e+04   -9.48003e+05    4.63758e+03   -7.52515e+05
    Kinetic En.   Total Energy  Conserved En.    Temperature Pressure (bar)
    1.65668e+05   -5.86847e+05   -7.52300e+05    3.34166e+02    4.10275e+02
   Constr. rmsd
    3.67393e-06

           Step           Time
          26500       53.00000

   Energies (kJ/mol)
           Bond          Angle    Proper Dih. Per. Imp. Dih.          LJ-14
    4.60076e+03    1.17641e+04    1.36020e+04    7.10360e+02    5.29525e+03
     Coulomb-14        LJ (SR)   Coulomb (SR)   Coul. recip.      Potential
    6.09144e+04    9.38613e+04   -9.50324e+05    4.65977e+03   -7.54917e+05
    Kinetic En.   Total Energy  Conserved En.    Temperature Pressure (bar)
    1.63655e+05   -5.91262e+05   -7.52255e+05    3.30104e+02    4.00386e+02
   Constr. rmsd
    3.38725e-06

           Step           Time
          27000       54.00000

   Energies (kJ/mol)
           Bond          Angle    Proper Dih. Per. Imp. Dih.          LJ-14
    4.59100e+03    1.21306e+04    1.35280e+04    7.29057e+02    5.28039e+03
     Coulomb-14        LJ (SR)   Coulomb (SR)   Coul. recip.      Potential
    6.13747e+04    9.24701e+04   -9.48967e+05    4.64359e+03   -7.54220e+05
    Kinetic En.   Total Energy  Conserved En.    Temperature Pressure (bar)
    1.65060e+05   -5.89159e+05   -7.52242e+05    3.32940e+02    2.38389e+02
   Constr. rmsd
    3.50793e-06

           Step           Time
          27500       55.00000

   Energies (kJ/mol)
           Bond          Angle    Proper Dih. Per. Imp. Dih.          LJ-14
    4.58553e+03    1.18578e+04    1.36735e+04    6.63945e+02    5.28167e+03
     Coulomb-14        LJ (SR)   Coulomb (SR)   Coul. recip.      Potential
    6.11885e+04    9.34906e+04   -9.49813e+05    4.57440e+03   -7.54497e+05
    Kinetic En.   Total Energy  Conserved En.    Temperature Pressure (bar)
    1.66505e+05   -5.87992e+05   -7.52292e+05    3.35854e+02    5.07807e+02
   Constr. rmsd
    3.48609e-06

           Step           Time
          28000       56.00000

   Energies (kJ/mol)
           Bond          Angle    Proper Dih. Per. Imp. Dih.          LJ-14
    4.62810e+03    1.21100e+04    1.34011e+04    7.05220e+02    5.38475e+03
     Coulomb-14        LJ (SR)   Coulomb (SR)   Coul. recip.      Potential
    6.10055e+04    9.16296e+04   -9.46174e+05    4.61844e+03   -7.52691e+05
    Kinetic En.   Total Energy  Conserved En.    Temperature Pressure (bar)
    1.64834e+05   -5.87858e+05   -7.52244e+05    3.32483e+02    4.06969e+02
   Constr. rmsd
    3.62005e-06

           Step           Time
          28500       57.00000

   Energies (kJ/mol)
           Bond          Angle    Proper Dih. Per. Imp. Dih.          LJ-14
    4.42587e+03    1.19270e+04    1.35634e+04    6.71241e+02    5.37956e+03
     Coulomb-14        LJ (SR)   Coulomb (SR)   Coul. recip.      Potential
    6.10848e+04    9.29150e+04   -9.49017e+05    4.57925e+03   -7.54471e+05
    Kinetic En.   Total Energy  Conserved En.    Temperature Pressure (bar)
    1.63592e+05   -5.90879e+05   -7.52236e+05    3.29978e+02    3.71552e+02
   Constr. rmsd
    3.37987e-06

           Step           Time
          29000       58.00000

   Energies (kJ/mol)
           Bond          Angle    Proper Dih. Per. Imp. Dih.          LJ-14
    4.29758e+03    1.15318e+04    1.34837e+04    6.88821e+02    5.49729e+03
     Coulomb-14        LJ (SR)   Coulomb (SR)   Coul. recip.      Potential
    6.13454e+04    9.32309e+04   -9.49728e+05    4.51660e+03   -7.55136e+05
    Kinetic En.   Total Energy  Conserved En.    Temperature Pressure (bar)
    1.64675e+05   -5.90461e+05   -7.52258e+05    3.32162e+02    5.27887e+02
   Constr. rmsd
    3.27051e-06

           Step           Time
          29500       59.00000

   Energies (kJ/mol)
           Bond          Angle    Proper Dih. Per. Imp. Dih.          LJ-14
    4.53201e+03    1.20265e+04    1.36211e+04    7.41692e+02    5.42801e+03
     Coulomb-14        LJ (SR)   Coulomb (SR)   Coul. recip.      Potential
    6.08467e+04    9.42840e+04   -9.50327e+05    4.52072e+03   -7.54327e+05
    Kinetic En.   Total Energy  Conserved En.    Temperature Pressure (bar)
    1.66588e+05   -5.87739e+05   -7.52209e+05    3.36021e+02    5.82124e+02
   Constr. rmsd
    3.35274e-06

           Step           Time
          30000       60.00000

   Energies (kJ/mol)
           Bond          Angle    Proper Dih. Per. Imp. Dih.          LJ-14
    4.65375e+03    1.20049e+04    1.34910e+04    7.40393e+02    5.36215e+03
     Coulomb-14        LJ (SR)   Coulomb (SR)   Coul. recip.      Potential
    6.10350e+04    9.01379e+04   -9.45932e+05    4.49449e+03   -7.54012e+05
    Kinetic En.   Total Energy  Conserved En.    Temperature Pressure (bar)
    1.62932e+05   -5.91080e+05   -7.52171e+05    3.28647e+02    1.18719e+01
   Constr. rmsd
    3.34326e-06

           Step           Time
          30500       61.00000

   Energies (kJ/mol)
           Bond          Angle    Proper Dih. Per. Imp. Dih.          LJ-14
    4.48058e+03    1.18936e+04    1.34801e+04    7.59723e+02    5.36808e+03
     Coulomb-14        LJ (SR)   Coulomb (SR)   Coul. recip.      Potential
    6.12100e+04    9.43863e+04   -9.50117e+05    4.56426e+03   -7.53975e+05
    Kinetic En.   Total Energy  Conserved En.    Temperature Pressure (bar)
    1.65033e+05   -5.88942e+05   -7.52183e+05    3.32885e+02    6.15916e+02
   Constr. rmsd
    3.20613e-06

           Step           Time
          31000       62.00000

   Energies (kJ/mol)
           Bond          Angle    Proper Dih. Per. Imp. Dih.          LJ-14
    4.53801e+03    1.22885e+04    1.35168e+04    7.58762e+02    5.34473e+03
     Coulomb-14        LJ (SR)   Coulomb (SR)   Coul. recip.      Potential
    6.07966e+04    9.34694e+04   -9.48582e+05    4.51231e+03   -7.53357e+05
    Kinetic En.   Total Energy  Conserved En.    Temperature Pressure (bar)
    1.64375e+05   -5.88982e+05   -7.52161e+05    3.31557e+02    4.81017e+02
   Constr. rmsd
    3.11958e-06

           Step           Time
          31500       63.00000

   Energies (kJ/mol)
           Bond          Angle    Proper Dih. Per. Imp. Dih.          LJ-14
    4.47723e+03    1.19032e+04    1.35634e+04    7.11214e+02    5.32011e+03
     Coulomb-14        LJ (SR)   Coulomb (SR)   Coul. recip.      Potential
    6.12880e+04    9.14029e+04   -9.48611e+05    4.55456e+03   -7.55391e+05
    Kinetic En.   Total Energy  Conserved En.    Temperature Pressure (bar)
    1.64893e+05   -5.90498e+05   -7.52196e+05    3.32602e+02    1.79258e+02
   Constr. rmsd
    3.33894e-06

           Step           Time
          32000       64.00000

   Energies (kJ/mol)
           Bond          Angle    Proper Dih. Per. Imp. Dih.          LJ-14
    4.81594e+03    1.20070e+04    1.34073e+04    7.31074e+02    5.31199e+03
     Coulomb-14        LJ (SR)   Coulomb (SR)   Coul. recip.      Potential
    6.09685e+04    9.36254e+04   -9.48355e+05    4.51075e+03   -7.52977e+05
    Kinetic En.   Total Energy  Conserved En.    Temperature Pressure (bar)
    1.64544e+05   -5.88433e+05   -7.52113e+05    3.31898e+02    3.90791e+02
   Constr. rmsd
    3.43060e-06

           Step           Time
          32500       65.00000

   Energies (kJ/mol)
           Bond          Angle    Proper Dih. Per. Imp. Dih.          LJ-14
    4.67984e+03    1.18729e+04    1.34034e+04    6.77696e+02    5.29925e+03
     Coulomb-14        LJ (SR)   Coulomb (SR)   Coul. recip.      Potential
    6.12391e+04    9.16449e+04   -9.46942e+05    4.57665e+03   -7.53548e+05
    Kinetic En.   Total Energy  Conserved En.    Temperature Pressure (bar)
    1.64689e+05   -5.88859e+05   -7.52140e+05    3.32191e+02    1.68753e+02
   Constr. rmsd
    3.56319e-06

           Step           Time
          33000       66.00000

   Energies (kJ/mol)
           Bond          Angle    Proper Dih. Per. Imp. Dih.          LJ-14
    4.69781e+03    1.17423e+04    1.35366e+04    7.46257e+02    5.39212e+03
     Coulomb-14        LJ (SR)   Coulomb (SR)   Coul. recip.      Potential
    6.11526e+04    9.21211e+04   -9.47255e+05    4.47870e+03   -7.53387e+05
    Kinetic En.   Total Energy  Conserved En.    Temperature Pressure (bar)
    1.65385e+05   -5.88003e+05   -7.52144e+05    3.33594e+02    3.69371e+02
   Constr. rmsd
    3.18811e-06

           Step           Time
          33500       67.00000

   Energies (kJ/mol)
           Bond          Angle    Proper Dih. Per. Imp. Dih.          LJ-14
    4.44527e+03    1.20016e+04    1.36362e+04    7.30066e+02    5.26771e+03
     Coulomb-14        LJ (SR)   Coulomb (SR)   Coul. recip.      Potential
    6.13904e+04    9.21541e+04   -9.47520e+05    4.65873e+03   -7.53236e+05
    Kinetic En.   Total Energy  Conserved En.    Temperature Pressure (bar)
    1.63816e+05   -5.89420e+05   -7.52117e+05    3.30430e+02    2.04241e+02
   Constr. rmsd
    3.58040e-06

           Step           Time
          34000       68.00000

   Energies (kJ/mol)
           Bond          Angle    Proper Dih. Per. Imp. Dih.          LJ-14
    4.54789e+03    1.20765e+04    1.33599e+04    7.48720e+02    5.40211e+03
     Coulomb-14        LJ (SR)   Coulomb (SR)   Coul. recip.      Potential
    6.14758e+04    9.21925e+04   -9.48612e+05    4.44521e+03   -7.54363e+05
    Kinetic En.   Total Energy  Conserved En.    Temperature Pressure (bar)
    1.64891e+05   -5.89472e+05   -7.52113e+05    3.32598e+02    3.69470e+02
   Constr. rmsd
    3.38139e-06

           Step           Time
          34500       69.00000

   Energies (kJ/mol)
           Bond          Angle    Proper Dih. Per. Imp. Dih.          LJ-14
    4.53577e+03    1.17017e+04    1.36232e+04    8.34446e+02    5.36936e+03
     Coulomb-14        LJ (SR)   Coulomb (SR)   Coul. recip.      Potential
    6.13404e+04    9.16861e+04   -9.47318e+05    4.56644e+03   -7.53661e+05
    Kinetic En.   Total Energy  Conserved En.    Temperature Pressure (bar)
    1.65261e+05   -5.88400e+05   -7.52103e+05    3.33345e+02    3.31594e+02
   Constr. rmsd
    3.31694e-06

           Step           Time
          35000       70.00000

   Energies (kJ/mol)
           Bond          Angle    Proper Dih. Per. Imp. Dih.          LJ-14
    4.73119e+03    1.18755e+04    1.35099e+04    7.51053e+02    5.32873e+03
     Coulomb-14        LJ (SR)   Coulomb (SR)   Coul. recip.      Potential
    6.09460e+04    9.30784e+04   -9.48019e+05    4.59028e+03   -7.53208e+05
    Kinetic En.   Total Energy  Conserved En.    Temperature Pressure (bar)
    1.64821e+05   -5.88387e+05   -7.52039e+05    3.32456e+02    4.03525e+02
   Constr. rmsd
    3.48019e-06

           Step           Time
          35500       71.00000

   Energies (kJ/mol)
           Bond          Angle    Proper Dih. Per. Imp. Dih.          LJ-14
    4.27463e+03    1.16900e+04    1.36440e+04    7.06518e+02    5.39568e+03
     Coulomb-14        LJ (SR)   Coulomb (SR)   Coul. recip.      Potential
    6.10162e+04    9.27333e+04   -9.48887e+05    4.52300e+03   -7.54903e+05
    Kinetic En.   Total Energy  Conserved En.    Temperature Pressure (bar)
    1.64728e+05   -5.90176e+05   -7.52075e+05    3.32269e+02    4.79537e+02
   Constr. rmsd
    3.30502e-06

           Step           Time
          36000       72.00000

   Energies (kJ/mol)
           Bond          Angle    Proper Dih. Per. Imp. Dih.          LJ-14
    4.46286e+03    1.16675e+04    1.34836e+04    7.09727e+02    5.31883e+03
     Coulomb-14        LJ (SR)   Coulomb (SR)   Coul. recip.      Potential
    6.13835e+04    9.31086e+04   -9.51339e+05    4.53576e+03   -7.56669e+05
    Kinetic En.   Total Energy  Conserved En.    Temperature Pressure (bar)
    1.64739e+05   -5.91930e+05   -7.52058e+05    3.32291e+02    4.14091e+02
   Constr. rmsd
    3.29515e-06

           Step           Time
          36500       73.00000

   Energies (kJ/mol)
           Bond          Angle    Proper Dih. Per. Imp. Dih.          LJ-14
    4.60993e+03    1.18762e+04    1.34338e+04    7.63792e+02    5.37564e+03
     Coulomb-14        LJ (SR)   Coulomb (SR)   Coul. recip.      Potential
    6.12589e+04    9.30554e+04   -9.49654e+05    4.62653e+03   -7.54653e+05
    Kinetic En.   Total Energy  Conserved En.    Temperature Pressure (bar)
    1.64866e+05   -5.89788e+05   -7.52034e+05    3.32547e+02    3.40136e+02
   Constr. rmsd
    3.22153e-06

           Step           Time
          37000       74.00000

   Energies (kJ/mol)
           Bond          Angle    Proper Dih. Per. Imp. Dih.          LJ-14
    4.59112e+03    1.17151e+04    1.36230e+04    6.93426e+02    5.33652e+03
     Coulomb-14        LJ (SR)   Coulomb (SR)   Coul. recip.      Potential
    6.09351e+04    9.28216e+04   -9.48427e+05    4.41169e+03   -7.54299e+05
    Kinetic En.   Total Energy  Conserved En.    Temperature Pressure (bar)
    1.64684e+05   -5.89616e+05   -7.52008e+05    3.32180e+02    4.07957e+02
   Constr. rmsd
    3.50732e-06

           Step           Time
          37500       75.00000

   Energies (kJ/mol)
           Bond          Angle    Proper Dih. Per. Imp. Dih.          LJ-14
    4.41903e+03    1.20069e+04    1.35101e+04    7.17845e+02    5.27903e+03
     Coulomb-14        LJ (SR)   Coulomb (SR)   Coul. recip.      Potential
    6.08663e+04    9.31570e+04   -9.48591e+05    4.58092e+03   -7.54054e+05
    Kinetic En.   Total Energy  Conserved En.    Temperature Pressure (bar)
    1.66126e+05   -5.87928e+05   -7.52023e+05    3.35089e+02    4.09941e+02
   Constr. rmsd
    3.27343e-06

           Step           Time
          38000       76.00000

   Energies (kJ/mol)
           Bond          Angle    Proper Dih. Per. Imp. Dih.          LJ-14
    4.65634e+03    1.20005e+04    1.35123e+04    7.51158e+02    5.39892e+03
     Coulomb-14        LJ (SR)   Coulomb (SR)   Coul. recip.      Potential
    6.12749e+04    9.21246e+04   -9.48673e+05    4.62895e+03   -7.54325e+05
    Kinetic En.   Total Energy  Conserved En.    Temperature Pressure (bar)
    1.65678e+05   -5.88647e+05   -7.51989e+05    3.34186e+02    3.77445e+02
   Constr. rmsd
    3.11730e-06

           Step           Time
          38500       77.00000

   Energies (kJ/mol)
           Bond          Angle    Proper Dih. Per. Imp. Dih.          LJ-14
    4.50424e+03    1.18988e+04    1.35554e+04    7.08066e+02    5.34700e+03
     Coulomb-14        LJ (SR)   Coulomb (SR)   Coul. recip.      Potential
    6.11719e+04    9.11467e+04   -9.46949e+05    4.54093e+03   -7.54076e+05
    Kinetic En.   Total Energy  Conserved En.    Temperature Pressure (bar)
    1.64974e+05   -5.89102e+05   -7.51985e+05    3.32765e+02    1.51518e+02
   Constr. rmsd
    3.30458e-06

           Step           Time
          39000       78.00000

   Energies (kJ/mol)
           Bond          Angle    Proper Dih. Per. Imp. Dih.          LJ-14
    4.71527e+03    1.21385e+04    1.34915e+04    7.03505e+02    5.31580e+03
     Coulomb-14        LJ (SR)   Coulomb (SR)   Coul. recip.      Potential
    6.10510e+04    9.15139e+04   -9.46445e+05    4.57449e+03   -7.52942e+05
    Kinetic En.   Total Energy  Conserved En.    Temperature Pressure (bar)
    1.65167e+05   -5.87775e+05   -7.51976e+05    3.33154e+02    2.94168e+02
   Constr. rmsd
    3.42235e-06

           Step           Time
          39500       79.00000

   Energies (kJ/mol)
           Bond          Angle    Proper Dih. Per. Imp. Dih.          LJ-14
    4.50274e+03    1.18326e+04    1.34003e+04    6.34993e+02    5.37160e+03
     Coulomb-14        LJ (SR)   Coulomb (SR)   Coul. recip.      Potential
    6.13179e+04    9.25154e+04   -9.49084e+05    4.54304e+03   -7.54965e+05
    Kinetic En.   Total Energy  Conserved En.    Temperature Pressure (bar)
    1.64297e+05   -5.90668e+05   -7.51976e+05    3.31400e+02    3.02011e+02
   Constr. rmsd
    3.68942e-06

           Step           Time
          40000       80.00000

   Energies (kJ/mol)
           Bond          Angle    Proper Dih. Per. Imp. Dih.          LJ-14
    4.40104e+03    1.18460e+04    1.36169e+04    7.21854e+02    5.34715e+03
     Coulomb-14        LJ (SR)   Coulomb (SR)   Coul. recip.      Potential
    6.12634e+04    9.20060e+04   -9.47288e+05    4.48984e+03   -7.53596e+05
    Kinetic En.   Total Energy  Conserved En.    Temperature Pressure (bar)
    1.65537e+05   -5.88059e+05   -7.51948e+05    3.33901e+02    3.54431e+02
   Constr. rmsd
    3.37819e-06

           Step           Time
          40500       81.00000

   Energies (kJ/mol)
           Bond          Angle    Proper Dih. Per. Imp. Dih.          LJ-14
    4.53975e+03    1.18195e+04    1.36054e+04    7.43260e+02    5.30016e+03
     Coulomb-14        LJ (SR)   Coulomb (SR)   Coul. recip.      Potential
    6.10823e+04    9.18315e+04   -9.47068e+05    4.50860e+03   -7.53638e+05
    Kinetic En.   Total Energy  Conserved En.    Temperature Pressure (bar)
    1.65175e+05   -5.88463e+05   -7.51948e+05    3.33170e+02    3.85471e+02
   Constr. rmsd
    3.19110e-06

           Step           Time
          41000       82.00000

   Energies (kJ/mol)
           Bond          Angle    Proper Dih. Per. Imp. Dih.          LJ-14
    4.42341e+03    1.18047e+04    1.36102e+04    7.24649e+02    5.35508e+03
     Coulomb-14        LJ (SR)   Coulomb (SR)   Coul. recip.      Potential
    6.11431e+04    9.40348e+04   -9.50437e+05    4.54844e+03   -7.54792e+05
    Kinetic En.   Total Energy  Conserved En.    Temperature Pressure (bar)
    1.65066e+05   -5.89726e+05   -7.51938e+05    3.32951e+02    5.29513e+02
   Constr. rmsd
    3.46251e-06

           Step           Time
          41500       83.00000

   Energies (kJ/mol)
           Bond          Angle    Proper Dih. Per. Imp. Dih.          LJ-14
    4.42678e+03    1.20111e+04    1.36221e+04    7.98857e+02    5.40078e+03
     Coulomb-14        LJ (SR)   Coulomb (SR)   Coul. recip.      Potential
    6.13087e+04    9.35681e+04   -9.50792e+05    4.63941e+03   -7.55016e+05
    Kinetic En.   Total Energy  Conserved En.    Temperature Pressure (bar)
    1.65040e+05   -5.89976e+05   -7.51877e+05    3.32900e+02    4.82050e+02
   Constr. rmsd
    3.35390e-06

           Step           Time
          42000       84.00000

   Energies (kJ/mol)
           Bond          Angle    Proper Dih. Per. Imp. Dih.          LJ-14
    4.46405e+03    1.17534e+04    1.35842e+04    7.63484e+02    5.33468e+03
     Coulomb-14        LJ (SR)   Coulomb (SR)   Coul. recip.      Potential
    6.12621e+04    9.21177e+04   -9.46512e+05    4.52619e+03   -7.52707e+05
    Kinetic En.   Total Energy  Conserved En.    Temperature Pressure (bar)
    1.65560e+05   -5.87146e+05   -7.51905e+05    3.33948e+02    4.16446e+02
   Constr. rmsd
    3.52648e-06

           Step           Time
          42500       85.00000

   Energies (kJ/mol)
           Bond          Angle    Proper Dih. Per. Imp. Dih.          LJ-14
    4.40231e+03    1.19232e+04    1.35288e+04    6.97604e+02    5.39756e+03
     Coulomb-14        LJ (SR)   Coulomb (SR)   Coul. recip.      Potential
    6.09241e+04    9.20988e+04   -9.49055e+05    4.57112e+03   -7.55512e+05
    Kinetic En.   Total Energy  Conserved En.    Temperature Pressure (bar)
    1.65585e+05   -5.89927e+05   -7.51889e+05    3.33998e+02    3.26101e+02
   Constr. rmsd
    3.35012e-06

           Step           Time
          43000       86.00000

   Energies (kJ/mol)
           Bond          Angle    Proper Dih. Per. Imp. Dih.          LJ-14
    4.57268e+03    1.16109e+04    1.36078e+04    7.90915e+02    5.37680e+03
     Coulomb-14        LJ (SR)   Coulomb (SR)   Coul. recip.      Potential
    6.11519e+04    9.38453e+04   -9.50373e+05    4.51371e+03   -7.54903e+05
    Kinetic En.   Total Energy  Conserved En.    Temperature Pressure (bar)
    1.66254e+05   -5.88649e+05   -7.51872e+05    3.35347e+02    4.91050e+02
   Constr. rmsd
    3.45695e-06

           Step           Time
          43500       87.00000

   Energies (kJ/mol)
           Bond          Angle    Proper Dih. Per. Imp. Dih.          LJ-14
    4.60877e+03    1.18087e+04    1.37049e+04    6.95729e+02    5.43456e+03
     Coulomb-14        LJ (SR)   Coulomb (SR)   Coul. recip.      Potential
    6.12561e+04    9.14428e+04   -9.47176e+05    4.60977e+03   -7.53614e+05
    Kinetic En.   Total Energy  Conserved En.    Temperature Pressure (bar)
    1.64401e+05   -5.89214e+05   -7.51832e+05    3.31609e+02    2.76744e+02
   Constr. rmsd
    3.10258e-06

           Step           Time
          44000       88.00000

   Energies (kJ/mol)
           Bond          Angle    Proper Dih. Per. Imp. Dih.          LJ-14
    4.45059e+03    1.18943e+04    1.35413e+04    6.84390e+02    5.29024e+03
     Coulomb-14        LJ (SR)   Coulomb (SR)   Coul. recip.      Potential
    6.10843e+04    9.19911e+04   -9.47170e+05    4.51347e+03   -7.53720e+05
    Kinetic En.   Total Energy  Conserved En.    Temperature Pressure (bar)
    1.64694e+05   -5.89026e+05   -7.51830e+05    3.32201e+02    4.17697e+02
   Constr. rmsd
    3.53120e-06

           Step           Time
          44500       89.00000

   Energies (kJ/mol)
           Bond          Angle    Proper Dih. Per. Imp. Dih.          LJ-14
    4.84893e+03    1.20261e+04    1.35003e+04    7.12990e+02    5.28804e+03
     Coulomb-14        LJ (SR)   Coulomb (SR)   Coul. recip.      Potential
    6.09769e+04    9.17902e+04   -9.46470e+05    4.54605e+03   -7.52780e+05
    Kinetic En.   Total Energy  Conserved En.    Temperature Pressure (bar)
    1.65405e+05   -5.87375e+05   -7.51786e+05    3.33636e+02    3.36731e+02
   Constr. rmsd
    3.41303e-06

           Step           Time
          45000       90.00000

   Energies (kJ/mol)
           Bond          Angle    Proper Dih. Per. Imp. Dih.          LJ-14
    4.57468e+03    1.18575e+04    1.35537e+04    7.39946e+02    5.36108e+03
     Coulomb-14        LJ (SR)   Coulomb (SR)   Coul. recip.      Potential
    6.09712e+04    9.12779e+04   -9.46405e+05    4.61283e+03   -7.53456e+05
    Kinetic En.   Total Energy  Conserved En.    Temperature Pressure (bar)
    1.65187e+05   -5.88270e+05   -7.51827e+05    3.33195e+02    1.80391e+02
   Constr. rmsd
    3.23381e-06

           Step           Time
          45500       91.00000

   Energies (kJ/mol)
           Bond          Angle    Proper Dih. Per. Imp. Dih.          LJ-14
    4.64818e+03    1.13817e+04    1.35089e+04    6.98350e+02    5.27269e+03
     Coulomb-14        LJ (SR)   Coulomb (SR)   Coul. recip.      Potential
    6.12702e+04    9.16701e+04   -9.46193e+05    4.65239e+03   -7.53090e+05
    Kinetic En.   Total Energy  Conserved En.    Temperature Pressure (bar)
    1.63435e+05   -5.89656e+05   -7.51814e+05    3.29660e+02    2.25853e+02
   Constr. rmsd
    3.38938e-06

           Step           Time
          46000       92.00000

   Energies (kJ/mol)
           Bond          Angle    Proper Dih. Per. Imp. Dih.          LJ-14
    4.40564e+03    1.16715e+04    1.34757e+04    6.95283e+02    5.30205e+03
     Coulomb-14        LJ (SR)   Coulomb (SR)   Coul. recip.      Potential
    6.09056e+04    9.33136e+04   -9.49256e+05    4.52051e+03   -7.54966e+05
    Kinetic En.   Total Energy  Conserved En.    Temperature Pressure (bar)
    1.63809e+05   -5.91157e+05   -7.51797e+05    3.30416e+02    3.52379e+02
   Constr. rmsd
    3.56914e-06

           Step           Time
          46500       93.00000

   Energies (kJ/mol)
           Bond          Angle    Proper Dih. Per. Imp. Dih.          LJ-14
    4.43168e+03    1.21048e+04    1.35803e+04    7.91409e+02    5.34804e+03
     Coulomb-14        LJ (SR)   Coulomb (SR)   Coul. recip.      Potential
    6.11108e+04    9.20844e+04   -9.46603e+05    4.45492e+03   -7.52696e+05
    Kinetic En.   Total Energy  Conserved En.    Temperature Pressure (bar)
    1.66705e+05   -5.85992e+05   -7.51782e+05    3.36256e+02    3.75644e+02
   Constr. rmsd
    3.25801e-06

           Step           Time
          47000       94.00000

   Energies (kJ/mol)
           Bond          Angle    Proper Dih. Per. Imp. Dih.          LJ-14
    4.58892e+03    1.20512e+04    1.36790e+04    7.15526e+02    5.32165e+03
     Coulomb-14        LJ (SR)   Coulomb (SR)   Coul. recip.      Potential
    6.13111e+04    9.12168e+04   -9.46896e+05    4.54964e+03   -7.53462e+05
    Kinetic En.   Total Energy  Conserved En.    Temperature Pressure (bar)
    1.65913e+05   -5.87549e+05   -7.51746e+05    3.34660e+02    2.99708e+02
   Constr. rmsd
    3.25942e-06

           Step           Time
          47500       95.00000

   Energies (kJ/mol)
           Bond          Angle    Proper Dih. Per. Imp. Dih.          LJ-14
    4.58955e+03    1.21151e+04    1.35247e+04    6.85968e+02    5.28505e+03
     Coulomb-14        LJ (SR)   Coulomb (SR)   Coul. recip.      Potential
    6.10737e+04    9.15120e+04   -9.44522e+05    4.64102e+03   -7.51095e+05
    Kinetic En.   Total Energy  Conserved En.    Temperature Pressure (bar)
    1.64928e+05   -5.86166e+05   -7.51766e+05    3.32674e+02    2.87397e+02
   Constr. rmsd
    3.39728e-06

           Step           Time
          48000       96.00000

   Energies (kJ/mol)
           Bond          Angle    Proper Dih. Per. Imp. Dih.          LJ-14
    4.66240e+03    1.19769e+04    1.34611e+04    7.32580e+02    5.25583e+03
     Coulomb-14        LJ (SR)   Coulomb (SR)   Coul. recip.      Potential
    6.11626e+04    9.22037e+04   -9.47780e+05    4.56065e+03   -7.53764e+05
    Kinetic En.   Total Energy  Conserved En.    Temperature Pressure (bar)
    1.65412e+05   -5.88352e+05   -7.51736e+05    3.33650e+02    2.36712e+02
   Constr. rmsd
    3.39877e-06

           Step           Time
          48500       97.00000

   Energies (kJ/mol)
           Bond          Angle    Proper Dih. Per. Imp. Dih.          LJ-14
    4.33539e+03    1.18258e+04    1.35060e+04    7.38779e+02    5.43462e+03
     Coulomb-14        LJ (SR)   Coulomb (SR)   Coul. recip.      Potential
    6.16342e+04    9.26206e+04   -9.49157e+05    4.54748e+03   -7.54515e+05
    Kinetic En.   Total Energy  Conserved En.    Temperature Pressure (bar)
    1.66621e+05   -5.87894e+05   -7.51776e+05    3.36087e+02    4.23015e+02
   Constr. rmsd
    3.32988e-06

           Step           Time
          49000       98.00000

   Energies (kJ/mol)
           Bond          Angle    Proper Dih. Per. Imp. Dih.          LJ-14
    4.42474e+03    1.19959e+04    1.35814e+04    7.39613e+02    5.46516e+03
     Coulomb-14        LJ (SR)   Coulomb (SR)   Coul. recip.      Potential
    6.12035e+04    9.29466e+04   -9.47912e+05    4.53420e+03   -7.53021e+05
    Kinetic En.   Total Energy  Conserved En.    Temperature Pressure (bar)
    1.65253e+05   -5.87768e+05   -7.51710e+05    3.33328e+02    5.20497e+02
   Constr. rmsd
    3.41129e-06

           Step           Time
          49500       99.00000

   Energies (kJ/mol)
           Bond          Angle    Proper Dih. Per. Imp. Dih.          LJ-14
    4.67815e+03    1.16929e+04    1.37221e+04    7.19225e+02    5.39546e+03
     Coulomb-14        LJ (SR)   Coulomb (SR)   Coul. recip.      Potential
    6.12225e+04    9.25633e+04   -9.48755e+05    4.54761e+03   -7.54214e+05
    Kinetic En.   Total Energy  Conserved En.    Temperature Pressure (bar)
    1.65310e+05   -5.88904e+05   -7.51690e+05    3.33443e+02    3.89109e+02
   Constr. rmsd
    3.42037e-06

           Step           Time
          50000      100.00000

Writing checkpoint, step 50000 at Tue Feb  3 09:26:17 2026


   Energies (kJ/mol)
           Bond          Angle    Proper Dih. Per. Imp. Dih.          LJ-14
    4.60567e+03    1.16396e+04    1.37348e+04    7.37588e+02    5.31097e+03
     Coulomb-14        LJ (SR)   Coulomb (SR)   Coul. recip.      Potential
    6.09564e+04    9.22960e+04   -9.48753e+05    4.49594e+03   -7.54976e+05
    Kinetic En.   Total Energy  Conserved En.    Temperature Pressure (bar)
    1.65938e+05   -5.89038e+05   -7.51710e+05    3.34710e+02    2.99765e+02
   Constr. rmsd
    3.44329e-06


Energy conservation over simulation part #1 of length 100 ps, time 0 to 100 ps
  Conserved energy drift: 5.15e-04 kJ/mol/ps per atom


	<======  ###############  ==>
	<====  A V E R A G E S  ====>
	<==  ###############  ======>

	Statistics over 50001 steps using 501 frames

   Energies (kJ/mol)
           Bond          Angle    Proper Dih. Per. Imp. Dih.          LJ-14
    4.54100e+03    1.19047e+04    1.35523e+04    7.35312e+02    5.33127e+03
     Coulomb-14        LJ (SR)   Coulomb (SR)   Coul. recip.      Potential
    6.10802e+04    9.25059e+04   -9.48414e+05    4.56321e+03   -7.54200e+05
    Kinetic En.   Total Energy  Conserved En.    Temperature Pressure (bar)
    1.64952e+05   -5.89248e+05   -7.52346e+05    3.32721e+02    3.31947e+02
   Constr. rmsd
    0.00000e+00

   Total Virial (kJ/mol)
    4.92515e+04   -5.48416e+01    6.82366e+01
   -5.52456e+01    4.90537e+04   -8.52211e+00
    6.80271e+01   -8.43852e+00    4.88374e+04

   Pressure (bar)
    3.20585e+02    3.80323e+00   -3.84932e+00
    3.82582e+00    3.30885e+02    1.72759e+00
   -3.83761e+00    1.72292e+00    3.44370e+02

      T-Protein  T-non-Protein
    3.32955e+02    3.32692e+02


	M E G A - F L O P S   A C C O U N T I N G

 NB=Group-cutoff nonbonded kernels    NxN=N-by-N cluster Verlet kernels
 RF=Reaction-Field  VdW=Van der Waals  QSTab=quadratic-spline table
 W3=SPC/TIP3p  W4=TIP4p (single or pairs)
 V&F=Potential and force  V=Potential only  F=Force only

 Computing:                               M-Number         M-Flops  % Flops
-----------------------------------------------------------------------------
 Pair Search distance check           18818.584188      169367.258     0.1
 NxN Ewald Elec. + LJ [F]           1165171.622736    76901327.101    52.9
 NxN Ewald Elec. + LJ [V&F]           11792.092976     1261753.948     0.9
 NxN Ewald Elec. [F]                 944517.758576    57615583.273    39.6
 NxN Ewald Elec. [V&F]                 9559.872624      803029.300     0.6
 1,4 nonbonded interactions             704.114082       63370.267     0.0
 Calc Weights                          8732.874654      314383.488     0.2
 Spread Q Bspline                    186301.325952      372602.652     0.3
 Gather F Bspline                    186301.325952     1117807.956     0.8
 3D-FFT                              690887.417472     5527099.340     3.8
 Solve PME                             9590.591808      613797.876     0.4
 Reset In Box                            36.444468         109.333     0.0
 CG-CoM                                  36.502686         109.508     0.0
 Bonds                                  138.952779        8198.214     0.0
 Angles                                 488.059761       81994.040     0.1
 Propers                                752.365047      172291.596     0.1
 Impropers                               56.401128       11731.435     0.0
 Virial                                  29.189763         525.416     0.0
 Stop-CM                                 29.225436         292.254     0.0
 Calc-Ekin                              582.296436       15722.004     0.0
 Lincs                                  131.507890        7890.473     0.0
 Lincs-Mat                              670.240212        2680.961     0.0
 Constraint-V                          2901.466054       26113.194     0.0
 Constraint-Vir                          27.753897         666.094     0.0
 Settle                                 879.502767      325416.024     0.2
-----------------------------------------------------------------------------
 Total                                               145413863.004   100.0
-----------------------------------------------------------------------------


    D O M A I N   D E C O M P O S I T I O N   S T A T I S T I C S

 av. #atoms communicated per step for force:  2 x 0.0


      R E A L   C Y C L E   A N D   T I M E   A C C O U N T I N G

On 1 MPI rank, each using 10 OpenMP threads

 Activity:              Num   Num      Call    Wall time         Giga-Cycles
                        Ranks Threads  Count      (s)         total sum    %
--------------------------------------------------------------------------------
 Domain decomp.            1   10        626       2.294         64.105   1.0
 Neighbor search           1   10        626       4.260        119.062   1.9
 Force                     1   10      50001     163.454       4568.118  71.4
 PME mesh                  1   10      50001      48.936       1367.629  21.4
 NB X/F buffer ops.        1   10     100002       3.578        100.001   1.6
 Write traj.               1   10        101       0.283          7.920   0.1
 Update                    1   10      50001       1.729         48.321   0.8
 Constraints               1   10      50003       3.884        108.548   1.7
 Kinetic energy            1   10      10001       0.282          7.887   0.1
 Rest                                              0.154          4.290   0.1
--------------------------------------------------------------------------------
 Total                                           228.854       6395.881 100.0
--------------------------------------------------------------------------------
 Breakdown of PME mesh activities
--------------------------------------------------------------------------------
 PME spread                1   10      50001      16.319        456.071   7.1
 PME gather                1   10      50001      11.840        330.888   5.2
 PME 3D-FFT                1   10     100002      19.577        547.118   8.6
 PME solve Elec            1   10      50001       1.108         30.958   0.5
--------------------------------------------------------------------------------

               Core t (s)   Wall t (s)        (%)
       Time:     2288.534      228.854     1000.0
                 (ns/day)    (hour/ns)
Performance:       37.754        0.636
Finished mdrun on rank 0 Tue Feb  3 09:26:17 2026

